/ccs/home/jchoi/TraceR/tracer/traceR --sync=3 --nkp=16 --extramem=100000 --max-opt-lookahead=1000000 --timer-frequency=1000 --lp-io-dir=summit-simplenet/2048b -- summit-simplenet/summit.conf tracer_config scorep-2048b/traces.otf2 

Sun Sep 15 18:27:51 2019

ROSS Version: v7.1.1-dirty

tw_net_start: Found world size to be 6 
Config file is summit-simplenet/summit.conf
Trace input file is tracer_config
Trace directory is scorep-2048b/traces.otf2
NIC num injection port not specified, setting to 1
NIC seq delay not specified, setting to 10.000000
NIC num copy queues not specified, setting to 1
within node transfer per byte delay is 0.080000
Found soft_delay as 100.000000
Found nic_delay as 400.000000
Found rdma_delay as 1000.000000
Copy cost per byte is 0.000000 ns
Eager limit is 65537.000000 bytes
Begin reading tracer_config
Using default linear mapping of jobs
Job 0 - ranks 2, trace folder scorep-2048b/traces.otf2, rank file job0, iters 1
Done reading meta-information about jobs
Read global definition for job 0 from scorep-2048b/traces.otf2
Clock Props: 1000000 1000000000 1000.000000

ROSS Core Configuration: 
	Total PEs                                                    6
	Total KPs                                          [Nodes (6) x KPs (16)] 96
	Total LPs                                                   36
	Simulation End Time                                3600000000000.00
	LP-to-PE Mapping                                   model defined


ROSS Event Memory Allocation:
	Model events                                            101537
	Network events                                              16
	Total events                                              1552

*** START PARALLEL OPTIMISTIC SIMULATION WITH SUSPEND LP FEATURE ***

PE0 - LP_GID:0 : START SIMULATION, TASKS COUNT: 1608, FIRST TASK: 0, RUN TIME TILL NOW=0.000000 s, CURRENT SIM TIME 1.005877
Set num_servers per router 1, servers per injection queue per router 1, servers per node copy queue per node 1, num nics 1
[ 0 0 : time at task 0/1608 0.000000 ]
[ 0 0 : Begin TRACER_WallTime_Total 0.000035 ]
[ 0 0 : Begin TRACER_WallTime_Comp 0.000043 ]
[ 0 0 : End TRACER_WallTime_Comp 0.000069 ]
[ 0 0 : Begin TRACER_WallTime_Comm 0.000075 ]
[ 0 0 : End TRACER_WallTime_Comm 0.000081 ]
[ 0 0 : Begin TRACER_WallTime_Comp 0.000082 ]
[ 0 0 : End TRACER_WallTime_Comp 0.000096 ]
[ 0 0 : Begin TRACER_WallTime_Comm 0.000098 ]
[ 0 0 : End TRACER_WallTime_Comm 0.000099 ]
[ 0 0 : Begin TRACER_WallTime_Comp 0.000099 ]
[ 0 0 : End TRACER_WallTime_Comp 0.000113 ]
[ 0 0 : Begin TRACER_WallTime_Comm 0.000116 ]
[ 0 0 : End TRACER_WallTime_Comm 0.000117 ]
[ 0 0 : Begin TRACER_WallTime_Comp 0.000117 ]
[ 0 0 : End TRACER_WallTime_Comp 0.000131 ]
[ 0 0 : Begin TRACER_WallTime_Comm 0.000134 ]
[ 0 0 : End TRACER_WallTime_Comm 0.000136 ]
[ 0 0 : Begin TRACER_WallTime_Comp 0.000136 ]
[ 0 0 : End TRACER_WallTime_Comp 0.000150 ]
[ 0 0 : Begin TRACER_WallTime_Comm 0.000154 ]
[ 0 0 : End TRACER_WallTime_Comm 0.000156 ]
[ 0 0 : Begin TRACER_WallTime_Comp 0.000156 ]
[ 0 0 : End TRACER_WallTime_Comp 0.000169 ]
[ 0 1 : Begin TRACER_WallTime_Comp 0.000041 ]
[ 0 1 : End TRACER_WallTime_Comp 0.000066 ]
[ 0 1 : Begin TRACER_WallTime_Comm 0.000075 ]
[ 0 1 : End TRACER_WallTime_Comm 0.000082 ]
[ 0 1 : Begin TRACER_WallTime_Comp 0.000083 ]
[ 0 1 : End TRACER_WallTime_Comp 0.000096 ]
[ 0 1 : Begin TRACER_WallTime_Comm 0.000098 ]
[ 0 1 : End TRACER_WallTime_Comm 0.000100 ]
[ 0 1 : Begin TRACER_WallTime_Comp 0.000100 ]
[ 0 1 : End TRACER_WallTime_Comp 0.000114 ]
[ 0 1 : Begin TRACER_WallTime_Comm 0.000115 ]
[ 0 1 : End TRACER_WallTime_Comm 0.000118 ]
[ 0 1 : Begin TRACER_WallTime_Comp 0.000118 ]
[ 0 1 : End TRACER_WallTime_Comp 0.000131 ]
[ 0 1 : Begin TRACER_WallTime_Comm 0.000134 ]
[ 0 1 : End TRACER_WallTime_Comm 0.000137 ]
[ 0 1 : Begin TRACER_WallTime_Comp 0.000138 ]
[ 0 1 : End TRACER_WallTime_Comp 0.000151 ]
[ 0 1 : Begin TRACER_WallTime_Comm 0.000154 ]
[ 0 1 : End TRACER_WallTime_Comm 0.000156 ]
[ 0 1 : Begin TRACER_WallTime_Comp 0.000157 ]
[ 0 1 : End TRACER_WallTime_Comp 0.000170 ]
[ 0 0 : Begin TRACER_WallTime_Comm 0.000173 ]
[ 0 0 : End TRACER_WallTime_Comm 0.000174 ]
[ 0 0 : Begin TRACER_WallTime_Comp 0.000175 ]
[ 0 0 : End TRACER_WallTime_Comp 0.000188 ]
[ 0 0 : Begin TRACER_WallTime_Comm 0.000192 ]
[ 0 0 : End TRACER_WallTime_Comm 0.000194 ]
[ 0 0 : Begin TRACER_WallTime_Comp 0.000194 ]
[ 0 0 : End TRACER_WallTime_Comp 0.000207 ]
[ 0 0 : Begin TRACER_WallTime_Comm 0.000212 ]
[ 0 1 : Begin TRACER_WallTime_Comm 0.000172 ]
[ 0 1 : End TRACER_WallTime_Comm 0.000175 ]
[ 0 1 : Begin TRACER_WallTime_Comp 0.000176 ]
[ 0 1 : End TRACER_WallTime_Comp 0.000189 ]
[ 0 1 : Begin TRACER_WallTime_Comm 0.000192 ]
[ 0 1 : End TRACER_WallTime_Comm 0.000195 ]
[ 0 1 : Begin TRACER_WallTime_Comp 0.000195 ]
[ 0 1 : End TRACER_WallTime_Comp 0.000209 ]
[ 0 1 : Begin TRACER_WallTime_Comm 0.000211 ]
[ 0 0 : End TRACER_WallTime_Comm 0.000214 ]
[ 0 0 : Begin TRACER_WallTime_Comp 0.000214 ]
[ 0 0 : End TRACER_WallTime_Comp 0.000228 ]
[ 0 0 : Begin TRACER_WallTime_Comm 0.000229 ]
[ 0 0 : End TRACER_WallTime_Comm 0.000230 ]
[ 0 0 : Begin TRACER_WallTime_Comp 0.000230 ]
[ 0 0 : End TRACER_WallTime_Comp 0.000244 ]
[ 0 0 : Begin TRACER_WallTime_Comm 0.000246 ]
[ 0 0 : End TRACER_WallTime_Comm 0.000247 ]
[ 0 0 : Begin TRACER_WallTime_Comp 0.000248 ]
[ 0 0 : End TRACER_WallTime_Comp 0.000261 ]
[ 0 0 : Begin TRACER_WallTime_Comm 0.000263 ]
[ 0 1 : End TRACER_WallTime_Comm 0.000214 ]
[ 0 1 : Begin TRACER_WallTime_Comp 0.000214 ]
[ 0 1 : End TRACER_WallTime_Comp 0.000228 ]
[ 0 1 : Begin TRACER_WallTime_Comm 0.000229 ]
[ 0 1 : End TRACER_WallTime_Comm 0.000231 ]
[ 0 1 : Begin TRACER_WallTime_Comp 0.000231 ]
[ 0 1 : End TRACER_WallTime_Comp 0.000245 ]
[ 0 1 : Begin TRACER_WallTime_Comm 0.000246 ]
[ 0 1 : End TRACER_WallTime_Comm 0.000248 ]
[ 0 1 : Begin TRACER_WallTime_Comp 0.000248 ]
[ 0 1 : End TRACER_WallTime_Comp 0.000262 ]
[ 0 1 : Begin TRACER_WallTime_Comm 0.000263 ]
[ 0 0 : End TRACER_WallTime_Comm 0.000266 ]
[ 0 0 : Begin TRACER_WallTime_Comp 0.000266 ]
[ 0 0 : End TRACER_WallTime_Comp 0.000279 ]
[ 0 0 : Begin TRACER_WallTime_Comm 0.000281 ]
[ 0 0 : End TRACER_WallTime_Comm 0.000283 ]
[ 0 0 : Begin TRACER_WallTime_Comp 0.000283 ]
[ 0 0 : End TRACER_WallTime_Comp 0.000297 ]
[ 0 0 : Begin TRACER_WallTime_Comm 0.000298 ]
[ 0 0 : End TRACER_WallTime_Comm 0.000302 ]
[ 0 0 : Begin TRACER_WallTime_Comp 0.000302 ]
[ 0 0 : End TRACER_WallTime_Comp 0.000316 ]
[ 0 1 : End TRACER_WallTime_Comm 0.000266 ]
[ 0 1 : Begin TRACER_WallTime_Comp 0.000266 ]
[ 0 1 : End TRACER_WallTime_Comp 0.000280 ]
[ 0 1 : Begin TRACER_WallTime_Comm 0.000281 ]
[ 0 1 : End TRACER_WallTime_Comm 0.000284 ]
[ 0 1 : Begin TRACER_WallTime_Comp 0.000284 ]
[ 0 1 : End TRACER_WallTime_Comp 0.000298 ]
[ 0 1 : Begin TRACER_WallTime_Comm 0.000298 ]
[ 0 1 : End TRACER_WallTime_Comm 0.000302 ]
[ 0 1 : Begin TRACER_WallTime_Comp 0.000302 ]
[ 0 1 : End TRACER_WallTime_Comp 0.000316 ]
[ 0 0 : Begin TRACER_WallTime_Comm 0.000317 ]
[ 0 0 : End TRACER_WallTime_Comm 0.000319 ]
[ 0 0 : Begin TRACER_WallTime_Comp 0.000319 ]
[ 0 0 : End TRACER_WallTime_Comp 0.000332 ]
[ 0 0 : Begin TRACER_WallTime_Comm 0.000335 ]
[ 0 0 : End TRACER_WallTime_Comm 0.000337 ]
[ 0 0 : Begin TRACER_WallTime_Comp 0.000338 ]
[ 0 0 : End TRACER_WallTime_Comp 0.000351 ]
[ 0 0 : Begin TRACER_WallTime_Comm 0.000353 ]
[ 0 0 : End TRACER_WallTime_Comm 0.000355 ]
[ 0 0 : Begin TRACER_WallTime_Comp 0.000355 ]
[ 0 0 : End TRACER_WallTime_Comp 0.000369 ]
[ 0 1 : Begin TRACER_WallTime_Comm 0.000316 ]
[ 0 1 : End TRACER_WallTime_Comm 0.000320 ]
[ 0 1 : Begin TRACER_WallTime_Comp 0.000320 ]
[ 0 1 : End TRACER_WallTime_Comp 0.000334 ]
[ 0 1 : Begin TRACER_WallTime_Comm 0.000335 ]
[ 0 1 : End TRACER_WallTime_Comm 0.000338 ]
[ 0 1 : Begin TRACER_WallTime_Comp 0.000339 ]
[ 0 1 : End TRACER_WallTime_Comp 0.000352 ]
[ 0 1 : Begin TRACER_WallTime_Comm 0.000353 ]
[ 0 1 : End TRACER_WallTime_Comm 0.000356 ]
[ 0 1 : Begin TRACER_WallTime_Comp 0.000356 ]
[ 0 1 : End TRACER_WallTime_Comp 0.000370 ]
[ 0 0 : Begin TRACER_WallTime_Comm 0.000372 ]
[ 0 0 : End TRACER_WallTime_Comm 0.000374 ]
[ 0 0 : Begin TRACER_WallTime_Comp 0.000375 ]
[ 0 0 : End TRACER_WallTime_Comp 0.000388 ]
[ 0 0 : Begin TRACER_WallTime_Comm 0.000390 ]
[ 0 0 : End TRACER_WallTime_Comm 0.000392 ]
[ 0 0 : Begin TRACER_WallTime_Comp 0.000392 ]
[ 0 0 : End TRACER_WallTime_Comp 0.000406 ]
[ 0 0 : Begin TRACER_WallTime_Comm 0.000409 ]
[ 0 1 : Begin TRACER_WallTime_Comm 0.000372 ]
[ 0 1 : End TRACER_WallTime_Comm 0.000375 ]
[ 0 1 : Begin TRACER_WallTime_Comp 0.000375 ]
[ 0 1 : End TRACER_WallTime_Comp 0.000389 ]
[ 0 1 : Begin TRACER_WallTime_Comm 0.000390 ]
[ 0 1 : End TRACER_WallTime_Comm 0.000394 ]
[ 0 1 : Begin TRACER_WallTime_Comp 0.000394 ]
[ 0 1 : End TRACER_WallTime_Comp 0.000407 ]
[ 0 1 : Begin TRACER_WallTime_Comm 0.000410 ]
[ 0 0 : End TRACER_WallTime_Comm 0.000412 ]
[ 0 0 : Begin TRACER_WallTime_Comp 0.000412 ]
[ 0 0 : End TRACER_WallTime_Comp 0.000425 ]
[ 0 0 : Begin TRACER_WallTime_Comm 0.000429 ]
[ 0 0 : End TRACER_WallTime_Comm 0.000431 ]
[ 0 0 : Begin TRACER_WallTime_Comp 0.000431 ]
[ 0 0 : End TRACER_WallTime_Comp 0.000445 ]
[ 0 0 : Begin TRACER_WallTime_Comm 0.000447 ]
[ 0 0 : End TRACER_WallTime_Comm 0.000448 ]
[ 0 0 : Begin TRACER_WallTime_Comp 0.000448 ]
[ 0 0 : End TRACER_WallTime_Comp 0.000462 ]
[ 0 0 : Begin TRACER_WallTime_Comm 0.000464 ]
[ 0 1 : End TRACER_WallTime_Comm 0.000413 ]
[ 0 1 : Begin TRACER_WallTime_Comp 0.000413 ]
[ 0 1 : End TRACER_WallTime_Comp 0.000427 ]
[ 0 1 : Begin TRACER_WallTime_Comm 0.000429 ]
[ 0 1 : End TRACER_WallTime_Comm 0.000432 ]
[ 0 1 : Begin TRACER_WallTime_Comp 0.000432 ]
[ 0 1 : End TRACER_WallTime_Comp 0.000446 ]
[ 0 1 : Begin TRACER_WallTime_Comm 0.000447 ]
[ 0 1 : End TRACER_WallTime_Comm 0.000449 ]
[ 0 1 : Begin TRACER_WallTime_Comp 0.000449 ]
[ 0 1 : End TRACER_WallTime_Comp 0.000463 ]
[ 0 0 : End TRACER_WallTime_Comm 0.000466 ]
[ 0 0 : Begin TRACER_WallTime_Comp 0.000466 ]
[ 0 0 : End TRACER_WallTime_Comp 0.000480 ]
[ 0 0 : Begin TRACER_WallTime_Comm 0.000481 ]
[ 0 0 : End TRACER_WallTime_Comm 0.000485 ]
[ 0 0 : Begin TRACER_WallTime_Comp 0.000485 ]
[ 0 0 : End TRACER_WallTime_Comp 0.000498 ]
[ 0 0 : Begin TRACER_WallTime_Comm 0.000501 ]
[ 0 0 : End TRACER_WallTime_Comm 0.000504 ]
[ 0 0 : Begin TRACER_WallTime_Comp 0.000504 ]
[ 0 0 : End TRACER_WallTime_Comp 0.000518 ]
[ 0 1 : Begin TRACER_WallTime_Comm 0.000464 ]
[ 0 1 : End TRACER_WallTime_Comm 0.000467 ]
[ 0 1 : Begin TRACER_WallTime_Comp 0.000467 ]
[ 0 1 : End TRACER_WallTime_Comp 0.000481 ]
[ 0 1 : Begin TRACER_WallTime_Comm 0.000482 ]
[ 0 1 : End TRACER_WallTime_Comm 0.000486 ]
[ 0 1 : Begin TRACER_WallTime_Comp 0.000486 ]
[ 0 1 : End TRACER_WallTime_Comp 0.000500 ]
[ 0 1 : Begin TRACER_WallTime_Comm 0.000501 ]
[ 0 1 : End TRACER_WallTime_Comm 0.000505 ]
[ 0 1 : Begin TRACER_WallTime_Comp 0.000505 ]
[ 0 1 : End TRACER_WallTime_Comp 0.000519 ]
[ 0 0 : Begin TRACER_WallTime_Comm 0.000520 ]
[ 0 0 : End TRACER_WallTime_Comm 0.000522 ]
[ 0 0 : Begin TRACER_WallTime_Comp 0.000523 ]
[ 0 0 : End TRACER_WallTime_Comp 0.000536 ]
[ 0 0 : Begin TRACER_WallTime_Comm 0.000538 ]
[ 0 0 : End TRACER_WallTime_Comm 0.000539 ]
[ 0 0 : Begin TRACER_WallTime_Comp 0.000539 ]
[ 0 0 : End TRACER_WallTime_Comp 0.000553 ]
[ 0 0 : Begin TRACER_WallTime_Comm 0.000556 ]
[ 0 0 : End TRACER_WallTime_Comm 0.000558 ]
[ 0 1 : Begin TRACER_WallTime_Comm 0.000520 ]
[ 0 1 : End TRACER_WallTime_Comm 0.000523 ]
[ 0 1 : Begin TRACER_WallTime_Comp 0.000524 ]
[ 0 1 : End TRACER_WallTime_Comp 0.000537 ]
[ 0 1 : Begin TRACER_WallTime_Comm 0.000538 ]
[ 0 1 : End TRACER_WallTime_Comm 0.000540 ]
[ 0 1 : Begin TRACER_WallTime_Comp 0.000541 ]
[ 0 1 : End TRACER_WallTime_Comp 0.000554 ]
[ 0 1 : Begin TRACER_WallTime_Comm 0.000556 ]
[ 0 0 : Begin TRACER_WallTime_Comp 0.000559 ]
[ 0 0 : End TRACER_WallTime_Comp 0.000572 ]
[ 0 0 : Begin TRACER_WallTime_Comm 0.000574 ]
[ 0 0 : End TRACER_WallTime_Comm 0.000577 ]
[ 0 0 : Begin TRACER_WallTime_Comp 0.000577 ]
[ 0 0 : End TRACER_WallTime_Comp 0.000590 ]
[ 0 0 : Begin TRACER_WallTime_Comm 0.000592 ]
[ 0 0 : End TRACER_WallTime_Comm 0.000595 ]
[ 0 0 : Begin TRACER_WallTime_Comp 0.000595 ]
[ 0 0 : End TRACER_WallTime_Comp 0.000609 ]
[ 0 1 : End TRACER_WallTime_Comm 0.000559 ]
[ 0 1 : Begin TRACER_WallTime_Comp 0.000559 ]
[ 0 1 : End TRACER_WallTime_Comp 0.000573 ]
[ 0 1 : Begin TRACER_WallTime_Comm 0.000574 ]
[ 0 1 : End TRACER_WallTime_Comm 0.000577 ]
[ 0 1 : Begin TRACER_WallTime_Comp 0.000577 ]
[ 0 1 : End TRACER_WallTime_Comp 0.000591 ]
[ 0 1 : Begin TRACER_WallTime_Comm 0.000593 ]
[ 0 1 : End TRACER_WallTime_Comm 0.000595 ]
[ 0 1 : Begin TRACER_WallTime_Comp 0.000595 ]
[ 0 1 : End TRACER_WallTime_Comp 0.000609 ]
[ 0 1 : Begin TRACER_WallTime_Comm 0.000610 ]
[ 0 0 : Begin TRACER_WallTime_Comm 0.000611 ]
[ 0 0 : End TRACER_WallTime_Comm 0.000611 ]
[ 0 0 : Begin TRACER_WallTime_Comp 0.000612 ]
[ 0 0 : End TRACER_WallTime_Comp 0.000625 ]
[ 0 0 : Begin TRACER_WallTime_Comm 0.000628 ]
[ 0 0 : End TRACER_WallTime_Comm 0.000630 ]
[ 0 0 : Begin TRACER_WallTime_Comp 0.000631 ]
[ 0 0 : End TRACER_WallTime_Comp 0.000644 ]
[ 0 0 : Begin TRACER_WallTime_Comm 0.000646 ]
[ 0 0 : End TRACER_WallTime_Comm 0.000647 ]
[ 0 0 : Begin TRACER_WallTime_Comp 0.000647 ]
[ 0 0 : End TRACER_WallTime_Comp 0.000661 ]
[ 0 1 : End TRACER_WallTime_Comm 0.000612 ]
[ 0 1 : Begin TRACER_WallTime_Comp 0.000612 ]
[ 0 1 : End TRACER_WallTime_Comp 0.000626 ]
[ 0 1 : Begin TRACER_WallTime_Comm 0.000628 ]
[ 0 1 : End TRACER_WallTime_Comm 0.000631 ]
[ 0 1 : Begin TRACER_WallTime_Comp 0.000631 ]
[ 0 1 : End TRACER_WallTime_Comp 0.000645 ]
[ 0 1 : Begin TRACER_WallTime_Comm 0.000646 ]
[ 0 1 : End TRACER_WallTime_Comm 0.000648 ]
[ 0 1 : Begin TRACER_WallTime_Comp 0.000648 ]
[ 0 1 : End TRACER_WallTime_Comp 0.000662 ]
[ 0 0 : Begin TRACER_WallTime_Comm 0.000664 ]
[ 0 0 : End TRACER_WallTime_Comm 0.000666 ]
[ 0 0 : Begin TRACER_WallTime_Comp 0.000666 ]
[ 0 0 : End TRACER_WallTime_Comp 0.000679 ]
[ 0 0 : Begin TRACER_WallTime_Comm 0.000684 ]
[ 0 0 : End TRACER_WallTime_Comm 0.000686 ]
[ 0 0 : Begin TRACER_WallTime_Comp 0.000686 ]
[ 0 0 : End TRACER_WallTime_Comp 0.000699 ]
[ 0 0 : Begin TRACER_WallTime_Comm 0.000704 ]
[ 0 0 : End TRACER_WallTime_Comm 0.000706 ]
[ 0 0 : Begin TRACER_WallTime_Comp 0.000706 ]
[ 0 0 : End TRACER_WallTime_Comp 0.000719 ]
[ 0 1 : Begin TRACER_WallTime_Comm 0.000664 ]
[ 0 1 : End TRACER_WallTime_Comm 0.000667 ]
[ 0 1 : Begin TRACER_WallTime_Comp 0.000667 ]
[ 0 1 : End TRACER_WallTime_Comp 0.000681 ]
[ 0 1 : Begin TRACER_WallTime_Comm 0.000684 ]
[ 0 1 : End TRACER_WallTime_Comm 0.000687 ]
[ 0 1 : Begin TRACER_WallTime_Comp 0.000687 ]
[ 0 1 : End TRACER_WallTime_Comp 0.000700 ]
[ 0 1 : Begin TRACER_WallTime_Comm 0.000704 ]
[ 0 1 : End TRACER_WallTime_Comm 0.000707 ]
[ 0 1 : Begin TRACER_WallTime_Comp 0.000707 ]
[ 0 1 : End TRACER_WallTime_Comp 0.000720 ]
[ 0 0 : Begin TRACER_WallTime_Comm 0.000722 ]
[ 0 0 : End TRACER_WallTime_Comm 0.000725 ]
[ 0 0 : Begin TRACER_WallTime_Comp 0.000725 ]
[ 0 0 : End TRACER_WallTime_Comp 0.000739 ]
[ 0 0 : Begin TRACER_WallTime_Comm 0.000740 ]
[ 0 0 : End TRACER_WallTime_Comm 0.000743 ]
[ 0 0 : Begin TRACER_WallTime_Comp 0.000744 ]
[ 0 0 : End TRACER_WallTime_Comp 0.000757 ]
[ 0 0 : Begin TRACER_WallTime_Comm 0.000758 ]
[ 0 1 : Begin TRACER_WallTime_Comm 0.000722 ]
[ 0 1 : End TRACER_WallTime_Comm 0.000725 ]
[ 0 1 : Begin TRACER_WallTime_Comp 0.000726 ]
[ 0 1 : End TRACER_WallTime_Comp 0.000739 ]
[ 0 1 : Begin TRACER_WallTime_Comm 0.000740 ]
[ 0 1 : End TRACER_WallTime_Comm 0.000744 ]
[ 0 1 : Begin TRACER_WallTime_Comp 0.000744 ]
[ 0 1 : End TRACER_WallTime_Comp 0.000758 ]
[ 0 1 : Begin TRACER_WallTime_Comm 0.000759 ]
[ 0 0 : End TRACER_WallTime_Comm 0.000762 ]
[ 0 0 : Begin TRACER_WallTime_Comp 0.000762 ]
[ 0 0 : End TRACER_WallTime_Comp 0.000776 ]
[ 0 0 : Begin TRACER_WallTime_Comm 0.000779 ]
[ 0 0 : End TRACER_WallTime_Comm 0.000782 ]
[ 0 0 : Begin TRACER_WallTime_Comp 0.000782 ]
[ 0 0 : End TRACER_WallTime_Comp 0.000796 ]
[ 0 0 : Begin TRACER_WallTime_Comm 0.000799 ]
[ 0 0 : End TRACER_WallTime_Comm 0.000802 ]
[ 0 0 : Begin TRACER_WallTime_Comp 0.000802 ]
[ 0 0 : End TRACER_WallTime_Comp 0.000816 ]
[ 0 0 : Begin TRACER_WallTime_Comm 0.000817 ]
[ 0 1 : End TRACER_WallTime_Comm 0.000763 ]
[ 0 1 : Begin TRACER_WallTime_Comp 0.000763 ]
[ 0 1 : End TRACER_WallTime_Comp 0.000777 ]
[ 0 1 : Begin TRACER_WallTime_Comm 0.000779 ]
[ 0 1 : End TRACER_WallTime_Comm 0.000783 ]
[ 0 1 : Begin TRACER_WallTime_Comp 0.000783 ]
[ 0 1 : End TRACER_WallTime_Comp 0.000796 ]
[ 0 1 : Begin TRACER_WallTime_Comm 0.000799 ]
[ 0 1 : End TRACER_WallTime_Comm 0.000802 ]
[ 0 1 : Begin TRACER_WallTime_Comp 0.000802 ]
[ 0 1 : End TRACER_WallTime_Comp 0.000816 ]
[ 0 1 : Begin TRACER_WallTime_Comm 0.000817 ]
[ 0 0 : End TRACER_WallTime_Comm 0.000820 ]
[ 0 0 : Begin TRACER_WallTime_Comp 0.000820 ]
[ 0 0 : End TRACER_WallTime_Comp 0.000834 ]
[ 0 0 : Begin TRACER_WallTime_Comm 0.000837 ]
[ 0 0 : End TRACER_WallTime_Comm 0.000839 ]
[ 0 0 : Begin TRACER_WallTime_Comp 0.000839 ]
[ 0 0 : End TRACER_WallTime_Comp 0.000853 ]
[ 0 0 : Begin TRACER_WallTime_Comm 0.000854 ]
[ 0 0 : End TRACER_WallTime_Comm 0.000857 ]
[ 0 0 : Begin TRACER_WallTime_Comp 0.000857 ]
[ 0 0 : End TRACER_WallTime_Comp 0.000871 ]
[ 0 1 : End TRACER_WallTime_Comm 0.000821 ]
[ 0 1 : Begin TRACER_WallTime_Comp 0.000821 ]
[ 0 1 : End TRACER_WallTime_Comp 0.000834 ]
[ 0 1 : Begin TRACER_WallTime_Comm 0.000836 ]
[ 0 1 : End TRACER_WallTime_Comm 0.000839 ]
[ 0 1 : Begin TRACER_WallTime_Comp 0.000839 ]
[ 0 1 : End TRACER_WallTime_Comp 0.000853 ]
[ 0 1 : Begin TRACER_WallTime_Comm 0.000854 ]
[ 0 1 : End TRACER_WallTime_Comm 0.000858 ]
[ 0 1 : Begin TRACER_WallTime_Comp 0.000858 ]
[ 0 1 : End TRACER_WallTime_Comp 0.000872 ]
[ 0 0 : Begin TRACER_WallTime_Comm 0.000875 ]
[ 0 0 : End TRACER_WallTime_Comm 0.000877 ]
[ 0 0 : Begin TRACER_WallTime_Comp 0.000877 ]
[ 0 0 : End TRACER_WallTime_Comp 0.000891 ]
[ 0 0 : Begin TRACER_WallTime_Comm 0.000893 ]
[ 0 0 : End TRACER_WallTime_Comm 0.000894 ]
[ 0 0 : Begin TRACER_WallTime_Comp 0.000894 ]
[ 0 0 : End TRACER_WallTime_Comp 0.000908 ]
[ 0 0 : Begin TRACER_WallTime_Comm 0.000910 ]
[ 0 0 : End TRACER_WallTime_Comm 0.000912 ]
[ 0 0 : Begin TRACER_WallTime_Comp 0.000912 ]
[ 0 1 : Begin TRACER_WallTime_Comm 0.000875 ]
[ 0 1 : End TRACER_WallTime_Comm 0.000878 ]
[ 0 1 : Begin TRACER_WallTime_Comp 0.000878 ]
[ 0 1 : End TRACER_WallTime_Comp 0.000891 ]
[ 0 1 : Begin TRACER_WallTime_Comm 0.000893 ]
[ 0 1 : End TRACER_WallTime_Comm 0.000895 ]
[ 0 1 : Begin TRACER_WallTime_Comp 0.000896 ]
[ 0 1 : End TRACER_WallTime_Comp 0.000909 ]
[ 0 1 : Begin TRACER_WallTime_Comm 0.000911 ]
[ 0 1 : End TRACER_WallTime_Comm 0.000913 ]
[ 0 1 : Begin TRACER_WallTime_Comp 0.000913 ]
[ 0 0 : End TRACER_WallTime_Comp 0.000926 ]
[ 0 0 : Begin TRACER_WallTime_Comm 0.000928 ]
[ 0 0 : End TRACER_WallTime_Comm 0.000929 ]
[ 0 0 : Begin TRACER_WallTime_Comp 0.000930 ]
[ 0 0 : End TRACER_WallTime_Comp 0.000943 ]
[ 0 0 : Begin TRACER_WallTime_Comm 0.000947 ]
[ 0 0 : End TRACER_WallTime_Comm 0.000948 ]
[ 0 0 : Begin TRACER_WallTime_Comp 0.000949 ]
[ 0 0 : End TRACER_WallTime_Comp 0.000962 ]
[ 0 0 : Begin TRACER_WallTime_Comm 0.000964 ]
[ 0 1 : End TRACER_WallTime_Comp 0.000927 ]
[ 0 1 : Begin TRACER_WallTime_Comm 0.000928 ]
[ 0 1 : End TRACER_WallTime_Comm 0.000930 ]
[ 0 1 : Begin TRACER_WallTime_Comp 0.000931 ]
[ 0 1 : End TRACER_WallTime_Comp 0.000944 ]
[ 0 1 : Begin TRACER_WallTime_Comm 0.000947 ]
[ 0 1 : End TRACER_WallTime_Comm 0.000949 ]
[ 0 1 : Begin TRACER_WallTime_Comp 0.000950 ]
[ 0 1 : End TRACER_WallTime_Comp 0.000963 ]
[ 0 1 : Begin TRACER_WallTime_Comm 0.000964 ]
[ 0 0 : End TRACER_WallTime_Comm 0.000966 ]
[ 0 0 : Begin TRACER_WallTime_Comp 0.000967 ]
[ 0 0 : End TRACER_WallTime_Comp 0.000980 ]
[ 0 0 : Begin TRACER_WallTime_Comm 0.000981 ]
[ 0 0 : End TRACER_WallTime_Comm 0.000984 ]
[ 0 0 : Begin TRACER_WallTime_Comp 0.000984 ]
[ 0 0 : End TRACER_WallTime_Comp 0.000998 ]
[ 0 0 : Begin TRACER_WallTime_Comm 0.000999 ]
[ 0 0 : End TRACER_WallTime_Comm 0.001003 ]
[ 0 0 : Begin TRACER_WallTime_Comp 0.001003 ]
[ 0 0 : End TRACER_WallTime_Comp 0.001017 ]
[ 0 1 : End TRACER_WallTime_Comm 0.000967 ]
[ 0 1 : Begin TRACER_WallTime_Comp 0.000967 ]
[ 0 1 : End TRACER_WallTime_Comp 0.000981 ]
[ 0 1 : Begin TRACER_WallTime_Comm 0.000981 ]
[ 0 1 : End TRACER_WallTime_Comm 0.000985 ]
[ 0 1 : Begin TRACER_WallTime_Comp 0.000985 ]
[ 0 1 : End TRACER_WallTime_Comp 0.000999 ]
[ 0 1 : Begin TRACER_WallTime_Comm 0.000999 ]
[ 0 1 : End TRACER_WallTime_Comm 0.001004 ]
[ 0 1 : Begin TRACER_WallTime_Comp 0.001004 ]
[ 0 1 : End TRACER_WallTime_Comp 0.001018 ]
[ 0 0 : Begin TRACER_WallTime_Comm 0.001019 ]
[ 0 0 : End TRACER_WallTime_Comm 0.001022 ]
[ 0 0 : Begin TRACER_WallTime_Comp 0.001022 ]
[ 0 0 : End TRACER_WallTime_Comp 0.001036 ]
[ 0 0 : Begin TRACER_WallTime_Comm 0.001037 ]
[ 0 0 : End TRACER_WallTime_Comm 0.001040 ]
[ 0 0 : Begin TRACER_WallTime_Comp 0.001040 ]
[ 0 0 : End TRACER_WallTime_Comp 0.001054 ]
[ 0 0 : Begin TRACER_WallTime_Comm 0.001057 ]
[ 0 0 : End TRACER_WallTime_Comm 0.001059 ]
[ 0 0 : Begin TRACER_WallTime_Comp 0.001059 ]
[ 0 0 : End TRACER_WallTime_Comp 0.001073 ]
[ 0 1 : Begin TRACER_WallTime_Comm 0.001019 ]
[ 0 1 : End TRACER_WallTime_Comm 0.001022 ]
[ 0 1 : Begin TRACER_WallTime_Comp 0.001022 ]
[ 0 1 : End TRACER_WallTime_Comp 0.001036 ]
[ 0 1 : Begin TRACER_WallTime_Comm 0.001037 ]
[ 0 1 : End TRACER_WallTime_Comm 0.001041 ]
[ 0 1 : Begin TRACER_WallTime_Comp 0.001041 ]
[ 0 1 : End TRACER_WallTime_Comp 0.001055 ]
[ 0 1 : Begin TRACER_WallTime_Comm 0.001057 ]
[ 0 1 : End TRACER_WallTime_Comm 0.001060 ]
[ 0 1 : Begin TRACER_WallTime_Comp 0.001060 ]
[ 0 1 : End TRACER_WallTime_Comp 0.001074 ]
[ 0 0 : Begin TRACER_WallTime_Comm 0.001075 ]
[ 0 0 : End TRACER_WallTime_Comm 0.001077 ]
[ 0 0 : Begin TRACER_WallTime_Comp 0.001085 ]
[ 0 0 : End TRACER_WallTime_Comp 0.001099 ]
[ 0 0 : Begin TRACER_WallTime_Comm 0.001100 ]
[ 0 0 : End TRACER_WallTime_Comm 0.001107 ]
[ 0 0 : Begin TRACER_WallTime_Comp 0.001107 ]
[ 0 0 : End TRACER_WallTime_Comp 0.001121 ]
[ 0 0 : Begin TRACER_WallTime_Comm 0.001124 ]
[ 0 0 : End TRACER_WallTime_Comm 0.001126 ]
[ 0 1 : Begin TRACER_WallTime_Comm 0.001075 ]
[ 0 1 : End TRACER_WallTime_Comm 0.001078 ]
[ 0 1 : Begin TRACER_WallTime_Comp 0.001078 ]
[ 0 1 : End TRACER_WallTime_Comp 0.001092 ]
[ 0 1 : Begin TRACER_WallTime_Comm 0.001104 ]
[ 0 1 : End TRACER_WallTime_Comm 0.001108 ]
[ 0 1 : Begin TRACER_WallTime_Comp 0.001108 ]
[ 0 1 : End TRACER_WallTime_Comp 0.001122 ]
[ 0 1 : Begin TRACER_WallTime_Comm 0.001125 ]
[ 0 0 : Begin TRACER_WallTime_Comp 0.001127 ]
[ 0 0 : End TRACER_WallTime_Comp 0.001140 ]
[ 0 0 : Begin TRACER_WallTime_Comm 0.001142 ]
[ 0 0 : End TRACER_WallTime_Comm 0.001144 ]
[ 0 0 : Begin TRACER_WallTime_Comp 0.001144 ]
[ 0 0 : End TRACER_WallTime_Comp 0.001158 ]
[ 0 0 : Begin TRACER_WallTime_Comm 0.001161 ]
[ 0 0 : End TRACER_WallTime_Comm 0.001164 ]
[ 0 0 : Begin TRACER_WallTime_Comp 0.001164 ]
[ 0 0 : End TRACER_WallTime_Comp 0.001178 ]
[ 0 0 : Begin TRACER_WallTime_Comm 0.001180 ]
[ 0 1 : End TRACER_WallTime_Comm 0.001127 ]
[ 0 1 : Begin TRACER_WallTime_Comp 0.001128 ]
[ 0 1 : End TRACER_WallTime_Comp 0.001141 ]
[ 0 1 : Begin TRACER_WallTime_Comm 0.001142 ]
[ 0 1 : End TRACER_WallTime_Comm 0.001145 ]
[ 0 1 : Begin TRACER_WallTime_Comp 0.001145 ]
[ 0 1 : End TRACER_WallTime_Comp 0.001159 ]
[ 0 1 : Begin TRACER_WallTime_Comm 0.001161 ]
[ 0 1 : End TRACER_WallTime_Comm 0.001166 ]
[ 0 1 : Begin TRACER_WallTime_Comp 0.001166 ]
[ 0 1 : End TRACER_WallTime_Comp 0.001180 ]
[ 0 1 : Begin TRACER_WallTime_Comm 0.001181 ]
[ 0 0 : End TRACER_WallTime_Comm 0.001184 ]
[ 0 0 : Begin TRACER_WallTime_Comp 0.001184 ]
[ 0 0 : End TRACER_WallTime_Comp 0.001198 ]
[ 0 0 : Begin TRACER_WallTime_Comm 0.001201 ]
[ 0 0 : End TRACER_WallTime_Comm 0.001204 ]
[ 0 0 : Begin TRACER_WallTime_Comp 0.001204 ]
[ 0 0 : End TRACER_WallTime_Comp 0.001218 ]
[ 0 0 : Begin TRACER_WallTime_Comm 0.001218 ]
[ 0 0 : End TRACER_WallTime_Comm 0.001220 ]
[ 0 0 : Begin TRACER_WallTime_Comp 0.001220 ]
[ 0 0 : End TRACER_WallTime_Comp 0.001234 ]
[ 0 0 : time at task 1000/1608 0.001234 ]
[ 0 1 : End TRACER_WallTime_Comm 0.001185 ]
[ 0 1 : Begin TRACER_WallTime_Comp 0.001185 ]
[ 0 1 : End TRACER_WallTime_Comp 0.001199 ]
[ 0 1 : Begin TRACER_WallTime_Comm 0.001201 ]
[ 0 1 : End TRACER_WallTime_Comm 0.001204 ]
[ 0 1 : Begin TRACER_WallTime_Comp 0.001204 ]
[ 0 1 : End TRACER_WallTime_Comp 0.001218 ]
[ 0 1 : Begin TRACER_WallTime_Comm 0.001218 ]
[ 0 1 : End TRACER_WallTime_Comm 0.001221 ]
[ 0 1 : Begin TRACER_WallTime_Comp 0.001221 ]
[ 0 1 : End TRACER_WallTime_Comp 0.001235 ]
[ 0 0 : Begin TRACER_WallTime_Comm 0.001236 ]
[ 0 0 : End TRACER_WallTime_Comm 0.001239 ]
[ 0 0 : Begin TRACER_WallTime_Comp 0.001239 ]
[ 0 0 : End TRACER_WallTime_Comp 0.001253 ]
[ 0 0 : Begin TRACER_WallTime_Comm 0.001256 ]
[ 0 0 : End TRACER_WallTime_Comm 0.001259 ]
[ 0 0 : Begin TRACER_WallTime_Comp 0.001259 ]
[ 0 0 : End TRACER_WallTime_Comp 0.001273 ]
[ 0 0 : Begin TRACER_WallTime_Comm 0.001277 ]
[ 0 0 : End TRACER_WallTime_Comm 0.001279 ]
[ 0 0 : Begin TRACER_WallTime_Comp 0.001279 ]
[ 0 0 : End TRACER_WallTime_Comp 0.001292 ]
[ 0 1 : Begin TRACER_WallTime_Comm 0.001236 ]
[ 0 1 : End TRACER_WallTime_Comm 0.001240 ]
[ 0 1 : Begin TRACER_WallTime_Comp 0.001240 ]
[ 0 1 : End TRACER_WallTime_Comp 0.001254 ]
[ 0 1 : Begin TRACER_WallTime_Comm 0.001257 ]
[ 0 1 : End TRACER_WallTime_Comm 0.001260 ]
[ 0 1 : Begin TRACER_WallTime_Comp 0.001260 ]
[ 0 1 : End TRACER_WallTime_Comp 0.001274 ]
[ 0 1 : Begin TRACER_WallTime_Comm 0.001277 ]
[ 0 1 : End TRACER_WallTime_Comm 0.001279 ]
[ 0 1 : Begin TRACER_WallTime_Comp 0.001279 ]
[ 0 1 : End TRACER_WallTime_Comp 0.001293 ]
[ 0 0 : Begin TRACER_WallTime_Comm 0.001295 ]
[ 0 0 : End TRACER_WallTime_Comm 0.001298 ]
[ 0 0 : Begin TRACER_WallTime_Comp 0.001298 ]
[ 0 0 : End TRACER_WallTime_Comp 0.001312 ]
[ 0 0 : Begin TRACER_WallTime_Comm 0.001314 ]
[ 0 0 : End TRACER_WallTime_Comm 0.001317 ]
[ 0 0 : Begin TRACER_WallTime_Comp 0.001317 ]
[ 0 0 : End TRACER_WallTime_Comp 0.001330 ]
[ 0 0 : Begin TRACER_WallTime_Comm 0.001334 ]
[ 0 0 : End TRACER_WallTime_Comm 0.001335 ]
[ 0 0 : Begin TRACER_WallTime_Comp 0.001335 ]
[ 0 1 : Begin TRACER_WallTime_Comm 0.001296 ]
[ 0 1 : End TRACER_WallTime_Comm 0.001299 ]
[ 0 1 : Begin TRACER_WallTime_Comp 0.001299 ]
[ 0 1 : End TRACER_WallTime_Comp 0.001313 ]
[ 0 1 : Begin TRACER_WallTime_Comm 0.001314 ]
[ 0 1 : End TRACER_WallTime_Comm 0.001317 ]
[ 0 1 : Begin TRACER_WallTime_Comp 0.001318 ]
[ 0 1 : End TRACER_WallTime_Comp 0.001331 ]
[ 0 1 : Begin TRACER_WallTime_Comm 0.001334 ]
[ 0 0 : End TRACER_WallTime_Comp 0.001349 ]
[ 0 0 : Begin TRACER_WallTime_Comm 0.001352 ]
[ 0 0 : End TRACER_WallTime_Comm 0.001354 ]
[ 0 0 : Begin TRACER_WallTime_Comp 0.001355 ]
[ 0 0 : End TRACER_WallTime_Comp 0.001368 ]
[ 0 0 : Begin TRACER_WallTime_Comm 0.001370 ]
[ 0 0 : End TRACER_WallTime_Comm 0.001371 ]
[ 0 0 : Begin TRACER_WallTime_Comp 0.001371 ]
[ 0 0 : End TRACER_WallTime_Comp 0.001385 ]
[ 0 0 : Begin TRACER_WallTime_Comm 0.001387 ]
[ 0 1 : End TRACER_WallTime_Comm 0.001336 ]
[ 0 1 : Begin TRACER_WallTime_Comp 0.001337 ]
[ 0 1 : End TRACER_WallTime_Comp 0.001350 ]
[ 0 1 : Begin TRACER_WallTime_Comm 0.001352 ]
[ 0 1 : End TRACER_WallTime_Comm 0.001355 ]
[ 0 1 : Begin TRACER_WallTime_Comp 0.001356 ]
[ 0 1 : End TRACER_WallTime_Comp 0.001369 ]
[ 0 1 : Begin TRACER_WallTime_Comm 0.001370 ]
[ 0 1 : End TRACER_WallTime_Comm 0.001372 ]
[ 0 1 : Begin TRACER_WallTime_Comp 0.001372 ]
[ 0 1 : End TRACER_WallTime_Comp 0.001386 ]
[ 0 1 : Begin TRACER_WallTime_Comm 0.001388 ]
[ 0 0 : End TRACER_WallTime_Comm 0.001391 ]
[ 0 0 : Begin TRACER_WallTime_Comp 0.001391 ]
[ 0 0 : End TRACER_WallTime_Comp 0.001404 ]
[ 0 0 : Begin TRACER_WallTime_Comm 0.001407 ]
[ 0 0 : End TRACER_WallTime_Comm 0.001409 ]
[ 0 0 : Begin TRACER_WallTime_Comp 0.001409 ]
[ 0 0 : End TRACER_WallTime_Comp 0.001423 ]
[ 0 0 : Begin TRACER_WallTime_Comm 0.001424 ]
[ 0 0 : End TRACER_WallTime_Comm 0.001426 ]
[ 0 0 : Begin TRACER_WallTime_Comp 0.001427 ]
[ 0 0 : End TRACER_WallTime_Comp 0.001440 ]
[ 0 1 : End TRACER_WallTime_Comm 0.001392 ]
[ 0 1 : Begin TRACER_WallTime_Comp 0.001392 ]
[ 0 1 : End TRACER_WallTime_Comp 0.001405 ]
[ 0 1 : Begin TRACER_WallTime_Comm 0.001406 ]
[ 0 1 : End TRACER_WallTime_Comm 0.001410 ]
[ 0 1 : Begin TRACER_WallTime_Comp 0.001411 ]
[ 0 1 : End TRACER_WallTime_Comp 0.001424 ]
[ 0 1 : Begin TRACER_WallTime_Comm 0.001424 ]
[ 0 1 : End TRACER_WallTime_Comm 0.001427 ]
[ 0 1 : Begin TRACER_WallTime_Comp 0.001428 ]
[ 0 1 : End TRACER_WallTime_Comp 0.001441 ]
[ 0 0 : Begin TRACER_WallTime_Comm 0.001442 ]
[ 0 0 : End TRACER_WallTime_Comm 0.001445 ]
[ 0 0 : Begin TRACER_WallTime_Comp 0.001446 ]
[ 0 0 : End TRACER_WallTime_Comp 0.001459 ]
[ 0 0 : Begin TRACER_WallTime_Comm 0.001460 ]
[ 0 0 : End TRACER_WallTime_Comm 0.001462 ]
[ 0 0 : Begin TRACER_WallTime_Comp 0.001462 ]
[ 0 0 : End TRACER_WallTime_Comp 0.001476 ]
[ 0 0 : Begin TRACER_WallTime_Comm 0.001478 ]
[ 0 0 : End TRACER_WallTime_Comm 0.001481 ]
[ 0 1 : Begin TRACER_WallTime_Comm 0.001442 ]
[ 0 1 : End TRACER_WallTime_Comm 0.001446 ]
[ 0 1 : Begin TRACER_WallTime_Comp 0.001447 ]
[ 0 1 : End TRACER_WallTime_Comp 0.001460 ]
[ 0 1 : Begin TRACER_WallTime_Comm 0.001460 ]
[ 0 1 : End TRACER_WallTime_Comm 0.001463 ]
[ 0 1 : Begin TRACER_WallTime_Comp 0.001463 ]
[ 0 1 : End TRACER_WallTime_Comp 0.001477 ]
[ 0 1 : Begin TRACER_WallTime_Comm 0.001479 ]
[ 0 1 : End TRACER_WallTime_Comm 0.001482 ]
[ 0 0 : Begin TRACER_WallTime_Comp 0.001482 ]
[ 0 0 : End TRACER_WallTime_Comp 0.001495 ]
[ 0 0 : Begin TRACER_WallTime_Comm 0.001499 ]
[ 0 0 : End TRACER_WallTime_Comm 0.001501 ]
[ 0 0 : Begin TRACER_WallTime_Comp 0.001501 ]
[ 0 0 : End TRACER_WallTime_Comp 0.001514 ]
[ 0 0 : Begin TRACER_WallTime_Comm 0.001516 ]
[ 0 0 : End TRACER_WallTime_Comm 0.001517 ]
[ 0 0 : Begin TRACER_WallTime_Comp 0.001518 ]
[ 0 0 : End TRACER_WallTime_Comp 0.001531 ]
[ 0 0 : Begin TRACER_WallTime_Comm 0.001533 ]
[ 0 1 : Begin TRACER_WallTime_Comp 0.001483 ]
[ 0 1 : End TRACER_WallTime_Comp 0.001496 ]
[ 0 1 : Begin TRACER_WallTime_Comm 0.001499 ]
[ 0 1 : End TRACER_WallTime_Comm 0.001501 ]
[ 0 1 : Begin TRACER_WallTime_Comp 0.001501 ]
[ 0 1 : End TRACER_WallTime_Comp 0.001515 ]
[ 0 1 : Begin TRACER_WallTime_Comm 0.001516 ]
[ 0 1 : End TRACER_WallTime_Comm 0.001518 ]
[ 0 1 : Begin TRACER_WallTime_Comp 0.001519 ]
[ 0 1 : End TRACER_WallTime_Comp 0.001532 ]
[ 0 1 : Begin TRACER_WallTime_Comm 0.001533 ]
[ 0 0 : End TRACER_WallTime_Comm 0.001535 ]
[ 0 0 : Begin TRACER_WallTime_Comp 0.001535 ]
[ 0 0 : End TRACER_WallTime_Comp 0.001549 ]
[ 0 0 : Begin TRACER_WallTime_Comm 0.001553 ]
[ 0 0 : End TRACER_WallTime_Comm 0.001554 ]
[ 0 0 : Begin TRACER_WallTime_Comp 0.001554 ]
[ 0 0 : End TRACER_WallTime_Comp 0.001568 ]
[ 0 0 : Begin TRACER_WallTime_Comm 0.001570 ]
[ 0 0 : End TRACER_WallTime_Comm 0.001573 ]
[ 0 0 : Begin TRACER_WallTime_Comp 0.001573 ]
[ 0 0 : End TRACER_WallTime_Comp 0.001587 ]
[ 0 1 : End TRACER_WallTime_Comm 0.001536 ]
[ 0 1 : Begin TRACER_WallTime_Comp 0.001536 ]
[ 0 1 : End TRACER_WallTime_Comp 0.001549 ]
[ 0 1 : Begin TRACER_WallTime_Comm 0.001553 ]
[ 0 1 : End TRACER_WallTime_Comm 0.001555 ]
[ 0 1 : Begin TRACER_WallTime_Comp 0.001555 ]
[ 0 1 : End TRACER_WallTime_Comp 0.001569 ]
[ 0 1 : Begin TRACER_WallTime_Comm 0.001570 ]
[ 0 1 : End TRACER_WallTime_Comm 0.001574 ]
[ 0 1 : Begin TRACER_WallTime_Comp 0.001574 ]
[ 0 1 : End TRACER_WallTime_Comp 0.001588 ]
[ 0 0 : Begin TRACER_WallTime_Comm 0.001590 ]
[ 0 0 : End TRACER_WallTime_Comm 0.001591 ]
[ 0 0 : Begin TRACER_WallTime_Comp 0.001592 ]
[ 0 0 : End TRACER_WallTime_Comp 0.001605 ]
[ 0 0 : Begin TRACER_WallTime_Comm 0.001607 ]
[ 0 0 : End TRACER_WallTime_Comm 0.001608 ]
[ 0 0 : Begin TRACER_WallTime_Comp 0.001609 ]
[ 0 0 : End TRACER_WallTime_Comp 0.001622 ]
[ 0 0 : Begin TRACER_WallTime_Comm 0.001625 ]
[ 0 0 : End TRACER_WallTime_Comm 0.001628 ]
[ 0 0 : Begin TRACER_WallTime_Comp 0.001628 ]
[ 0 0 : End TRACER_WallTime_Comp 0.001642 ]
[ 0 1 : Begin TRACER_WallTime_Comm 0.001590 ]
[ 0 1 : End TRACER_WallTime_Comm 0.001592 ]
[ 0 1 : Begin TRACER_WallTime_Comp 0.001592 ]
[ 0 1 : End TRACER_WallTime_Comp 0.001606 ]
[ 0 1 : Begin TRACER_WallTime_Comm 0.001607 ]
[ 0 1 : End TRACER_WallTime_Comm 0.001609 ]
[ 0 1 : Begin TRACER_WallTime_Comp 0.001610 ]
[ 0 1 : End TRACER_WallTime_Comp 0.001623 ]
[ 0 1 : Begin TRACER_WallTime_Comm 0.001625 ]
[ 0 1 : End TRACER_WallTime_Comm 0.001629 ]
[ 0 1 : Begin TRACER_WallTime_Comp 0.001629 ]
[ 0 1 : End TRACER_WallTime_Comp 0.001643 ]
[ 0 0 : Begin TRACER_WallTime_Comm 0.001644 ]
[ 0 0 : End TRACER_WallTime_Comm 0.001648 ]
[ 0 0 : Begin TRACER_WallTime_Comp 0.001648 ]
[ 0 0 : End TRACER_WallTime_Comp 0.001662 ]
[ 0 0 : Begin TRACER_WallTime_Comm 0.001664 ]
[ 0 0 : End TRACER_WallTime_Comm 0.001667 ]
[ 0 0 : Begin TRACER_WallTime_Comp 0.001667 ]
[ 0 0 : End TRACER_WallTime_Comp 0.001680 ]
[ 0 0 : Begin TRACER_WallTime_Comm 0.001684 ]
[ 0 0 : End TRACER_WallTime_Comm 0.001686 ]
[ 0 1 : Begin TRACER_WallTime_Comm 0.001644 ]
[ 0 1 : End TRACER_WallTime_Comm 0.001649 ]
[ 0 1 : Begin TRACER_WallTime_Comp 0.001649 ]
[ 0 1 : End TRACER_WallTime_Comp 0.001662 ]
[ 0 1 : Begin TRACER_WallTime_Comm 0.001664 ]
[ 0 1 : End TRACER_WallTime_Comm 0.001667 ]
[ 0 1 : Begin TRACER_WallTime_Comp 0.001668 ]
[ 0 1 : End TRACER_WallTime_Comp 0.001681 ]
[ 0 1 : Begin TRACER_WallTime_Comm 0.001684 ]
[ 0 0 : Begin TRACER_WallTime_Comp 0.001687 ]
[ 0 0 : End TRACER_WallTime_Comp 0.001700 ]
[ 0 0 : Begin TRACER_WallTime_Comm 0.001702 ]
[ 0 0 : End TRACER_WallTime_Comm 0.001704 ]
[ 0 0 : Begin TRACER_WallTime_Comp 0.001705 ]
[ 0 0 : End TRACER_WallTime_Comp 0.001718 ]
[ 0 0 : Begin TRACER_WallTime_Comm 0.001721 ]
[ 0 0 : End TRACER_WallTime_Comm 0.001722 ]
[ 0 0 : Begin TRACER_WallTime_Comp 0.001722 ]
[ 0 0 : End TRACER_WallTime_Comp 0.001736 ]
[ 0 0 : Begin TRACER_WallTime_Comm 0.001740 ]
[ 0 1 : End TRACER_WallTime_Comm 0.001687 ]
[ 0 1 : Begin TRACER_WallTime_Comp 0.001688 ]
[ 0 1 : End TRACER_WallTime_Comp 0.001701 ]
[ 0 1 : Begin TRACER_WallTime_Comm 0.001703 ]
[ 0 1 : End TRACER_WallTime_Comm 0.001705 ]
[ 0 1 : Begin TRACER_WallTime_Comp 0.001705 ]
[ 0 1 : End TRACER_WallTime_Comp 0.001719 ]
[ 0 1 : Begin TRACER_WallTime_Comm 0.001720 ]
[ 0 1 : End TRACER_WallTime_Comm 0.001723 ]
[ 0 1 : Begin TRACER_WallTime_Comp 0.001723 ]
[ 0 1 : End TRACER_WallTime_Comp 0.001736 ]
[ 0 1 : Begin TRACER_WallTime_Comm 0.001740 ]
[ 0 0 : End TRACER_WallTime_Comm 0.001741 ]
[ 0 0 : Begin TRACER_WallTime_Comp 0.001742 ]
[ 0 0 : End TRACER_WallTime_Comp 0.001755 ]
[ 0 0 : Begin TRACER_WallTime_Comm 0.001758 ]
[ 0 0 : End TRACER_WallTime_Comm 0.001759 ]
[ 0 0 : Begin TRACER_WallTime_Comp 0.001760 ]
[ 0 0 : End TRACER_WallTime_Comp 0.001773 ]
[ 0 0 : Begin TRACER_WallTime_Comm 0.001775 ]
[ 0 0 : End TRACER_WallTime_Comm 0.001778 ]
[ 0 0 : Begin TRACER_WallTime_Comp 0.001778 ]
[ 0 0 : End TRACER_WallTime_Comp 0.001792 ]
[ 0 1 : End TRACER_WallTime_Comm 0.001742 ]
[ 0 1 : Begin TRACER_WallTime_Comp 0.001743 ]
[ 0 1 : End TRACER_WallTime_Comp 0.001756 ]
[ 0 1 : Begin TRACER_WallTime_Comm 0.001757 ]
[ 0 1 : End TRACER_WallTime_Comm 0.001760 ]
[ 0 1 : Begin TRACER_WallTime_Comp 0.001761 ]
[ 0 1 : End TRACER_WallTime_Comp 0.001774 ]
[ 0 1 : Begin TRACER_WallTime_Comm 0.001775 ]
[ 0 1 : End TRACER_WallTime_Comm 0.001779 ]
[ 0 1 : Begin TRACER_WallTime_Comp 0.001779 ]
[ 0 1 : End TRACER_WallTime_Comp 0.001793 ]
[ 0 0 : Begin TRACER_WallTime_Comm 0.001795 ]
[ 0 0 : End TRACER_WallTime_Comm 0.001798 ]
[ 0 0 : Begin TRACER_WallTime_Comp 0.001798 ]
[ 0 0 : End TRACER_WallTime_Comp 0.001812 ]
[ 0 0 : Begin TRACER_WallTime_Comm 0.001814 ]
[ 0 0 : End TRACER_WallTime_Comm 0.001817 ]
[ 0 0 : Begin TRACER_WallTime_Comp 0.001817 ]
[ 0 0 : End TRACER_WallTime_Comp 0.001830 ]
[ 0 0 : Begin TRACER_WallTime_Comm 0.001833 ]
[ 0 0 : End TRACER_WallTime_Comm 0.001835 ]
[ 0 0 : Begin TRACER_WallTime_Comp 0.001836 ]
[ 0 0 : End TRACER_WallTime_Comp 0.001849 ]
[ 0 1 : Begin TRACER_WallTime_Comm 0.001795 ]
[ 0 1 : End TRACER_WallTime_Comm 0.001798 ]
[ 0 1 : Begin TRACER_WallTime_Comp 0.001799 ]
[ 0 1 : End TRACER_WallTime_Comp 0.001812 ]
[ 0 1 : Begin TRACER_WallTime_Comm 0.001814 ]
[ 0 1 : End TRACER_WallTime_Comm 0.001817 ]
[ 0 1 : Begin TRACER_WallTime_Comp 0.001818 ]
[ 0 1 : End TRACER_WallTime_Comp 0.001831 ]
[ 0 1 : Begin TRACER_WallTime_Comm 0.001834 ]
[ 0 1 : End TRACER_WallTime_Comm 0.001836 ]
[ 0 1 : Begin TRACER_WallTime_Comp 0.001836 ]
[ 0 0 : Begin TRACER_WallTime_Comm 0.001851 ]
[ 0 0 : End TRACER_WallTime_Comm 0.001853 ]
[ 0 0 : Begin TRACER_WallTime_Comp 0.001853 ]
[ 0 0 : End TRACER_WallTime_Comp 0.001867 ]
[ 0 0 : Begin TRACER_WallTime_Comm 0.001871 ]
[ 0 0 : End TRACER_WallTime_Comm 0.001874 ]
[ 0 0 : Begin TRACER_WallTime_Comp 0.001874 ]
[ 0 0 : End TRACER_WallTime_Comp 0.001888 ]
[ 0 0 : Begin TRACER_WallTime_Comm 0.001890 ]
[ 0 1 : End TRACER_WallTime_Comp 0.001850 ]
[ 0 1 : Begin TRACER_WallTime_Comm 0.001851 ]
[ 0 1 : End TRACER_WallTime_Comm 0.001854 ]
[ 0 1 : Begin TRACER_WallTime_Comp 0.001854 ]
[ 0 1 : End TRACER_WallTime_Comp 0.001868 ]
[ 0 1 : Begin TRACER_WallTime_Comm 0.001871 ]
[ 0 1 : End TRACER_WallTime_Comm 0.001875 ]
[ 0 1 : Begin TRACER_WallTime_Comp 0.001875 ]
[ 0 1 : End TRACER_WallTime_Comp 0.001888 ]
[ 0 1 : Begin TRACER_WallTime_Comm 0.001890 ]
GVT #36: simulation 100% complete, max event queue size 4 (GVT = MAX).
AVL tree size: 0
[ 0 0 : End TRACER_WallTime_Comm 0.001893 ]
[ 0 0 : Begin TRACER_WallTime_Comp 0.001893 ]
[ 0 0 : End TRACER_WallTime_Comp 0.001906 ]
[ 0 0 : Begin TRACER_WallTime_Comm 0.001910 ]
[ 0 0 : End TRACER_WallTime_Comm 0.001912 ]
[ 0 0 : Begin TRACER_WallTime_Comp 0.001912 ]
[ 0 0 : End TRACER_WallTime_Comp 0.001926 ]
[ 0 0 : Begin TRACER_WallTime_Comm 0.001928 ]
[ 0 0 : End TRACER_WallTime_Comm 0.001931 ]
[ 0 0 : End TRACER_WallTime_Total 0.001932 ]
[ 0 1 : End TRACER_WallTime_Comm 0.001894 ]
[ 0 1 : Begin TRACER_WallTime_Comp 0.001894 ]
[ 0 1 : End TRACER_WallTime_Comp 0.001908 ]
[ 0 1 : Begin TRACER_WallTime_Comm 0.001910 ]
[ 0 1 : End TRACER_WallTime_Comm 0.001913 ]
[ 0 1 : Begin TRACER_WallTime_Comp 0.001913 ]
[ 0 1 : End TRACER_WallTime_Comp 0.001927 ]
[ 0 1 : Begin TRACER_WallTime_Comm 0.001928 ]
[ 0 1 : End TRACER_WallTime_Comm 0.001932 ]
*** END SIMULATION ***

Job[0]PE[0]: FINALIZE in 0.001932 seconds.

	: Running Time = 0.0111 seconds

TW Library Statistics:
	Total Events Processed                                    9414
	Events Aborted (part of RBs)                                 0
	Events Rolled Back                                           0
	Event Ties Detected in PE Queues                             0
	Efficiency                                              100.00 %
	Total Remote (shared mem) Events Processed                   0
	Percent Remote Events                                     0.00 %
	Total Remote (network) Events Processed                      0
	Percent Remote Events                                     0.00 %

	Total Roll Backs                                             0
	Primary Roll Backs                                           0
	Secondary Roll Backs                                         0
	Fossil Collect Attempts                                    222
	Total GVT Computations                                      37

	Net Events Processed                                      9414
	Event Rate (events/sec)                               851406.3
	Total Events Scheduled Past End Time                         0

TW Memory Statistics:
	Events Allocated                                        101553
	Memory Allocated                                         84148
	Memory Wasted                                              645

TW Network Statistics:
	Remote sends                                                 0
	Remote recvs                                                 0

TW Data Structure sizes in bytes (sizeof):
	PE struct                                                  624
	KP struct                                                  144
	LP struct                                                  136
	LP Model struct                                             96
	LP RNGs                                                     80
	Total LP                                                   312
	Event struct                                               152
	Event struct with Model                                    664

TW Clock Cycle Statistics (MAX values in secs at 0.5120 GHz):
	Initialization                                          0.1979
	Priority Queue (enq/deq)                                0.0015
	AVL Tree (insert/delete)                                0.0000
	LZ4 (de)compression                                     0.0000
	Buddy system                                            0.0000
	Event Processing                                        0.0075
	Event Cancel                                            0.0000
	Event Abort                                             0.0000

	GVT                                                     0.0110
	Fossil Collect                                          0.0006
	Primary Rollbacks                                       0.0000
	Network Read                                            0.0006
	Other Network                                           0.0000
	Instrumentation (computation)                           0.0000
	Instrumentation (write)                                 0.0000
	Total Time (Note: Using Running Time above for Speedup)      0.0111

TW GVT Statistics: MPI AllReduce
	GVT Interval                                                16
	GVT Real Time Interval (cycles)                    0
	GVT Real Time Interval (sec)                        0.00000000
	Batch Size                                                  16

	Forced GVT                                                   0
	Total GVT Computations                                      37
	Total All Reduce Calls                                      74
	Average Reduction / GVT                                   2.00
LP-IO: writing output to summit-simplenet/2048b/
LP-IO: data files:
   summit-simplenet/2048b/model-net-category-all
   summit-simplenet/2048b/model-net-category-test
Job 0 Time 0.001933 s
