Bandwidth of compute node channels not specified, setting to 20.000000
/ccs/home/jchoi/TraceR/tracer/traceR --sync=3 --nkp=16 --extramem=100000 --max-opt-lookahead=1000000 --timer-frequency=1000 --lp-io-dir=summit-simplenet/4194304b -- summit-simplenet/summit.conf tracer_config scorep-4194304b/traces.otf2 

Sun Sep 15 23:16:58 2019

ROSS Version: v7.1.1-dirty

tw_net_start: Found world size to be 6 
Config file is summit-simplenet/summit.conf
Trace input file is tracer_config
Trace directory is scorep-4194304b/traces.otf2
NIC num injection port not specified, setting to 1
NIC seq delay not specified, setting to 10.000000
NIC num copy queues not specified, setting to 1
within node transfer per byte delay is 0.050000
Found soft_delay as 100.000000
Found nic_delay as 400.000000
Found rdma_delay as 1000.000000
Copy cost per byte is 0.000000 ns
Eager limit is 65537.000000 bytes
Begin reading tracer_config
Using default linear mapping of jobs
Job 0 - ranks 2, trace folder scorep-4194304b/traces.otf2, rank file job0, iters 1
Done reading meta-information about jobs
Read global definition for job 0 from scorep-4194304b/traces.otf2
Clock Props: 1000000 1000000000 1000.000000

ROSS Core Configuration: 
	Total PEs                                                    6
	Total KPs                                          [Nodes (6) x KPs (16)] 96
	Total LPs                                                 9216
	Simulation End Time                                3600000000000.00
	LP-to-PE Mapping                                   model defined


ROSS Event Memory Allocation:
	Model events                                            493217
	Network events                                              16
	Total events                                            393232

*** START PARALLEL OPTIMISTIC SIMULATION WITH SUSPEND LP FEATURE ***

PE0 - LP_GID:0 : START SIMULATION, TASKS COUNT: 1608, FIRST TASK: 0, RUN TIME TILL NOW=0.000000 s, CURRENT SIM TIME 1.005877
Set num_servers per router 1, servers per injection queue per router 1, servers per node copy queue per node 1, num nics 1
[ 0 0 : time at task 0/1608 0.000000 ]
[ 0 0 : Begin TRACER_WallTime_Total 0.000040 ]
[ 0 0 : Begin TRACER_WallTime_Comp 0.000048 ]
[ 0 0 : End TRACER_WallTime_Comp 0.007743 ]
[ 0 1 : Begin TRACER_WallTime_Comp 0.000045 ]
[ 0 1 : End TRACER_WallTime_Comp 0.007032 ]
[ 0 0 : Begin TRACER_WallTime_Comm 0.007751 ]
[ 0 1 : Begin TRACER_WallTime_Comm 0.007751 ]
[ 0 0 : End TRACER_WallTime_Comm 0.008511 ]
[ 0 0 : Begin TRACER_WallTime_Comp 0.008511 ]
[ 0 1 : End TRACER_WallTime_Comm 0.008511 ]
[ 0 1 : Begin TRACER_WallTime_Comp 0.008512 ]
[ 0 1 : End TRACER_WallTime_Comp 0.015353 ]
[ 0 0 : End TRACER_WallTime_Comp 0.016208 ]
[ 0 0 : Begin TRACER_WallTime_Comm 0.016211 ]
[ 0 1 : Begin TRACER_WallTime_Comm 0.016211 ]
[ 0 0 : End TRACER_WallTime_Comm 0.016966 ]
[ 0 0 : Begin TRACER_WallTime_Comp 0.016966 ]
[ 0 1 : End TRACER_WallTime_Comm 0.016966 ]
[ 0 1 : Begin TRACER_WallTime_Comp 0.016966 ]
[ 0 0 : End TRACER_WallTime_Comp 0.024668 ]
[ 0 0 : Begin TRACER_WallTime_Comm 0.024671 ]
[ 0 1 : End TRACER_WallTime_Comp 0.023792 ]
[ 0 1 : Begin TRACER_WallTime_Comm 0.024670 ]
[ 0 0 : End TRACER_WallTime_Comm 0.025425 ]
[ 0 0 : Begin TRACER_WallTime_Comp 0.025426 ]
[ 0 0 : End TRACER_WallTime_Comp 0.033105 ]
[ 0 1 : End TRACER_WallTime_Comm 0.025426 ]
[ 0 1 : Begin TRACER_WallTime_Comp 0.025426 ]
[ 0 1 : End TRACER_WallTime_Comp 0.032432 ]
[ 0 0 : Begin TRACER_WallTime_Comm 0.033107 ]
[ 0 1 : Begin TRACER_WallTime_Comm 0.033108 ]
[ 0 0 : End TRACER_WallTime_Comm 0.033864 ]
[ 0 0 : Begin TRACER_WallTime_Comp 0.033864 ]
[ 0 0 : End TRACER_WallTime_Comp 0.041536 ]
[ 0 1 : End TRACER_WallTime_Comm 0.033864 ]
[ 0 1 : Begin TRACER_WallTime_Comp 0.033864 ]
[ 0 1 : End TRACER_WallTime_Comp 0.040758 ]
[ 0 0 : Begin TRACER_WallTime_Comm 0.041538 ]
[ 0 1 : Begin TRACER_WallTime_Comm 0.041537 ]
[ 0 0 : End TRACER_WallTime_Comm 0.042293 ]
[ 0 0 : Begin TRACER_WallTime_Comp 0.042294 ]
[ 0 1 : End TRACER_WallTime_Comm 0.042294 ]
[ 0 1 : Begin TRACER_WallTime_Comp 0.042294 ]
[ 0 1 : End TRACER_WallTime_Comp 0.049155 ]
[ 0 0 : End TRACER_WallTime_Comp 0.050002 ]
[ 0 0 : Begin TRACER_WallTime_Comm 0.050004 ]
[ 0 1 : Begin TRACER_WallTime_Comm 0.050005 ]
[ 0 0 : End TRACER_WallTime_Comm 0.050758 ]
[ 0 0 : Begin TRACER_WallTime_Comp 0.050759 ]
[ 0 1 : End TRACER_WallTime_Comm 0.050758 ]
[ 0 1 : Begin TRACER_WallTime_Comp 0.050758 ]
[ 0 1 : End TRACER_WallTime_Comp 0.057704 ]
[ 0 0 : End TRACER_WallTime_Comp 0.058433 ]
[ 0 0 : Begin TRACER_WallTime_Comm 0.058436 ]
[ 0 1 : Begin TRACER_WallTime_Comm 0.058435 ]
[ 0 0 : End TRACER_WallTime_Comm 0.059190 ]
[ 0 0 : Begin TRACER_WallTime_Comp 0.059190 ]
[ 0 1 : End TRACER_WallTime_Comm 0.059190 ]
[ 0 1 : Begin TRACER_WallTime_Comp 0.059190 ]
[ 0 1 : End TRACER_WallTime_Comp 0.066095 ]
[ 0 0 : End TRACER_WallTime_Comp 0.066875 ]
[ 0 0 : Begin TRACER_WallTime_Comm 0.066879 ]
[ 0 1 : Begin TRACER_WallTime_Comm 0.066879 ]
[ 0 0 : End TRACER_WallTime_Comm 0.067633 ]
[ 0 0 : Begin TRACER_WallTime_Comp 0.067634 ]
[ 0 1 : End TRACER_WallTime_Comm 0.067633 ]
[ 0 1 : Begin TRACER_WallTime_Comp 0.067633 ]
[ 0 1 : End TRACER_WallTime_Comp 0.074504 ]
[ 0 0 : End TRACER_WallTime_Comp 0.075317 ]
[ 0 0 : Begin TRACER_WallTime_Comm 0.075320 ]
[ 0 1 : Begin TRACER_WallTime_Comm 0.075321 ]
[ 0 0 : End TRACER_WallTime_Comm 0.076075 ]
[ 0 0 : Begin TRACER_WallTime_Comp 0.076075 ]
[ 0 1 : End TRACER_WallTime_Comm 0.076076 ]
[ 0 1 : Begin TRACER_WallTime_Comp 0.076076 ]
[ 0 1 : End TRACER_WallTime_Comp 0.083097 ]
[ 0 0 : End TRACER_WallTime_Comp 0.083759 ]
[ 0 0 : Begin TRACER_WallTime_Comm 0.083760 ]
[ 0 1 : Begin TRACER_WallTime_Comm 0.083760 ]
[ 0 0 : End TRACER_WallTime_Comm 0.084514 ]
[ 0 0 : Begin TRACER_WallTime_Comp 0.084515 ]
[ 0 1 : End TRACER_WallTime_Comm 0.084515 ]
[ 0 1 : Begin TRACER_WallTime_Comp 0.084515 ]
[ 0 0 : End TRACER_WallTime_Comp 0.092325 ]
[ 0 0 : Begin TRACER_WallTime_Comm 0.092327 ]
[ 0 1 : End TRACER_WallTime_Comp 0.091441 ]
[ 0 1 : Begin TRACER_WallTime_Comm 0.092326 ]
[ 0 0 : End TRACER_WallTime_Comm 0.093082 ]
[ 0 0 : Begin TRACER_WallTime_Comp 0.093082 ]
[ 0 0 : End TRACER_WallTime_Comp 0.100790 ]
[ 0 1 : End TRACER_WallTime_Comm 0.093081 ]
[ 0 1 : Begin TRACER_WallTime_Comp 0.093082 ]
[ 0 1 : End TRACER_WallTime_Comp 0.099977 ]
[ 0 0 : Begin TRACER_WallTime_Comm 0.100793 ]
[ 0 1 : Begin TRACER_WallTime_Comm 0.100794 ]
[ 0 0 : End TRACER_WallTime_Comm 0.101548 ]
[ 0 0 : Begin TRACER_WallTime_Comp 0.101549 ]
[ 0 0 : End TRACER_WallTime_Comp 0.109237 ]
[ 0 1 : End TRACER_WallTime_Comm 0.101548 ]
[ 0 1 : Begin TRACER_WallTime_Comp 0.101548 ]
[ 0 1 : End TRACER_WallTime_Comp 0.108533 ]
[ 0 0 : Begin TRACER_WallTime_Comm 0.109239 ]
[ 0 1 : Begin TRACER_WallTime_Comm 0.109238 ]
[ 0 0 : End TRACER_WallTime_Comm 0.109995 ]
[ 0 0 : Begin TRACER_WallTime_Comp 0.109995 ]
[ 0 1 : End TRACER_WallTime_Comm 0.109994 ]
[ 0 1 : Begin TRACER_WallTime_Comp 0.109995 ]
[ 0 1 : End TRACER_WallTime_Comp 0.116862 ]
[ 0 0 : End TRACER_WallTime_Comp 0.117711 ]
[ 0 0 : Begin TRACER_WallTime_Comm 0.117714 ]
[ 0 1 : Begin TRACER_WallTime_Comm 0.117714 ]
[ 0 0 : End TRACER_WallTime_Comm 0.118468 ]
[ 0 0 : Begin TRACER_WallTime_Comp 0.118468 ]
[ 0 1 : End TRACER_WallTime_Comm 0.118470 ]
[ 0 1 : Begin TRACER_WallTime_Comp 0.118470 ]
[ 0 1 : End TRACER_WallTime_Comp 0.125578 ]
[ 0 0 : End TRACER_WallTime_Comp 0.126144 ]
[ 0 0 : Begin TRACER_WallTime_Comm 0.126147 ]
[ 0 1 : Begin TRACER_WallTime_Comm 0.126148 ]
[ 0 0 : End TRACER_WallTime_Comm 0.126901 ]
[ 0 0 : Begin TRACER_WallTime_Comp 0.126902 ]
[ 0 1 : End TRACER_WallTime_Comm 0.126901 ]
[ 0 1 : Begin TRACER_WallTime_Comp 0.126902 ]
[ 0 1 : End TRACER_WallTime_Comp 0.133746 ]
[ 0 0 : End TRACER_WallTime_Comp 0.134620 ]
[ 0 0 : Begin TRACER_WallTime_Comm 0.134623 ]
[ 0 1 : Begin TRACER_WallTime_Comm 0.134622 ]
[ 0 0 : End TRACER_WallTime_Comm 0.135377 ]
[ 0 0 : Begin TRACER_WallTime_Comp 0.135378 ]
[ 0 1 : End TRACER_WallTime_Comm 0.135377 ]
[ 0 1 : Begin TRACER_WallTime_Comp 0.135377 ]
[ 0 1 : End TRACER_WallTime_Comp 0.142240 ]
[ 0 0 : End TRACER_WallTime_Comp 0.143062 ]
[ 0 0 : Begin TRACER_WallTime_Comm 0.143063 ]
[ 0 1 : Begin TRACER_WallTime_Comm 0.143063 ]
[ 0 0 : End TRACER_WallTime_Comm 0.143817 ]
[ 0 0 : Begin TRACER_WallTime_Comp 0.143817 ]
[ 0 1 : End TRACER_WallTime_Comm 0.143818 ]
[ 0 1 : Begin TRACER_WallTime_Comp 0.143818 ]
[ 0 1 : End TRACER_WallTime_Comp 0.150799 ]
[ 0 0 : End TRACER_WallTime_Comp 0.151532 ]
[ 0 0 : Begin TRACER_WallTime_Comm 0.151536 ]
[ 0 1 : Begin TRACER_WallTime_Comm 0.151535 ]
[ 0 0 : End TRACER_WallTime_Comm 0.152290 ]
[ 0 0 : Begin TRACER_WallTime_Comp 0.152291 ]
[ 0 1 : End TRACER_WallTime_Comm 0.152291 ]
[ 0 1 : Begin TRACER_WallTime_Comp 0.152291 ]
[ 0 0 : End TRACER_WallTime_Comp 0.159973 ]
[ 0 0 : Begin TRACER_WallTime_Comm 0.159976 ]
[ 0 1 : End TRACER_WallTime_Comp 0.159231 ]
[ 0 1 : Begin TRACER_WallTime_Comm 0.159975 ]
[ 0 0 : End TRACER_WallTime_Comm 0.160730 ]
[ 0 0 : Begin TRACER_WallTime_Comp 0.160730 ]
[ 0 0 : End TRACER_WallTime_Comp 0.168520 ]
[ 0 1 : End TRACER_WallTime_Comm 0.160731 ]
[ 0 1 : Begin TRACER_WallTime_Comp 0.160731 ]
[ 0 1 : End TRACER_WallTime_Comp 0.167678 ]
[ 0 0 : Begin TRACER_WallTime_Comm 0.168523 ]
[ 0 1 : Begin TRACER_WallTime_Comm 0.168522 ]
[ 0 0 : End TRACER_WallTime_Comm 0.169278 ]
[ 0 0 : Begin TRACER_WallTime_Comp 0.169279 ]
[ 0 0 : End TRACER_WallTime_Comp 0.176970 ]
[ 0 1 : End TRACER_WallTime_Comm 0.169278 ]
[ 0 1 : Begin TRACER_WallTime_Comp 0.169278 ]
[ 0 1 : End TRACER_WallTime_Comp 0.176149 ]
[ 0 0 : Begin TRACER_WallTime_Comm 0.176971 ]
[ 0 1 : Begin TRACER_WallTime_Comm 0.176972 ]
[ 0 0 : End TRACER_WallTime_Comm 0.177725 ]
[ 0 0 : Begin TRACER_WallTime_Comp 0.177726 ]
[ 0 1 : End TRACER_WallTime_Comm 0.177726 ]
[ 0 1 : Begin TRACER_WallTime_Comp 0.177726 ]
[ 0 1 : End TRACER_WallTime_Comp 0.184621 ]
[ 0 0 : End TRACER_WallTime_Comp 0.185427 ]
[ 0 0 : Begin TRACER_WallTime_Comm 0.185430 ]
[ 0 1 : Begin TRACER_WallTime_Comm 0.185429 ]
[ 0 0 : End TRACER_WallTime_Comm 0.186183 ]
[ 0 0 : Begin TRACER_WallTime_Comp 0.186183 ]
[ 0 1 : End TRACER_WallTime_Comm 0.186185 ]
[ 0 1 : Begin TRACER_WallTime_Comp 0.186185 ]
[ 0 1 : End TRACER_WallTime_Comp 0.193116 ]
[ 0 0 : End TRACER_WallTime_Comp 0.193924 ]
[ 0 0 : Begin TRACER_WallTime_Comm 0.193927 ]
[ 0 1 : Begin TRACER_WallTime_Comm 0.193926 ]
[ 0 0 : End TRACER_WallTime_Comm 0.194682 ]
[ 0 0 : Begin TRACER_WallTime_Comp 0.194682 ]
[ 0 1 : End TRACER_WallTime_Comm 0.194681 ]
[ 0 1 : Begin TRACER_WallTime_Comp 0.194682 ]
[ 0 1 : End TRACER_WallTime_Comp 0.201618 ]
[ 0 0 : End TRACER_WallTime_Comp 0.202373 ]
[ 0 0 : Begin TRACER_WallTime_Comm 0.202376 ]
[ 0 1 : Begin TRACER_WallTime_Comm 0.202377 ]
[ 0 0 : End TRACER_WallTime_Comm 0.203131 ]
[ 0 0 : Begin TRACER_WallTime_Comp 0.203132 ]
[ 0 1 : End TRACER_WallTime_Comm 0.203132 ]
[ 0 1 : Begin TRACER_WallTime_Comp 0.203132 ]
[ 0 1 : End TRACER_WallTime_Comp 0.210007 ]
[ 0 0 : End TRACER_WallTime_Comp 0.210806 ]
[ 0 0 : Begin TRACER_WallTime_Comm 0.210810 ]
[ 0 1 : Begin TRACER_WallTime_Comm 0.210810 ]
[ 0 0 : End TRACER_WallTime_Comm 0.211564 ]
[ 0 0 : Begin TRACER_WallTime_Comp 0.211564 ]
[ 0 1 : End TRACER_WallTime_Comm 0.211565 ]
[ 0 1 : Begin TRACER_WallTime_Comp 0.211565 ]
[ 0 1 : End TRACER_WallTime_Comp 0.218454 ]
[ 0 0 : End TRACER_WallTime_Comp 0.219245 ]
[ 0 0 : Begin TRACER_WallTime_Comm 0.219248 ]
[ 0 1 : Begin TRACER_WallTime_Comm 0.219247 ]
[ 0 0 : End TRACER_WallTime_Comm 0.220004 ]
[ 0 0 : Begin TRACER_WallTime_Comp 0.220005 ]
[ 0 1 : End TRACER_WallTime_Comm 0.220004 ]
[ 0 1 : Begin TRACER_WallTime_Comp 0.220005 ]
[ 0 0 : End TRACER_WallTime_Comp 0.227705 ]
[ 0 0 : Begin TRACER_WallTime_Comm 0.227707 ]
[ 0 1 : End TRACER_WallTime_Comp 0.226994 ]
[ 0 1 : Begin TRACER_WallTime_Comm 0.227708 ]
[ 0 0 : End TRACER_WallTime_Comm 0.228463 ]
[ 0 0 : Begin TRACER_WallTime_Comp 0.228464 ]
[ 0 0 : End TRACER_WallTime_Comp 0.236205 ]
[ 0 1 : End TRACER_WallTime_Comm 0.228463 ]
[ 0 1 : Begin TRACER_WallTime_Comp 0.228464 ]
[ 0 1 : End TRACER_WallTime_Comp 0.235449 ]
[ 0 0 : Begin TRACER_WallTime_Comm 0.236208 ]
[ 0 1 : Begin TRACER_WallTime_Comm 0.236208 ]
[ 0 0 : End TRACER_WallTime_Comm 0.236964 ]
[ 0 0 : Begin TRACER_WallTime_Comp 0.236964 ]
[ 0 0 : End TRACER_WallTime_Comp 0.244721 ]
[ 0 1 : End TRACER_WallTime_Comm 0.236964 ]
[ 0 1 : Begin TRACER_WallTime_Comp 0.236964 ]
[ 0 1 : End TRACER_WallTime_Comp 0.243783 ]
[ 0 0 : Begin TRACER_WallTime_Comm 0.244722 ]
[ 0 1 : Begin TRACER_WallTime_Comm 0.244723 ]
[ 0 0 : End TRACER_WallTime_Comm 0.245477 ]
[ 0 0 : Begin TRACER_WallTime_Comp 0.245478 ]
[ 0 1 : End TRACER_WallTime_Comm 0.245478 ]
[ 0 1 : Begin TRACER_WallTime_Comp 0.245478 ]
[ 0 1 : End TRACER_WallTime_Comp 0.252533 ]
[ 0 0 : End TRACER_WallTime_Comp 0.253192 ]
[ 0 0 : Begin TRACER_WallTime_Comm 0.253193 ]
[ 0 1 : Begin TRACER_WallTime_Comm 0.253194 ]
[ 0 0 : End TRACER_WallTime_Comm 0.253948 ]
[ 0 0 : Begin TRACER_WallTime_Comp 0.253949 ]
[ 0 1 : End TRACER_WallTime_Comm 0.253948 ]
[ 0 1 : Begin TRACER_WallTime_Comp 0.253948 ]
[ 0 1 : End TRACER_WallTime_Comp 0.260834 ]
[ 0 0 : End TRACER_WallTime_Comp 0.261624 ]
[ 0 0 : Begin TRACER_WallTime_Comm 0.261627 ]
[ 0 1 : Begin TRACER_WallTime_Comm 0.261627 ]
[ 0 0 : End TRACER_WallTime_Comm 0.262381 ]
[ 0 0 : Begin TRACER_WallTime_Comp 0.262381 ]
[ 0 1 : End TRACER_WallTime_Comm 0.262382 ]
[ 0 1 : Begin TRACER_WallTime_Comp 0.262382 ]
[ 0 1 : End TRACER_WallTime_Comp 0.269231 ]
[ 0 0 : End TRACER_WallTime_Comp 0.270046 ]
[ 0 0 : Begin TRACER_WallTime_Comm 0.270049 ]
[ 0 1 : Begin TRACER_WallTime_Comm 0.270050 ]
[ 0 0 : End TRACER_WallTime_Comm 0.270804 ]
[ 0 0 : Begin TRACER_WallTime_Comp 0.270804 ]
[ 0 1 : End TRACER_WallTime_Comm 0.270803 ]
[ 0 1 : Begin TRACER_WallTime_Comp 0.270804 ]
[ 0 1 : End TRACER_WallTime_Comp 0.277682 ]
[ 0 0 : End TRACER_WallTime_Comp 0.278496 ]
[ 0 0 : Begin TRACER_WallTime_Comm 0.278499 ]
[ 0 1 : Begin TRACER_WallTime_Comm 0.278498 ]
[ 0 0 : End TRACER_WallTime_Comm 0.279253 ]
[ 0 0 : Begin TRACER_WallTime_Comp 0.279254 ]
[ 0 1 : End TRACER_WallTime_Comm 0.279253 ]
[ 0 1 : Begin TRACER_WallTime_Comp 0.279253 ]
[ 0 1 : End TRACER_WallTime_Comp 0.286110 ]
[ 0 0 : End TRACER_WallTime_Comp 0.286921 ]
[ 0 0 : Begin TRACER_WallTime_Comm 0.286924 ]
[ 0 1 : Begin TRACER_WallTime_Comm 0.286923 ]
[ 0 0 : End TRACER_WallTime_Comm 0.287679 ]
[ 0 0 : Begin TRACER_WallTime_Comp 0.287679 ]
[ 0 1 : End TRACER_WallTime_Comm 0.287681 ]
[ 0 1 : Begin TRACER_WallTime_Comp 0.287681 ]
[ 0 0 : End TRACER_WallTime_Comp 0.295357 ]
[ 0 0 : Begin TRACER_WallTime_Comm 0.295359 ]
[ 0 1 : End TRACER_WallTime_Comp 0.294519 ]
[ 0 1 : Begin TRACER_WallTime_Comm 0.295358 ]
[ 0 0 : End TRACER_WallTime_Comm 0.296114 ]
[ 0 0 : Begin TRACER_WallTime_Comp 0.296114 ]
[ 0 0 : End TRACER_WallTime_Comp 0.303857 ]
[ 0 1 : End TRACER_WallTime_Comm 0.296113 ]
[ 0 1 : Begin TRACER_WallTime_Comp 0.296113 ]
[ 0 1 : End TRACER_WallTime_Comp 0.303103 ]
[ 0 0 : Begin TRACER_WallTime_Comm 0.303862 ]
[ 0 1 : Begin TRACER_WallTime_Comm 0.303863 ]
[ 0 0 : End TRACER_WallTime_Comm 0.304617 ]
[ 0 0 : Begin TRACER_WallTime_Comp 0.304617 ]
[ 0 0 : End TRACER_WallTime_Comp 0.312292 ]
[ 0 1 : End TRACER_WallTime_Comm 0.304618 ]
[ 0 1 : Begin TRACER_WallTime_Comp 0.304618 ]
[ 0 1 : End TRACER_WallTime_Comp 0.311498 ]
[ 0 0 : Begin TRACER_WallTime_Comm 0.312296 ]
[ 0 1 : Begin TRACER_WallTime_Comm 0.312295 ]
[ 0 0 : End TRACER_WallTime_Comm 0.313050 ]
[ 0 0 : Begin TRACER_WallTime_Comp 0.313050 ]
[ 0 1 : End TRACER_WallTime_Comm 0.313049 ]
[ 0 1 : Begin TRACER_WallTime_Comp 0.313049 ]
[ 0 1 : End TRACER_WallTime_Comp 0.320017 ]
[ 0 0 : End TRACER_WallTime_Comp 0.320756 ]
[ 0 0 : Begin TRACER_WallTime_Comm 0.320761 ]
[ 0 1 : Begin TRACER_WallTime_Comm 0.320762 ]
[ 0 0 : End TRACER_WallTime_Comm 0.321517 ]
[ 0 0 : Begin TRACER_WallTime_Comp 0.321517 ]
[ 0 1 : End TRACER_WallTime_Comm 0.321519 ]
[ 0 1 : Begin TRACER_WallTime_Comp 0.321519 ]
[ 0 1 : End TRACER_WallTime_Comp 0.328417 ]
[ 0 0 : End TRACER_WallTime_Comp 0.329193 ]
[ 0 0 : Begin TRACER_WallTime_Comm 0.329196 ]
[ 0 1 : Begin TRACER_WallTime_Comm 0.329195 ]
[ 0 0 : End TRACER_WallTime_Comm 0.329951 ]
[ 0 0 : Begin TRACER_WallTime_Comp 0.329951 ]
[ 0 1 : End TRACER_WallTime_Comm 0.329950 ]
[ 0 1 : Begin TRACER_WallTime_Comp 0.329950 ]
[ 0 1 : End TRACER_WallTime_Comp 0.336920 ]
[ 0 0 : End TRACER_WallTime_Comp 0.337657 ]
[ 0 0 : Begin TRACER_WallTime_Comm 0.337660 ]
[ 0 1 : Begin TRACER_WallTime_Comm 0.337659 ]
[ 0 0 : End TRACER_WallTime_Comm 0.338415 ]
[ 0 0 : Begin TRACER_WallTime_Comp 0.338416 ]
[ 0 1 : End TRACER_WallTime_Comm 0.338415 ]
[ 0 1 : Begin TRACER_WallTime_Comp 0.338415 ]
[ 0 1 : End TRACER_WallTime_Comp 0.345351 ]
[ 0 0 : End TRACER_WallTime_Comp 0.346151 ]
[ 0 0 : Begin TRACER_WallTime_Comm 0.346153 ]
[ 0 1 : Begin TRACER_WallTime_Comm 0.346152 ]
[ 0 0 : End TRACER_WallTime_Comm 0.346908 ]
[ 0 0 : Begin TRACER_WallTime_Comp 0.346908 ]
[ 0 1 : End TRACER_WallTime_Comm 0.346907 ]
[ 0 1 : Begin TRACER_WallTime_Comp 0.346909 ]
[ 0 1 : End TRACER_WallTime_Comp 0.353807 ]
[ 0 0 : End TRACER_WallTime_Comp 0.354591 ]
[ 0 0 : Begin TRACER_WallTime_Comm 0.354592 ]
[ 0 1 : Begin TRACER_WallTime_Comm 0.354594 ]
[ 0 0 : End TRACER_WallTime_Comm 0.355348 ]
[ 0 0 : Begin TRACER_WallTime_Comp 0.355348 ]
[ 0 1 : End TRACER_WallTime_Comm 0.355347 ]
[ 0 1 : Begin TRACER_WallTime_Comp 0.355347 ]
[ 0 0 : End TRACER_WallTime_Comp 0.363081 ]
[ 0 0 : Begin TRACER_WallTime_Comm 0.363085 ]
[ 0 1 : End TRACER_WallTime_Comp 0.362317 ]
[ 0 1 : Begin TRACER_WallTime_Comm 0.363084 ]
[ 0 0 : End TRACER_WallTime_Comm 0.363839 ]
[ 0 0 : Begin TRACER_WallTime_Comp 0.363840 ]
[ 0 0 : End TRACER_WallTime_Comp 0.371520 ]
[ 0 1 : End TRACER_WallTime_Comm 0.363839 ]
[ 0 1 : Begin TRACER_WallTime_Comp 0.363841 ]
[ 0 1 : End TRACER_WallTime_Comp 0.370715 ]
[ 0 0 : Begin TRACER_WallTime_Comm 0.371522 ]
[ 0 1 : Begin TRACER_WallTime_Comm 0.371521 ]
[ 0 0 : End TRACER_WallTime_Comm 0.372276 ]
[ 0 0 : Begin TRACER_WallTime_Comp 0.372277 ]
[ 0 0 : End TRACER_WallTime_Comp 0.379942 ]
[ 0 1 : End TRACER_WallTime_Comm 0.372276 ]
[ 0 1 : Begin TRACER_WallTime_Comp 0.372276 ]
[ 0 1 : End TRACER_WallTime_Comp 0.379160 ]
[ 0 0 : Begin TRACER_WallTime_Comm 0.379944 ]
[ 0 1 : Begin TRACER_WallTime_Comm 0.379944 ]
[ 0 0 : End TRACER_WallTime_Comm 0.380699 ]
[ 0 0 : Begin TRACER_WallTime_Comp 0.380700 ]
[ 0 1 : End TRACER_WallTime_Comm 0.380699 ]
[ 0 1 : Begin TRACER_WallTime_Comp 0.380699 ]
[ 0 1 : End TRACER_WallTime_Comp 0.387793 ]
[ 0 0 : End TRACER_WallTime_Comp 0.388383 ]
[ 0 0 : Begin TRACER_WallTime_Comm 0.388385 ]
[ 0 1 : Begin TRACER_WallTime_Comm 0.388384 ]
[ 0 0 : End TRACER_WallTime_Comm 0.389140 ]
[ 0 0 : Begin TRACER_WallTime_Comp 0.389140 ]
[ 0 1 : End TRACER_WallTime_Comm 0.389140 ]
[ 0 1 : Begin TRACER_WallTime_Comp 0.389142 ]
[ 0 1 : End TRACER_WallTime_Comp 0.396104 ]
[ 0 0 : End TRACER_WallTime_Comp 0.396823 ]
[ 0 0 : Begin TRACER_WallTime_Comm 0.396825 ]
[ 0 1 : Begin TRACER_WallTime_Comm 0.396826 ]
[ 0 0 : End TRACER_WallTime_Comm 0.397580 ]
[ 0 0 : Begin TRACER_WallTime_Comp 0.397581 ]
[ 0 1 : End TRACER_WallTime_Comm 0.397580 ]
[ 0 1 : Begin TRACER_WallTime_Comp 0.397580 ]
[ 0 1 : End TRACER_WallTime_Comp 0.404500 ]
[ 0 0 : End TRACER_WallTime_Comp 0.405261 ]
[ 0 0 : Begin TRACER_WallTime_Comm 0.405264 ]
[ 0 1 : Begin TRACER_WallTime_Comm 0.405263 ]
[ 0 0 : End TRACER_WallTime_Comm 0.406019 ]
[ 0 0 : Begin TRACER_WallTime_Comp 0.406020 ]
[ 0 1 : End TRACER_WallTime_Comm 0.406021 ]
[ 0 1 : Begin TRACER_WallTime_Comp 0.406021 ]
[ 0 1 : End TRACER_WallTime_Comp 0.413019 ]
[ 0 0 : End TRACER_WallTime_Comp 0.413785 ]
[ 0 0 : Begin TRACER_WallTime_Comm 0.413787 ]
[ 0 1 : Begin TRACER_WallTime_Comm 0.413786 ]
[ 0 0 : End TRACER_WallTime_Comm 0.414541 ]
[ 0 0 : Begin TRACER_WallTime_Comp 0.414542 ]
[ 0 1 : End TRACER_WallTime_Comm 0.414543 ]
[ 0 1 : Begin TRACER_WallTime_Comp 0.414543 ]
[ 0 1 : End TRACER_WallTime_Comp 0.421351 ]
[ 0 0 : End TRACER_WallTime_Comp 0.422259 ]
[ 0 0 : Begin TRACER_WallTime_Comm 0.422262 ]
[ 0 1 : Begin TRACER_WallTime_Comm 0.422261 ]
[ 0 0 : End TRACER_WallTime_Comm 0.423018 ]
[ 0 0 : Begin TRACER_WallTime_Comp 0.423019 ]
[ 0 1 : End TRACER_WallTime_Comm 0.423020 ]
[ 0 1 : Begin TRACER_WallTime_Comp 0.423020 ]
[ 0 0 : End TRACER_WallTime_Comp 0.430743 ]
[ 0 0 : Begin TRACER_WallTime_Comm 0.430753 ]
[ 0 1 : End TRACER_WallTime_Comp 0.429970 ]
[ 0 1 : Begin TRACER_WallTime_Comm 0.430752 ]
[ 0 0 : End TRACER_WallTime_Comm 0.431507 ]
[ 0 0 : Begin TRACER_WallTime_Comp 0.431508 ]
[ 0 0 : End TRACER_WallTime_Comp 0.439184 ]
[ 0 1 : End TRACER_WallTime_Comm 0.431507 ]
[ 0 1 : Begin TRACER_WallTime_Comp 0.431509 ]
[ 0 1 : End TRACER_WallTime_Comp 0.438421 ]
[ 0 0 : Begin TRACER_WallTime_Comm 0.439186 ]
[ 0 1 : Begin TRACER_WallTime_Comm 0.439185 ]
[ 0 0 : End TRACER_WallTime_Comm 0.439940 ]
[ 0 0 : Begin TRACER_WallTime_Comp 0.439941 ]
[ 0 0 : End TRACER_WallTime_Comp 0.447623 ]
[ 0 1 : End TRACER_WallTime_Comm 0.439941 ]
[ 0 1 : Begin TRACER_WallTime_Comp 0.439941 ]
[ 0 1 : End TRACER_WallTime_Comp 0.446809 ]
[ 0 0 : Begin TRACER_WallTime_Comm 0.447626 ]
[ 0 1 : Begin TRACER_WallTime_Comm 0.447625 ]
[ 0 0 : End TRACER_WallTime_Comm 0.448379 ]
[ 0 0 : Begin TRACER_WallTime_Comp 0.448379 ]
[ 0 1 : End TRACER_WallTime_Comm 0.448380 ]
[ 0 1 : Begin TRACER_WallTime_Comp 0.448380 ]
[ 0 1 : End TRACER_WallTime_Comp 0.455240 ]
[ 0 0 : End TRACER_WallTime_Comp 0.456115 ]
[ 0 0 : Begin TRACER_WallTime_Comm 0.456118 ]
[ 0 1 : Begin TRACER_WallTime_Comm 0.456117 ]
[ 0 0 : End TRACER_WallTime_Comm 0.456873 ]
[ 0 0 : Begin TRACER_WallTime_Comp 0.456873 ]
[ 0 1 : End TRACER_WallTime_Comm 0.456872 ]
[ 0 1 : Begin TRACER_WallTime_Comp 0.456872 ]
[ 0 1 : End TRACER_WallTime_Comp 0.463824 ]
[ 0 0 : End TRACER_WallTime_Comp 0.464548 ]
[ 0 0 : Begin TRACER_WallTime_Comm 0.464550 ]
[ 0 1 : Begin TRACER_WallTime_Comm 0.464549 ]
[ 0 0 : End TRACER_WallTime_Comm 0.465304 ]
[ 0 0 : Begin TRACER_WallTime_Comp 0.465304 ]
[ 0 1 : End TRACER_WallTime_Comm 0.465303 ]
[ 0 1 : Begin TRACER_WallTime_Comp 0.465303 ]
[ 0 1 : End TRACER_WallTime_Comp 0.472255 ]
[ 0 0 : End TRACER_WallTime_Comp 0.472987 ]
[ 0 0 : Begin TRACER_WallTime_Comm 0.472991 ]
[ 0 1 : Begin TRACER_WallTime_Comm 0.472993 ]
[ 0 0 : End TRACER_WallTime_Comm 0.473748 ]
[ 0 0 : Begin TRACER_WallTime_Comp 0.473748 ]
[ 0 1 : End TRACER_WallTime_Comm 0.473747 ]
[ 0 1 : Begin TRACER_WallTime_Comp 0.473749 ]
[ 0 1 : End TRACER_WallTime_Comp 0.480669 ]
[ 0 0 : End TRACER_WallTime_Comp 0.481429 ]
[ 0 0 : Begin TRACER_WallTime_Comm 0.481430 ]
[ 0 1 : Begin TRACER_WallTime_Comm 0.481432 ]
[ 0 0 : End TRACER_WallTime_Comm 0.482187 ]
[ 0 0 : Begin TRACER_WallTime_Comp 0.482188 ]
[ 0 1 : End TRACER_WallTime_Comm 0.482187 ]
[ 0 1 : Begin TRACER_WallTime_Comp 0.482187 ]
[ 0 1 : End TRACER_WallTime_Comp 0.489031 ]
[ 0 0 : End TRACER_WallTime_Comp 0.489865 ]
[ 0 0 : Begin TRACER_WallTime_Comm 0.489868 ]
[ 0 1 : Begin TRACER_WallTime_Comm 0.489870 ]
[ 0 0 : End TRACER_WallTime_Comm 0.490624 ]
[ 0 0 : Begin TRACER_WallTime_Comp 0.490624 ]
[ 0 1 : End TRACER_WallTime_Comm 0.490623 ]
[ 0 1 : Begin TRACER_WallTime_Comp 0.490625 ]
[ 0 0 : End TRACER_WallTime_Comp 0.498316 ]
[ 0 0 : Begin TRACER_WallTime_Comm 0.498319 ]
[ 0 1 : End TRACER_WallTime_Comp 0.497495 ]
[ 0 1 : Begin TRACER_WallTime_Comm 0.498319 ]
[ 0 0 : End TRACER_WallTime_Comm 0.499074 ]
[ 0 0 : Begin TRACER_WallTime_Comp 0.499075 ]
[ 0 0 : End TRACER_WallTime_Comp 0.506736 ]
[ 0 1 : End TRACER_WallTime_Comm 0.499074 ]
[ 0 1 : Begin TRACER_WallTime_Comp 0.499074 ]
[ 0 1 : End TRACER_WallTime_Comp 0.506044 ]
[ 0 0 : Begin TRACER_WallTime_Comm 0.506739 ]
[ 0 1 : Begin TRACER_WallTime_Comm 0.506738 ]
[ 0 0 : End TRACER_WallTime_Comm 0.507493 ]
[ 0 0 : Begin TRACER_WallTime_Comp 0.507493 ]
[ 0 0 : End TRACER_WallTime_Comp 0.515165 ]
[ 0 1 : End TRACER_WallTime_Comm 0.507492 ]
[ 0 1 : Begin TRACER_WallTime_Comp 0.507492 ]
[ 0 1 : End TRACER_WallTime_Comp 0.514316 ]
[ 0 0 : Begin TRACER_WallTime_Comm 0.515168 ]
[ 0 1 : Begin TRACER_WallTime_Comm 0.515169 ]
[ 0 0 : End TRACER_WallTime_Comm 0.515923 ]
[ 0 0 : Begin TRACER_WallTime_Comp 0.515923 ]
[ 0 1 : End TRACER_WallTime_Comm 0.515923 ]
[ 0 1 : Begin TRACER_WallTime_Comp 0.515923 ]
[ 0 1 : End TRACER_WallTime_Comp 0.522857 ]
[ 0 0 : End TRACER_WallTime_Comp 0.523656 ]
[ 0 0 : Begin TRACER_WallTime_Comm 0.523660 ]
[ 0 1 : Begin TRACER_WallTime_Comm 0.523659 ]
[ 0 0 : End TRACER_WallTime_Comm 0.524414 ]
[ 0 0 : Begin TRACER_WallTime_Comp 0.524414 ]
[ 0 1 : End TRACER_WallTime_Comm 0.524414 ]
[ 0 1 : Begin TRACER_WallTime_Comp 0.524414 ]
[ 0 1 : End TRACER_WallTime_Comp 0.531375 ]
[ 0 0 : End TRACER_WallTime_Comp 0.532100 ]
[ 0 0 : time at task 1000/1608 0.532100 ]
[ 0 0 : Begin TRACER_WallTime_Comm 0.532102 ]
[ 0 1 : Begin TRACER_WallTime_Comm 0.532102 ]
[ 0 0 : End TRACER_WallTime_Comm 0.532855 ]
[ 0 0 : Begin TRACER_WallTime_Comp 0.532856 ]
[ 0 1 : End TRACER_WallTime_Comm 0.532855 ]
[ 0 1 : Begin TRACER_WallTime_Comp 0.532855 ]
[ 0 1 : End TRACER_WallTime_Comp 0.539670 ]
[ 0 0 : End TRACER_WallTime_Comp 0.540558 ]
[ 0 0 : Begin TRACER_WallTime_Comm 0.540560 ]
[ 0 1 : Begin TRACER_WallTime_Comm 0.540559 ]
[ 0 0 : End TRACER_WallTime_Comm 0.541314 ]
[ 0 0 : Begin TRACER_WallTime_Comp 0.541315 ]
[ 0 1 : End TRACER_WallTime_Comm 0.541315 ]
[ 0 1 : Begin TRACER_WallTime_Comp 0.541315 ]
[ 0 1 : End TRACER_WallTime_Comp 0.548176 ]
[ 0 0 : End TRACER_WallTime_Comp 0.548997 ]
[ 0 0 : Begin TRACER_WallTime_Comm 0.548999 ]
[ 0 1 : Begin TRACER_WallTime_Comm 0.549000 ]
[ 0 0 : End TRACER_WallTime_Comm 0.549754 ]
[ 0 0 : Begin TRACER_WallTime_Comp 0.549754 ]
[ 0 1 : End TRACER_WallTime_Comm 0.549754 ]
[ 0 1 : Begin TRACER_WallTime_Comp 0.549754 ]
[ 0 1 : End TRACER_WallTime_Comp 0.556974 ]
[ 0 0 : End TRACER_WallTime_Comp 0.557498 ]
[ 0 0 : Begin TRACER_WallTime_Comm 0.557499 ]
[ 0 1 : Begin TRACER_WallTime_Comm 0.557500 ]
[ 0 0 : End TRACER_WallTime_Comm 0.558253 ]
[ 0 0 : Begin TRACER_WallTime_Comp 0.558253 ]
[ 0 1 : End TRACER_WallTime_Comm 0.558254 ]
[ 0 1 : Begin TRACER_WallTime_Comp 0.558254 ]
[ 0 0 : End TRACER_WallTime_Comp 0.565957 ]
[ 0 0 : Begin TRACER_WallTime_Comm 0.565960 ]
[ 0 1 : End TRACER_WallTime_Comp 0.565156 ]
[ 0 1 : Begin TRACER_WallTime_Comm 0.565961 ]
[ 0 0 : End TRACER_WallTime_Comm 0.566715 ]
[ 0 0 : Begin TRACER_WallTime_Comp 0.566715 ]
[ 0 0 : End TRACER_WallTime_Comp 0.574729 ]
[ 0 1 : End TRACER_WallTime_Comm 0.566716 ]
[ 0 1 : Begin TRACER_WallTime_Comp 0.566716 ]
[ 0 1 : End TRACER_WallTime_Comp 0.573611 ]
[ 0 0 : Begin TRACER_WallTime_Comm 0.574733 ]
[ 0 1 : Begin TRACER_WallTime_Comm 0.574732 ]
[ 0 0 : End TRACER_WallTime_Comm 0.575488 ]
[ 0 0 : Begin TRACER_WallTime_Comp 0.575488 ]
[ 0 0 : End TRACER_WallTime_Comp 0.583177 ]
[ 0 1 : End TRACER_WallTime_Comm 0.575487 ]
[ 0 1 : Begin TRACER_WallTime_Comp 0.575488 ]
[ 0 1 : End TRACER_WallTime_Comp 0.582293 ]
[ 0 0 : Begin TRACER_WallTime_Comm 0.583178 ]
[ 0 1 : Begin TRACER_WallTime_Comm 0.583178 ]
[ 0 0 : End TRACER_WallTime_Comm 0.583933 ]
[ 0 0 : Begin TRACER_WallTime_Comp 0.583933 ]
[ 0 1 : End TRACER_WallTime_Comm 0.583934 ]
[ 0 1 : Begin TRACER_WallTime_Comp 0.583934 ]
[ 0 1 : End TRACER_WallTime_Comp 0.590780 ]
[ 0 0 : End TRACER_WallTime_Comp 0.591670 ]
[ 0 0 : Begin TRACER_WallTime_Comm 0.591672 ]
[ 0 1 : Begin TRACER_WallTime_Comm 0.591673 ]
[ 0 0 : End TRACER_WallTime_Comm 0.592428 ]
[ 0 0 : Begin TRACER_WallTime_Comp 0.592428 ]
[ 0 1 : End TRACER_WallTime_Comm 0.592427 ]
[ 0 1 : Begin TRACER_WallTime_Comp 0.592427 ]
[ 0 1 : End TRACER_WallTime_Comp 0.599526 ]
[ 0 0 : End TRACER_WallTime_Comp 0.600112 ]
[ 0 0 : Begin TRACER_WallTime_Comm 0.600114 ]
[ 0 1 : Begin TRACER_WallTime_Comm 0.600114 ]
[ 0 0 : End TRACER_WallTime_Comm 0.600870 ]
[ 0 0 : Begin TRACER_WallTime_Comp 0.600871 ]
[ 0 1 : End TRACER_WallTime_Comm 0.600871 ]
[ 0 1 : Begin TRACER_WallTime_Comp 0.600871 ]
[ 0 1 : End TRACER_WallTime_Comp 0.607807 ]
[ 0 0 : End TRACER_WallTime_Comp 0.608628 ]
[ 0 0 : Begin TRACER_WallTime_Comm 0.608631 ]
[ 0 1 : Begin TRACER_WallTime_Comm 0.608630 ]
[ 0 0 : End TRACER_WallTime_Comm 0.609386 ]
[ 0 0 : Begin TRACER_WallTime_Comp 0.609386 ]
[ 0 1 : End TRACER_WallTime_Comm 0.609386 ]
[ 0 1 : Begin TRACER_WallTime_Comp 0.609386 ]
[ 0 1 : End TRACER_WallTime_Comp 0.616300 ]
[ 0 0 : End TRACER_WallTime_Comp 0.617070 ]
[ 0 0 : Begin TRACER_WallTime_Comm 0.617072 ]
[ 0 1 : Begin TRACER_WallTime_Comm 0.617073 ]
[ 0 0 : End TRACER_WallTime_Comm 0.617827 ]
[ 0 0 : Begin TRACER_WallTime_Comp 0.617827 ]
[ 0 1 : End TRACER_WallTime_Comm 0.617828 ]
[ 0 1 : Begin TRACER_WallTime_Comp 0.617828 ]
[ 0 1 : End TRACER_WallTime_Comp 0.624700 ]
[ 0 0 : End TRACER_WallTime_Comp 0.625566 ]
[ 0 0 : Begin TRACER_WallTime_Comm 0.625566 ]
[ 0 1 : Begin TRACER_WallTime_Comm 0.625567 ]
[ 0 0 : End TRACER_WallTime_Comm 0.626323 ]
[ 0 0 : Begin TRACER_WallTime_Comp 0.626323 ]
[ 0 1 : End TRACER_WallTime_Comm 0.626322 ]
[ 0 1 : Begin TRACER_WallTime_Comp 0.626323 ]
[ 0 0 : End TRACER_WallTime_Comp 0.633999 ]
[ 0 0 : Begin TRACER_WallTime_Comm 0.634001 ]
[ 0 1 : End TRACER_WallTime_Comp 0.633191 ]
[ 0 1 : Begin TRACER_WallTime_Comm 0.634001 ]
[ 0 0 : End TRACER_WallTime_Comm 0.634756 ]
[ 0 0 : Begin TRACER_WallTime_Comp 0.634756 ]
[ 0 0 : End TRACER_WallTime_Comp 0.642444 ]
[ 0 1 : End TRACER_WallTime_Comm 0.634756 ]
[ 0 1 : Begin TRACER_WallTime_Comp 0.634757 ]
[ 0 1 : End TRACER_WallTime_Comp 0.641662 ]
[ 0 0 : Begin TRACER_WallTime_Comm 0.642448 ]
[ 0 1 : Begin TRACER_WallTime_Comm 0.642448 ]
[ 0 0 : End TRACER_WallTime_Comm 0.643201 ]
[ 0 0 : Begin TRACER_WallTime_Comp 0.643201 ]
[ 0 0 : End TRACER_WallTime_Comp 0.650875 ]
[ 0 1 : End TRACER_WallTime_Comm 0.643203 ]
[ 0 1 : Begin TRACER_WallTime_Comp 0.643203 ]
[ 0 1 : End TRACER_WallTime_Comp 0.652741 ]
[ 0 0 : Begin TRACER_WallTime_Comm 0.652743 ]
[ 0 1 : Begin TRACER_WallTime_Comm 0.652744 ]
[ 0 0 : End TRACER_WallTime_Comm 0.653499 ]
[ 0 0 : Begin TRACER_WallTime_Comp 0.653499 ]
[ 0 0 : End TRACER_WallTime_Comp 0.661174 ]
[ 0 1 : End TRACER_WallTime_Comm 0.653498 ]
[ 0 1 : Begin TRACER_WallTime_Comp 0.653499 ]
[ 0 1 : End TRACER_WallTime_Comp 0.663038 ]
[ 0 0 : Begin TRACER_WallTime_Comm 0.663039 ]
[ 0 1 : Begin TRACER_WallTime_Comm 0.663039 ]
[ 0 0 : End TRACER_WallTime_Comm 0.663795 ]
[ 0 0 : Begin TRACER_WallTime_Comp 0.663795 ]
[ 0 1 : End TRACER_WallTime_Comm 0.663795 ]
[ 0 1 : Begin TRACER_WallTime_Comp 0.663796 ]
[ 0 1 : End TRACER_WallTime_Comp 0.670715 ]
[ 0 0 : End TRACER_WallTime_Comp 0.671494 ]
[ 0 0 : Begin TRACER_WallTime_Comm 0.671496 ]
[ 0 1 : Begin TRACER_WallTime_Comm 0.671497 ]
[ 0 0 : End TRACER_WallTime_Comm 0.672251 ]
[ 0 0 : Begin TRACER_WallTime_Comp 0.672251 ]
[ 0 1 : End TRACER_WallTime_Comm 0.672250 ]
[ 0 1 : Begin TRACER_WallTime_Comp 0.672251 ]
[ 0 1 : End TRACER_WallTime_Comp 0.679214 ]
[ 0 0 : End TRACER_WallTime_Comp 0.679926 ]
[ 0 0 : Begin TRACER_WallTime_Comm 0.679929 ]
[ 0 1 : Begin TRACER_WallTime_Comm 0.679930 ]
[ 0 0 : End TRACER_WallTime_Comm 0.680684 ]
[ 0 0 : Begin TRACER_WallTime_Comp 0.680684 ]
[ 0 1 : End TRACER_WallTime_Comm 0.680683 ]
[ 0 1 : Begin TRACER_WallTime_Comp 0.680684 ]
[ 0 1 : End TRACER_WallTime_Comp 0.687569 ]
[ 0 0 : End TRACER_WallTime_Comp 0.688369 ]
[ 0 0 : Begin TRACER_WallTime_Comm 0.688372 ]
[ 0 1 : Begin TRACER_WallTime_Comm 0.688373 ]
[ 0 0 : End TRACER_WallTime_Comm 0.689128 ]
[ 0 0 : Begin TRACER_WallTime_Comp 0.689128 ]
[ 0 1 : End TRACER_WallTime_Comm 0.689128 ]
[ 0 1 : Begin TRACER_WallTime_Comp 0.689128 ]
[ 0 1 : End TRACER_WallTime_Comp 0.695978 ]
[ 0 0 : End TRACER_WallTime_Comp 0.698652 ]
[ 0 0 : Begin TRACER_WallTime_Comm 0.698653 ]
[ 0 1 : Begin TRACER_WallTime_Comm 0.698652 ]
[ 0 0 : End TRACER_WallTime_Comm 0.699407 ]
[ 0 0 : Begin TRACER_WallTime_Comp 0.699407 ]
[ 0 1 : End TRACER_WallTime_Comm 0.699408 ]
[ 0 1 : Begin TRACER_WallTime_Comp 0.699408 ]
[ 0 0 : End TRACER_WallTime_Comp 0.708967 ]
[ 0 1 : End TRACER_WallTime_Comp 0.706253 ]
[ 0 0 : Begin TRACER_WallTime_Comm 0.708968 ]
[ 0 1 : Begin TRACER_WallTime_Comm 0.708967 ]
[ 0 0 : End TRACER_WallTime_Comm 0.709723 ]
[ 0 0 : Begin TRACER_WallTime_Comp 0.709723 ]
[ 0 0 : End TRACER_WallTime_Comp 0.719280 ]
[ 0 1 : End TRACER_WallTime_Comm 0.709722 ]
[ 0 1 : Begin TRACER_WallTime_Comp 0.709723 ]
[ 0 1 : End TRACER_WallTime_Comp 0.716716 ]
[ 0 0 : Begin TRACER_WallTime_Comm 0.719280 ]
[ 0 1 : Begin TRACER_WallTime_Comm 0.719281 ]
[ 0 0 : End TRACER_WallTime_Comm 0.720035 ]
[ 0 0 : Begin TRACER_WallTime_Comp 0.720035 ]
[ 0 0 : End TRACER_WallTime_Comp 0.729591 ]
[ 0 1 : End TRACER_WallTime_Comm 0.720036 ]
[ 0 1 : Begin TRACER_WallTime_Comp 0.720036 ]
[ 0 1 : End TRACER_WallTime_Comp 0.726969 ]
[ 0 0 : Begin TRACER_WallTime_Comm 0.729595 ]
[ 0 1 : Begin TRACER_WallTime_Comm 0.729594 ]
[ 0 0 : End TRACER_WallTime_Comm 0.730350 ]
[ 0 0 : Begin TRACER_WallTime_Comp 0.730350 ]
[ 0 1 : End TRACER_WallTime_Comm 0.730350 ]
[ 0 1 : Begin TRACER_WallTime_Comp 0.730350 ]
[ 0 1 : End TRACER_WallTime_Comp 0.737279 ]
[ 0 0 : End TRACER_WallTime_Comp 0.739912 ]
[ 0 0 : Begin TRACER_WallTime_Comm 0.739914 ]
[ 0 1 : Begin TRACER_WallTime_Comm 0.739913 ]
[ 0 0 : End TRACER_WallTime_Comm 0.740669 ]
[ 0 0 : Begin TRACER_WallTime_Comp 0.740669 ]
[ 0 1 : End TRACER_WallTime_Comm 0.740668 ]
[ 0 1 : Begin TRACER_WallTime_Comp 0.740669 ]
[ 0 1 : End TRACER_WallTime_Comp 0.747518 ]
[ 0 0 : End TRACER_WallTime_Comp 0.750244 ]
[ 0 0 : Begin TRACER_WallTime_Comm 0.750248 ]
[ 0 1 : Begin TRACER_WallTime_Comm 0.750248 ]
[ 0 0 : End TRACER_WallTime_Comm 0.751003 ]
[ 0 0 : Begin TRACER_WallTime_Comp 0.751003 ]
[ 0 1 : End TRACER_WallTime_Comm 0.751002 ]
[ 0 1 : Begin TRACER_WallTime_Comp 0.751003 ]
[ 0 1 : End TRACER_WallTime_Comp 0.757870 ]
[ 0 0 : End TRACER_WallTime_Comp 0.758681 ]
[ 0 0 : Begin TRACER_WallTime_Comm 0.758684 ]
[ 0 1 : Begin TRACER_WallTime_Comm 0.758683 ]
[ 0 0 : End TRACER_WallTime_Comm 0.759439 ]
[ 0 0 : Begin TRACER_WallTime_Comp 0.759439 ]
[ 0 1 : End TRACER_WallTime_Comm 0.759439 ]
[ 0 1 : Begin TRACER_WallTime_Comp 0.759439 ]
[ 0 1 : End TRACER_WallTime_Comp 0.766351 ]
[ 0 0 : End TRACER_WallTime_Comp 0.767222 ]
[ 0 0 : Begin TRACER_WallTime_Comm 0.767226 ]
[ 0 1 : Begin TRACER_WallTime_Comm 0.767225 ]
[ 0 0 : End TRACER_WallTime_Comm 0.767980 ]
[ 0 0 : Begin TRACER_WallTime_Comp 0.767980 ]
[ 0 1 : End TRACER_WallTime_Comm 0.767979 ]
[ 0 1 : Begin TRACER_WallTime_Comp 0.767980 ]
[ 0 1 : End TRACER_WallTime_Comp 0.774906 ]
[ 0 0 : End TRACER_WallTime_Comp 0.775676 ]
[ 0 0 : Begin TRACER_WallTime_Comm 0.775677 ]
[ 0 1 : Begin TRACER_WallTime_Comm 0.775678 ]
[ 0 0 : End TRACER_WallTime_Comm 0.776431 ]
[ 0 0 : Begin TRACER_WallTime_Comp 0.776432 ]
[ 0 1 : End TRACER_WallTime_Comm 0.776432 ]
[ 0 1 : Begin TRACER_WallTime_Comp 0.776432 ]
[ 0 0 : End TRACER_WallTime_Comp 0.784109 ]
[ 0 0 : Begin TRACER_WallTime_Comm 0.784113 ]
[ 0 1 : End TRACER_WallTime_Comp 0.783251 ]
[ 0 1 : Begin TRACER_WallTime_Comm 0.784112 ]
[ 0 0 : End TRACER_WallTime_Comm 0.784868 ]
[ 0 0 : Begin TRACER_WallTime_Comp 0.784868 ]
[ 0 0 : End TRACER_WallTime_Comp 0.792553 ]
[ 0 1 : End TRACER_WallTime_Comm 0.784867 ]
[ 0 1 : Begin TRACER_WallTime_Comp 0.784868 ]
[ 0 1 : End TRACER_WallTime_Comp 0.791747 ]
[ 0 0 : Begin TRACER_WallTime_Comm 0.792556 ]
[ 0 1 : Begin TRACER_WallTime_Comm 0.792555 ]
[ 0 0 : End TRACER_WallTime_Comm 0.793309 ]
[ 0 0 : Begin TRACER_WallTime_Comp 0.793310 ]
[ 0 0 : End TRACER_WallTime_Comp 0.800990 ]
[ 0 1 : End TRACER_WallTime_Comm 0.793310 ]
[ 0 1 : Begin TRACER_WallTime_Comp 0.793310 ]
[ 0 1 : End TRACER_WallTime_Comp 0.800328 ]
[ 0 0 : Begin TRACER_WallTime_Comm 0.800993 ]
[ 0 1 : Begin TRACER_WallTime_Comm 0.800993 ]
[ 0 0 : End TRACER_WallTime_Comm 0.801747 ]
[ 0 0 : Begin TRACER_WallTime_Comp 0.801748 ]
[ 0 1 : End TRACER_WallTime_Comm 0.801749 ]
[ 0 1 : Begin TRACER_WallTime_Comp 0.801749 ]
[ 0 1 : End TRACER_WallTime_Comp 0.808557 ]
[ 0 0 : End TRACER_WallTime_Comp 0.809427 ]
[ 0 0 : Begin TRACER_WallTime_Comm 0.809430 ]
[ 0 1 : Begin TRACER_WallTime_Comm 0.809431 ]
[ 0 0 : End TRACER_WallTime_Comm 0.810186 ]
[ 0 0 : Begin TRACER_WallTime_Comp 0.810186 ]
[ 0 1 : End TRACER_WallTime_Comm 0.810185 ]
[ 0 1 : Begin TRACER_WallTime_Comp 0.810186 ]
[ 0 1 : End TRACER_WallTime_Comp 0.817340 ]
[ 0 0 : End TRACER_WallTime_Comp 0.817918 ]
[ 0 0 : Begin TRACER_WallTime_Comm 0.817921 ]
[ 0 1 : Begin TRACER_WallTime_Comm 0.817921 ]
[ 0 0 : End TRACER_WallTime_Comm 0.818676 ]
[ 0 0 : Begin TRACER_WallTime_Comp 0.818676 ]
[ 0 1 : End TRACER_WallTime_Comm 0.818677 ]
[ 0 1 : Begin TRACER_WallTime_Comp 0.818677 ]
[ 0 1 : End TRACER_WallTime_Comp 0.825517 ]
[ 0 0 : End TRACER_WallTime_Comp 0.826417 ]
[ 0 0 : Begin TRACER_WallTime_Comm 0.826419 ]
[ 0 1 : Begin TRACER_WallTime_Comm 0.826420 ]
[ 0 0 : End TRACER_WallTime_Comm 0.827173 ]
[ 0 0 : Begin TRACER_WallTime_Comp 0.827174 ]
[ 0 1 : End TRACER_WallTime_Comm 0.827174 ]
[ 0 1 : Begin TRACER_WallTime_Comp 0.827174 ]
[ 0 1 : End TRACER_WallTime_Comp 0.834090 ]
[ 0 0 : End TRACER_WallTime_Comp 0.834844 ]
[ 0 0 : Begin TRACER_WallTime_Comm 0.834847 ]
[ 0 1 : Begin TRACER_WallTime_Comm 0.834847 ]
[ 0 0 : End TRACER_WallTime_Comm 0.835601 ]
[ 0 0 : Begin TRACER_WallTime_Comp 0.835602 ]
[ 0 1 : End TRACER_WallTime_Comm 0.835602 ]
[ 0 1 : Begin TRACER_WallTime_Comp 0.835602 ]
[ 0 1 : End TRACER_WallTime_Comp 0.842581 ]
[ 0 0 : End TRACER_WallTime_Comp 0.843321 ]
[ 0 0 : Begin TRACER_WallTime_Comm 0.843322 ]
[ 0 1 : Begin TRACER_WallTime_Comm 0.843322 ]
[ 0 0 : End TRACER_WallTime_Comm 0.844075 ]
[ 0 0 : Begin TRACER_WallTime_Comp 0.844076 ]
[ 0 1 : End TRACER_WallTime_Comm 0.844077 ]
[ 0 1 : Begin TRACER_WallTime_Comp 0.844077 ]
[ 0 0 : End TRACER_WallTime_Comp 0.851768 ]
[ 0 0 : Begin TRACER_WallTime_Comm 0.851771 ]
[ 0 1 : End TRACER_WallTime_Comp 0.850889 ]
[ 0 1 : Begin TRACER_WallTime_Comm 0.851772 ]
[ 0 0 : End TRACER_WallTime_Comm 0.852527 ]
[ 0 0 : Begin TRACER_WallTime_Comp 0.852527 ]
[ 0 0 : End TRACER_WallTime_Comp 0.860248 ]
[ 0 1 : End TRACER_WallTime_Comm 0.852528 ]
[ 0 1 : Begin TRACER_WallTime_Comp 0.852528 ]
[ 0 1 : End TRACER_WallTime_Comp 0.859397 ]
[ 0 0 : Begin TRACER_WallTime_Comm 0.860251 ]
[ 0 1 : Begin TRACER_WallTime_Comm 0.860252 ]
GVT #19304: simulation 100% complete, max event queue size 4 (GVT = MAX).
AVL tree size: 0
[ 0 0 : End TRACER_WallTime_Comm 0.861007 ]
[ 0 0 : End TRACER_WallTime_Total 0.861007 ]
[ 0 1 : End TRACER_WallTime_Comm 0.861006 ]
*** END SIMULATION ***

Job[0]PE[0]: FINALIZE in 0.861007 seconds.

	: Running Time = 3.4639 seconds

TW Library Statistics:
	Total Events Processed                                 4923414
	Events Aborted (part of RBs)                                 0
	Events Rolled Back                                           0
	Event Ties Detected in PE Queues                             0
	Efficiency                                              100.00 %
	Total Remote (shared mem) Events Processed                   0
	Percent Remote Events                                     0.00 %
	Total Remote (network) Events Processed                      0
	Percent Remote Events                                     0.00 %

	Total Roll Backs                                             0
	Primary Roll Backs                                           0
	Secondary Roll Backs                                         0
	Fossil Collect Attempts                                 115830
	Total GVT Computations                                   19305

	Net Events Processed                                   4923414
	Event Rate (events/sec)                              1421342.1
	Total Events Scheduled Past End Time                         0

TW Memory Statistics:
	Events Allocated                                        493233
	Memory Allocated                                        338923
	Memory Wasted                                              362

TW Network Statistics:
	Remote sends                                                 0
	Remote recvs                                                 0

TW Data Structure sizes in bytes (sizeof):
	PE struct                                                  624
	KP struct                                                  144
	LP struct                                                  136
	LP Model struct                                             96
	LP RNGs                                                     80
	Total LP                                                   312
	Event struct                                               152
	Event struct with Model                                    664

TW Clock Cycle Statistics (MAX values in secs at 0.5120 GHz):
	Initialization                                          0.3353
	Priority Queue (enq/deq)                                0.6591
	AVL Tree (insert/delete)                                0.0000
	LZ4 (de)compression                                     0.0000
	Buddy system                                            0.0000
	Event Processing                                        1.9490
	Event Cancel                                            0.0143
	Event Abort                                             0.0000

	GVT                                                     3.4368
	Fossil Collect                                          0.1768
	Primary Rollbacks                                       0.0000
	Network Read                                            0.2402
	Other Network                                           0.0000
	Instrumentation (computation)                           0.0000
	Instrumentation (write)                                 0.0000
	Total Time (Note: Using Running Time above for Speedup)      3.4641

TW GVT Statistics: MPI AllReduce
	GVT Interval                                                16
	GVT Real Time Interval (cycles)                    0
	GVT Real Time Interval (sec)                        0.00000000
	Batch Size                                                  16

	Forced GVT                                                   0
	Total GVT Computations                                   19305
	Total All Reduce Calls                                   38610
	Average Reduction / GVT                                   2.00
LP-IO: writing output to summit-simplenet/4194304b/
LP-IO: data files:
   summit-simplenet/4194304b/model-net-category-all
   summit-simplenet/4194304b/model-net-category-p2p
   summit-simplenet/4194304b/model-net-category-test
Job 0 Time 0.861007 s
