Loggp configured to use parameters from file summit-loggp/summit-loggp.dat
Parsed 27 loggp table entries.
Loggp configured to use parameters from file summit-loggp/summit-loggp.dat
Parsed 27 loggp table entries.
Loggp configured to use parameters from file summit-loggp/summit-loggp.dat
Parsed 27 loggp table entries.
/ccs/home/jchoi/TraceR/tracer/traceR --sync=3 --nkp=16 --extramem=100000 --max-opt-lookahead=1000000 --timer-frequency=1000 --lp-io-dir=summit-loggp/32b -- summit-loggp/summit.conf tracer_config scorep-32b/traces.otf2 

Sun Sep 15 18:18:32 2019

ROSS Version: v7.1.1-dirty

tw_net_start: Found world size to be 6 
Config file is summit-loggp/summit.conf
Trace input file is tracer_config
Trace directory is scorep-32b/traces.otf2
NIC num injection port not specified, setting to 1
NIC seq delay not specified, setting to 10.000000
NIC num copy queues not specified, setting to 1
Loggp configured to use parameters from file summit-loggp/summit-loggp.dat
Parsed 27 loggp table entries.
within node transfer per byte delay is 0.080000
Found soft_delay as 100.000000
Found nic_delay as 400.000000
Found rdma_delay as 1000.000000
Copy cost per byte is 0.000000 ns
Eager limit is 65537.000000 bytes
Begin reading tracer_config
Using default linear mapping of jobs
Job 0 - ranks 2, trace folder scorep-32b/traces.otf2, rank file job0, iters 1
Done reading meta-information about jobs
Read global definition for job 0 from scorep-32b/traces.otf2
Clock Props: 1000000 1000000000 1000.000000
Loggp configured to use parameters from file summit-loggp/summit-loggp.dat
Parsed 27 loggp table entries.
Loggp configured to use parameters from file summit-loggp/summit-loggp.dat
Parsed 27 loggp table entries.

ROSS Core Configuration: 
	Total PEs                                                    6
	Total KPs                                          [Nodes (6) x KPs (16)] 96
	Total LPs                                                   48
	Simulation End Time                                3600000000000.00
	LP-to-PE Mapping                                   model defined


ROSS Event Memory Allocation:
	Model events                                            102049
	Network events                                              16
	Total events                                              2064

*** START PARALLEL OPTIMISTIC SIMULATION WITH SUSPEND LP FEATURE ***

PE0 - LP_GID:0 : START SIMULATION, TASKS COUNT: 1608, FIRST TASK: 0, RUN TIME TILL NOW=0.000000 s, CURRENT SIM TIME 1.005877
[ 0 0 : time at task 0/1608 0.000000 ]
[ 0 0 : Begin TRACER_WallTime_Total 0.000034 ]
[ 0 0 : Begin TRACER_WallTime_Comp 0.000041 ]
[ 0 0 : End TRACER_WallTime_Comp 0.000066 ]
[ 0 0 : Begin TRACER_WallTime_Comm 0.000074 ]
[ 0 0 : End TRACER_WallTime_Comm 0.000082 ]
[ 0 0 : Begin TRACER_WallTime_Comp 0.000082 ]
[ 0 0 : End TRACER_WallTime_Comp 0.000096 ]
[ 0 0 : Begin TRACER_WallTime_Comm 0.000100 ]
[ 0 0 : End TRACER_WallTime_Comm 0.000102 ]
[ 0 0 : Begin TRACER_WallTime_Comp 0.000103 ]
[ 0 0 : End TRACER_WallTime_Comp 0.000116 ]
[ 0 0 : Begin TRACER_WallTime_Comm 0.000121 ]
[ 0 0 : End TRACER_WallTime_Comm 0.000122 ]
[ 0 0 : Begin TRACER_WallTime_Comp 0.000123 ]
[ 0 0 : End TRACER_WallTime_Comp 0.000136 ]
[ 0 0 : Begin TRACER_WallTime_Comm 0.000142 ]
[ 0 0 : End TRACER_WallTime_Comm 0.000145 ]
[ 0 0 : Begin TRACER_WallTime_Comp 0.000145 ]
[ 0 0 : End TRACER_WallTime_Comp 0.000159 ]
[ 0 0 : Begin TRACER_WallTime_Comm 0.000163 ]
[ 0 0 : End TRACER_WallTime_Comm 0.000166 ]
[ 0 0 : Begin TRACER_WallTime_Comp 0.000166 ]
[ 0 0 : End TRACER_WallTime_Comp 0.000180 ]
[ 0 0 : Begin TRACER_WallTime_Comm 0.000184 ]
[ 0 0 : End TRACER_WallTime_Comm 0.000185 ]
[ 0 0 : Begin TRACER_WallTime_Comp 0.000186 ]
[ 0 0 : End TRACER_WallTime_Comp 0.000199 ]
[ 0 0 : Begin TRACER_WallTime_Comm 0.000203 ]
[ 0 0 : End TRACER_WallTime_Comm 0.000205 ]
[ 0 0 : Begin TRACER_WallTime_Comp 0.000206 ]
[ 0 0 : End TRACER_WallTime_Comp 0.000219 ]
[ 0 0 : Begin TRACER_WallTime_Comm 0.000223 ]
[ 0 0 : End TRACER_WallTime_Comm 0.000227 ]
[ 0 0 : Begin TRACER_WallTime_Comp 0.000227 ]
[ 0 0 : End TRACER_WallTime_Comp 0.000241 ]
[ 0 0 : Begin TRACER_WallTime_Comm 0.000245 ]
[ 0 0 : End TRACER_WallTime_Comm 0.000247 ]
[ 0 0 : Begin TRACER_WallTime_Comp 0.000247 ]
[ 0 0 : End TRACER_WallTime_Comp 0.000261 ]
[ 0 0 : Begin TRACER_WallTime_Comm 0.000265 ]
[ 0 0 : End TRACER_WallTime_Comm 0.000268 ]
[ 0 0 : Begin TRACER_WallTime_Comp 0.000268 ]
[ 0 0 : End TRACER_WallTime_Comp 0.000282 ]
[ 0 1 : Begin TRACER_WallTime_Comp 0.000041 ]
[ 0 1 : End TRACER_WallTime_Comp 0.000067 ]
[ 0 1 : Begin TRACER_WallTime_Comm 0.000075 ]
[ 0 1 : End TRACER_WallTime_Comm 0.000083 ]
[ 0 1 : Begin TRACER_WallTime_Comp 0.000084 ]
[ 0 1 : End TRACER_WallTime_Comp 0.000099 ]
[ 0 1 : Begin TRACER_WallTime_Comm 0.000100 ]
[ 0 1 : End TRACER_WallTime_Comm 0.000102 ]
[ 0 1 : Begin TRACER_WallTime_Comp 0.000102 ]
[ 0 1 : End TRACER_WallTime_Comp 0.000118 ]
[ 0 1 : Begin TRACER_WallTime_Comm 0.000120 ]
[ 0 1 : End TRACER_WallTime_Comm 0.000124 ]
[ 0 1 : Begin TRACER_WallTime_Comp 0.000124 ]
[ 0 1 : End TRACER_WallTime_Comp 0.000140 ]
[ 0 1 : Begin TRACER_WallTime_Comm 0.000142 ]
[ 0 1 : End TRACER_WallTime_Comm 0.000145 ]
[ 0 1 : Begin TRACER_WallTime_Comp 0.000146 ]
[ 0 1 : End TRACER_WallTime_Comp 0.000161 ]
[ 0 1 : Begin TRACER_WallTime_Comm 0.000162 ]
[ 0 1 : End TRACER_WallTime_Comm 0.000166 ]
[ 0 1 : Begin TRACER_WallTime_Comp 0.000166 ]
[ 0 1 : End TRACER_WallTime_Comp 0.000181 ]
[ 0 1 : Begin TRACER_WallTime_Comm 0.000184 ]
[ 0 1 : End TRACER_WallTime_Comm 0.000186 ]
[ 0 1 : Begin TRACER_WallTime_Comp 0.000186 ]
[ 0 1 : End TRACER_WallTime_Comp 0.000202 ]
[ 0 1 : Begin TRACER_WallTime_Comm 0.000204 ]
[ 0 1 : End TRACER_WallTime_Comm 0.000206 ]
[ 0 1 : Begin TRACER_WallTime_Comp 0.000206 ]
[ 0 1 : End TRACER_WallTime_Comp 0.000222 ]
[ 0 1 : Begin TRACER_WallTime_Comm 0.000223 ]
[ 0 1 : End TRACER_WallTime_Comm 0.000226 ]
[ 0 1 : Begin TRACER_WallTime_Comp 0.000227 ]
[ 0 1 : End TRACER_WallTime_Comp 0.000242 ]
[ 0 1 : Begin TRACER_WallTime_Comm 0.000244 ]
[ 0 1 : End TRACER_WallTime_Comm 0.000247 ]
[ 0 1 : Begin TRACER_WallTime_Comp 0.000248 ]
[ 0 1 : End TRACER_WallTime_Comp 0.000263 ]
[ 0 1 : Begin TRACER_WallTime_Comm 0.000265 ]
[ 0 1 : End TRACER_WallTime_Comm 0.000268 ]
[ 0 1 : Begin TRACER_WallTime_Comp 0.000269 ]
[ 0 1 : End TRACER_WallTime_Comp 0.000284 ]
[ 0 1 : Begin TRACER_WallTime_Comm 0.000285 ]
[ 0 0 : Begin TRACER_WallTime_Comm 0.000286 ]
[ 0 0 : End TRACER_WallTime_Comm 0.000288 ]
[ 0 0 : Begin TRACER_WallTime_Comp 0.000288 ]
[ 0 0 : End TRACER_WallTime_Comp 0.000301 ]
[ 0 0 : Begin TRACER_WallTime_Comm 0.000305 ]
[ 0 0 : End TRACER_WallTime_Comm 0.000309 ]
[ 0 0 : Begin TRACER_WallTime_Comp 0.000309 ]
[ 0 0 : End TRACER_WallTime_Comp 0.000322 ]
[ 0 0 : Begin TRACER_WallTime_Comm 0.000325 ]
[ 0 0 : End TRACER_WallTime_Comm 0.000327 ]
[ 0 0 : Begin TRACER_WallTime_Comp 0.000327 ]
[ 0 0 : End TRACER_WallTime_Comp 0.000340 ]
[ 0 0 : Begin TRACER_WallTime_Comm 0.000346 ]
[ 0 0 : End TRACER_WallTime_Comm 0.000346 ]
[ 0 0 : Begin TRACER_WallTime_Comp 0.000347 ]
[ 0 0 : End TRACER_WallTime_Comp 0.000360 ]
[ 0 0 : Begin TRACER_WallTime_Comm 0.000364 ]
[ 0 0 : End TRACER_WallTime_Comm 0.000366 ]
[ 0 0 : Begin TRACER_WallTime_Comp 0.000366 ]
[ 0 0 : End TRACER_WallTime_Comp 0.000380 ]
[ 0 0 : Begin TRACER_WallTime_Comm 0.000385 ]
[ 0 0 : End TRACER_WallTime_Comm 0.000386 ]
[ 0 0 : Begin TRACER_WallTime_Comp 0.000386 ]
[ 0 0 : End TRACER_WallTime_Comp 0.000400 ]
[ 0 1 : End TRACER_WallTime_Comm 0.000288 ]
[ 0 1 : Begin TRACER_WallTime_Comp 0.000289 ]
[ 0 1 : End TRACER_WallTime_Comp 0.000304 ]
[ 0 1 : Begin TRACER_WallTime_Comm 0.000306 ]
[ 0 1 : End TRACER_WallTime_Comm 0.000308 ]
[ 0 1 : Begin TRACER_WallTime_Comp 0.000308 ]
[ 0 1 : End TRACER_WallTime_Comp 0.000324 ]
[ 0 1 : Begin TRACER_WallTime_Comm 0.000325 ]
[ 0 1 : End TRACER_WallTime_Comm 0.000327 ]
[ 0 1 : Begin TRACER_WallTime_Comp 0.000328 ]
[ 0 1 : End TRACER_WallTime_Comp 0.000343 ]
[ 0 1 : Begin TRACER_WallTime_Comm 0.000345 ]
[ 0 1 : End TRACER_WallTime_Comm 0.000348 ]
[ 0 1 : Begin TRACER_WallTime_Comp 0.000348 ]
[ 0 1 : End TRACER_WallTime_Comp 0.000363 ]
[ 0 1 : Begin TRACER_WallTime_Comm 0.000364 ]
[ 0 1 : End TRACER_WallTime_Comm 0.000367 ]
[ 0 1 : Begin TRACER_WallTime_Comp 0.000368 ]
[ 0 1 : End TRACER_WallTime_Comp 0.000383 ]
[ 0 1 : Begin TRACER_WallTime_Comm 0.000384 ]
[ 0 1 : End TRACER_WallTime_Comm 0.000388 ]
[ 0 1 : Begin TRACER_WallTime_Comp 0.000388 ]
[ 0 1 : End TRACER_WallTime_Comp 0.000403 ]
[ 0 0 : Begin TRACER_WallTime_Comm 0.000404 ]
[ 0 0 : End TRACER_WallTime_Comm 0.000406 ]
[ 0 0 : Begin TRACER_WallTime_Comp 0.000407 ]
[ 0 0 : End TRACER_WallTime_Comp 0.000420 ]
[ 0 0 : Begin TRACER_WallTime_Comm 0.000424 ]
[ 0 0 : End TRACER_WallTime_Comm 0.000427 ]
[ 0 0 : Begin TRACER_WallTime_Comp 0.000427 ]
[ 0 0 : End TRACER_WallTime_Comp 0.000440 ]
[ 0 0 : Begin TRACER_WallTime_Comm 0.000444 ]
[ 0 0 : End TRACER_WallTime_Comm 0.000445 ]
[ 0 0 : Begin TRACER_WallTime_Comp 0.000446 ]
[ 0 0 : End TRACER_WallTime_Comp 0.000459 ]
[ 0 0 : Begin TRACER_WallTime_Comm 0.000464 ]
[ 0 0 : End TRACER_WallTime_Comm 0.000467 ]
[ 0 0 : Begin TRACER_WallTime_Comp 0.000467 ]
[ 0 0 : End TRACER_WallTime_Comp 0.000480 ]
[ 0 0 : Begin TRACER_WallTime_Comm 0.000483 ]
[ 0 0 : End TRACER_WallTime_Comm 0.000486 ]
[ 0 0 : Begin TRACER_WallTime_Comp 0.000487 ]
[ 0 0 : End TRACER_WallTime_Comp 0.000500 ]
[ 0 0 : Begin TRACER_WallTime_Comm 0.000504 ]
[ 0 1 : Begin TRACER_WallTime_Comm 0.000405 ]
[ 0 1 : End TRACER_WallTime_Comm 0.000407 ]
[ 0 1 : Begin TRACER_WallTime_Comp 0.000407 ]
[ 0 1 : End TRACER_WallTime_Comp 0.000423 ]
[ 0 1 : Begin TRACER_WallTime_Comm 0.000424 ]
[ 0 1 : End TRACER_WallTime_Comm 0.000426 ]
[ 0 1 : Begin TRACER_WallTime_Comp 0.000426 ]
[ 0 1 : End TRACER_WallTime_Comp 0.000442 ]
[ 0 1 : Begin TRACER_WallTime_Comm 0.000444 ]
[ 0 1 : End TRACER_WallTime_Comm 0.000446 ]
[ 0 1 : Begin TRACER_WallTime_Comp 0.000446 ]
[ 0 1 : End TRACER_WallTime_Comp 0.000462 ]
[ 0 1 : Begin TRACER_WallTime_Comm 0.000464 ]
[ 0 1 : End TRACER_WallTime_Comm 0.000467 ]
[ 0 1 : Begin TRACER_WallTime_Comp 0.000467 ]
[ 0 1 : End TRACER_WallTime_Comp 0.000483 ]
[ 0 1 : Begin TRACER_WallTime_Comm 0.000484 ]
[ 0 1 : End TRACER_WallTime_Comm 0.000486 ]
[ 0 1 : Begin TRACER_WallTime_Comp 0.000486 ]
[ 0 1 : End TRACER_WallTime_Comp 0.000502 ]
[ 0 1 : Begin TRACER_WallTime_Comm 0.000504 ]
[ 0 0 : End TRACER_WallTime_Comm 0.000506 ]
[ 0 0 : Begin TRACER_WallTime_Comp 0.000506 ]
[ 0 0 : End TRACER_WallTime_Comp 0.000520 ]
[ 0 0 : Begin TRACER_WallTime_Comm 0.000525 ]
[ 0 0 : End TRACER_WallTime_Comm 0.000526 ]
[ 0 0 : Begin TRACER_WallTime_Comp 0.000526 ]
[ 0 0 : End TRACER_WallTime_Comp 0.000540 ]
[ 0 0 : Begin TRACER_WallTime_Comm 0.000545 ]
[ 0 0 : End TRACER_WallTime_Comm 0.000547 ]
[ 0 0 : Begin TRACER_WallTime_Comp 0.000548 ]
[ 0 0 : End TRACER_WallTime_Comp 0.000561 ]
[ 0 0 : Begin TRACER_WallTime_Comm 0.000565 ]
[ 0 0 : End TRACER_WallTime_Comm 0.000567 ]
[ 0 0 : Begin TRACER_WallTime_Comp 0.000568 ]
[ 0 0 : End TRACER_WallTime_Comp 0.000581 ]
[ 0 0 : Begin TRACER_WallTime_Comm 0.000586 ]
[ 0 0 : End TRACER_WallTime_Comm 0.000588 ]
[ 0 0 : Begin TRACER_WallTime_Comp 0.000589 ]
[ 0 0 : End TRACER_WallTime_Comp 0.000602 ]
[ 0 0 : Begin TRACER_WallTime_Comm 0.000607 ]
[ 0 0 : End TRACER_WallTime_Comm 0.000609 ]
[ 0 0 : Begin TRACER_WallTime_Comp 0.000609 ]
[ 0 0 : End TRACER_WallTime_Comp 0.000623 ]
[ 0 1 : End TRACER_WallTime_Comm 0.000508 ]
[ 0 1 : Begin TRACER_WallTime_Comp 0.000508 ]
[ 0 1 : End TRACER_WallTime_Comp 0.000523 ]
[ 0 1 : Begin TRACER_WallTime_Comm 0.000525 ]
[ 0 1 : End TRACER_WallTime_Comm 0.000528 ]
[ 0 1 : Begin TRACER_WallTime_Comp 0.000528 ]
[ 0 1 : End TRACER_WallTime_Comp 0.000543 ]
[ 0 1 : Begin TRACER_WallTime_Comm 0.000545 ]
[ 0 1 : End TRACER_WallTime_Comm 0.000548 ]
[ 0 1 : Begin TRACER_WallTime_Comp 0.000548 ]
[ 0 1 : End TRACER_WallTime_Comp 0.000564 ]
[ 0 1 : Begin TRACER_WallTime_Comm 0.000566 ]
[ 0 1 : End TRACER_WallTime_Comm 0.000568 ]
[ 0 1 : Begin TRACER_WallTime_Comp 0.000568 ]
[ 0 1 : End TRACER_WallTime_Comp 0.000584 ]
[ 0 1 : Begin TRACER_WallTime_Comm 0.000587 ]
[ 0 1 : End TRACER_WallTime_Comm 0.000590 ]
[ 0 1 : Begin TRACER_WallTime_Comp 0.000590 ]
[ 0 1 : End TRACER_WallTime_Comp 0.000606 ]
[ 0 1 : Begin TRACER_WallTime_Comm 0.000607 ]
[ 0 1 : End TRACER_WallTime_Comm 0.000610 ]
[ 0 1 : Begin TRACER_WallTime_Comp 0.000610 ]
[ 0 1 : End TRACER_WallTime_Comp 0.000626 ]
[ 0 0 : Begin TRACER_WallTime_Comm 0.000628 ]
[ 0 0 : End TRACER_WallTime_Comm 0.000629 ]
[ 0 0 : Begin TRACER_WallTime_Comp 0.000630 ]
[ 0 0 : End TRACER_WallTime_Comp 0.000643 ]
[ 0 0 : Begin TRACER_WallTime_Comm 0.000648 ]
[ 0 0 : End TRACER_WallTime_Comm 0.000650 ]
[ 0 0 : Begin TRACER_WallTime_Comp 0.000650 ]
[ 0 0 : End TRACER_WallTime_Comp 0.000664 ]
[ 0 0 : Begin TRACER_WallTime_Comm 0.000668 ]
[ 0 0 : End TRACER_WallTime_Comm 0.000671 ]
[ 0 0 : Begin TRACER_WallTime_Comp 0.000671 ]
[ 0 0 : End TRACER_WallTime_Comp 0.000685 ]
[ 0 0 : Begin TRACER_WallTime_Comm 0.000688 ]
[ 0 0 : End TRACER_WallTime_Comm 0.000691 ]
[ 0 0 : Begin TRACER_WallTime_Comp 0.000691 ]
[ 0 0 : End TRACER_WallTime_Comp 0.000704 ]
[ 0 0 : Begin TRACER_WallTime_Comm 0.000709 ]
[ 0 0 : End TRACER_WallTime_Comm 0.000711 ]
[ 0 0 : Begin TRACER_WallTime_Comp 0.000712 ]
[ 0 0 : End TRACER_WallTime_Comp 0.000725 ]
[ 0 0 : Begin TRACER_WallTime_Comm 0.000731 ]
[ 0 1 : Begin TRACER_WallTime_Comm 0.000628 ]
[ 0 1 : End TRACER_WallTime_Comm 0.000631 ]
[ 0 1 : Begin TRACER_WallTime_Comp 0.000631 ]
[ 0 1 : End TRACER_WallTime_Comp 0.000647 ]
[ 0 1 : Begin TRACER_WallTime_Comm 0.000649 ]
[ 0 1 : End TRACER_WallTime_Comm 0.000651 ]
[ 0 1 : Begin TRACER_WallTime_Comp 0.000651 ]
[ 0 1 : End TRACER_WallTime_Comp 0.000667 ]
[ 0 1 : Begin TRACER_WallTime_Comm 0.000669 ]
[ 0 1 : End TRACER_WallTime_Comm 0.000671 ]
[ 0 1 : Begin TRACER_WallTime_Comp 0.000671 ]
[ 0 1 : End TRACER_WallTime_Comp 0.000687 ]
[ 0 1 : Begin TRACER_WallTime_Comm 0.000689 ]
[ 0 1 : End TRACER_WallTime_Comm 0.000691 ]
[ 0 1 : Begin TRACER_WallTime_Comp 0.000691 ]
[ 0 1 : End TRACER_WallTime_Comp 0.000707 ]
[ 0 1 : Begin TRACER_WallTime_Comm 0.000710 ]
[ 0 1 : End TRACER_WallTime_Comm 0.000713 ]
[ 0 1 : Begin TRACER_WallTime_Comp 0.000713 ]
[ 0 1 : End TRACER_WallTime_Comp 0.000729 ]
[ 0 1 : Begin TRACER_WallTime_Comm 0.000731 ]
[ 0 0 : End TRACER_WallTime_Comm 0.000732 ]
[ 0 0 : Begin TRACER_WallTime_Comp 0.000733 ]
[ 0 0 : End TRACER_WallTime_Comp 0.000746 ]
[ 0 0 : Begin TRACER_WallTime_Comm 0.000751 ]
[ 0 0 : End TRACER_WallTime_Comm 0.000753 ]
[ 0 0 : Begin TRACER_WallTime_Comp 0.000754 ]
[ 0 0 : End TRACER_WallTime_Comp 0.000767 ]
[ 0 0 : Begin TRACER_WallTime_Comm 0.000772 ]
[ 0 0 : End TRACER_WallTime_Comm 0.000774 ]
[ 0 0 : Begin TRACER_WallTime_Comp 0.000775 ]
[ 0 0 : End TRACER_WallTime_Comp 0.000788 ]
[ 0 0 : Begin TRACER_WallTime_Comm 0.000794 ]
[ 0 0 : End TRACER_WallTime_Comm 0.000795 ]
[ 0 0 : Begin TRACER_WallTime_Comp 0.000795 ]
[ 0 0 : End TRACER_WallTime_Comp 0.000809 ]
[ 0 0 : Begin TRACER_WallTime_Comm 0.000814 ]
[ 0 0 : End TRACER_WallTime_Comm 0.000815 ]
[ 0 0 : Begin TRACER_WallTime_Comp 0.000815 ]
[ 0 0 : End TRACER_WallTime_Comp 0.000829 ]
[ 0 0 : Begin TRACER_WallTime_Comm 0.000834 ]
[ 0 0 : End TRACER_WallTime_Comm 0.000836 ]
[ 0 0 : Begin TRACER_WallTime_Comp 0.000836 ]
[ 0 0 : End TRACER_WallTime_Comp 0.000850 ]
[ 0 1 : End TRACER_WallTime_Comm 0.000733 ]
[ 0 1 : Begin TRACER_WallTime_Comp 0.000733 ]
[ 0 1 : End TRACER_WallTime_Comp 0.000749 ]
[ 0 1 : Begin TRACER_WallTime_Comm 0.000752 ]
[ 0 1 : End TRACER_WallTime_Comm 0.000754 ]
[ 0 1 : Begin TRACER_WallTime_Comp 0.000754 ]
[ 0 1 : End TRACER_WallTime_Comp 0.000770 ]
[ 0 1 : Begin TRACER_WallTime_Comm 0.000773 ]
[ 0 1 : End TRACER_WallTime_Comm 0.000776 ]
[ 0 1 : Begin TRACER_WallTime_Comp 0.000776 ]
[ 0 1 : End TRACER_WallTime_Comp 0.000792 ]
[ 0 1 : Begin TRACER_WallTime_Comm 0.000793 ]
[ 0 1 : End TRACER_WallTime_Comm 0.000797 ]
[ 0 1 : Begin TRACER_WallTime_Comp 0.000797 ]
[ 0 1 : End TRACER_WallTime_Comp 0.000812 ]
[ 0 1 : Begin TRACER_WallTime_Comm 0.000813 ]
[ 0 1 : End TRACER_WallTime_Comm 0.000816 ]
[ 0 1 : Begin TRACER_WallTime_Comp 0.000817 ]
[ 0 1 : End TRACER_WallTime_Comp 0.000832 ]
[ 0 1 : Begin TRACER_WallTime_Comm 0.000833 ]
[ 0 1 : End TRACER_WallTime_Comm 0.000837 ]
[ 0 1 : Begin TRACER_WallTime_Comp 0.000837 ]
[ 0 1 : End TRACER_WallTime_Comp 0.000852 ]
[ 0 0 : Begin TRACER_WallTime_Comm 0.000854 ]
[ 0 0 : End TRACER_WallTime_Comm 0.000857 ]
[ 0 0 : Begin TRACER_WallTime_Comp 0.000857 ]
[ 0 0 : End TRACER_WallTime_Comp 0.000871 ]
[ 0 0 : Begin TRACER_WallTime_Comm 0.000875 ]
[ 0 0 : End TRACER_WallTime_Comm 0.000878 ]
[ 0 0 : Begin TRACER_WallTime_Comp 0.000878 ]
[ 0 0 : End TRACER_WallTime_Comp 0.000892 ]
[ 0 0 : Begin TRACER_WallTime_Comm 0.000897 ]
[ 0 0 : End TRACER_WallTime_Comm 0.000898 ]
[ 0 0 : Begin TRACER_WallTime_Comp 0.000898 ]
[ 0 0 : End TRACER_WallTime_Comp 0.000912 ]
[ 0 0 : Begin TRACER_WallTime_Comm 0.000917 ]
[ 0 0 : End TRACER_WallTime_Comm 0.000919 ]
[ 0 0 : Begin TRACER_WallTime_Comp 0.000920 ]
[ 0 0 : End TRACER_WallTime_Comp 0.000934 ]
[ 0 0 : Begin TRACER_WallTime_Comm 0.000937 ]
[ 0 0 : End TRACER_WallTime_Comm 0.000938 ]
[ 0 0 : Begin TRACER_WallTime_Comp 0.000938 ]
[ 0 0 : End TRACER_WallTime_Comp 0.000952 ]
[ 0 0 : Begin TRACER_WallTime_Comm 0.000958 ]
[ 0 0 : End TRACER_WallTime_Comm 0.000958 ]
[ 0 0 : Begin TRACER_WallTime_Comp 0.000958 ]
[ 0 1 : Begin TRACER_WallTime_Comm 0.000854 ]
[ 0 1 : End TRACER_WallTime_Comm 0.000857 ]
[ 0 1 : Begin TRACER_WallTime_Comp 0.000858 ]
[ 0 1 : End TRACER_WallTime_Comp 0.000873 ]
[ 0 1 : Begin TRACER_WallTime_Comm 0.000875 ]
[ 0 1 : End TRACER_WallTime_Comm 0.000878 ]
[ 0 1 : Begin TRACER_WallTime_Comp 0.000879 ]
[ 0 1 : End TRACER_WallTime_Comp 0.000894 ]
[ 0 1 : Begin TRACER_WallTime_Comm 0.000896 ]
[ 0 1 : End TRACER_WallTime_Comm 0.000900 ]
[ 0 1 : Begin TRACER_WallTime_Comp 0.000900 ]
[ 0 1 : End TRACER_WallTime_Comp 0.000915 ]
[ 0 1 : Begin TRACER_WallTime_Comm 0.000916 ]
[ 0 1 : End TRACER_WallTime_Comm 0.000920 ]
[ 0 1 : Begin TRACER_WallTime_Comp 0.000920 ]
[ 0 1 : End TRACER_WallTime_Comp 0.000935 ]
[ 0 1 : Begin TRACER_WallTime_Comm 0.000937 ]
[ 0 1 : End TRACER_WallTime_Comm 0.000940 ]
[ 0 1 : Begin TRACER_WallTime_Comp 0.000940 ]
[ 0 1 : End TRACER_WallTime_Comp 0.000955 ]
[ 0 1 : Begin TRACER_WallTime_Comm 0.000957 ]
[ 0 0 : End TRACER_WallTime_Comp 0.000972 ]
[ 0 0 : Begin TRACER_WallTime_Comm 0.000976 ]
[ 0 0 : End TRACER_WallTime_Comm 0.000980 ]
[ 0 0 : Begin TRACER_WallTime_Comp 0.000980 ]
[ 0 0 : End TRACER_WallTime_Comp 0.000993 ]
[ 0 0 : Begin TRACER_WallTime_Comm 0.000996 ]
[ 0 0 : End TRACER_WallTime_Comm 0.000999 ]
[ 0 0 : Begin TRACER_WallTime_Comp 0.000999 ]
[ 0 0 : End TRACER_WallTime_Comp 0.001013 ]
[ 0 0 : Begin TRACER_WallTime_Comm 0.001017 ]
[ 0 0 : End TRACER_WallTime_Comm 0.001019 ]
[ 0 0 : Begin TRACER_WallTime_Comp 0.001020 ]
[ 0 0 : End TRACER_WallTime_Comp 0.001033 ]
[ 0 0 : Begin TRACER_WallTime_Comm 0.001038 ]
[ 0 0 : End TRACER_WallTime_Comm 0.001040 ]
[ 0 0 : Begin TRACER_WallTime_Comp 0.001040 ]
[ 0 0 : End TRACER_WallTime_Comp 0.001054 ]
[ 0 0 : Begin TRACER_WallTime_Comm 0.001059 ]
[ 0 0 : End TRACER_WallTime_Comm 0.001060 ]
[ 0 0 : Begin TRACER_WallTime_Comp 0.001061 ]
[ 0 0 : End TRACER_WallTime_Comp 0.001074 ]
[ 0 1 : End TRACER_WallTime_Comm 0.000959 ]
[ 0 1 : Begin TRACER_WallTime_Comp 0.000960 ]
[ 0 1 : End TRACER_WallTime_Comp 0.000975 ]
[ 0 1 : Begin TRACER_WallTime_Comm 0.000976 ]
[ 0 1 : End TRACER_WallTime_Comm 0.000979 ]
[ 0 1 : Begin TRACER_WallTime_Comp 0.000980 ]
[ 0 1 : End TRACER_WallTime_Comp 0.000995 ]
[ 0 1 : Begin TRACER_WallTime_Comm 0.000996 ]
[ 0 1 : End TRACER_WallTime_Comm 0.000999 ]
[ 0 1 : Begin TRACER_WallTime_Comp 0.001000 ]
[ 0 1 : End TRACER_WallTime_Comp 0.001015 ]
[ 0 1 : Begin TRACER_WallTime_Comm 0.001017 ]
[ 0 1 : End TRACER_WallTime_Comm 0.001021 ]
[ 0 1 : Begin TRACER_WallTime_Comp 0.001021 ]
[ 0 1 : End TRACER_WallTime_Comp 0.001036 ]
[ 0 1 : Begin TRACER_WallTime_Comm 0.001037 ]
[ 0 1 : End TRACER_WallTime_Comm 0.001041 ]
[ 0 1 : Begin TRACER_WallTime_Comp 0.001041 ]
[ 0 1 : End TRACER_WallTime_Comp 0.001056 ]
[ 0 1 : Begin TRACER_WallTime_Comm 0.001058 ]
[ 0 1 : End TRACER_WallTime_Comm 0.001062 ]
[ 0 1 : Begin TRACER_WallTime_Comp 0.001062 ]
[ 0 1 : End TRACER_WallTime_Comp 0.001077 ]
[ 0 0 : Begin TRACER_WallTime_Comm 0.001080 ]
[ 0 0 : End TRACER_WallTime_Comm 0.001081 ]
[ 0 0 : Begin TRACER_WallTime_Comp 0.001082 ]
[ 0 0 : End TRACER_WallTime_Comp 0.001095 ]
[ 0 0 : Begin TRACER_WallTime_Comm 0.001100 ]
[ 0 0 : End TRACER_WallTime_Comm 0.001102 ]
[ 0 0 : Begin TRACER_WallTime_Comp 0.001103 ]
[ 0 0 : End TRACER_WallTime_Comp 0.001116 ]
[ 0 0 : Begin TRACER_WallTime_Comm 0.001121 ]
[ 0 0 : End TRACER_WallTime_Comm 0.001124 ]
[ 0 0 : Begin TRACER_WallTime_Comp 0.001124 ]
[ 0 0 : End TRACER_WallTime_Comp 0.001137 ]
[ 0 0 : Begin TRACER_WallTime_Comm 0.001141 ]
[ 0 0 : End TRACER_WallTime_Comm 0.001143 ]
[ 0 0 : Begin TRACER_WallTime_Comp 0.001144 ]
[ 0 0 : End TRACER_WallTime_Comp 0.001157 ]
[ 0 0 : Begin TRACER_WallTime_Comm 0.001162 ]
[ 0 0 : End TRACER_WallTime_Comm 0.001164 ]
[ 0 0 : Begin TRACER_WallTime_Comp 0.001164 ]
[ 0 0 : End TRACER_WallTime_Comp 0.001178 ]
[ 0 0 : Begin TRACER_WallTime_Comm 0.001183 ]
[ 0 0 : End TRACER_WallTime_Comm 0.001184 ]
[ 0 0 : Begin TRACER_WallTime_Comp 0.001184 ]
[ 0 0 : End TRACER_WallTime_Comp 0.001198 ]
[ 0 1 : Begin TRACER_WallTime_Comm 0.001080 ]
[ 0 1 : End TRACER_WallTime_Comm 0.001083 ]
[ 0 1 : Begin TRACER_WallTime_Comp 0.001083 ]
[ 0 1 : End TRACER_WallTime_Comp 0.001098 ]
[ 0 1 : Begin TRACER_WallTime_Comm 0.001100 ]
[ 0 1 : End TRACER_WallTime_Comm 0.001103 ]
[ 0 1 : Begin TRACER_WallTime_Comp 0.001103 ]
[ 0 1 : End TRACER_WallTime_Comp 0.001119 ]
[ 0 1 : Begin TRACER_WallTime_Comm 0.001122 ]
[ 0 1 : End TRACER_WallTime_Comm 0.001124 ]
[ 0 1 : Begin TRACER_WallTime_Comp 0.001124 ]
[ 0 1 : End TRACER_WallTime_Comp 0.001140 ]
[ 0 1 : Begin TRACER_WallTime_Comm 0.001142 ]
[ 0 1 : End TRACER_WallTime_Comm 0.001145 ]
[ 0 1 : Begin TRACER_WallTime_Comp 0.001145 ]
[ 0 1 : End TRACER_WallTime_Comp 0.001160 ]
[ 0 1 : Begin TRACER_WallTime_Comm 0.001161 ]
[ 0 1 : End TRACER_WallTime_Comm 0.001165 ]
[ 0 1 : Begin TRACER_WallTime_Comp 0.001165 ]
[ 0 1 : End TRACER_WallTime_Comp 0.001180 ]
[ 0 1 : Begin TRACER_WallTime_Comm 0.001182 ]
[ 0 1 : End TRACER_WallTime_Comm 0.001186 ]
[ 0 1 : Begin TRACER_WallTime_Comp 0.001186 ]
[ 0 0 : Begin TRACER_WallTime_Comm 0.001203 ]
[ 0 0 : End TRACER_WallTime_Comm 0.001205 ]
[ 0 0 : Begin TRACER_WallTime_Comp 0.001205 ]
[ 0 0 : End TRACER_WallTime_Comp 0.001218 ]
[ 0 0 : Begin TRACER_WallTime_Comm 0.001222 ]
[ 0 0 : End TRACER_WallTime_Comm 0.001225 ]
[ 0 0 : Begin TRACER_WallTime_Comp 0.001225 ]
[ 0 0 : End TRACER_WallTime_Comp 0.001239 ]
[ 0 0 : Begin TRACER_WallTime_Comm 0.001251 ]
[ 0 0 : End TRACER_WallTime_Comm 0.001254 ]
[ 0 0 : Begin TRACER_WallTime_Comp 0.001254 ]
[ 0 0 : End TRACER_WallTime_Comp 0.001267 ]
[ 0 0 : Begin TRACER_WallTime_Comm 0.001272 ]
[ 0 0 : End TRACER_WallTime_Comm 0.001274 ]
[ 0 0 : Begin TRACER_WallTime_Comp 0.001274 ]
[ 0 0 : End TRACER_WallTime_Comp 0.001287 ]
[ 0 0 : Begin TRACER_WallTime_Comm 0.001290 ]
[ 0 0 : End TRACER_WallTime_Comm 0.001292 ]
[ 0 0 : Begin TRACER_WallTime_Comp 0.001292 ]
[ 0 0 : End TRACER_WallTime_Comp 0.001305 ]
[ 0 0 : Begin TRACER_WallTime_Comm 0.001309 ]
[ 0 1 : End TRACER_WallTime_Comp 0.001201 ]
[ 0 1 : Begin TRACER_WallTime_Comm 0.001203 ]
[ 0 1 : End TRACER_WallTime_Comm 0.001205 ]
[ 0 1 : Begin TRACER_WallTime_Comp 0.001205 ]
[ 0 1 : End TRACER_WallTime_Comp 0.001221 ]
[ 0 1 : Begin TRACER_WallTime_Comm 0.001223 ]
[ 0 1 : End TRACER_WallTime_Comm 0.001226 ]
[ 0 1 : Begin TRACER_WallTime_Comp 0.001227 ]
[ 0 1 : End TRACER_WallTime_Comp 0.001242 ]
[ 0 1 : Begin TRACER_WallTime_Comm 0.001252 ]
[ 0 1 : End TRACER_WallTime_Comm 0.001254 ]
[ 0 1 : Begin TRACER_WallTime_Comp 0.001254 ]
[ 0 1 : End TRACER_WallTime_Comp 0.001270 ]
[ 0 1 : Begin TRACER_WallTime_Comm 0.001272 ]
[ 0 1 : End TRACER_WallTime_Comm 0.001274 ]
[ 0 1 : Begin TRACER_WallTime_Comp 0.001275 ]
[ 0 1 : End TRACER_WallTime_Comp 0.001290 ]
[ 0 1 : Begin TRACER_WallTime_Comm 0.001290 ]
[ 0 1 : End TRACER_WallTime_Comm 0.001292 ]
[ 0 1 : Begin TRACER_WallTime_Comp 0.001293 ]
[ 0 1 : End TRACER_WallTime_Comp 0.001308 ]
[ 0 1 : Begin TRACER_WallTime_Comm 0.001309 ]
[ 0 0 : End TRACER_WallTime_Comm 0.001310 ]
[ 0 0 : Begin TRACER_WallTime_Comp 0.001310 ]
[ 0 0 : End TRACER_WallTime_Comp 0.001324 ]
[ 0 0 : Begin TRACER_WallTime_Comm 0.001329 ]
[ 0 0 : End TRACER_WallTime_Comm 0.001330 ]
[ 0 0 : Begin TRACER_WallTime_Comp 0.001331 ]
[ 0 0 : End TRACER_WallTime_Comp 0.001344 ]
[ 0 0 : time at task 1000/1608 0.001344 ]
[ 0 0 : Begin TRACER_WallTime_Comm 0.001348 ]
[ 0 0 : End TRACER_WallTime_Comm 0.001350 ]
[ 0 0 : Begin TRACER_WallTime_Comp 0.001351 ]
[ 0 0 : End TRACER_WallTime_Comp 0.001364 ]
[ 0 0 : Begin TRACER_WallTime_Comm 0.001370 ]
[ 0 0 : End TRACER_WallTime_Comm 0.001371 ]
[ 0 0 : Begin TRACER_WallTime_Comp 0.001372 ]
[ 0 0 : End TRACER_WallTime_Comp 0.001385 ]
[ 0 0 : Begin TRACER_WallTime_Comm 0.001391 ]
[ 0 0 : End TRACER_WallTime_Comm 0.001393 ]
[ 0 0 : Begin TRACER_WallTime_Comp 0.001394 ]
[ 0 0 : End TRACER_WallTime_Comp 0.001407 ]
[ 0 0 : Begin TRACER_WallTime_Comm 0.001411 ]
[ 0 0 : End TRACER_WallTime_Comm 0.001412 ]
[ 0 0 : Begin TRACER_WallTime_Comp 0.001413 ]
[ 0 0 : End TRACER_WallTime_Comp 0.001426 ]
[ 0 1 : End TRACER_WallTime_Comm 0.001312 ]
[ 0 1 : Begin TRACER_WallTime_Comp 0.001312 ]
[ 0 1 : End TRACER_WallTime_Comp 0.001327 ]
[ 0 1 : Begin TRACER_WallTime_Comm 0.001329 ]
[ 0 1 : End TRACER_WallTime_Comm 0.001331 ]
[ 0 1 : Begin TRACER_WallTime_Comp 0.001331 ]
[ 0 1 : End TRACER_WallTime_Comp 0.001347 ]
[ 0 1 : Begin TRACER_WallTime_Comm 0.001349 ]
[ 0 1 : End TRACER_WallTime_Comm 0.001352 ]
[ 0 1 : Begin TRACER_WallTime_Comp 0.001352 ]
[ 0 1 : End TRACER_WallTime_Comp 0.001367 ]
[ 0 1 : Begin TRACER_WallTime_Comm 0.001370 ]
[ 0 1 : End TRACER_WallTime_Comm 0.001373 ]
[ 0 1 : Begin TRACER_WallTime_Comp 0.001373 ]
[ 0 1 : End TRACER_WallTime_Comp 0.001389 ]
[ 0 1 : Begin TRACER_WallTime_Comm 0.001392 ]
[ 0 1 : End TRACER_WallTime_Comm 0.001394 ]
[ 0 1 : Begin TRACER_WallTime_Comp 0.001394 ]
[ 0 1 : End TRACER_WallTime_Comp 0.001410 ]
[ 0 1 : Begin TRACER_WallTime_Comm 0.001411 ]
[ 0 1 : End TRACER_WallTime_Comm 0.001414 ]
[ 0 1 : Begin TRACER_WallTime_Comp 0.001414 ]
[ 0 1 : End TRACER_WallTime_Comp 0.001430 ]
[ 0 0 : Begin TRACER_WallTime_Comm 0.001432 ]
[ 0 0 : End TRACER_WallTime_Comm 0.001434 ]
[ 0 0 : Begin TRACER_WallTime_Comp 0.001435 ]
[ 0 0 : End TRACER_WallTime_Comp 0.001448 ]
[ 0 0 : Begin TRACER_WallTime_Comm 0.001453 ]
[ 0 0 : End TRACER_WallTime_Comm 0.001455 ]
[ 0 0 : Begin TRACER_WallTime_Comp 0.001456 ]
[ 0 0 : End TRACER_WallTime_Comp 0.001469 ]
[ 0 0 : Begin TRACER_WallTime_Comm 0.001473 ]
[ 0 0 : End TRACER_WallTime_Comm 0.001475 ]
[ 0 0 : Begin TRACER_WallTime_Comp 0.001476 ]
[ 0 0 : End TRACER_WallTime_Comp 0.001489 ]
[ 0 0 : Begin TRACER_WallTime_Comm 0.001495 ]
[ 0 0 : End TRACER_WallTime_Comm 0.001496 ]
[ 0 0 : Begin TRACER_WallTime_Comp 0.001497 ]
[ 0 0 : End TRACER_WallTime_Comp 0.001510 ]
[ 0 0 : Begin TRACER_WallTime_Comm 0.001516 ]
[ 0 0 : End TRACER_WallTime_Comm 0.001517 ]
[ 0 0 : Begin TRACER_WallTime_Comp 0.001517 ]
[ 0 0 : End TRACER_WallTime_Comp 0.001531 ]
[ 0 0 : Begin TRACER_WallTime_Comm 0.001536 ]
[ 0 1 : Begin TRACER_WallTime_Comm 0.001433 ]
[ 0 1 : End TRACER_WallTime_Comm 0.001436 ]
[ 0 1 : Begin TRACER_WallTime_Comp 0.001436 ]
[ 0 1 : End TRACER_WallTime_Comp 0.001451 ]
[ 0 1 : Begin TRACER_WallTime_Comm 0.001454 ]
[ 0 1 : End TRACER_WallTime_Comm 0.001456 ]
[ 0 1 : Begin TRACER_WallTime_Comp 0.001456 ]
[ 0 1 : End TRACER_WallTime_Comp 0.001472 ]
[ 0 1 : Begin TRACER_WallTime_Comm 0.001474 ]
[ 0 1 : End TRACER_WallTime_Comm 0.001477 ]
[ 0 1 : Begin TRACER_WallTime_Comp 0.001477 ]
[ 0 1 : End TRACER_WallTime_Comp 0.001492 ]
[ 0 1 : Begin TRACER_WallTime_Comm 0.001495 ]
[ 0 1 : End TRACER_WallTime_Comm 0.001498 ]
[ 0 1 : Begin TRACER_WallTime_Comp 0.001498 ]
[ 0 1 : End TRACER_WallTime_Comp 0.001514 ]
[ 0 1 : Begin TRACER_WallTime_Comm 0.001516 ]
[ 0 1 : End TRACER_WallTime_Comm 0.001519 ]
[ 0 1 : Begin TRACER_WallTime_Comp 0.001519 ]
[ 0 1 : End TRACER_WallTime_Comp 0.001534 ]
[ 0 1 : Begin TRACER_WallTime_Comm 0.001536 ]
[ 0 0 : End TRACER_WallTime_Comm 0.001537 ]
[ 0 0 : Begin TRACER_WallTime_Comp 0.001538 ]
[ 0 0 : End TRACER_WallTime_Comp 0.001551 ]
[ 0 0 : Begin TRACER_WallTime_Comm 0.001556 ]
[ 0 0 : End TRACER_WallTime_Comm 0.001558 ]
[ 0 0 : Begin TRACER_WallTime_Comp 0.001559 ]
[ 0 0 : End TRACER_WallTime_Comp 0.001572 ]
[ 0 0 : Begin TRACER_WallTime_Comm 0.001577 ]
[ 0 0 : End TRACER_WallTime_Comm 0.001579 ]
[ 0 0 : Begin TRACER_WallTime_Comp 0.001580 ]
[ 0 0 : End TRACER_WallTime_Comp 0.001593 ]
[ 0 0 : Begin TRACER_WallTime_Comm 0.001598 ]
[ 0 0 : End TRACER_WallTime_Comm 0.001599 ]
[ 0 0 : Begin TRACER_WallTime_Comp 0.001600 ]
[ 0 0 : End TRACER_WallTime_Comp 0.001613 ]
[ 0 0 : Begin TRACER_WallTime_Comm 0.001618 ]
[ 0 0 : End TRACER_WallTime_Comm 0.001620 ]
[ 0 0 : Begin TRACER_WallTime_Comp 0.001621 ]
[ 0 0 : End TRACER_WallTime_Comp 0.001634 ]
[ 0 0 : Begin TRACER_WallTime_Comm 0.001639 ]
[ 0 0 : End TRACER_WallTime_Comm 0.001642 ]
[ 0 0 : Begin TRACER_WallTime_Comp 0.001643 ]
[ 0 0 : End TRACER_WallTime_Comp 0.001656 ]
[ 0 1 : End TRACER_WallTime_Comm 0.001538 ]
[ 0 1 : Begin TRACER_WallTime_Comp 0.001538 ]
[ 0 1 : End TRACER_WallTime_Comp 0.001554 ]
[ 0 1 : Begin TRACER_WallTime_Comm 0.001557 ]
[ 0 1 : End TRACER_WallTime_Comm 0.001560 ]
[ 0 1 : Begin TRACER_WallTime_Comp 0.001560 ]
[ 0 1 : End TRACER_WallTime_Comp 0.001576 ]
[ 0 1 : Begin TRACER_WallTime_Comm 0.001577 ]
[ 0 1 : End TRACER_WallTime_Comm 0.001580 ]
[ 0 1 : Begin TRACER_WallTime_Comp 0.001580 ]
[ 0 1 : End TRACER_WallTime_Comp 0.001596 ]
[ 0 1 : Begin TRACER_WallTime_Comm 0.001598 ]
[ 0 1 : End TRACER_WallTime_Comm 0.001600 ]
[ 0 1 : Begin TRACER_WallTime_Comp 0.001600 ]
[ 0 1 : End TRACER_WallTime_Comp 0.001616 ]
[ 0 1 : Begin TRACER_WallTime_Comm 0.001619 ]
[ 0 1 : End TRACER_WallTime_Comm 0.001622 ]
[ 0 1 : Begin TRACER_WallTime_Comp 0.001622 ]
[ 0 1 : End TRACER_WallTime_Comp 0.001638 ]
[ 0 1 : Begin TRACER_WallTime_Comm 0.001640 ]
[ 0 1 : End TRACER_WallTime_Comm 0.001642 ]
[ 0 1 : Begin TRACER_WallTime_Comp 0.001642 ]
[ 0 1 : End TRACER_WallTime_Comp 0.001658 ]
[ 0 0 : Begin TRACER_WallTime_Comm 0.001660 ]
[ 0 0 : End TRACER_WallTime_Comm 0.001662 ]
[ 0 0 : Begin TRACER_WallTime_Comp 0.001662 ]
[ 0 0 : End TRACER_WallTime_Comp 0.001675 ]
[ 0 0 : Begin TRACER_WallTime_Comm 0.001679 ]
[ 0 0 : End TRACER_WallTime_Comm 0.001682 ]
[ 0 0 : Begin TRACER_WallTime_Comp 0.001682 ]
[ 0 0 : End TRACER_WallTime_Comp 0.001695 ]
[ 0 0 : Begin TRACER_WallTime_Comm 0.001698 ]
[ 0 0 : End TRACER_WallTime_Comm 0.001701 ]
[ 0 0 : Begin TRACER_WallTime_Comp 0.001701 ]
[ 0 0 : End TRACER_WallTime_Comp 0.001715 ]
[ 0 0 : Begin TRACER_WallTime_Comm 0.001719 ]
[ 0 0 : End TRACER_WallTime_Comm 0.001720 ]
[ 0 0 : Begin TRACER_WallTime_Comp 0.001720 ]
[ 0 0 : End TRACER_WallTime_Comp 0.001734 ]
[ 0 0 : Begin TRACER_WallTime_Comm 0.001740 ]
[ 0 0 : End TRACER_WallTime_Comm 0.001741 ]
[ 0 0 : Begin TRACER_WallTime_Comp 0.001741 ]
[ 0 0 : End TRACER_WallTime_Comp 0.001755 ]
[ 0 0 : Begin TRACER_WallTime_Comm 0.001760 ]
[ 0 0 : End TRACER_WallTime_Comm 0.001762 ]
[ 0 0 : Begin TRACER_WallTime_Comp 0.001762 ]
[ 0 1 : Begin TRACER_WallTime_Comm 0.001660 ]
[ 0 1 : End TRACER_WallTime_Comm 0.001662 ]
[ 0 1 : Begin TRACER_WallTime_Comp 0.001662 ]
[ 0 1 : End TRACER_WallTime_Comp 0.001678 ]
[ 0 1 : Begin TRACER_WallTime_Comm 0.001679 ]
[ 0 1 : End TRACER_WallTime_Comm 0.001682 ]
[ 0 1 : Begin TRACER_WallTime_Comp 0.001683 ]
[ 0 1 : End TRACER_WallTime_Comp 0.001698 ]
[ 0 1 : Begin TRACER_WallTime_Comm 0.001698 ]
[ 0 1 : End TRACER_WallTime_Comm 0.001701 ]
[ 0 1 : Begin TRACER_WallTime_Comp 0.001702 ]
[ 0 1 : End TRACER_WallTime_Comp 0.001717 ]
[ 0 1 : Begin TRACER_WallTime_Comm 0.001718 ]
[ 0 1 : End TRACER_WallTime_Comm 0.001721 ]
[ 0 1 : Begin TRACER_WallTime_Comp 0.001722 ]
[ 0 1 : End TRACER_WallTime_Comp 0.001737 ]
[ 0 1 : Begin TRACER_WallTime_Comm 0.001739 ]
[ 0 1 : End TRACER_WallTime_Comm 0.001743 ]
[ 0 1 : Begin TRACER_WallTime_Comp 0.001743 ]
[ 0 1 : End TRACER_WallTime_Comp 0.001758 ]
[ 0 1 : Begin TRACER_WallTime_Comm 0.001760 ]
[ 0 0 : End TRACER_WallTime_Comp 0.001776 ]
[ 0 0 : Begin TRACER_WallTime_Comm 0.001780 ]
[ 0 0 : End TRACER_WallTime_Comm 0.001781 ]
[ 0 0 : Begin TRACER_WallTime_Comp 0.001782 ]
[ 0 0 : End TRACER_WallTime_Comp 0.001795 ]
[ 0 0 : Begin TRACER_WallTime_Comm 0.001802 ]
[ 0 0 : End TRACER_WallTime_Comm 0.001803 ]
[ 0 0 : Begin TRACER_WallTime_Comp 0.001804 ]
[ 0 0 : End TRACER_WallTime_Comp 0.001817 ]
[ 0 0 : Begin TRACER_WallTime_Comm 0.001822 ]
[ 0 0 : End TRACER_WallTime_Comm 0.001824 ]
[ 0 0 : Begin TRACER_WallTime_Comp 0.001825 ]
[ 0 0 : End TRACER_WallTime_Comp 0.001838 ]
[ 0 0 : Begin TRACER_WallTime_Comm 0.001843 ]
[ 0 0 : End TRACER_WallTime_Comm 0.001845 ]
[ 0 0 : Begin TRACER_WallTime_Comp 0.001846 ]
[ 0 0 : End TRACER_WallTime_Comp 0.001859 ]
[ 0 0 : Begin TRACER_WallTime_Comm 0.001865 ]
[ 0 0 : End TRACER_WallTime_Comm 0.001867 ]
[ 0 0 : Begin TRACER_WallTime_Comp 0.001867 ]
[ 0 0 : End TRACER_WallTime_Comp 0.001880 ]
[ 0 1 : End TRACER_WallTime_Comm 0.001763 ]
[ 0 1 : Begin TRACER_WallTime_Comp 0.001763 ]
[ 0 1 : End TRACER_WallTime_Comp 0.001778 ]
[ 0 1 : Begin TRACER_WallTime_Comm 0.001780 ]
[ 0 1 : End TRACER_WallTime_Comm 0.001783 ]
[ 0 1 : Begin TRACER_WallTime_Comp 0.001783 ]
[ 0 1 : End TRACER_WallTime_Comp 0.001799 ]
[ 0 1 : Begin TRACER_WallTime_Comm 0.001802 ]
[ 0 1 : End TRACER_WallTime_Comm 0.001805 ]
[ 0 1 : Begin TRACER_WallTime_Comp 0.001805 ]
[ 0 1 : End TRACER_WallTime_Comp 0.001820 ]
[ 0 1 : Begin TRACER_WallTime_Comm 0.001822 ]
[ 0 1 : End TRACER_WallTime_Comm 0.001825 ]
[ 0 1 : Begin TRACER_WallTime_Comp 0.001825 ]
[ 0 1 : End TRACER_WallTime_Comp 0.001841 ]
[ 0 1 : Begin TRACER_WallTime_Comm 0.001844 ]
[ 0 1 : End TRACER_WallTime_Comm 0.001847 ]
[ 0 1 : Begin TRACER_WallTime_Comp 0.001847 ]
[ 0 1 : End TRACER_WallTime_Comp 0.001862 ]
[ 0 1 : Begin TRACER_WallTime_Comm 0.001865 ]
[ 0 1 : End TRACER_WallTime_Comm 0.001867 ]
[ 0 1 : Begin TRACER_WallTime_Comp 0.001867 ]
[ 0 1 : End TRACER_WallTime_Comp 0.001883 ]
[ 0 0 : Begin TRACER_WallTime_Comm 0.001884 ]
[ 0 0 : End TRACER_WallTime_Comm 0.001888 ]
[ 0 0 : Begin TRACER_WallTime_Comp 0.001888 ]
[ 0 0 : End TRACER_WallTime_Comp 0.001901 ]
[ 0 0 : Begin TRACER_WallTime_Comm 0.001906 ]
[ 0 0 : End TRACER_WallTime_Comm 0.001907 ]
[ 0 0 : Begin TRACER_WallTime_Comp 0.001908 ]
[ 0 0 : End TRACER_WallTime_Comp 0.001921 ]
[ 0 0 : Begin TRACER_WallTime_Comm 0.001927 ]
[ 0 0 : End TRACER_WallTime_Comm 0.001929 ]
[ 0 0 : Begin TRACER_WallTime_Comp 0.001930 ]
[ 0 0 : End TRACER_WallTime_Comp 0.001943 ]
[ 0 0 : Begin TRACER_WallTime_Comm 0.001947 ]
[ 0 0 : End TRACER_WallTime_Comm 0.001950 ]
[ 0 0 : Begin TRACER_WallTime_Comp 0.001950 ]
[ 0 0 : End TRACER_WallTime_Comp 0.001964 ]
[ 0 0 : Begin TRACER_WallTime_Comm 0.001968 ]
[ 0 0 : End TRACER_WallTime_Comm 0.001971 ]
[ 0 0 : Begin TRACER_WallTime_Comp 0.001971 ]
[ 0 0 : End TRACER_WallTime_Comp 0.001985 ]
[ 0 0 : Begin TRACER_WallTime_Comm 0.001989 ]
[ 0 0 : End TRACER_WallTime_Comm 0.001990 ]
[ 0 0 : Begin TRACER_WallTime_Comp 0.001991 ]
[ 0 1 : Begin TRACER_WallTime_Comm 0.001885 ]
[ 0 1 : End TRACER_WallTime_Comm 0.001887 ]
[ 0 1 : Begin TRACER_WallTime_Comp 0.001887 ]
[ 0 1 : End TRACER_WallTime_Comp 0.001903 ]
[ 0 1 : Begin TRACER_WallTime_Comm 0.001906 ]
[ 0 1 : End TRACER_WallTime_Comm 0.001909 ]
[ 0 1 : Begin TRACER_WallTime_Comp 0.001909 ]
[ 0 1 : End TRACER_WallTime_Comp 0.001925 ]
[ 0 1 : Begin TRACER_WallTime_Comm 0.001928 ]
[ 0 1 : End TRACER_WallTime_Comm 0.001930 ]
[ 0 1 : Begin TRACER_WallTime_Comp 0.001930 ]
[ 0 1 : End TRACER_WallTime_Comp 0.001946 ]
[ 0 1 : Begin TRACER_WallTime_Comm 0.001947 ]
[ 0 1 : End TRACER_WallTime_Comm 0.001950 ]
[ 0 1 : Begin TRACER_WallTime_Comp 0.001951 ]
[ 0 1 : End TRACER_WallTime_Comp 0.001966 ]
[ 0 1 : Begin TRACER_WallTime_Comm 0.001968 ]
[ 0 1 : End TRACER_WallTime_Comm 0.001972 ]
[ 0 1 : Begin TRACER_WallTime_Comp 0.001972 ]
[ 0 1 : End TRACER_WallTime_Comp 0.001987 ]
[ 0 1 : Begin TRACER_WallTime_Comm 0.001989 ]
[ 0 1 : End TRACER_WallTime_Comm 0.001992 ]
[ 0 1 : Begin TRACER_WallTime_Comp 0.001992 ]
[ 0 0 : End TRACER_WallTime_Comp 0.002004 ]
[ 0 0 : Begin TRACER_WallTime_Comm 0.002009 ]
[ 0 0 : End TRACER_WallTime_Comm 0.002011 ]
[ 0 0 : Begin TRACER_WallTime_Comp 0.002011 ]
[ 0 0 : End TRACER_WallTime_Comp 0.002025 ]
[ 0 0 : Begin TRACER_WallTime_Comm 0.002029 ]
[ 0 0 : End TRACER_WallTime_Comm 0.002030 ]
[ 0 0 : Begin TRACER_WallTime_Comp 0.002030 ]
[ 0 0 : End TRACER_WallTime_Comp 0.002044 ]
[ 0 0 : Begin TRACER_WallTime_Comm 0.002049 ]
[ 0 0 : End TRACER_WallTime_Comm 0.002052 ]
[ 0 0 : Begin TRACER_WallTime_Comp 0.002052 ]
[ 0 0 : End TRACER_WallTime_Comp 0.002066 ]
[ 0 0 : Begin TRACER_WallTime_Comm 0.002070 ]
[ 0 0 : End TRACER_WallTime_Comm 0.002072 ]
[ 0 0 : Begin TRACER_WallTime_Comp 0.002072 ]
[ 0 0 : End TRACER_WallTime_Comp 0.002086 ]
[ 0 0 : Begin TRACER_WallTime_Comm 0.002090 ]
[ 0 0 : End TRACER_WallTime_Comm 0.002091 ]
[ 0 0 : Begin TRACER_WallTime_Comp 0.002091 ]
[ 0 0 : End TRACER_WallTime_Comp 0.002105 ]
[ 0 0 : Begin TRACER_WallTime_Comm 0.002110 ]
[ 0 1 : End TRACER_WallTime_Comp 0.002007 ]
[ 0 1 : Begin TRACER_WallTime_Comm 0.002009 ]
[ 0 1 : End TRACER_WallTime_Comm 0.002012 ]
[ 0 1 : Begin TRACER_WallTime_Comp 0.002012 ]
[ 0 1 : End TRACER_WallTime_Comp 0.002027 ]
[ 0 1 : Begin TRACER_WallTime_Comm 0.002028 ]
[ 0 1 : End TRACER_WallTime_Comm 0.002032 ]
[ 0 1 : Begin TRACER_WallTime_Comp 0.002032 ]
[ 0 1 : End TRACER_WallTime_Comp 0.002047 ]
[ 0 1 : Begin TRACER_WallTime_Comm 0.002049 ]
[ 0 1 : End TRACER_WallTime_Comm 0.002052 ]
[ 0 1 : Begin TRACER_WallTime_Comp 0.002053 ]
[ 0 1 : End TRACER_WallTime_Comp 0.002068 ]
[ 0 1 : Begin TRACER_WallTime_Comm 0.002069 ]
[ 0 1 : End TRACER_WallTime_Comm 0.002072 ]
[ 0 1 : Begin TRACER_WallTime_Comp 0.002073 ]
[ 0 1 : End TRACER_WallTime_Comp 0.002088 ]
[ 0 1 : Begin TRACER_WallTime_Comm 0.002090 ]
[ 0 1 : End TRACER_WallTime_Comm 0.002093 ]
[ 0 1 : Begin TRACER_WallTime_Comp 0.002093 ]
[ 0 1 : End TRACER_WallTime_Comp 0.002108 ]
GVT #18: simulation 100% complete, max event queue size 3 (GVT = MAX).
AVL tree size: 0
[ 0 0 : End TRACER_WallTime_Comm 0.002112 ]
[ 0 0 : End TRACER_WallTime_Total 0.002113 ]
[ 0 1 : Begin TRACER_WallTime_Comm 0.002111 ]
[ 0 1 : End TRACER_WallTime_Comm 0.002114 ]
*** END SIMULATION ***

Job[0]PE[0]: FINALIZE in 0.002113 seconds.

	: Running Time = 0.0066 seconds

TW Library Statistics:
	Total Events Processed                                    4614
	Events Aborted (part of RBs)                                 0
	Events Rolled Back                                           0
	Event Ties Detected in PE Queues                             0
	Efficiency                                              100.00 %
	Total Remote (shared mem) Events Processed                   0
	Percent Remote Events                                     0.00 %
	Total Remote (network) Events Processed                      0
	Percent Remote Events                                     0.00 %

	Total Roll Backs                                             0
	Primary Roll Backs                                           0
	Secondary Roll Backs                                         0
	Fossil Collect Attempts                                    114
	Total GVT Computations                                      19

	Net Events Processed                                      4614
	Event Rate (events/sec)                               701215.8
	Total Events Scheduled Past End Time                         0

TW Memory Statistics:
	Events Allocated                                        102065
	Memory Allocated                                         84481
	Memory Wasted                                              644

TW Network Statistics:
	Remote sends                                                 0
	Remote recvs                                                 0

TW Data Structure sizes in bytes (sizeof):
	PE struct                                                  624
	KP struct                                                  144
	LP struct                                                  136
	LP Model struct                                             40
	LP RNGs                                                     80
	Total LP                                                   256
	Event struct                                               152
	Event struct with Model                                    664

TW Clock Cycle Statistics (MAX values in secs at 0.5120 GHz):
	Initialization                                          0.1968
	Priority Queue (enq/deq)                                0.0007
	AVL Tree (insert/delete)                                0.0000
	LZ4 (de)compression                                     0.0000
	Buddy system                                            0.0000
	Event Processing                                        0.0048
	Event Cancel                                            0.0000
	Event Abort                                             0.0000

	GVT                                                     0.0065
	Fossil Collect                                          0.0003
	Primary Rollbacks                                       0.0000
	Network Read                                            0.0003
	Other Network                                           0.0000
	Instrumentation (computation)                           0.0000
	Instrumentation (write)                                 0.0000
	Total Time (Note: Using Running Time above for Speedup)      0.0066

TW GVT Statistics: MPI AllReduce
	GVT Interval                                                16
	GVT Real Time Interval (cycles)                    0
	GVT Real Time Interval (sec)                        0.00000000
	Batch Size                                                  16

	Forced GVT                                                   0
	Total GVT Computations                                      19
	Total All Reduce Calls                                      38
	Average Reduction / GVT                                   2.00
LP-IO: writing output to summit-loggp/32b/
LP-IO: data files:
   summit-loggp/32b/model-net-category-all
Job 0 Time 0.002114 s
