Iter 1
(gpu038:0,1)
(gpu039:2,3)
[0] MPI startup(): Multi-threaded optimized library
[0] MPID_nem_ofi_dump_providers(): Dumping Providers(first=0x675170 (psm2)):
[0] MPID_nem_ofi_dump_providers():   psm2
[0] MPID_nem_ofi_dump_providers():   verbs
[0] MPID_nem_ofi_dump_providers():   verbs;ofi_rxm
[0] MPID_nem_ofi_dump_providers():   sockets
[0] MPID_nem_ofi_dump_providers():   sockets
[0] MPID_nem_ofi_dump_providers():   sockets
[0] MPID_nem_ofi_init(): used OFI provider: psm2
[0] MPID_nem_ofi_init(): max_buffered_send 64
[0] MPID_nem_ofi_init(): max_msg_size 64
[0] MPID_nem_ofi_init(): rcd switchover 32768
[0] MPID_nem_ofi_init(): cq entries count 8
[0] MPID_nem_ofi_init(): MPID_REQUEST_PREALLOC 128
[3] MPI startup(): shm and ofi data transfer modes
[1] MPI startup(): shm and ofi data transfer modes
[2] MPI startup(): shm and ofi data transfer modes
[0] MPI startup(): shm and ofi data transfer modes
[0] MPI startup(): Rank    Pid      Node name                   Pin cpu
[0] MPI startup(): 0       2230     gpu038.pvt.bridges.psc.edu  {8,9,10,11,12,13,14,15,24,25,26,27,28,29,30,31}
[0] MPI startup(): 1       2231     gpu038.pvt.bridges.psc.edu  {0,1,2,3,4,5,6,7,16,17,18,19,20,21,22,23}
[0] MPI startup(): 2       2819     gpu039.pvt.bridges.psc.edu  {8,9,10,11,12,13,14,15,24,25,26,27,28,29,30,31}
[0] MPI startup(): 3       2820     gpu039.pvt.bridges.psc.edu  {0,1,2,3,4,5,6,7,16,17,18,19,20,21,22,23}
[0] MPI startup(): I_MPI_DEBUG=5
[0] MPI startup(): I_MPI_HYDRA_UUID=b0080000-c7dd-28cf-a794-0500db8a0a04
[0] MPI startup(): I_MPI_INFO_NUMA_NODE_MAP=hfi1_0:1
[0] MPI startup(): I_MPI_INFO_NUMA_NODE_NUM=2
[0] MPI startup(): I_MPI_PIN_MAPPING=2:0 8,1 0
[Rank 0] comp time: 1152.962 us, comm time: 673.816 us, total time: 2016930.819 us
[Rank 2] comp time: 1149.654 us, comm time: 671.281 us, total time: 2017296.076 us
[Rank 1] comp time: 1300.616 us, comm time: 687.038 us, total time: 2017861.843 us
[Rank 3] comp time: 1265.319 us, comm time: 683.797 us, total time: 2017850.876 us
Iter 2
(gpu038:0,1)
(gpu039:2,3)
[0] MPI startup(): Multi-threaded optimized library
[0] MPID_nem_ofi_dump_providers(): Dumping Providers(first=0x64f170 (psm2)):
[0] MPID_nem_ofi_dump_providers():   psm2
[0] MPID_nem_ofi_dump_providers():   verbs
[0] MPID_nem_ofi_dump_providers():   verbs;ofi_rxm
[0] MPID_nem_ofi_dump_providers():   sockets
[0] MPID_nem_ofi_dump_providers():   sockets
[0] MPID_nem_ofi_dump_providers():   sockets
[0] MPID_nem_ofi_init(): used OFI provider: psm2
[0] MPID_nem_ofi_init(): max_buffered_send 64
[0] MPID_nem_ofi_init(): max_msg_size 64
[0] MPID_nem_ofi_init(): rcd switchover 32768
[0] MPID_nem_ofi_init(): cq entries count 8
[0] MPID_nem_ofi_init(): MPID_REQUEST_PREALLOC 128
[3] MPI startup(): shm and ofi data transfer modes
[2] MPI startup(): shm and ofi data transfer modes
[1] MPI startup(): shm and ofi data transfer modes
[0] MPI startup(): shm and ofi data transfer modes
[0] MPI startup(): Rank    Pid      Node name                   Pin cpu
[0] MPI startup(): 0       2287     gpu038.pvt.bridges.psc.edu  {8,9,10,11,12,13,14,15,24,25,26,27,28,29,30,31}
[0] MPI startup(): 1       2288     gpu038.pvt.bridges.psc.edu  {0,1,2,3,4,5,6,7,16,17,18,19,20,21,22,23}
[0] MPI startup(): 2       2942     gpu039.pvt.bridges.psc.edu  {8,9,10,11,12,13,14,15,24,25,26,27,28,29,30,31}
[0] MPI startup(): 3       2943     gpu039.pvt.bridges.psc.edu  {0,1,2,3,4,5,6,7,16,17,18,19,20,21,22,23}
[0] MPI startup(): I_MPI_DEBUG=5
[0] MPI startup(): I_MPI_HYDRA_UUID=e9080000-3948-63cf-a794-0500db8a0a04
[0] MPI startup(): I_MPI_INFO_NUMA_NODE_MAP=hfi1_0:1
[0] MPI startup(): I_MPI_INFO_NUMA_NODE_NUM=2
[0] MPI startup(): I_MPI_PIN_MAPPING=2:0 8,1 0
[Rank 0] comp time: 1150.993 us, comm time: 671.822 us, total time: 2028867.960 us
[Rank 2] comp time: 1167.826 us, comm time: 669.007 us, total time: 2029902.935 us
[Rank 1] comp time: 1295.598 us, comm time: 686.334 us, total time: 2030472.040 us
[Rank 3] comp time: 1303.206 us, comm time: 682.706 us, total time: 2030785.084 us
Iter 3
(gpu038:0,1)
(gpu039:2,3)
[0] MPI startup(): Multi-threaded optimized library
[0] MPID_nem_ofi_dump_providers(): Dumping Providers(first=0x85a170 (psm2)):
[0] MPID_nem_ofi_dump_providers():   psm2
[0] MPID_nem_ofi_dump_providers():   verbs
[0] MPID_nem_ofi_dump_providers():   verbs;ofi_rxm
[0] MPID_nem_ofi_dump_providers():   sockets
[0] MPID_nem_ofi_dump_providers():   sockets
[0] MPID_nem_ofi_dump_providers():   sockets
[0] MPID_nem_ofi_init(): used OFI provider: psm2
[0] MPID_nem_ofi_init(): max_buffered_send 64
[0] MPID_nem_ofi_init(): max_msg_size 64
[0] MPID_nem_ofi_init(): rcd switchover 32768
[0] MPID_nem_ofi_init(): cq entries count 8
[0] MPID_nem_ofi_init(): MPID_REQUEST_PREALLOC 128
[1] MPI startup(): shm and ofi data transfer modes
[3] MPI startup(): shm and ofi data transfer modes
[0] MPI startup(): shm and ofi data transfer modes
[2] MPI startup(): shm and ofi data transfer modes
[0] MPI startup(): Rank    Pid      Node name                   Pin cpu
[0] MPI startup(): 0       2343     gpu038.pvt.bridges.psc.edu  {8,9,10,11,12,13,14,15,24,25,26,27,28,29,30,31}
[0] MPI startup(): 1       2344     gpu038.pvt.bridges.psc.edu  {0,1,2,3,4,5,6,7,16,17,18,19,20,21,22,23}
[0] MPI startup(): 2       3063     gpu039.pvt.bridges.psc.edu  {8,9,10,11,12,13,14,15,24,25,26,27,28,29,30,31}
[0] MPI startup(): 3       3064     gpu039.pvt.bridges.psc.edu  {0,1,2,3,4,5,6,7,16,17,18,19,20,21,22,23}
[0] MPI startup(): I_MPI_DEBUG=5
[0] MPI startup(): I_MPI_HYDRA_UUID=21090000-fd1a-9ecf-a794-0500db8a0a04
[0] MPI startup(): I_MPI_INFO_NUMA_NODE_MAP=hfi1_0:1
[0] MPI startup(): I_MPI_INFO_NUMA_NODE_NUM=2
[0] MPI startup(): I_MPI_PIN_MAPPING=2:0 8,1 0
[Rank 0] comp time: 1147.655 us, comm time: 672.953 us, total time: 2014306.068 us
[Rank 2] comp time: 1145.916 us, comm time: 669.882 us, total time: 2014503.956 us
[Rank 1] comp time: 1299.234 us, comm time: 687.135 us, total time: 2014632.225 us
[Rank 3] comp time: 1275.761 us, comm time: 683.511 us, total time: 2014635.086 us
Iter 4
(gpu038:0,1)
(gpu039:2,3)
[0] MPI startup(): Multi-threaded optimized library
[0] MPID_nem_ofi_dump_providers(): Dumping Providers(first=0x1759170 (psm2)):
[0] MPID_nem_ofi_dump_providers():   psm2
[0] MPID_nem_ofi_dump_providers():   verbs
[0] MPID_nem_ofi_dump_providers():   verbs;ofi_rxm
[0] MPID_nem_ofi_dump_providers():   sockets
[0] MPID_nem_ofi_dump_providers():   sockets
[0] MPID_nem_ofi_dump_providers():   sockets
[0] MPID_nem_ofi_init(): used OFI provider: psm2
[0] MPID_nem_ofi_init(): max_buffered_send 64
[0] MPID_nem_ofi_init(): max_msg_size 64
[0] MPID_nem_ofi_init(): rcd switchover 32768
[0] MPID_nem_ofi_init(): cq entries count 8
[0] MPID_nem_ofi_init(): MPID_REQUEST_PREALLOC 128
[3] MPI startup(): shm and ofi data transfer modes
[2] MPI startup(): shm and ofi data transfer modes
[1] MPI startup(): shm and ofi data transfer modes
[0] MPI startup(): shm and ofi data transfer modes
[0] MPI startup(): Rank    Pid      Node name                   Pin cpu
[0] MPI startup(): 0       2399     gpu038.pvt.bridges.psc.edu  {8,9,10,11,12,13,14,15,24,25,26,27,28,29,30,31}
[0] MPI startup(): 1       2400     gpu038.pvt.bridges.psc.edu  {0,1,2,3,4,5,6,7,16,17,18,19,20,21,22,23}
[0] MPI startup(): 2       3185     gpu039.pvt.bridges.psc.edu  {8,9,10,11,12,13,14,15,24,25,26,27,28,29,30,31}
[0] MPI startup(): 3       3186     gpu039.pvt.bridges.psc.edu  {0,1,2,3,4,5,6,7,16,17,18,19,20,21,22,23}
[0] MPI startup(): I_MPI_DEBUG=5
[0] MPI startup(): I_MPI_HYDRA_UUID=59090000-e879-d8cf-a794-0500db8a0a04
[0] MPI startup(): I_MPI_INFO_NUMA_NODE_MAP=hfi1_0:1
[0] MPI startup(): I_MPI_INFO_NUMA_NODE_NUM=2
[0] MPI startup(): I_MPI_PIN_MAPPING=2:0 8,1 0
[Rank 0] comp time: 1152.470 us, comm time: 672.645 us, total time: 2019588.947 us
[Rank 2] comp time: 1150.223 us, comm time: 670.112 us, total time: 2019832.850 us
[Rank 1] comp time: 1304.165 us, comm time: 687.006 us, total time: 2020447.016 us
[Rank 3] comp time: 1270.234 us, comm time: 683.822 us, total time: 2020653.009 us
Iter 5
(gpu038:0,1)
(gpu039:2,3)
[0] MPI startup(): Multi-threaded optimized library
[0] MPID_nem_ofi_dump_providers(): Dumping Providers(first=0xc14170 (psm2)):
[0] MPID_nem_ofi_dump_providers():   psm2
[0] MPID_nem_ofi_dump_providers():   verbs
[0] MPID_nem_ofi_dump_providers():   verbs;ofi_rxm
[0] MPID_nem_ofi_dump_providers():   sockets
[0] MPID_nem_ofi_dump_providers():   sockets
[0] MPID_nem_ofi_dump_providers():   sockets
[0] MPID_nem_ofi_init(): used OFI provider: psm2
[0] MPID_nem_ofi_init(): max_buffered_send 64
[0] MPID_nem_ofi_init(): max_msg_size 64
[0] MPID_nem_ofi_init(): rcd switchover 32768
[0] MPID_nem_ofi_init(): cq entries count 8
[0] MPID_nem_ofi_init(): MPID_REQUEST_PREALLOC 128
[3] MPI startup(): shm and ofi data transfer modes
[1] MPI startup(): shm and ofi data transfer modes
[2] MPI startup(): shm and ofi data transfer modes
[0] MPI startup(): shm and ofi data transfer modes
[0] MPI startup(): Rank    Pid      Node name                   Pin cpu
[0] MPI startup(): 0       2455     gpu038.pvt.bridges.psc.edu  {8,9,10,11,12,13,14,15,24,25,26,27,28,29,30,31}
[0] MPI startup(): 1       2456     gpu038.pvt.bridges.psc.edu  {0,1,2,3,4,5,6,7,16,17,18,19,20,21,22,23}
[0] MPI startup(): 2       3306     gpu039.pvt.bridges.psc.edu  {8,9,10,11,12,13,14,15,24,25,26,27,28,29,30,31}
[0] MPI startup(): 3       3307     gpu039.pvt.bridges.psc.edu  {0,1,2,3,4,5,6,7,16,17,18,19,20,21,22,23}
[0] MPI startup(): I_MPI_DEBUG=5
[0] MPI startup(): I_MPI_HYDRA_UUID=91090000-e717-13d0-a794-0500db8a0a04
[0] MPI startup(): I_MPI_INFO_NUMA_NODE_MAP=hfi1_0:1
[0] MPI startup(): I_MPI_INFO_NUMA_NODE_NUM=2
[0] MPI startup(): I_MPI_PIN_MAPPING=2:0 8,1 0
[Rank 0] comp time: 1147.500 us, comm time: 673.733 us, total time: 2015238.047 us
[Rank 1] comp time: 1298.309 us, comm time: 687.085 us, total time: 2016154.051 us
[Rank 2] comp time: 1147.710 us, comm time: 670.588 us, total time: 2015317.917 us
[Rank 3] comp time: 1283.219 us, comm time: 683.615 us, total time: 2016419.888 us
Iter 6
(gpu038:0,1)
(gpu039:2,3)
[0] MPI startup(): Multi-threaded optimized library
[0] MPID_nem_ofi_dump_providers(): Dumping Providers(first=0x2402170 (psm2)):
[0] MPID_nem_ofi_dump_providers():   psm2
[0] MPID_nem_ofi_dump_providers():   verbs
[0] MPID_nem_ofi_dump_providers():   verbs;ofi_rxm
[0] MPID_nem_ofi_dump_providers():   sockets
[0] MPID_nem_ofi_dump_providers():   sockets
[0] MPID_nem_ofi_dump_providers():   sockets
[0] MPID_nem_ofi_init(): used OFI provider: psm2
[0] MPID_nem_ofi_init(): max_buffered_send 64
[0] MPID_nem_ofi_init(): max_msg_size 64
[0] MPID_nem_ofi_init(): rcd switchover 32768
[0] MPID_nem_ofi_init(): cq entries count 8
[0] MPID_nem_ofi_init(): MPID_REQUEST_PREALLOC 128
[3] MPI startup(): shm and ofi data transfer modes
[2] MPI startup(): shm and ofi data transfer modes
[0] MPI startup(): shm and ofi data transfer modes
[1] MPI startup(): shm and ofi data transfer modes
[0] MPI startup(): Rank    Pid      Node name                   Pin cpu
[0] MPI startup(): 0       2514     gpu038.pvt.bridges.psc.edu  {8,9,10,11,12,13,14,15,24,25,26,27,28,29,30,31}
[0] MPI startup(): 1       2515     gpu038.pvt.bridges.psc.edu  {0,1,2,3,4,5,6,7,16,17,18,19,20,21,22,23}
[0] MPI startup(): 2       3476     gpu039.pvt.bridges.psc.edu  {8,9,10,11,12,13,14,15,24,25,26,27,28,29,30,31}
[0] MPI startup(): 3       3477     gpu039.pvt.bridges.psc.edu  {0,1,2,3,4,5,6,7,16,17,18,19,20,21,22,23}
[0] MPI startup(): I_MPI_DEBUG=5
[0] MPI startup(): I_MPI_HYDRA_UUID=cc090000-3889-4dd0-a794-0500db8a0a04
[0] MPI startup(): I_MPI_INFO_NUMA_NODE_MAP=hfi1_0:1
[0] MPI startup(): I_MPI_INFO_NUMA_NODE_NUM=2
[0] MPI startup(): I_MPI_PIN_MAPPING=2:0 8,1 0
[Rank 0] comp time: 1161.422 us, comm time: 674.676 us, total time: 2030234.814 us
[Rank 2] comp time: 1146.356 us, comm time: 671.450 us, total time: 2030502.081 us
[Rank 1] comp time: 1311.945 us, comm time: 688.837 us, total time: 2030212.879 us
[Rank 3] comp time: 1283.226 us, comm time: 685.060 us, total time: 2030704.021 us
Iter 7
(gpu038:0,1)
(gpu039:2,3)
[0] MPI startup(): Multi-threaded optimized library
[0] MPID_nem_ofi_dump_providers(): Dumping Providers(first=0x142d170 (psm2)):
[0] MPID_nem_ofi_dump_providers():   psm2
[0] MPID_nem_ofi_dump_providers():   verbs
[0] MPID_nem_ofi_dump_providers():   verbs;ofi_rxm
[0] MPID_nem_ofi_dump_providers():   sockets
[0] MPID_nem_ofi_dump_providers():   sockets
[0] MPID_nem_ofi_dump_providers():   sockets
[0] MPID_nem_ofi_init(): used OFI provider: psm2
[0] MPID_nem_ofi_init(): max_buffered_send 64
[0] MPID_nem_ofi_init(): max_msg_size 64
[0] MPID_nem_ofi_init(): rcd switchover 32768
[0] MPID_nem_ofi_init(): cq entries count 8
[0] MPID_nem_ofi_init(): MPID_REQUEST_PREALLOC 128
[3] MPI startup(): shm and ofi data transfer modes
[2] MPI startup(): shm and ofi data transfer modes
[1] MPI startup(): shm and ofi data transfer modes
[0] MPI startup(): shm and ofi data transfer modes
[0] MPI startup(): Rank    Pid      Node name                   Pin cpu
[0] MPI startup(): 0       2619     gpu038.pvt.bridges.psc.edu  {8,9,10,11,12,13,14,15,24,25,26,27,28,29,30,31}
[0] MPI startup(): 1       2620     gpu038.pvt.bridges.psc.edu  {0,1,2,3,4,5,6,7,16,17,18,19,20,21,22,23}
[0] MPI startup(): 2       3599     gpu039.pvt.bridges.psc.edu  {8,9,10,11,12,13,14,15,24,25,26,27,28,29,30,31}
[0] MPI startup(): 3       3600     gpu039.pvt.bridges.psc.edu  {0,1,2,3,4,5,6,7,16,17,18,19,20,21,22,23}
[0] MPI startup(): I_MPI_DEBUG=5
[0] MPI startup(): I_MPI_HYDRA_UUID=350a0000-2220-88d0-a794-0500db8a0a04
[0] MPI startup(): I_MPI_INFO_NUMA_NODE_MAP=hfi1_0:1
[0] MPI startup(): I_MPI_INFO_NUMA_NODE_NUM=2
[0] MPI startup(): I_MPI_PIN_MAPPING=2:0 8,1 0
[Rank 0] comp time: 1147.687 us, comm time: 673.048 us, total time: 2018321.037 us
[Rank 2] comp time: 1148.420 us, comm time: 670.284 us, total time: 2019604.921 us
[Rank 1] comp time: 1300.507 us, comm time: 687.195 us, total time: 2020210.028 us
[Rank 3] comp time: 1281.931 us, comm time: 683.959 us, total time: 2020344.019 us
Iter 8
(gpu038:0,1)
(gpu039:2,3)
[0] MPI startup(): Multi-threaded optimized library
[0] MPID_nem_ofi_dump_providers(): Dumping Providers(first=0x1fe6170 (psm2)):
[0] MPID_nem_ofi_dump_providers():   psm2
[0] MPID_nem_ofi_dump_providers():   verbs
[0] MPID_nem_ofi_dump_providers():   verbs;ofi_rxm
[0] MPID_nem_ofi_dump_providers():   sockets
[0] MPID_nem_ofi_dump_providers():   sockets
[0] MPID_nem_ofi_dump_providers():   sockets
[0] MPID_nem_ofi_init(): used OFI provider: psm2
[0] MPID_nem_ofi_init(): max_buffered_send 64
[0] MPID_nem_ofi_init(): max_msg_size 64
[0] MPID_nem_ofi_init(): rcd switchover 32768
[0] MPID_nem_ofi_init(): cq entries count 8
[0] MPID_nem_ofi_init(): MPID_REQUEST_PREALLOC 128
[3] MPI startup(): shm and ofi data transfer modes
[2] MPI startup(): shm and ofi data transfer modes
[0] MPI startup(): shm and ofi data transfer modes
[1] MPI startup(): shm and ofi data transfer modes
[0] MPI startup(): Rank    Pid      Node name                   Pin cpu
[0] MPI startup(): 0       2676     gpu038.pvt.bridges.psc.edu  {8,9,10,11,12,13,14,15,24,25,26,27,28,29,30,31}
[0] MPI startup(): 1       2677     gpu038.pvt.bridges.psc.edu  {0,1,2,3,4,5,6,7,16,17,18,19,20,21,22,23}
[0] MPI startup(): 2       3720     gpu039.pvt.bridges.psc.edu  {8,9,10,11,12,13,14,15,24,25,26,27,28,29,30,31}
[0] MPI startup(): 3       3721     gpu039.pvt.bridges.psc.edu  {0,1,2,3,4,5,6,7,16,17,18,19,20,21,22,23}
[0] MPI startup(): I_MPI_DEBUG=5
[0] MPI startup(): I_MPI_HYDRA_UUID=6e0a0000-edbf-c2d0-a794-0500db8a0a04
[0] MPI startup(): I_MPI_INFO_NUMA_NODE_MAP=hfi1_0:1
[0] MPI startup(): I_MPI_INFO_NUMA_NODE_NUM=2
[0] MPI startup(): I_MPI_PIN_MAPPING=2:0 8,1 0
[Rank 0] comp time: 1149.921 us, comm time: 672.060 us, total time: 2005837.202 us
[Rank 1] comp time: 1290.039 us, comm time: 685.527 us, total time: 2006888.151 us
[Rank 2] comp time: 1151.052 us, comm time: 669.490 us, total time: 2006387.949 us
[Rank 3] comp time: 1272.268 us, comm time: 682.629 us, total time: 2006989.956 us
Iter 9
(gpu038:0,1)
(gpu039:2,3)
[0] MPI startup(): Multi-threaded optimized library
[0] MPID_nem_ofi_dump_providers(): Dumping Providers(first=0xc05170 (psm2)):
[0] MPID_nem_ofi_dump_providers():   psm2
[0] MPID_nem_ofi_dump_providers():   verbs
[0] MPID_nem_ofi_dump_providers():   verbs;ofi_rxm
[0] MPID_nem_ofi_dump_providers():   sockets
[0] MPID_nem_ofi_dump_providers():   sockets
[0] MPID_nem_ofi_dump_providers():   sockets
[0] MPID_nem_ofi_init(): used OFI provider: psm2
[0] MPID_nem_ofi_init(): max_buffered_send 64
[0] MPID_nem_ofi_init(): max_msg_size 64
[0] MPID_nem_ofi_init(): rcd switchover 32768
[0] MPID_nem_ofi_init(): cq entries count 8
[0] MPID_nem_ofi_init(): MPID_REQUEST_PREALLOC 128
[3] MPI startup(): shm and ofi data transfer modes
[2] MPI startup(): shm and ofi data transfer modes
[1] MPI startup(): shm and ofi data transfer modes
[0] MPI startup(): shm and ofi data transfer modes
[0] MPI startup(): Rank    Pid      Node name                   Pin cpu
[0] MPI startup(): 0       2737     gpu038.pvt.bridges.psc.edu  {8,9,10,11,12,13,14,15,24,25,26,27,28,29,30,31}
[0] MPI startup(): 1       2738     gpu038.pvt.bridges.psc.edu  {0,1,2,3,4,5,6,7,16,17,18,19,20,21,22,23}
[0] MPI startup(): 2       3841     gpu039.pvt.bridges.psc.edu  {8,9,10,11,12,13,14,15,24,25,26,27,28,29,30,31}
[0] MPI startup(): 3       3842     gpu039.pvt.bridges.psc.edu  {0,1,2,3,4,5,6,7,16,17,18,19,20,21,22,23}
[0] MPI startup(): I_MPI_DEBUG=5
[0] MPI startup(): I_MPI_HYDRA_UUID=aa0a0000-c90b-fdd0-a794-0500db8a0a04
[0] MPI startup(): I_MPI_INFO_NUMA_NODE_MAP=hfi1_0:1
[0] MPI startup(): I_MPI_INFO_NUMA_NODE_NUM=2
[0] MPI startup(): I_MPI_PIN_MAPPING=2:0 8,1 0
[Rank 0] comp time: 1146.394 us, comm time: 676.612 us, total time: 2013833.046 us
[Rank 2] comp time: 1147.057 us, comm time: 673.877 us, total time: 2014261.007 us
[Rank 1] comp time: 1294.100 us, comm time: 688.731 us, total time: 2014611.959 us
[Rank 3] comp time: 1279.122 us, comm time: 685.586 us, total time: 2015090.942 us
Iter 10
(gpu038:0,1)
(gpu039:2,3)
[0] MPI startup(): Multi-threaded optimized library
[0] MPID_nem_ofi_dump_providers(): Dumping Providers(first=0x1018170 (psm2)):
[0] MPID_nem_ofi_dump_providers():   psm2
[0] MPID_nem_ofi_dump_providers():   verbs
[0] MPID_nem_ofi_dump_providers():   verbs;ofi_rxm
[0] MPID_nem_ofi_dump_providers():   sockets
[0] MPID_nem_ofi_dump_providers():   sockets
[0] MPID_nem_ofi_dump_providers():   sockets
[0] MPID_nem_ofi_init(): used OFI provider: psm2
[0] MPID_nem_ofi_init(): max_buffered_send 64
[0] MPID_nem_ofi_init(): max_msg_size 64
[0] MPID_nem_ofi_init(): rcd switchover 32768
[0] MPID_nem_ofi_init(): cq entries count 8
[0] MPID_nem_ofi_init(): MPID_REQUEST_PREALLOC 128
[1] MPI startup(): shm and ofi data transfer modes
[3] MPI startup(): shm and ofi data transfer modes
[2] MPI startup(): shm and ofi data transfer modes
[0] MPI startup(): shm and ofi data transfer modes
[0] MPI startup(): Rank    Pid      Node name                   Pin cpu
[0] MPI startup(): 0       2802     gpu038.pvt.bridges.psc.edu  {8,9,10,11,12,13,14,15,24,25,26,27,28,29,30,31}
[0] MPI startup(): 1       2803     gpu038.pvt.bridges.psc.edu  {0,1,2,3,4,5,6,7,16,17,18,19,20,21,22,23}
[0] MPI startup(): 2       3963     gpu039.pvt.bridges.psc.edu  {8,9,10,11,12,13,14,15,24,25,26,27,28,29,30,31}
[0] MPI startup(): 3       3964     gpu039.pvt.bridges.psc.edu  {0,1,2,3,4,5,6,7,16,17,18,19,20,21,22,23}
[0] MPI startup(): I_MPI_DEBUG=5
[0] MPI startup(): I_MPI_HYDRA_UUID=ec0a0000-d56a-37d1-a794-0500db8a0a04
[0] MPI startup(): I_MPI_INFO_NUMA_NODE_MAP=hfi1_0:1
[0] MPI startup(): I_MPI_INFO_NUMA_NODE_NUM=2
[0] MPI startup(): I_MPI_PIN_MAPPING=2:0 8,1 0
[Rank 0] comp time: 1151.283 us, comm time: 672.355 us, total time: 2017309.904 us
[Rank 2] comp time: 1150.000 us, comm time: 669.830 us, total time: 2017509.937 us
[Rank 1] comp time: 1301.718 us, comm time: 685.881 us, total time: 2017565.966 us
[Rank 3] comp time: 1273.021 us, comm time: 682.852 us, total time: 2017614.126 us
