Iter 1
(gpu038:0,1)
(gpu039:2,3)
[0] MPI startup(): Multi-threaded optimized library
[0] MPID_nem_ofi_dump_providers(): Dumping Providers(first=0x17b2170 (psm2)):
[0] MPID_nem_ofi_dump_providers():   psm2
[0] MPID_nem_ofi_dump_providers():   verbs
[0] MPID_nem_ofi_dump_providers():   verbs;ofi_rxm
[0] MPID_nem_ofi_dump_providers():   sockets
[0] MPID_nem_ofi_dump_providers():   sockets
[0] MPID_nem_ofi_dump_providers():   sockets
[0] MPID_nem_ofi_init(): used OFI provider: psm2
[0] MPID_nem_ofi_init(): max_buffered_send 64
[0] MPID_nem_ofi_init(): max_msg_size 64
[0] MPID_nem_ofi_init(): rcd switchover 32768
[0] MPID_nem_ofi_init(): cq entries count 8
[0] MPID_nem_ofi_init(): MPID_REQUEST_PREALLOC 128
[3] MPI startup(): shm and ofi data transfer modes
[1] MPI startup(): shm and ofi data transfer modes
[2] MPI startup(): shm and ofi data transfer modes
[0] MPI startup(): shm and ofi data transfer modes
[0] MPI startup(): Rank    Pid      Node name                   Pin cpu
[0] MPI startup(): 0       2860     gpu038.pvt.bridges.psc.edu  {8,9,10,11,12,13,14,15,24,25,26,27,28,29,30,31}
[0] MPI startup(): 1       2861     gpu038.pvt.bridges.psc.edu  {0,1,2,3,4,5,6,7,16,17,18,19,20,21,22,23}
[0] MPI startup(): 2       4086     gpu039.pvt.bridges.psc.edu  {8,9,10,11,12,13,14,15,24,25,26,27,28,29,30,31}
[0] MPI startup(): 3       4087     gpu039.pvt.bridges.psc.edu  {0,1,2,3,4,5,6,7,16,17,18,19,20,21,22,23}
[0] MPI startup(): I_MPI_DEBUG=5
[0] MPI startup(): I_MPI_HYDRA_UUID=260b0000-1205-72d1-a794-0500db8a0a04
[0] MPI startup(): I_MPI_INFO_NUMA_NODE_MAP=hfi1_0:1
[0] MPI startup(): I_MPI_INFO_NUMA_NODE_NUM=2
[0] MPI startup(): I_MPI_PIN_MAPPING=2:0 8,1 0
[Rank 0] comp time: 2297.954 us, comm time: 1339.966 us, total time: 3957530.022 us
[Rank 2] comp time: 2300.197 us, comm time: 1337.797 us, total time: 3957933.903 us
[Rank 1] comp time: 2550.194 us, comm time: 1352.599 us, total time: 3957753.181 us
[Rank 3] comp time: 2465.848 us, comm time: 1350.083 us, total time: 3958045.006 us
Iter 2
(gpu038:0,1)
(gpu039:2,3)
[0] MPI startup(): Multi-threaded optimized library
[0] MPID_nem_ofi_dump_providers(): Dumping Providers(first=0x1c49170 (psm2)):
[0] MPID_nem_ofi_dump_providers():   psm2
[0] MPID_nem_ofi_dump_providers():   verbs
[0] MPID_nem_ofi_dump_providers():   verbs;ofi_rxm
[0] MPID_nem_ofi_dump_providers():   sockets
[0] MPID_nem_ofi_dump_providers():   sockets
[0] MPID_nem_ofi_dump_providers():   sockets
[0] MPID_nem_ofi_init(): used OFI provider: psm2
[0] MPID_nem_ofi_init(): max_buffered_send 64
[0] MPID_nem_ofi_init(): max_msg_size 64
[0] MPID_nem_ofi_init(): rcd switchover 32768
[0] MPID_nem_ofi_init(): cq entries count 8
[0] MPID_nem_ofi_init(): MPID_REQUEST_PREALLOC 128
[3] MPI startup(): shm and ofi data transfer modes
[2] MPI startup(): shm and ofi data transfer modes
[0] MPI startup(): shm and ofi data transfer modes
[1] MPI startup(): shm and ofi data transfer modes
[0] MPI startup(): Rank    Pid      Node name                   Pin cpu
[0] MPI startup(): 0       2919     gpu038.pvt.bridges.psc.edu  {8,9,10,11,12,13,14,15,24,25,26,27,28,29,30,31}
[0] MPI startup(): 1       2920     gpu038.pvt.bridges.psc.edu  {0,1,2,3,4,5,6,7,16,17,18,19,20,21,22,23}
[0] MPI startup(): 2       4209     gpu039.pvt.bridges.psc.edu  {8,9,10,11,12,13,14,15,24,25,26,27,28,29,30,31}
[0] MPI startup(): 3       4210     gpu039.pvt.bridges.psc.edu  {0,1,2,3,4,5,6,7,16,17,18,19,20,21,22,23}
[0] MPI startup(): I_MPI_DEBUG=5
[0] MPI startup(): I_MPI_HYDRA_UUID=610b0000-593f-cad1-a794-0500db8a0a04
[0] MPI startup(): I_MPI_INFO_NUMA_NODE_MAP=hfi1_0:1
[0] MPI startup(): I_MPI_INFO_NUMA_NODE_NUM=2
[0] MPI startup(): I_MPI_PIN_MAPPING=2:0 8,1 0
[Rank 0] comp time: 2310.025 us, comm time: 1338.504 us, total time: 3955368.996 us
[Rank 2] comp time: 2291.563 us, comm time: 1336.945 us, total time: 3959053.040 us
[Rank 1] comp time: 2552.042 us, comm time: 1350.435 us, total time: 3958590.984 us
[Rank 3] comp time: 2501.138 us, comm time: 1348.522 us, total time: 3959449.053 us
Iter 3
(gpu038:0,1)
(gpu039:2,3)
[0] MPI startup(): Multi-threaded optimized library
[0] MPID_nem_ofi_dump_providers(): Dumping Providers(first=0x1f32170 (psm2)):
[0] MPID_nem_ofi_dump_providers():   psm2
[0] MPID_nem_ofi_dump_providers():   verbs
[0] MPID_nem_ofi_dump_providers():   verbs;ofi_rxm
[0] MPID_nem_ofi_dump_providers():   sockets
[0] MPID_nem_ofi_dump_providers():   sockets
[0] MPID_nem_ofi_dump_providers():   sockets
[0] MPID_nem_ofi_init(): used OFI provider: psm2
[0] MPID_nem_ofi_init(): max_buffered_send 64
[0] MPID_nem_ofi_init(): max_msg_size 64
[0] MPID_nem_ofi_init(): rcd switchover 32768
[0] MPID_nem_ofi_init(): cq entries count 8
[0] MPID_nem_ofi_init(): MPID_REQUEST_PREALLOC 128
[3] MPI startup(): shm and ofi data transfer modes
[2] MPI startup(): shm and ofi data transfer modes
[1] MPI startup(): shm and ofi data transfer modes
[0] MPI startup(): shm and ofi data transfer modes
[0] MPI startup(): Rank    Pid      Node name                   Pin cpu
[0] MPI startup(): 0       2976     gpu038.pvt.bridges.psc.edu  {8,9,10,11,12,13,14,15,24,25,26,27,28,29,30,31}
[0] MPI startup(): 1       2977     gpu038.pvt.bridges.psc.edu  {0,1,2,3,4,5,6,7,16,17,18,19,20,21,22,23}
[0] MPI startup(): 2       4336     gpu039.pvt.bridges.psc.edu  {8,9,10,11,12,13,14,15,24,25,26,27,28,29,30,31}
[0] MPI startup(): 3       4337     gpu039.pvt.bridges.psc.edu  {0,1,2,3,4,5,6,7,16,17,18,19,20,21,22,23}
[0] MPI startup(): I_MPI_DEBUG=5
[0] MPI startup(): I_MPI_HYDRA_UUID=9a0b0000-329e-22d2-a794-0500db8a0a04
[0] MPI startup(): I_MPI_INFO_NUMA_NODE_MAP=hfi1_0:1
[0] MPI startup(): I_MPI_INFO_NUMA_NODE_NUM=2
[0] MPI startup(): I_MPI_PIN_MAPPING=2:0 8,1 0
[Rank 0] comp time: 2296.381 us, comm time: 1337.299 us, total time: 3960880.995 us
[Rank 1] comp time: 2561.532 us, comm time: 1348.939 us, total time: 3961834.908 us
[Rank 2] comp time: 2298.132 us, comm time: 1335.692 us, total time: 3961339.951 us
[Rank 3] comp time: 2486.742 us, comm time: 1346.891 us, total time: 3962215.900 us
Iter 4
(gpu038:0,1)
(gpu039:2,3)
[0] MPI startup(): Multi-threaded optimized library
[0] MPID_nem_ofi_dump_providers(): Dumping Providers(first=0x83e170 (psm2)):
[0] MPID_nem_ofi_dump_providers():   psm2
[0] MPID_nem_ofi_dump_providers():   verbs
[0] MPID_nem_ofi_dump_providers():   verbs;ofi_rxm
[0] MPID_nem_ofi_dump_providers():   sockets
[0] MPID_nem_ofi_dump_providers():   sockets
[0] MPID_nem_ofi_dump_providers():   sockets
[0] MPID_nem_ofi_init(): used OFI provider: psm2
[0] MPID_nem_ofi_init(): max_buffered_send 64
[0] MPID_nem_ofi_init(): max_msg_size 64
[0] MPID_nem_ofi_init(): rcd switchover 32768
[0] MPID_nem_ofi_init(): cq entries count 8
[0] MPID_nem_ofi_init(): MPID_REQUEST_PREALLOC 128
[3] MPI startup(): shm and ofi data transfer modes
[2] MPI startup(): shm and ofi data transfer modes
[0] MPI startup(): shm and ofi data transfer modes
[1] MPI startup(): shm and ofi data transfer modes
[0] MPI startup(): Rank    Pid      Node name                   Pin cpu
[0] MPI startup(): 0       3034     gpu038.pvt.bridges.psc.edu  {8,9,10,11,12,13,14,15,24,25,26,27,28,29,30,31}
[0] MPI startup(): 1       3035     gpu038.pvt.bridges.psc.edu  {0,1,2,3,4,5,6,7,16,17,18,19,20,21,22,23}
[0] MPI startup(): 2       4459     gpu039.pvt.bridges.psc.edu  {8,9,10,11,12,13,14,15,24,25,26,27,28,29,30,31}
[0] MPI startup(): 3       4460     gpu039.pvt.bridges.psc.edu  {0,1,2,3,4,5,6,7,16,17,18,19,20,21,22,23}
[0] MPI startup(): I_MPI_DEBUG=5
[0] MPI startup(): I_MPI_HYDRA_UUID=d40b0000-3bd0-7ad2-a794-0500db8a0a04
[0] MPI startup(): I_MPI_INFO_NUMA_NODE_MAP=hfi1_0:1
[0] MPI startup(): I_MPI_INFO_NUMA_NODE_NUM=2
[0] MPI startup(): I_MPI_PIN_MAPPING=2:0 8,1 0
[Rank 0] comp time: 2306.204 us, comm time: 1338.753 us, total time: 3949151.993 us
[Rank 2] comp time: 2293.618 us, comm time: 1337.023 us, total time: 3949941.874 us
[Rank 1] comp time: 2548.358 us, comm time: 1350.320 us, total time: 3950397.968 us
[Rank 3] comp time: 2475.699 us, comm time: 1348.117 us, total time: 3950809.956 us
Iter 5
(gpu038:0,1)
(gpu039:2,3)
[0] MPI startup(): Multi-threaded optimized library
[0] MPID_nem_ofi_dump_providers(): Dumping Providers(first=0x1c81170 (psm2)):
[0] MPID_nem_ofi_dump_providers():   psm2
[0] MPID_nem_ofi_dump_providers():   verbs
[0] MPID_nem_ofi_dump_providers():   verbs;ofi_rxm
[0] MPID_nem_ofi_dump_providers():   sockets
[0] MPID_nem_ofi_dump_providers():   sockets
[0] MPID_nem_ofi_dump_providers():   sockets
[0] MPID_nem_ofi_init(): used OFI provider: psm2
[0] MPID_nem_ofi_init(): max_buffered_send 64
[0] MPID_nem_ofi_init(): max_msg_size 64
[0] MPID_nem_ofi_init(): rcd switchover 32768
[0] MPID_nem_ofi_init(): cq entries count 8
[0] MPID_nem_ofi_init(): MPID_REQUEST_PREALLOC 128
[3] MPI startup(): shm and ofi data transfer modes
[2] MPI startup(): shm and ofi data transfer modes
[1] MPI startup(): shm and ofi data transfer modes
[0] MPI startup(): shm and ofi data transfer modes
[0] MPI startup(): Rank    Pid      Node name                   Pin cpu
[0] MPI startup(): 0       3092     gpu038.pvt.bridges.psc.edu  {8,9,10,11,12,13,14,15,24,25,26,27,28,29,30,31}
[0] MPI startup(): 1       3093     gpu038.pvt.bridges.psc.edu  {0,1,2,3,4,5,6,7,16,17,18,19,20,21,22,23}
[0] MPI startup(): 2       4588     gpu039.pvt.bridges.psc.edu  {8,9,10,11,12,13,14,15,24,25,26,27,28,29,30,31}
[0] MPI startup(): 3       4589     gpu039.pvt.bridges.psc.edu  {0,1,2,3,4,5,6,7,16,17,18,19,20,21,22,23}
[0] MPI startup(): I_MPI_DEBUG=5
[0] MPI startup(): I_MPI_HYDRA_UUID=0e0c0000-e7e7-d2d2-a794-0500db8a0a04
[0] MPI startup(): I_MPI_INFO_NUMA_NODE_MAP=hfi1_0:1
[0] MPI startup(): I_MPI_INFO_NUMA_NODE_NUM=2
[0] MPI startup(): I_MPI_PIN_MAPPING=2:0 8,1 0
[Rank 0] comp time: 2311.326 us, comm time: 1339.381 us, total time: 3961240.053 us
[Rank 2] comp time: 2298.163 us, comm time: 1337.153 us, total time: 3962493.181 us
[Rank 1] comp time: 2559.165 us, comm time: 1350.564 us, total time: 3961026.907 us
[Rank 3] comp time: 2491.307 us, comm time: 1348.110 us, total time: 3963292.837 us
Iter 6
(gpu038:0,1)
(gpu039:2,3)
[0] MPI startup(): Multi-threaded optimized library
[0] MPID_nem_ofi_dump_providers(): Dumping Providers(first=0xa4f170 (psm2)):
[0] MPID_nem_ofi_dump_providers():   psm2
[0] MPID_nem_ofi_dump_providers():   verbs
[0] MPID_nem_ofi_dump_providers():   verbs;ofi_rxm
[0] MPID_nem_ofi_dump_providers():   sockets
[0] MPID_nem_ofi_dump_providers():   sockets
[0] MPID_nem_ofi_dump_providers():   sockets
[0] MPID_nem_ofi_init(): used OFI provider: psm2
[0] MPID_nem_ofi_init(): max_buffered_send 64
[0] MPID_nem_ofi_init(): max_msg_size 64
[0] MPID_nem_ofi_init(): rcd switchover 32768
[0] MPID_nem_ofi_init(): cq entries count 8
[0] MPID_nem_ofi_init(): MPID_REQUEST_PREALLOC 128
[3] MPI startup(): shm and ofi data transfer modes
[2] MPI startup(): shm and ofi data transfer modes
[0] MPI startup(): shm and ofi data transfer modes
[1] MPI startup(): shm and ofi data transfer modes
[0] MPI startup(): Rank    Pid      Node name                   Pin cpu
[0] MPI startup(): 0       3155     gpu038.pvt.bridges.psc.edu  {8,9,10,11,12,13,14,15,24,25,26,27,28,29,30,31}
[0] MPI startup(): 1       3156     gpu038.pvt.bridges.psc.edu  {0,1,2,3,4,5,6,7,16,17,18,19,20,21,22,23}
[0] MPI startup(): 2       4725     gpu039.pvt.bridges.psc.edu  {8,9,10,11,12,13,14,15,24,25,26,27,28,29,30,31}
[0] MPI startup(): 3       4726     gpu039.pvt.bridges.psc.edu  {0,1,2,3,4,5,6,7,16,17,18,19,20,21,22,23}
[0] MPI startup(): I_MPI_DEBUG=5
[0] MPI startup(): I_MPI_HYDRA_UUID=4d0c0000-5607-2bd3-a794-0500db8a0a04
[0] MPI startup(): I_MPI_INFO_NUMA_NODE_MAP=hfi1_0:1
[0] MPI startup(): I_MPI_INFO_NUMA_NODE_NUM=2
[0] MPI startup(): I_MPI_PIN_MAPPING=2:0 8,1 0
[Rank 0] comp time: 2299.778 us, comm time: 1336.906 us, total time: 3962428.093 us
[Rank 2] comp time: 2299.705 us, comm time: 1335.044 us, total time: 3962713.003 us
[Rank 1] comp time: 2559.445 us, comm time: 1349.045 us, total time: 3963191.986 us
[Rank 3] comp time: 2493.823 us, comm time: 1347.158 us, total time: 3961509.228 us
Iter 7
(gpu038:0,1)
(gpu039:2,3)
[0] MPI startup(): Multi-threaded optimized library
[0] MPID_nem_ofi_dump_providers(): Dumping Providers(first=0x12e8170 (psm2)):
[0] MPID_nem_ofi_dump_providers():   psm2
[0] MPID_nem_ofi_dump_providers():   verbs
[0] MPID_nem_ofi_dump_providers():   verbs;ofi_rxm
[0] MPID_nem_ofi_dump_providers():   sockets
[0] MPID_nem_ofi_dump_providers():   sockets
[0] MPID_nem_ofi_dump_providers():   sockets
[0] MPID_nem_ofi_init(): used OFI provider: psm2
[0] MPID_nem_ofi_init(): max_buffered_send 64
[0] MPID_nem_ofi_init(): max_msg_size 64
[0] MPID_nem_ofi_init(): rcd switchover 32768
[0] MPID_nem_ofi_init(): cq entries count 8
[0] MPID_nem_ofi_init(): MPID_REQUEST_PREALLOC 128
[3] MPI startup(): shm and ofi data transfer modes
[2] MPI startup(): shm and ofi data transfer modes
[1] MPI startup(): shm and ofi data transfer modes
[0] MPI startup(): shm and ofi data transfer modes
[0] MPI startup(): Rank    Pid      Node name                   Pin cpu
[0] MPI startup(): 0       3214     gpu038.pvt.bridges.psc.edu  {8,9,10,11,12,13,14,15,24,25,26,27,28,29,30,31}
[0] MPI startup(): 1       3215     gpu038.pvt.bridges.psc.edu  {0,1,2,3,4,5,6,7,16,17,18,19,20,21,22,23}
[0] MPI startup(): 2       4853     gpu039.pvt.bridges.psc.edu  {8,9,10,11,12,13,14,15,24,25,26,27,28,29,30,31}
[0] MPI startup(): 3       4854     gpu039.pvt.bridges.psc.edu  {0,1,2,3,4,5,6,7,16,17,18,19,20,21,22,23}
[0] MPI startup(): I_MPI_DEBUG=5
[0] MPI startup(): I_MPI_HYDRA_UUID=880c0000-1f66-83d3-a794-0500db8a0a04
[0] MPI startup(): I_MPI_INFO_NUMA_NODE_MAP=hfi1_0:1
[0] MPI startup(): I_MPI_INFO_NUMA_NODE_NUM=2
[0] MPI startup(): I_MPI_PIN_MAPPING=2:0 8,1 0
[Rank 0] comp time: 2303.411 us, comm time: 1339.061 us, total time: 3938921.928 us
[Rank 2] comp time: 2300.161 us, comm time: 1337.301 us, total time: 3939280.987 us
[Rank 1] comp time: 2536.263 us, comm time: 1350.109 us, total time: 3939777.136 us
[Rank 3] comp time: 2462.083 us, comm time: 1348.164 us, total time: 3940104.008 us
Iter 8
(gpu038:0,1)
(gpu039:2,3)
[0] MPI startup(): Multi-threaded optimized library
[0] MPID_nem_ofi_dump_providers(): Dumping Providers(first=0x1bfa170 (psm2)):
[0] MPID_nem_ofi_dump_providers():   psm2
[0] MPID_nem_ofi_dump_providers():   verbs
[0] MPID_nem_ofi_dump_providers():   verbs;ofi_rxm
[0] MPID_nem_ofi_dump_providers():   sockets
[0] MPID_nem_ofi_dump_providers():   sockets
[0] MPID_nem_ofi_dump_providers():   sockets
[0] MPID_nem_ofi_init(): used OFI provider: psm2
[0] MPID_nem_ofi_init(): max_buffered_send 64
[0] MPID_nem_ofi_init(): max_msg_size 64
[0] MPID_nem_ofi_init(): rcd switchover 32768
[0] MPID_nem_ofi_init(): cq entries count 8
[0] MPID_nem_ofi_init(): MPID_REQUEST_PREALLOC 128
[3] MPI startup(): shm and ofi data transfer modes
[1] MPI startup(): shm and ofi data transfer modes
[2] MPI startup(): shm and ofi data transfer modes
[0] MPI startup(): shm and ofi data transfer modes
[0] MPI startup(): Rank    Pid      Node name                   Pin cpu
[0] MPI startup(): 0       3273     gpu038.pvt.bridges.psc.edu  {8,9,10,11,12,13,14,15,24,25,26,27,28,29,30,31}
[0] MPI startup(): 1       3274     gpu038.pvt.bridges.psc.edu  {0,1,2,3,4,5,6,7,16,17,18,19,20,21,22,23}
[0] MPI startup(): 2       4990     gpu039.pvt.bridges.psc.edu  {8,9,10,11,12,13,14,15,24,25,26,27,28,29,30,31}
[0] MPI startup(): 3       4991     gpu039.pvt.bridges.psc.edu  {0,1,2,3,4,5,6,7,16,17,18,19,20,21,22,23}
[0] MPI startup(): I_MPI_DEBUG=5
[0] MPI startup(): I_MPI_HYDRA_UUID=c20c0000-8870-dbd3-a794-0500db8a0a04
[0] MPI startup(): I_MPI_INFO_NUMA_NODE_MAP=hfi1_0:1
[0] MPI startup(): I_MPI_INFO_NUMA_NODE_NUM=2
[0] MPI startup(): I_MPI_PIN_MAPPING=2:0 8,1 0
[Rank 0] comp time: 2303.812 us, comm time: 1342.751 us, total time: 3948492.050 us
[Rank 2] comp time: 2309.727 us, comm time: 1341.123 us, total time: 3948558.092 us
[Rank 1] comp time: 2543.785 us, comm time: 1353.396 us, total time: 3948706.150 us
[Rank 3] comp time: 2514.917 us, comm time: 1351.048 us, total time: 3949093.103 us
Iter 9
(gpu038:0,1)
(gpu039:2,3)
[0] MPI startup(): Multi-threaded optimized library
[0] MPID_nem_ofi_dump_providers(): Dumping Providers(first=0x220d170 (psm2)):
[0] MPID_nem_ofi_dump_providers():   psm2
[0] MPID_nem_ofi_dump_providers():   verbs
[0] MPID_nem_ofi_dump_providers():   verbs;ofi_rxm
[0] MPID_nem_ofi_dump_providers():   sockets
[0] MPID_nem_ofi_dump_providers():   sockets
[0] MPID_nem_ofi_dump_providers():   sockets
[0] MPID_nem_ofi_init(): used OFI provider: psm2
[0] MPID_nem_ofi_init(): max_buffered_send 64
[0] MPID_nem_ofi_init(): max_msg_size 64
[0] MPID_nem_ofi_init(): rcd switchover 32768
[0] MPID_nem_ofi_init(): cq entries count 8
[0] MPID_nem_ofi_init(): MPID_REQUEST_PREALLOC 128
[3] MPI startup(): shm and ofi data transfer modes
[2] MPI startup(): shm and ofi data transfer modes
[1] MPI startup(): shm and ofi data transfer modes
[0] MPI startup(): shm and ofi data transfer modes
[0] MPI startup(): Rank    Pid      Node name                   Pin cpu
[0] MPI startup(): 0       3331     gpu038.pvt.bridges.psc.edu  {8,9,10,11,12,13,14,15,24,25,26,27,28,29,30,31}
[0] MPI startup(): 1       3332     gpu038.pvt.bridges.psc.edu  {0,1,2,3,4,5,6,7,16,17,18,19,20,21,22,23}
[0] MPI startup(): 2       5121     gpu039.pvt.bridges.psc.edu  {8,9,10,11,12,13,14,15,24,25,26,27,28,29,30,31}
[0] MPI startup(): 3       5122     gpu039.pvt.bridges.psc.edu  {0,1,2,3,4,5,6,7,16,17,18,19,20,21,22,23}
[0] MPI startup(): I_MPI_DEBUG=5
[0] MPI startup(): I_MPI_HYDRA_UUID=fd0c0000-a8bd-33d4-a794-0500db8a0a04
[0] MPI startup(): I_MPI_INFO_NUMA_NODE_MAP=hfi1_0:1
[0] MPI startup(): I_MPI_INFO_NUMA_NODE_NUM=2
[0] MPI startup(): I_MPI_PIN_MAPPING=2:0 8,1 0
[Rank 0] comp time: 2308.706 us, comm time: 1340.326 us, total time: 3973381.042 us
[Rank 2] comp time: 2292.001 us, comm time: 1338.681 us, total time: 3974185.944 us
[Rank 1] comp time: 2570.142 us, comm time: 1351.367 us, total time: 3974675.179 us
[Rank 3] comp time: 2482.104 us, comm time: 1349.275 us, total time: 3975123.167 us
Iter 10
(gpu038:0,1)
(gpu039:2,3)
[0] MPI startup(): Multi-threaded optimized library
[0] MPID_nem_ofi_dump_providers(): Dumping Providers(first=0x1768170 (psm2)):
[0] MPID_nem_ofi_dump_providers():   psm2
[0] MPID_nem_ofi_dump_providers():   verbs
[0] MPID_nem_ofi_dump_providers():   verbs;ofi_rxm
[0] MPID_nem_ofi_dump_providers():   sockets
[0] MPID_nem_ofi_dump_providers():   sockets
[0] MPID_nem_ofi_dump_providers():   sockets
[0] MPID_nem_ofi_init(): used OFI provider: psm2
[0] MPID_nem_ofi_init(): max_buffered_send 64
[0] MPID_nem_ofi_init(): max_msg_size 64
[0] MPID_nem_ofi_init(): rcd switchover 32768
[0] MPID_nem_ofi_init(): cq entries count 8
[0] MPID_nem_ofi_init(): MPID_REQUEST_PREALLOC 128
[3] MPI startup(): shm and ofi data transfer modes
[2] MPI startup(): shm and ofi data transfer modes
[1] MPI startup(): shm and ofi data transfer modes
[0] MPI startup(): shm and ofi data transfer modes
[0] MPI startup(): Rank    Pid      Node name                   Pin cpu
[0] MPI startup(): 0       3389     gpu038.pvt.bridges.psc.edu  {8,9,10,11,12,13,14,15,24,25,26,27,28,29,30,31}
[0] MPI startup(): 1       3390     gpu038.pvt.bridges.psc.edu  {0,1,2,3,4,5,6,7,16,17,18,19,20,21,22,23}
[0] MPI startup(): 2       5246     gpu039.pvt.bridges.psc.edu  {8,9,10,11,12,13,14,15,24,25,26,27,28,29,30,31}
[0] MPI startup(): 3       5247     gpu039.pvt.bridges.psc.edu  {0,1,2,3,4,5,6,7,16,17,18,19,20,21,22,23}
[0] MPI startup(): I_MPI_DEBUG=5
[0] MPI startup(): I_MPI_HYDRA_UUID=370d0000-3e2c-8cd4-a794-0500db8a0a04
[0] MPI startup(): I_MPI_INFO_NUMA_NODE_MAP=hfi1_0:1
[0] MPI startup(): I_MPI_INFO_NUMA_NODE_NUM=2
[0] MPI startup(): I_MPI_PIN_MAPPING=2:0 8,1 0
[Rank 0] comp time: 2311.038 us, comm time: 1338.448 us, total time: 3955775.023 us
[Rank 2] comp time: 2293.568 us, comm time: 1336.973 us, total time: 3956089.973 us
[Rank 1] comp time: 2549.291 us, comm time: 1349.865 us, total time: 3956531.048 us
[Rank 3] comp time: 2468.139 us, comm time: 1347.960 us, total time: 3957023.859 us
