Iter 1
(gpu038:0,1)
(gpu039:2,3)
[0] MPI startup(): Multi-threaded optimized library
[0] MPID_nem_ofi_dump_providers(): Dumping Providers(first=0x2065170 (psm2)):
[0] MPID_nem_ofi_dump_providers():   psm2
[0] MPID_nem_ofi_dump_providers():   verbs
[0] MPID_nem_ofi_dump_providers():   verbs;ofi_rxm
[0] MPID_nem_ofi_dump_providers():   sockets
[0] MPID_nem_ofi_dump_providers():   sockets
[0] MPID_nem_ofi_dump_providers():   sockets
[0] MPID_nem_ofi_init(): used OFI provider: psm2
[0] MPID_nem_ofi_init(): max_buffered_send 64
[0] MPID_nem_ofi_init(): max_msg_size 64
[0] MPID_nem_ofi_init(): rcd switchover 32768
[0] MPID_nem_ofi_init(): cq entries count 8
[0] MPID_nem_ofi_init(): MPID_REQUEST_PREALLOC 128
[3] MPI startup(): shm and ofi data transfer modes
[1] MPI startup(): shm and ofi data transfer modes
[2] MPI startup(): shm and ofi data transfer modes
[0] MPI startup(): shm and ofi data transfer modes
[0] MPI startup(): Rank    Pid      Node name                   Pin cpu
[0] MPI startup(): 0       26323    gpu038.pvt.bridges.psc.edu  {8,9,10,11,12,13,14,15,24,25,26,27,28,29,30,31}
[0] MPI startup(): 1       26324    gpu038.pvt.bridges.psc.edu  {0,1,2,3,4,5,6,7,16,17,18,19,20,21,22,23}
[0] MPI startup(): 2       17107    gpu039.pvt.bridges.psc.edu  {8,9,10,11,12,13,14,15,24,25,26,27,28,29,30,31}
[0] MPI startup(): 3       17108    gpu039.pvt.bridges.psc.edu  {0,1,2,3,4,5,6,7,16,17,18,19,20,21,22,23}
[0] MPI startup(): I_MPI_DEBUG=5
[0] MPI startup(): I_MPI_HYDRA_UUID=cd660000-b012-8cbd-a794-0500db8a0a04
[0] MPI startup(): I_MPI_INFO_NUMA_NODE_MAP=hfi1_0:1
[0] MPI startup(): I_MPI_INFO_NUMA_NODE_NUM=2
[0] MPI startup(): I_MPI_PIN_MAPPING=2:0 8,1 0
[Rank 0] comp time: 6.372 us, comm time: 2.152 us, total time: 14405.012 us
[Rank 2] comp time: 6.425 us, comm time: 3.139 us, total time: 14573.097 us
[Rank 1] comp time: 6.269 us, comm time: 2.392 us, total time: 15233.040 us
[Rank 3] comp time: 6.281 us, comm time: 3.622 us, total time: 15249.014 us
Iter 2
(gpu038:0,1)
(gpu039:2,3)
[0] MPI startup(): Multi-threaded optimized library
[0] MPID_nem_ofi_dump_providers(): Dumping Providers(first=0xde9170 (psm2)):
[0] MPID_nem_ofi_dump_providers():   psm2
[0] MPID_nem_ofi_dump_providers():   verbs
[0] MPID_nem_ofi_dump_providers():   verbs;ofi_rxm
[0] MPID_nem_ofi_dump_providers():   sockets
[0] MPID_nem_ofi_dump_providers():   sockets
[0] MPID_nem_ofi_dump_providers():   sockets
[0] MPID_nem_ofi_init(): used OFI provider: psm2
[0] MPID_nem_ofi_init(): max_buffered_send 64
[0] MPID_nem_ofi_init(): max_msg_size 64
[0] MPID_nem_ofi_init(): rcd switchover 32768
[0] MPID_nem_ofi_init(): cq entries count 8
[0] MPID_nem_ofi_init(): MPID_REQUEST_PREALLOC 128
[3] MPI startup(): shm and ofi data transfer modes
[1] MPI startup(): shm and ofi data transfer modes
[0] MPI startup(): shm and ofi data transfer modes
[2] MPI startup(): shm and ofi data transfer modes
[0] MPI startup(): Rank    Pid      Node name                   Pin cpu
[0] MPI startup(): 0       26378    gpu038.pvt.bridges.psc.edu  {8,9,10,11,12,13,14,15,24,25,26,27,28,29,30,31}
[0] MPI startup(): 1       26379    gpu038.pvt.bridges.psc.edu  {0,1,2,3,4,5,6,7,16,17,18,19,20,21,22,23}
[0] MPI startup(): 2       17227    gpu039.pvt.bridges.psc.edu  {8,9,10,11,12,13,14,15,24,25,26,27,28,29,30,31}
[0] MPI startup(): 3       17228    gpu039.pvt.bridges.psc.edu  {0,1,2,3,4,5,6,7,16,17,18,19,20,21,22,23}
[0] MPI startup(): I_MPI_DEBUG=5
[0] MPI startup(): I_MPI_HYDRA_UUID=04670000-16df-a7bd-a794-0500db8a0a04
[0] MPI startup(): I_MPI_INFO_NUMA_NODE_MAP=hfi1_0:1
[0] MPI startup(): I_MPI_INFO_NUMA_NODE_NUM=2
[0] MPI startup(): I_MPI_PIN_MAPPING=2:0 8,1 0
[Rank 0] comp time: 6.438 us, comm time: 2.345 us, total time: 14615.059 us
[Rank 2] comp time: 6.284 us, comm time: 3.225 us, total time: 14785.051 us
[Rank 1] comp time: 6.335 us, comm time: 2.596 us, total time: 15470.028 us
[Rank 3] comp time: 6.268 us, comm time: 3.673 us, total time: 15486.956 us
Iter 3
(gpu038:0,1)
(gpu039:2,3)
[0] MPI startup(): Multi-threaded optimized library
[0] MPID_nem_ofi_dump_providers(): Dumping Providers(first=0x12b6170 (psm2)):
[0] MPID_nem_ofi_dump_providers():   psm2
[0] MPID_nem_ofi_dump_providers():   verbs
[0] MPID_nem_ofi_dump_providers():   verbs;ofi_rxm
[0] MPID_nem_ofi_dump_providers():   sockets
[0] MPID_nem_ofi_dump_providers():   sockets
[0] MPID_nem_ofi_dump_providers():   sockets
[0] MPID_nem_ofi_init(): used OFI provider: psm2
[0] MPID_nem_ofi_init(): max_buffered_send 64
[0] MPID_nem_ofi_init(): max_msg_size 64
[0] MPID_nem_ofi_init(): rcd switchover 32768
[0] MPID_nem_ofi_init(): cq entries count 8
[0] MPID_nem_ofi_init(): MPID_REQUEST_PREALLOC 128
[3] MPI startup(): shm and ofi data transfer modes
[2] MPI startup(): shm and ofi data transfer modes
[1] MPI startup(): shm and ofi data transfer modes
[0] MPI startup(): shm and ofi data transfer modes
[0] MPI startup(): Rank    Pid      Node name                   Pin cpu
[0] MPI startup(): 0       26432    gpu038.pvt.bridges.psc.edu  {8,9,10,11,12,13,14,15,24,25,26,27,28,29,30,31}
[0] MPI startup(): 1       26433    gpu038.pvt.bridges.psc.edu  {0,1,2,3,4,5,6,7,16,17,18,19,20,21,22,23}
[0] MPI startup(): 2       17346    gpu039.pvt.bridges.psc.edu  {8,9,10,11,12,13,14,15,24,25,26,27,28,29,30,31}
[0] MPI startup(): 3       17347    gpu039.pvt.bridges.psc.edu  {0,1,2,3,4,5,6,7,16,17,18,19,20,21,22,23}
[0] MPI startup(): I_MPI_DEBUG=5
[0] MPI startup(): I_MPI_HYDRA_UUID=3a670000-e88f-c3bd-a794-0500db8a0a04
[0] MPI startup(): I_MPI_INFO_NUMA_NODE_MAP=hfi1_0:1
[0] MPI startup(): I_MPI_INFO_NUMA_NODE_NUM=2
[0] MPI startup(): I_MPI_PIN_MAPPING=2:0 8,1 0
[Rank 0] comp time: 6.254 us, comm time: 2.383 us, total time: 14616.013 us
[Rank 2] comp time: 6.294 us, comm time: 3.177 us, total time: 14797.926 us
[Rank 1] comp time: 6.271 us, comm time: 2.639 us, total time: 14825.106 us
[Rank 3] comp time: 6.241 us, comm time: 3.782 us, total time: 14832.973 us
Iter 4
(gpu038:0,1)
(gpu039:2,3)
[0] MPI startup(): Multi-threaded optimized library
[0] MPID_nem_ofi_dump_providers(): Dumping Providers(first=0x10fd170 (psm2)):
[0] MPID_nem_ofi_dump_providers():   psm2
[0] MPID_nem_ofi_dump_providers():   verbs
[0] MPID_nem_ofi_dump_providers():   verbs;ofi_rxm
[0] MPID_nem_ofi_dump_providers():   sockets
[0] MPID_nem_ofi_dump_providers():   sockets
[0] MPID_nem_ofi_dump_providers():   sockets
[0] MPID_nem_ofi_init(): used OFI provider: psm2
[0] MPID_nem_ofi_init(): max_buffered_send 64
[0] MPID_nem_ofi_init(): max_msg_size 64
[0] MPID_nem_ofi_init(): rcd switchover 32768
[0] MPID_nem_ofi_init(): cq entries count 8
[0] MPID_nem_ofi_init(): MPID_REQUEST_PREALLOC 128
[3] MPI startup(): shm and ofi data transfer modes
[2] MPI startup(): shm and ofi data transfer modes
[1] MPI startup(): shm and ofi data transfer modes
[0] MPI startup(): shm and ofi data transfer modes
[0] MPI startup(): Rank    Pid      Node name                   Pin cpu
[0] MPI startup(): 0       26486    gpu038.pvt.bridges.psc.edu  {8,9,10,11,12,13,14,15,24,25,26,27,28,29,30,31}
[0] MPI startup(): 1       26487    gpu038.pvt.bridges.psc.edu  {0,1,2,3,4,5,6,7,16,17,18,19,20,21,22,23}
[0] MPI startup(): 2       17466    gpu039.pvt.bridges.psc.edu  {8,9,10,11,12,13,14,15,24,25,26,27,28,29,30,31}
[0] MPI startup(): 3       17467    gpu039.pvt.bridges.psc.edu  {0,1,2,3,4,5,6,7,16,17,18,19,20,21,22,23}
[0] MPI startup(): I_MPI_DEBUG=5
[0] MPI startup(): I_MPI_HYDRA_UUID=70670000-8758-dfbd-a794-0500db8a0a04
[0] MPI startup(): I_MPI_INFO_NUMA_NODE_MAP=hfi1_0:1
[0] MPI startup(): I_MPI_INFO_NUMA_NODE_NUM=2
[0] MPI startup(): I_MPI_PIN_MAPPING=2:0 8,1 0
[Rank 0] comp time: 6.274 us, comm time: 2.235 us, total time: 14290.094 us
[Rank 2] comp time: 6.256 us, comm time: 3.153 us, total time: 14450.073 us
[Rank 1] comp time: 6.292 us, comm time: 2.399 us, total time: 15137.196 us
[Rank 3] comp time: 6.257 us, comm time: 3.690 us, total time: 15160.084 us
Iter 5
(gpu038:0,1)
(gpu039:2,3)
[0] MPI startup(): Multi-threaded optimized library
[0] MPID_nem_ofi_dump_providers(): Dumping Providers(first=0x9fc170 (psm2)):
[0] MPID_nem_ofi_dump_providers():   psm2
[0] MPID_nem_ofi_dump_providers():   verbs
[0] MPID_nem_ofi_dump_providers():   verbs;ofi_rxm
[0] MPID_nem_ofi_dump_providers():   sockets
[0] MPID_nem_ofi_dump_providers():   sockets
[0] MPID_nem_ofi_dump_providers():   sockets
[0] MPID_nem_ofi_init(): used OFI provider: psm2
[0] MPID_nem_ofi_init(): max_buffered_send 64
[0] MPID_nem_ofi_init(): max_msg_size 64
[0] MPID_nem_ofi_init(): rcd switchover 32768
[0] MPID_nem_ofi_init(): cq entries count 8
[0] MPID_nem_ofi_init(): MPID_REQUEST_PREALLOC 128
[3] MPI startup(): shm and ofi data transfer modes
[2] MPI startup(): shm and ofi data transfer modes
[0] MPI startup(): shm and ofi data transfer modes
[1] MPI startup(): shm and ofi data transfer modes
[0] MPI startup(): Rank    Pid      Node name                   Pin cpu
[0] MPI startup(): 0       26541    gpu038.pvt.bridges.psc.edu  {8,9,10,11,12,13,14,15,24,25,26,27,28,29,30,31}
[0] MPI startup(): 1       26542    gpu038.pvt.bridges.psc.edu  {0,1,2,3,4,5,6,7,16,17,18,19,20,21,22,23}
[0] MPI startup(): 2       17586    gpu039.pvt.bridges.psc.edu  {8,9,10,11,12,13,14,15,24,25,26,27,28,29,30,31}
[0] MPI startup(): 3       17587    gpu039.pvt.bridges.psc.edu  {0,1,2,3,4,5,6,7,16,17,18,19,20,21,22,23}
[0] MPI startup(): I_MPI_DEBUG=5
[0] MPI startup(): I_MPI_HYDRA_UUID=a7670000-7a25-fbbd-a794-0500db8a0a04
[0] MPI startup(): I_MPI_INFO_NUMA_NODE_MAP=hfi1_0:1
[0] MPI startup(): I_MPI_INFO_NUMA_NODE_NUM=2
[0] MPI startup(): I_MPI_PIN_MAPPING=2:0 8,1 0
[Rank 0] comp time: 6.843 us, comm time: 2.387 us, total time: 14901.876 us
[Rank 1] comp time: 6.506 us, comm time: 2.694 us, total time: 15149.832 us
[Rank 2] comp time: 6.269 us, comm time: 3.253 us, total time: 15129.089 us
[Rank 3] comp time: 6.236 us, comm time: 3.857 us, total time: 15184.879 us
Iter 6
(gpu038:0,1)
(gpu039:2,3)
[0] MPI startup(): Multi-threaded optimized library
[0] MPID_nem_ofi_dump_providers(): Dumping Providers(first=0x2131170 (psm2)):
[0] MPID_nem_ofi_dump_providers():   psm2
[0] MPID_nem_ofi_dump_providers():   verbs
[0] MPID_nem_ofi_dump_providers():   verbs;ofi_rxm
[0] MPID_nem_ofi_dump_providers():   sockets
[0] MPID_nem_ofi_dump_providers():   sockets
[0] MPID_nem_ofi_dump_providers():   sockets
[0] MPID_nem_ofi_init(): used OFI provider: psm2
[0] MPID_nem_ofi_init(): max_buffered_send 64
[0] MPID_nem_ofi_init(): max_msg_size 64
[0] MPID_nem_ofi_init(): rcd switchover 32768
[0] MPID_nem_ofi_init(): cq entries count 8
[0] MPID_nem_ofi_init(): MPID_REQUEST_PREALLOC 128
[3] MPI startup(): shm and ofi data transfer modes
[2] MPI startup(): shm and ofi data transfer modes
[0] MPI startup(): shm and ofi data transfer modes
[1] MPI startup(): shm and ofi data transfer modes
[0] MPI startup(): Rank    Pid      Node name                   Pin cpu
[0] MPI startup(): 0       26595    gpu038.pvt.bridges.psc.edu  {8,9,10,11,12,13,14,15,24,25,26,27,28,29,30,31}
[0] MPI startup(): 1       26596    gpu038.pvt.bridges.psc.edu  {0,1,2,3,4,5,6,7,16,17,18,19,20,21,22,23}
[0] MPI startup(): 2       17705    gpu039.pvt.bridges.psc.edu  {8,9,10,11,12,13,14,15,24,25,26,27,28,29,30,31}
[0] MPI startup(): 3       17706    gpu039.pvt.bridges.psc.edu  {0,1,2,3,4,5,6,7,16,17,18,19,20,21,22,23}
[0] MPI startup(): I_MPI_DEBUG=5
[0] MPI startup(): I_MPI_HYDRA_UUID=dd670000-b3df-16be-a794-0500db8a0a04
[0] MPI startup(): I_MPI_INFO_NUMA_NODE_MAP=hfi1_0:1
[0] MPI startup(): I_MPI_INFO_NUMA_NODE_NUM=2
[0] MPI startup(): I_MPI_PIN_MAPPING=2:0 8,1 0
[Rank 0] comp time: 6.346 us, comm time: 2.341 us, total time: 14986.992 us
[Rank 2] comp time: 6.558 us, comm time: 3.203 us, total time: 15187.979 us
[Rank 1] comp time: 6.322 us, comm time: 2.469 us, total time: 15844.107 us
[Rank 3] comp time: 6.520 us, comm time: 3.728 us, total time: 15851.974 us
Iter 7
(gpu038:0,1)
(gpu039:2,3)
[0] MPI startup(): Multi-threaded optimized library
[0] MPID_nem_ofi_dump_providers(): Dumping Providers(first=0x1bae170 (psm2)):
[0] MPID_nem_ofi_dump_providers():   psm2
[0] MPID_nem_ofi_dump_providers():   verbs
[0] MPID_nem_ofi_dump_providers():   verbs;ofi_rxm
[0] MPID_nem_ofi_dump_providers():   sockets
[0] MPID_nem_ofi_dump_providers():   sockets
[0] MPID_nem_ofi_dump_providers():   sockets
[0] MPID_nem_ofi_init(): used OFI provider: psm2
[0] MPID_nem_ofi_init(): max_buffered_send 64
[0] MPID_nem_ofi_init(): max_msg_size 64
[0] MPID_nem_ofi_init(): rcd switchover 32768
[0] MPID_nem_ofi_init(): cq entries count 8
[0] MPID_nem_ofi_init(): MPID_REQUEST_PREALLOC 128
[3] MPI startup(): shm and ofi data transfer modes
[2] MPI startup(): shm and ofi data transfer modes
[1] MPI startup(): shm and ofi data transfer modes
[0] MPI startup(): shm and ofi data transfer modes
[0] MPI startup(): Rank    Pid      Node name                   Pin cpu
[0] MPI startup(): 0       26650    gpu038.pvt.bridges.psc.edu  {8,9,10,11,12,13,14,15,24,25,26,27,28,29,30,31}
[0] MPI startup(): 1       26651    gpu038.pvt.bridges.psc.edu  {0,1,2,3,4,5,6,7,16,17,18,19,20,21,22,23}
[0] MPI startup(): 2       17825    gpu039.pvt.bridges.psc.edu  {8,9,10,11,12,13,14,15,24,25,26,27,28,29,30,31}
[0] MPI startup(): 3       17826    gpu039.pvt.bridges.psc.edu  {0,1,2,3,4,5,6,7,16,17,18,19,20,21,22,23}
[0] MPI startup(): I_MPI_DEBUG=5
[0] MPI startup(): I_MPI_HYDRA_UUID=14680000-d7ad-32be-a794-0500db8a0a04
[0] MPI startup(): I_MPI_INFO_NUMA_NODE_MAP=hfi1_0:1
[0] MPI startup(): I_MPI_INFO_NUMA_NODE_NUM=2
[0] MPI startup(): I_MPI_PIN_MAPPING=2:0 8,1 0
[Rank 0] comp time: 6.258 us, comm time: 2.384 us, total time: 14760.017 us
[Rank 2] comp time: 6.257 us, comm time: 3.156 us, total time: 14940.977 us
[Rank 1] comp time: 6.334 us, comm time: 2.623 us, total time: 14931.202 us
[Rank 3] comp time: 6.403 us, comm time: 3.769 us, total time: 14972.925 us
Iter 8
(gpu038:0,1)
(gpu039:2,3)
[0] MPI startup(): Multi-threaded optimized library
[0] MPID_nem_ofi_dump_providers(): Dumping Providers(first=0x7d5170 (psm2)):
[0] MPID_nem_ofi_dump_providers():   psm2
[0] MPID_nem_ofi_dump_providers():   verbs
[0] MPID_nem_ofi_dump_providers():   verbs;ofi_rxm
[0] MPID_nem_ofi_dump_providers():   sockets
[0] MPID_nem_ofi_dump_providers():   sockets
[0] MPID_nem_ofi_dump_providers():   sockets
[0] MPID_nem_ofi_init(): used OFI provider: psm2
[0] MPID_nem_ofi_init(): max_buffered_send 64
[0] MPID_nem_ofi_init(): max_msg_size 64
[0] MPID_nem_ofi_init(): rcd switchover 32768
[0] MPID_nem_ofi_init(): cq entries count 8
[0] MPID_nem_ofi_init(): MPID_REQUEST_PREALLOC 128
[3] MPI startup(): shm and ofi data transfer modes
[2] MPI startup(): shm and ofi data transfer modes
[1] MPI startup(): shm and ofi data transfer modes
[0] MPI startup(): shm and ofi data transfer modes
[0] MPI startup(): Rank    Pid      Node name                   Pin cpu
[0] MPI startup(): 0       26704    gpu038.pvt.bridges.psc.edu  {8,9,10,11,12,13,14,15,24,25,26,27,28,29,30,31}
[0] MPI startup(): 1       26705    gpu038.pvt.bridges.psc.edu  {0,1,2,3,4,5,6,7,16,17,18,19,20,21,22,23}
[0] MPI startup(): 2       17946    gpu039.pvt.bridges.psc.edu  {8,9,10,11,12,13,14,15,24,25,26,27,28,29,30,31}
[0] MPI startup(): 3       17947    gpu039.pvt.bridges.psc.edu  {0,1,2,3,4,5,6,7,16,17,18,19,20,21,22,23}
[0] MPI startup(): I_MPI_DEBUG=5
[0] MPI startup(): I_MPI_HYDRA_UUID=4a680000-7c71-4ebe-a794-0500db8a0a04
[0] MPI startup(): I_MPI_INFO_NUMA_NODE_MAP=hfi1_0:1
[0] MPI startup(): I_MPI_INFO_NUMA_NODE_NUM=2
[0] MPI startup(): I_MPI_PIN_MAPPING=2:0 8,1 0
[Rank 0] comp time: 6.320 us, comm time: 2.264 us, total time: 14605.045 us
[Rank 2] comp time: 6.252 us, comm time: 3.189 us, total time: 14811.993 us
[Rank 1] comp time: 6.317 us, comm time: 2.507 us, total time: 14817.953 us
[Rank 3] comp time: 6.259 us, comm time: 3.728 us, total time: 14841.080 us
Iter 9
(gpu038:0,1)
(gpu039:2,3)
[0] MPI startup(): Multi-threaded optimized library
[0] MPID_nem_ofi_dump_providers(): Dumping Providers(first=0x170c170 (psm2)):
[0] MPID_nem_ofi_dump_providers():   psm2
[0] MPID_nem_ofi_dump_providers():   verbs
[0] MPID_nem_ofi_dump_providers():   verbs;ofi_rxm
[0] MPID_nem_ofi_dump_providers():   sockets
[0] MPID_nem_ofi_dump_providers():   sockets
[0] MPID_nem_ofi_dump_providers():   sockets
[0] MPID_nem_ofi_init(): used OFI provider: psm2
[0] MPID_nem_ofi_init(): max_buffered_send 64
[0] MPID_nem_ofi_init(): max_msg_size 64
[0] MPID_nem_ofi_init(): rcd switchover 32768
[0] MPID_nem_ofi_init(): cq entries count 8
[0] MPID_nem_ofi_init(): MPID_REQUEST_PREALLOC 128
[3] MPI startup(): shm and ofi data transfer modes
[2] MPI startup(): shm and ofi data transfer modes
[1] MPI startup(): shm and ofi data transfer modes
[0] MPI startup(): shm and ofi data transfer modes
[0] MPI startup(): Rank    Pid      Node name                   Pin cpu
[0] MPI startup(): 0       26759    gpu038.pvt.bridges.psc.edu  {8,9,10,11,12,13,14,15,24,25,26,27,28,29,30,31}
[0] MPI startup(): 1       26760    gpu038.pvt.bridges.psc.edu  {0,1,2,3,4,5,6,7,16,17,18,19,20,21,22,23}
[0] MPI startup(): 2       18066    gpu039.pvt.bridges.psc.edu  {8,9,10,11,12,13,14,15,24,25,26,27,28,29,30,31}
[0] MPI startup(): 3       18067    gpu039.pvt.bridges.psc.edu  {0,1,2,3,4,5,6,7,16,17,18,19,20,21,22,23}
[0] MPI startup(): I_MPI_DEBUG=5
[0] MPI startup(): I_MPI_HYDRA_UUID=81680000-3f2f-6abe-a794-0500db8a0a04
[0] MPI startup(): I_MPI_INFO_NUMA_NODE_MAP=hfi1_0:1
[0] MPI startup(): I_MPI_INFO_NUMA_NODE_NUM=2
[0] MPI startup(): I_MPI_PIN_MAPPING=2:0 8,1 0
[Rank 0] comp time: 6.287 us, comm time: 2.187 us, total time: 14402.866 us
[Rank 2] comp time: 6.260 us, comm time: 3.217 us, total time: 14566.183 us
[Rank 1] comp time: 6.381 us, comm time: 2.343 us, total time: 15300.989 us
[Rank 3] comp time: 6.289 us, comm time: 3.679 us, total time: 15305.996 us
Iter 10
(gpu038:0,1)
(gpu039:2,3)
[0] MPI startup(): Multi-threaded optimized library
[0] MPID_nem_ofi_dump_providers(): Dumping Providers(first=0x105d170 (psm2)):
[0] MPID_nem_ofi_dump_providers():   psm2
[0] MPID_nem_ofi_dump_providers():   verbs
[0] MPID_nem_ofi_dump_providers():   verbs;ofi_rxm
[0] MPID_nem_ofi_dump_providers():   sockets
[0] MPID_nem_ofi_dump_providers():   sockets
[0] MPID_nem_ofi_dump_providers():   sockets
[0] MPID_nem_ofi_init(): used OFI provider: psm2
[0] MPID_nem_ofi_init(): max_buffered_send 64
[0] MPID_nem_ofi_init(): max_msg_size 64
[0] MPID_nem_ofi_init(): rcd switchover 32768
[0] MPID_nem_ofi_init(): cq entries count 8
[0] MPID_nem_ofi_init(): MPID_REQUEST_PREALLOC 128
[3] MPI startup(): shm and ofi data transfer modes
[2] MPI startup(): shm and ofi data transfer modes
[1] MPI startup(): shm and ofi data transfer modes
[0] MPI startup(): shm and ofi data transfer modes
[0] MPI startup(): Rank    Pid      Node name                   Pin cpu
[0] MPI startup(): 0       26813    gpu038.pvt.bridges.psc.edu  {8,9,10,11,12,13,14,15,24,25,26,27,28,29,30,31}
[0] MPI startup(): 1       26814    gpu038.pvt.bridges.psc.edu  {0,1,2,3,4,5,6,7,16,17,18,19,20,21,22,23}
[0] MPI startup(): 2       18186    gpu039.pvt.bridges.psc.edu  {8,9,10,11,12,13,14,15,24,25,26,27,28,29,30,31}
[0] MPI startup(): 3       18187    gpu039.pvt.bridges.psc.edu  {0,1,2,3,4,5,6,7,16,17,18,19,20,21,22,23}
[0] MPI startup(): I_MPI_DEBUG=5
[0] MPI startup(): I_MPI_HYDRA_UUID=b7680000-92f3-85be-a794-0500db8a0a04
[0] MPI startup(): I_MPI_INFO_NUMA_NODE_MAP=hfi1_0:1
[0] MPI startup(): I_MPI_INFO_NUMA_NODE_NUM=2
[0] MPI startup(): I_MPI_PIN_MAPPING=2:0 8,1 0
[Rank 0] comp time: 6.313 us, comm time: 2.086 us, total time: 14255.047 us
[Rank 2] comp time: 6.265 us, comm time: 3.143 us, total time: 14413.118 us
[Rank 1] comp time: 6.241 us, comm time: 2.407 us, total time: 14438.868 us
[Rank 3] comp time: 6.277 us, comm time: 3.718 us, total time: 14442.205 us
