Iter 1
(gpu038:0,1)
(gpu039:2,3)
[0] MPI startup(): Multi-threaded optimized library
[0] MPID_nem_ofi_dump_providers(): Dumping Providers(first=0xe1b170 (psm2)):
[0] MPID_nem_ofi_dump_providers():   psm2
[0] MPID_nem_ofi_dump_providers():   verbs
[0] MPID_nem_ofi_dump_providers():   verbs;ofi_rxm
[0] MPID_nem_ofi_dump_providers():   sockets
[0] MPID_nem_ofi_dump_providers():   sockets
[0] MPID_nem_ofi_dump_providers():   sockets
[0] MPID_nem_ofi_init(): used OFI provider: psm2
[0] MPID_nem_ofi_init(): max_buffered_send 64
[0] MPID_nem_ofi_init(): max_msg_size 64
[0] MPID_nem_ofi_init(): rcd switchover 32768
[0] MPID_nem_ofi_init(): cq entries count 8
[0] MPID_nem_ofi_init(): MPID_REQUEST_PREALLOC 128
[3] MPI startup(): shm and ofi data transfer modes
[2] MPI startup(): shm and ofi data transfer modes
[1] MPI startup(): shm and ofi data transfer modes
[0] MPI startup(): shm and ofi data transfer modes
[0] MPI startup(): Rank    Pid      Node name                   Pin cpu
[0] MPI startup(): 0       30292    gpu038.pvt.bridges.psc.edu  {8,9,10,11,12,13,14,15,24,25,26,27,28,29,30,31}
[0] MPI startup(): 1       30293    gpu038.pvt.bridges.psc.edu  {0,1,2,3,4,5,6,7,16,17,18,19,20,21,22,23}
[0] MPI startup(): 2       25657    gpu039.pvt.bridges.psc.edu  {8,9,10,11,12,13,14,15,24,25,26,27,28,29,30,31}
[0] MPI startup(): 3       25658    gpu039.pvt.bridges.psc.edu  {0,1,2,3,4,5,6,7,16,17,18,19,20,21,22,23}
[0] MPI startup(): I_MPI_DEBUG=5
[0] MPI startup(): I_MPI_HYDRA_UUID=4e760000-509b-27c5-a794-0500db8a0a04
[0] MPI startup(): I_MPI_INFO_NUMA_NODE_MAP=hfi1_0:1
[0] MPI startup(): I_MPI_INFO_NUMA_NODE_NUM=2
[0] MPI startup(): I_MPI_PIN_MAPPING=2:0 8,1 0
[Rank 0] comp time: 7.540 us, comm time: 7.358 us, total time: 21110.058 us
[Rank 2] comp time: 7.443 us, comm time: 7.007 us, total time: 21274.090 us
[Rank 1] comp time: 7.419 us, comm time: 9.105 us, total time: 21926.880 us
[Rank 3] comp time: 7.462 us, comm time: 8.591 us, total time: 21934.986 us
Iter 2
(gpu038:0,1)
(gpu039:2,3)
[0] MPI startup(): Multi-threaded optimized library
[0] MPID_nem_ofi_dump_providers(): Dumping Providers(first=0x25f2170 (psm2)):
[0] MPID_nem_ofi_dump_providers():   psm2
[0] MPID_nem_ofi_dump_providers():   verbs
[0] MPID_nem_ofi_dump_providers():   verbs;ofi_rxm
[0] MPID_nem_ofi_dump_providers():   sockets
[0] MPID_nem_ofi_dump_providers():   sockets
[0] MPID_nem_ofi_dump_providers():   sockets
[0] MPID_nem_ofi_init(): used OFI provider: psm2
[0] MPID_nem_ofi_init(): max_buffered_send 64
[0] MPID_nem_ofi_init(): max_msg_size 64
[0] MPID_nem_ofi_init(): rcd switchover 32768
[0] MPID_nem_ofi_init(): cq entries count 8
[0] MPID_nem_ofi_init(): MPID_REQUEST_PREALLOC 128
[3] MPI startup(): shm and ofi data transfer modes
[2] MPI startup(): shm and ofi data transfer modes
[0] MPI startup(): shm and ofi data transfer modes
[1] MPI startup(): shm and ofi data transfer modes
[0] MPI startup(): Rank    Pid      Node name                   Pin cpu
[0] MPI startup(): 0       30347    gpu038.pvt.bridges.psc.edu  {8,9,10,11,12,13,14,15,24,25,26,27,28,29,30,31}
[0] MPI startup(): 1       30348    gpu038.pvt.bridges.psc.edu  {0,1,2,3,4,5,6,7,16,17,18,19,20,21,22,23}
[0] MPI startup(): 2       25777    gpu039.pvt.bridges.psc.edu  {8,9,10,11,12,13,14,15,24,25,26,27,28,29,30,31}
[0] MPI startup(): 3       25778    gpu039.pvt.bridges.psc.edu  {0,1,2,3,4,5,6,7,16,17,18,19,20,21,22,23}
[0] MPI startup(): I_MPI_DEBUG=5
[0] MPI startup(): I_MPI_HYDRA_UUID=85760000-6167-43c5-a794-0500db8a0a04
[0] MPI startup(): I_MPI_INFO_NUMA_NODE_MAP=hfi1_0:1
[0] MPI startup(): I_MPI_INFO_NUMA_NODE_NUM=2
[0] MPI startup(): I_MPI_PIN_MAPPING=2:0 8,1 0
[Rank 0] comp time: 7.524 us, comm time: 7.916 us, total time: 22453.070 us
[Rank 2] comp time: 7.634 us, comm time: 7.104 us, total time: 22644.043 us
[Rank 1] comp time: 7.699 us, comm time: 9.576 us, total time: 23335.934 us
[Rank 3] comp time: 7.992 us, comm time: 8.708 us, total time: 23322.821 us
Iter 3
(gpu038:0,1)
(gpu039:2,3)
[0] MPI startup(): Multi-threaded optimized library
[0] MPID_nem_ofi_dump_providers(): Dumping Providers(first=0xc20170 (psm2)):
[0] MPID_nem_ofi_dump_providers():   psm2
[0] MPID_nem_ofi_dump_providers():   verbs
[0] MPID_nem_ofi_dump_providers():   verbs;ofi_rxm
[0] MPID_nem_ofi_dump_providers():   sockets
[0] MPID_nem_ofi_dump_providers():   sockets
[0] MPID_nem_ofi_dump_providers():   sockets
[0] MPID_nem_ofi_init(): used OFI provider: psm2
[0] MPID_nem_ofi_init(): max_buffered_send 64
[0] MPID_nem_ofi_init(): max_msg_size 64
[0] MPID_nem_ofi_init(): rcd switchover 32768
[0] MPID_nem_ofi_init(): cq entries count 8
[0] MPID_nem_ofi_init(): MPID_REQUEST_PREALLOC 128
[3] MPI startup(): shm and ofi data transfer modes
[2] MPI startup(): shm and ofi data transfer modes
[1] MPI startup(): shm and ofi data transfer modes
[0] MPI startup(): shm and ofi data transfer modes
[0] MPI startup(): Rank    Pid      Node name                   Pin cpu
[0] MPI startup(): 0       30401    gpu038.pvt.bridges.psc.edu  {8,9,10,11,12,13,14,15,24,25,26,27,28,29,30,31}
[0] MPI startup(): 1       30402    gpu038.pvt.bridges.psc.edu  {0,1,2,3,4,5,6,7,16,17,18,19,20,21,22,23}
[0] MPI startup(): 2       25897    gpu039.pvt.bridges.psc.edu  {8,9,10,11,12,13,14,15,24,25,26,27,28,29,30,31}
[0] MPI startup(): 3       25898    gpu039.pvt.bridges.psc.edu  {0,1,2,3,4,5,6,7,16,17,18,19,20,21,22,23}
[0] MPI startup(): I_MPI_DEBUG=5
[0] MPI startup(): I_MPI_HYDRA_UUID=bb760000-a84d-5fc5-a794-0500db8a0a04
[0] MPI startup(): I_MPI_INFO_NUMA_NODE_MAP=hfi1_0:1
[0] MPI startup(): I_MPI_INFO_NUMA_NODE_NUM=2
[0] MPI startup(): I_MPI_PIN_MAPPING=2:0 8,1 0
[Rank 0] comp time: 7.494 us, comm time: 7.440 us, total time: 21532.059 us
[Rank 2] comp time: 7.547 us, comm time: 7.080 us, total time: 21689.892 us
[Rank 1] comp time: 7.504 us, comm time: 9.134 us, total time: 22377.014 us
[Rank 3] comp time: 7.657 us, comm time: 8.730 us, total time: 22386.074 us
Iter 4
(gpu038:0,1)
(gpu039:2,3)
[0] MPI startup(): Multi-threaded optimized library
[0] MPID_nem_ofi_dump_providers(): Dumping Providers(first=0x17a8170 (psm2)):
[0] MPID_nem_ofi_dump_providers():   psm2
[0] MPID_nem_ofi_dump_providers():   verbs
[0] MPID_nem_ofi_dump_providers():   verbs;ofi_rxm
[0] MPID_nem_ofi_dump_providers():   sockets
[0] MPID_nem_ofi_dump_providers():   sockets
[0] MPID_nem_ofi_dump_providers():   sockets
[0] MPID_nem_ofi_init(): used OFI provider: psm2
[0] MPID_nem_ofi_init(): max_buffered_send 64
[0] MPID_nem_ofi_init(): max_msg_size 64
[0] MPID_nem_ofi_init(): rcd switchover 32768
[0] MPID_nem_ofi_init(): cq entries count 8
[0] MPID_nem_ofi_init(): MPID_REQUEST_PREALLOC 128
[3] MPI startup(): shm and ofi data transfer modes
[2] MPI startup(): shm and ofi data transfer modes
[1] MPI startup(): shm and ofi data transfer modes
[0] MPI startup(): shm and ofi data transfer modes
[0] MPI startup(): Rank    Pid      Node name                   Pin cpu
[0] MPI startup(): 0       30456    gpu038.pvt.bridges.psc.edu  {8,9,10,11,12,13,14,15,24,25,26,27,28,29,30,31}
[0] MPI startup(): 1       30457    gpu038.pvt.bridges.psc.edu  {0,1,2,3,4,5,6,7,16,17,18,19,20,21,22,23}
[0] MPI startup(): 2       26018    gpu039.pvt.bridges.psc.edu  {8,9,10,11,12,13,14,15,24,25,26,27,28,29,30,31}
[0] MPI startup(): 3       26019    gpu039.pvt.bridges.psc.edu  {0,1,2,3,4,5,6,7,16,17,18,19,20,21,22,23}
[0] MPI startup(): I_MPI_DEBUG=5
[0] MPI startup(): I_MPI_HYDRA_UUID=f2760000-393f-7bc5-a794-0500db8a0a04
[0] MPI startup(): I_MPI_INFO_NUMA_NODE_MAP=hfi1_0:1
[0] MPI startup(): I_MPI_INFO_NUMA_NODE_NUM=2
[0] MPI startup(): I_MPI_PIN_MAPPING=2:0 8,1 0
[Rank 0] comp time: 7.471 us, comm time: 7.431 us, total time: 21260.023 us
[Rank 2] comp time: 7.632 us, comm time: 7.087 us, total time: 21414.995 us
[Rank 1] comp time: 7.504 us, comm time: 9.040 us, total time: 22123.098 us
[Rank 3] comp time: 7.438 us, comm time: 8.668 us, total time: 22131.920 us
Iter 5
(gpu038:0,1)
(gpu039:2,3)
[0] MPI startup(): Multi-threaded optimized library
[0] MPID_nem_ofi_dump_providers(): Dumping Providers(first=0x1e5d170 (psm2)):
[0] MPID_nem_ofi_dump_providers():   psm2
[0] MPID_nem_ofi_dump_providers():   verbs
[0] MPID_nem_ofi_dump_providers():   verbs;ofi_rxm
[0] MPID_nem_ofi_dump_providers():   sockets
[0] MPID_nem_ofi_dump_providers():   sockets
[0] MPID_nem_ofi_dump_providers():   sockets
[0] MPID_nem_ofi_init(): used OFI provider: psm2
[0] MPID_nem_ofi_init(): max_buffered_send 64
[0] MPID_nem_ofi_init(): max_msg_size 64
[0] MPID_nem_ofi_init(): rcd switchover 32768
[0] MPID_nem_ofi_init(): cq entries count 8
[0] MPID_nem_ofi_init(): MPID_REQUEST_PREALLOC 128
[3] MPI startup(): shm and ofi data transfer modes
[2] MPI startup(): shm and ofi data transfer modes
[0] MPI startup(): shm and ofi data transfer modes
[1] MPI startup(): shm and ofi data transfer modes
[0] MPI startup(): Rank    Pid      Node name                   Pin cpu
[0] MPI startup(): 0       30510    gpu038.pvt.bridges.psc.edu  {8,9,10,11,12,13,14,15,24,25,26,27,28,29,30,31}
[0] MPI startup(): 1       30511    gpu038.pvt.bridges.psc.edu  {0,1,2,3,4,5,6,7,16,17,18,19,20,21,22,23}
[0] MPI startup(): 2       26137    gpu039.pvt.bridges.psc.edu  {8,9,10,11,12,13,14,15,24,25,26,27,28,29,30,31}
[0] MPI startup(): 3       26138    gpu039.pvt.bridges.psc.edu  {0,1,2,3,4,5,6,7,16,17,18,19,20,21,22,23}
[0] MPI startup(): I_MPI_DEBUG=5
[0] MPI startup(): I_MPI_HYDRA_UUID=28770000-e31d-97c5-a794-0500db8a0a04
[0] MPI startup(): I_MPI_INFO_NUMA_NODE_MAP=hfi1_0:1
[0] MPI startup(): I_MPI_INFO_NUMA_NODE_NUM=2
[0] MPI startup(): I_MPI_PIN_MAPPING=2:0 8,1 0
[Rank 0] comp time: 7.638 us, comm time: 7.576 us, total time: 21517.992 us
[Rank 2] comp time: 7.625 us, comm time: 7.022 us, total time: 21687.984 us
[Rank 1] comp time: 7.503 us, comm time: 9.324 us, total time: 22353.888 us
[Rank 3] comp time: 7.441 us, comm time: 8.751 us, total time: 22364.140 us
Iter 6
(gpu038:0,1)
(gpu039:2,3)
[0] MPI startup(): Multi-threaded optimized library
[0] MPID_nem_ofi_dump_providers(): Dumping Providers(first=0x1cfd170 (psm2)):
[0] MPID_nem_ofi_dump_providers():   psm2
[0] MPID_nem_ofi_dump_providers():   verbs
[0] MPID_nem_ofi_dump_providers():   verbs;ofi_rxm
[0] MPID_nem_ofi_dump_providers():   sockets
[0] MPID_nem_ofi_dump_providers():   sockets
[0] MPID_nem_ofi_dump_providers():   sockets
[0] MPID_nem_ofi_init(): used OFI provider: psm2
[0] MPID_nem_ofi_init(): max_buffered_send 64
[0] MPID_nem_ofi_init(): max_msg_size 64
[0] MPID_nem_ofi_init(): rcd switchover 32768
[0] MPID_nem_ofi_init(): cq entries count 8
[0] MPID_nem_ofi_init(): MPID_REQUEST_PREALLOC 128
[3] MPI startup(): shm and ofi data transfer modes
[2] MPI startup(): shm and ofi data transfer modes
[1] MPI startup(): shm and ofi data transfer modes
[0] MPI startup(): shm and ofi data transfer modes
[0] MPI startup(): Rank    Pid      Node name                   Pin cpu
[0] MPI startup(): 0       30564    gpu038.pvt.bridges.psc.edu  {8,9,10,11,12,13,14,15,24,25,26,27,28,29,30,31}
[0] MPI startup(): 1       30565    gpu038.pvt.bridges.psc.edu  {0,1,2,3,4,5,6,7,16,17,18,19,20,21,22,23}
[0] MPI startup(): 2       26257    gpu039.pvt.bridges.psc.edu  {8,9,10,11,12,13,14,15,24,25,26,27,28,29,30,31}
[0] MPI startup(): 3       26258    gpu039.pvt.bridges.psc.edu  {0,1,2,3,4,5,6,7,16,17,18,19,20,21,22,23}
[0] MPI startup(): I_MPI_DEBUG=5
[0] MPI startup(): I_MPI_HYDRA_UUID=5e770000-cc0e-b3c5-a794-0500db8a0a04
[0] MPI startup(): I_MPI_INFO_NUMA_NODE_MAP=hfi1_0:1
[0] MPI startup(): I_MPI_INFO_NUMA_NODE_NUM=2
[0] MPI startup(): I_MPI_PIN_MAPPING=2:0 8,1 0
[Rank 0] comp time: 7.585 us, comm time: 7.509 us, total time: 21660.805 us
[Rank 2] comp time: 7.454 us, comm time: 7.088 us, total time: 21815.062 us
[Rank 1] comp time: 7.548 us, comm time: 9.306 us, total time: 22538.185 us
[Rank 3] comp time: 7.487 us, comm time: 8.719 us, total time: 22521.019 us
Iter 7
(gpu038:0,1)
(gpu039:2,3)
[0] MPI startup(): Multi-threaded optimized library
[0] MPID_nem_ofi_dump_providers(): Dumping Providers(first=0xe3f170 (psm2)):
[0] MPID_nem_ofi_dump_providers():   psm2
[0] MPID_nem_ofi_dump_providers():   verbs
[0] MPID_nem_ofi_dump_providers():   verbs;ofi_rxm
[0] MPID_nem_ofi_dump_providers():   sockets
[0] MPID_nem_ofi_dump_providers():   sockets
[0] MPID_nem_ofi_dump_providers():   sockets
[0] MPID_nem_ofi_init(): used OFI provider: psm2
[0] MPID_nem_ofi_init(): max_buffered_send 64
[0] MPID_nem_ofi_init(): max_msg_size 64
[0] MPID_nem_ofi_init(): rcd switchover 32768
[0] MPID_nem_ofi_init(): cq entries count 8
[0] MPID_nem_ofi_init(): MPID_REQUEST_PREALLOC 128
[3] MPI startup(): shm and ofi data transfer modes
[2] MPI startup(): shm and ofi data transfer modes
[1] MPI startup(): shm and ofi data transfer modes
[0] MPI startup(): shm and ofi data transfer modes
[0] MPI startup(): Rank    Pid      Node name                   Pin cpu
[0] MPI startup(): 0       30619    gpu038.pvt.bridges.psc.edu  {8,9,10,11,12,13,14,15,24,25,26,27,28,29,30,31}
[0] MPI startup(): 1       30620    gpu038.pvt.bridges.psc.edu  {0,1,2,3,4,5,6,7,16,17,18,19,20,21,22,23}
[0] MPI startup(): 2       26377    gpu039.pvt.bridges.psc.edu  {8,9,10,11,12,13,14,15,24,25,26,27,28,29,30,31}
[0] MPI startup(): 3       26378    gpu039.pvt.bridges.psc.edu  {0,1,2,3,4,5,6,7,16,17,18,19,20,21,22,23}
[0] MPI startup(): I_MPI_DEBUG=5
[0] MPI startup(): I_MPI_HYDRA_UUID=95770000-13f9-cec5-a794-0500db8a0a04
[0] MPI startup(): I_MPI_INFO_NUMA_NODE_MAP=hfi1_0:1
[0] MPI startup(): I_MPI_INFO_NUMA_NODE_NUM=2
[0] MPI startup(): I_MPI_PIN_MAPPING=2:0 8,1 0
[Rank 0] comp time: 7.732 us, comm time: 7.479 us, total time: 21625.996 us
[Rank 2] comp time: 7.445 us, comm time: 7.058 us, total time: 21847.963 us
[Rank 1] comp time: 7.456 us, comm time: 9.532 us, total time: 21883.965 us
[Rank 3] comp time: 7.449 us, comm time: 8.694 us, total time: 21887.064 us
Iter 8
(gpu038:0,1)
(gpu039:2,3)
[0] MPI startup(): Multi-threaded optimized library
[0] MPID_nem_ofi_dump_providers(): Dumping Providers(first=0x2441170 (psm2)):
[0] MPID_nem_ofi_dump_providers():   psm2
[0] MPID_nem_ofi_dump_providers():   verbs
[0] MPID_nem_ofi_dump_providers():   verbs;ofi_rxm
[0] MPID_nem_ofi_dump_providers():   sockets
[0] MPID_nem_ofi_dump_providers():   sockets
[0] MPID_nem_ofi_dump_providers():   sockets
[0] MPID_nem_ofi_init(): used OFI provider: psm2
[0] MPID_nem_ofi_init(): max_buffered_send 64
[0] MPID_nem_ofi_init(): max_msg_size 64
[0] MPID_nem_ofi_init(): rcd switchover 32768
[0] MPID_nem_ofi_init(): cq entries count 8
[0] MPID_nem_ofi_init(): MPID_REQUEST_PREALLOC 128
[3] MPI startup(): shm and ofi data transfer modes
[1] MPI startup(): shm and ofi data transfer modes
[2] MPI startup(): shm and ofi data transfer modes
[0] MPI startup(): shm and ofi data transfer modes
[0] MPI startup(): Rank    Pid      Node name                   Pin cpu
[0] MPI startup(): 0       30673    gpu038.pvt.bridges.psc.edu  {8,9,10,11,12,13,14,15,24,25,26,27,28,29,30,31}
[0] MPI startup(): 1       30674    gpu038.pvt.bridges.psc.edu  {0,1,2,3,4,5,6,7,16,17,18,19,20,21,22,23}
[0] MPI startup(): 2       26496    gpu039.pvt.bridges.psc.edu  {8,9,10,11,12,13,14,15,24,25,26,27,28,29,30,31}
[0] MPI startup(): 3       26497    gpu039.pvt.bridges.psc.edu  {0,1,2,3,4,5,6,7,16,17,18,19,20,21,22,23}
[0] MPI startup(): I_MPI_DEBUG=5
[0] MPI startup(): I_MPI_HYDRA_UUID=cb770000-ebd1-eac5-a794-0500db8a0a04
[0] MPI startup(): I_MPI_INFO_NUMA_NODE_MAP=hfi1_0:1
[0] MPI startup(): I_MPI_INFO_NUMA_NODE_NUM=2
[0] MPI startup(): I_MPI_PIN_MAPPING=2:0 8,1 0
[Rank 0] comp time: 7.507 us, comm time: 7.519 us, total time: 21574.974 us
[Rank 2] comp time: 7.428 us, comm time: 7.148 us, total time: 21740.913 us
[Rank 1] comp time: 7.597 us, comm time: 9.236 us, total time: 21785.021 us
[Rank 3] comp time: 7.443 us, comm time: 8.800 us, total time: 21788.836 us
Iter 9
(gpu038:0,1)
(gpu039:2,3)
[0] MPI startup(): Multi-threaded optimized library
[0] MPID_nem_ofi_dump_providers(): Dumping Providers(first=0xcc1170 (psm2)):
[0] MPID_nem_ofi_dump_providers():   psm2
[0] MPID_nem_ofi_dump_providers():   verbs
[0] MPID_nem_ofi_dump_providers():   verbs;ofi_rxm
[0] MPID_nem_ofi_dump_providers():   sockets
[0] MPID_nem_ofi_dump_providers():   sockets
[0] MPID_nem_ofi_dump_providers():   sockets
[0] MPID_nem_ofi_init(): used OFI provider: psm2
[0] MPID_nem_ofi_init(): max_buffered_send 64
[0] MPID_nem_ofi_init(): max_msg_size 64
[0] MPID_nem_ofi_init(): rcd switchover 32768
[0] MPID_nem_ofi_init(): cq entries count 8
[0] MPID_nem_ofi_init(): MPID_REQUEST_PREALLOC 128
[3] MPI startup(): shm and ofi data transfer modes
[2] MPI startup(): shm and ofi data transfer modes
[0] MPI startup(): shm and ofi data transfer modes
[1] MPI startup(): shm and ofi data transfer modes
[0] MPI startup(): Rank    Pid      Node name                   Pin cpu
[0] MPI startup(): 0       30728    gpu038.pvt.bridges.psc.edu  {8,9,10,11,12,13,14,15,24,25,26,27,28,29,30,31}
[0] MPI startup(): 1       30729    gpu038.pvt.bridges.psc.edu  {0,1,2,3,4,5,6,7,16,17,18,19,20,21,22,23}
[0] MPI startup(): 2       26615    gpu039.pvt.bridges.psc.edu  {8,9,10,11,12,13,14,15,24,25,26,27,28,29,30,31}
[0] MPI startup(): 3       26616    gpu039.pvt.bridges.psc.edu  {0,1,2,3,4,5,6,7,16,17,18,19,20,21,22,23}
[0] MPI startup(): I_MPI_DEBUG=5
[0] MPI startup(): I_MPI_HYDRA_UUID=02780000-68b4-06c6-a794-0500db8a0a04
[0] MPI startup(): I_MPI_INFO_NUMA_NODE_MAP=hfi1_0:1
[0] MPI startup(): I_MPI_INFO_NUMA_NODE_NUM=2
[0] MPI startup(): I_MPI_PIN_MAPPING=2:0 8,1 0
[Rank 0] comp time: 7.443 us, comm time: 7.434 us, total time: 21492.958 us
[Rank 2] comp time: 7.443 us, comm time: 7.035 us, total time: 21694.899 us
[Rank 1] comp time: 7.509 us, comm time: 9.226 us, total time: 21682.978 us
[Rank 3] comp time: 7.422 us, comm time: 8.783 us, total time: 21731.138 us
Iter 10
(gpu038:0,1)
(gpu039:2,3)
[0] MPI startup(): Multi-threaded optimized library
[0] MPID_nem_ofi_dump_providers(): Dumping Providers(first=0xafe170 (psm2)):
[0] MPID_nem_ofi_dump_providers():   psm2
[0] MPID_nem_ofi_dump_providers():   verbs
[0] MPID_nem_ofi_dump_providers():   verbs;ofi_rxm
[0] MPID_nem_ofi_dump_providers():   sockets
[0] MPID_nem_ofi_dump_providers():   sockets
[0] MPID_nem_ofi_dump_providers():   sockets
[0] MPID_nem_ofi_init(): used OFI provider: psm2
[0] MPID_nem_ofi_init(): max_buffered_send 64
[0] MPID_nem_ofi_init(): max_msg_size 64
[0] MPID_nem_ofi_init(): rcd switchover 32768
[0] MPID_nem_ofi_init(): cq entries count 8
[0] MPID_nem_ofi_init(): MPID_REQUEST_PREALLOC 128
[3] MPI startup(): shm and ofi data transfer modes
[2] MPI startup(): shm and ofi data transfer modes
[0] MPI startup(): shm and ofi data transfer modes
[1] MPI startup(): shm and ofi data transfer modes
[0] MPI startup(): Rank    Pid      Node name                   Pin cpu
[0] MPI startup(): 0       30783    gpu038.pvt.bridges.psc.edu  {8,9,10,11,12,13,14,15,24,25,26,27,28,29,30,31}
[0] MPI startup(): 1       30784    gpu038.pvt.bridges.psc.edu  {0,1,2,3,4,5,6,7,16,17,18,19,20,21,22,23}
[0] MPI startup(): 2       26735    gpu039.pvt.bridges.psc.edu  {8,9,10,11,12,13,14,15,24,25,26,27,28,29,30,31}
[0] MPI startup(): 3       26736    gpu039.pvt.bridges.psc.edu  {0,1,2,3,4,5,6,7,16,17,18,19,20,21,22,23}
[0] MPI startup(): I_MPI_DEBUG=5
[0] MPI startup(): I_MPI_HYDRA_UUID=39780000-c8b0-22c6-a794-0500db8a0a04
[0] MPI startup(): I_MPI_INFO_NUMA_NODE_MAP=hfi1_0:1
[0] MPI startup(): I_MPI_INFO_NUMA_NODE_NUM=2
[0] MPI startup(): I_MPI_PIN_MAPPING=2:0 8,1 0
[Rank 0] comp time: 7.613 us, comm time: 7.996 us, total time: 22083.044 us
[Rank 2] comp time: 7.472 us, comm time: 7.550 us, total time: 22279.978 us
[Rank 1] comp time: 7.493 us, comm time: 9.782 us, total time: 22986.889 us
[Rank 3] comp time: 7.479 us, comm time: 9.170 us, total time: 22990.942 us
