Iter 1
(gpu038:0,1)
(gpu039:2,3)
[0] MPI startup(): Multi-threaded optimized library
[0] MPID_nem_ofi_dump_providers(): Dumping Providers(first=0x1dcd170 (psm2)):
[0] MPID_nem_ofi_dump_providers():   psm2
[0] MPID_nem_ofi_dump_providers():   verbs
[0] MPID_nem_ofi_dump_providers():   verbs;ofi_rxm
[0] MPID_nem_ofi_dump_providers():   sockets
[0] MPID_nem_ofi_dump_providers():   sockets
[0] MPID_nem_ofi_dump_providers():   sockets
[0] MPID_nem_ofi_init(): used OFI provider: psm2
[0] MPID_nem_ofi_init(): max_buffered_send 64
[0] MPID_nem_ofi_init(): max_msg_size 64
[0] MPID_nem_ofi_init(): rcd switchover 32768
[0] MPID_nem_ofi_init(): cq entries count 8
[0] MPID_nem_ofi_init(): MPID_REQUEST_PREALLOC 128
[3] MPI startup(): shm and ofi data transfer modes
[2] MPI startup(): shm and ofi data transfer modes
[1] MPI startup(): shm and ofi data transfer modes
[0] MPI startup(): shm and ofi data transfer modes
[0] MPI startup(): Rank    Pid      Node name                   Pin cpu
[0] MPI startup(): 0       3447     gpu038.pvt.bridges.psc.edu  {8,9,10,11,12,13,14,15,24,25,26,27,28,29,30,31}
[0] MPI startup(): 1       3448     gpu038.pvt.bridges.psc.edu  {0,1,2,3,4,5,6,7,16,17,18,19,20,21,22,23}
[0] MPI startup(): 2       5370     gpu039.pvt.bridges.psc.edu  {8,9,10,11,12,13,14,15,24,25,26,27,28,29,30,31}
[0] MPI startup(): 3       5371     gpu039.pvt.bridges.psc.edu  {0,1,2,3,4,5,6,7,16,17,18,19,20,21,22,23}
[0] MPI startup(): I_MPI_DEBUG=5
[0] MPI startup(): I_MPI_HYDRA_UUID=710d0000-bd56-e4d4-a794-0500db8a0a04
[0] MPI startup(): I_MPI_INFO_NUMA_NODE_MAP=hfi1_0:1
[0] MPI startup(): I_MPI_INFO_NUMA_NODE_NUM=2
[0] MPI startup(): I_MPI_PIN_MAPPING=2:0 8,1 0
[Rank 0] comp time: 4598.877 us, comm time: 2659.070 us, total time: 7775750.160 us
[Rank 1] comp time: 4999.131 us, comm time: 2671.044 us, total time: 7776516.914 us
[Rank 2] comp time: 4583.184 us, comm time: 2658.136 us, total time: 7776163.101 us
[Rank 3] comp time: 4915.994 us, comm time: 2668.791 us, total time: 7777315.140 us
Iter 2
(gpu038:0,1)
(gpu039:2,3)
[0] MPI startup(): Multi-threaded optimized library
[0] MPID_nem_ofi_dump_providers(): Dumping Providers(first=0xf15170 (psm2)):
[0] MPID_nem_ofi_dump_providers():   psm2
[0] MPID_nem_ofi_dump_providers():   verbs
[0] MPID_nem_ofi_dump_providers():   verbs;ofi_rxm
[0] MPID_nem_ofi_dump_providers():   sockets
[0] MPID_nem_ofi_dump_providers():   sockets
[0] MPID_nem_ofi_dump_providers():   sockets
[0] MPID_nem_ofi_init(): used OFI provider: psm2
[0] MPID_nem_ofi_init(): max_buffered_send 64
[0] MPID_nem_ofi_init(): max_msg_size 64
[0] MPID_nem_ofi_init(): rcd switchover 32768
[0] MPID_nem_ofi_init(): cq entries count 8
[0] MPID_nem_ofi_init(): MPID_REQUEST_PREALLOC 128
[3] MPI startup(): shm and ofi data transfer modes
[2] MPI startup(): shm and ofi data transfer modes
[1] MPI startup(): shm and ofi data transfer modes
[0] MPI startup(): shm and ofi data transfer modes
[0] MPI startup(): Rank    Pid      Node name                   Pin cpu
[0] MPI startup(): 0       3508     gpu038.pvt.bridges.psc.edu  {8,9,10,11,12,13,14,15,24,25,26,27,28,29,30,31}
[0] MPI startup(): 1       3509     gpu038.pvt.bridges.psc.edu  {0,1,2,3,4,5,6,7,16,17,18,19,20,21,22,23}
[0] MPI startup(): 2       5499     gpu039.pvt.bridges.psc.edu  {8,9,10,11,12,13,14,15,24,25,26,27,28,29,30,31}
[0] MPI startup(): 3       5500     gpu039.pvt.bridges.psc.edu  {0,1,2,3,4,5,6,7,16,17,18,19,20,21,22,23}
[0] MPI startup(): I_MPI_DEBUG=5
[0] MPI startup(): I_MPI_HYDRA_UUID=ae0d0000-6348-77d5-a794-0500db8a0a04
[0] MPI startup(): I_MPI_INFO_NUMA_NODE_MAP=hfi1_0:1
[0] MPI startup(): I_MPI_INFO_NUMA_NODE_NUM=2
[0] MPI startup(): I_MPI_PIN_MAPPING=2:0 8,1 0
[Rank 0] comp time: 4601.264 us, comm time: 2659.290 us, total time: 7781893.969 us
[Rank 2] comp time: 4596.991 us, comm time: 2657.174 us, total time: 7782314.777 us
[Rank 1] comp time: 5007.569 us, comm time: 2669.798 us, total time: 7782164.097 us
[Rank 3] comp time: 4951.557 us, comm time: 2667.157 us, total time: 7782642.841 us
Iter 3
(gpu038:0,1)
(gpu039:2,3)
[0] MPI startup(): Multi-threaded optimized library
[0] MPID_nem_ofi_dump_providers(): Dumping Providers(first=0x10f2170 (psm2)):
[0] MPID_nem_ofi_dump_providers():   psm2
[0] MPID_nem_ofi_dump_providers():   verbs
[0] MPID_nem_ofi_dump_providers():   verbs;ofi_rxm
[0] MPID_nem_ofi_dump_providers():   sockets
[0] MPID_nem_ofi_dump_providers():   sockets
[0] MPID_nem_ofi_dump_providers():   sockets
[0] MPID_nem_ofi_init(): used OFI provider: psm2
[0] MPID_nem_ofi_init(): max_buffered_send 64
[0] MPID_nem_ofi_init(): max_msg_size 64
[0] MPID_nem_ofi_init(): rcd switchover 32768
[0] MPID_nem_ofi_init(): cq entries count 8
[0] MPID_nem_ofi_init(): MPID_REQUEST_PREALLOC 128
[3] MPI startup(): shm and ofi data transfer modes
[2] MPI startup(): shm and ofi data transfer modes
[0] MPI startup(): shm and ofi data transfer modes
[1] MPI startup(): shm and ofi data transfer modes
[0] MPI startup(): Rank    Pid      Node name                   Pin cpu
[0] MPI startup(): 0       3571     gpu038.pvt.bridges.psc.edu  {8,9,10,11,12,13,14,15,24,25,26,27,28,29,30,31}
[0] MPI startup(): 1       3572     gpu038.pvt.bridges.psc.edu  {0,1,2,3,4,5,6,7,16,17,18,19,20,21,22,23}
[0] MPI startup(): 2       5624     gpu039.pvt.bridges.psc.edu  {8,9,10,11,12,13,14,15,24,25,26,27,28,29,30,31}
[0] MPI startup(): 3       5625     gpu039.pvt.bridges.psc.edu  {0,1,2,3,4,5,6,7,16,17,18,19,20,21,22,23}
[0] MPI startup(): I_MPI_DEBUG=5
[0] MPI startup(): I_MPI_HYDRA_UUID=ed0d0000-710c-0ad6-a794-0500db8a0a04
[0] MPI startup(): I_MPI_INFO_NUMA_NODE_MAP=hfi1_0:1
[0] MPI startup(): I_MPI_INFO_NUMA_NODE_NUM=2
[0] MPI startup(): I_MPI_PIN_MAPPING=2:0 8,1 0
[Rank 0] comp time: 4594.070 us, comm time: 2657.468 us, total time: 7776314.974 us
[Rank 2] comp time: 4592.784 us, comm time: 2654.904 us, total time: 7777128.935 us
[Rank 1] comp time: 5004.844 us, comm time: 2668.877 us, total time: 7776793.003 us
[Rank 3] comp time: 4936.154 us, comm time: 2666.543 us, total time: 7777657.032 us
Iter 4
(gpu038:0,1)
(gpu039:2,3)
[0] MPI startup(): Multi-threaded optimized library
[0] MPID_nem_ofi_dump_providers(): Dumping Providers(first=0x107f170 (psm2)):
[0] MPID_nem_ofi_dump_providers():   psm2
[0] MPID_nem_ofi_dump_providers():   verbs
[0] MPID_nem_ofi_dump_providers():   verbs;ofi_rxm
[0] MPID_nem_ofi_dump_providers():   sockets
[0] MPID_nem_ofi_dump_providers():   sockets
[0] MPID_nem_ofi_dump_providers():   sockets
[0] MPID_nem_ofi_init(): used OFI provider: psm2
[0] MPID_nem_ofi_init(): max_buffered_send 64
[0] MPID_nem_ofi_init(): max_msg_size 64
[0] MPID_nem_ofi_init(): rcd switchover 32768
[0] MPID_nem_ofi_init(): cq entries count 8
[0] MPID_nem_ofi_init(): MPID_REQUEST_PREALLOC 128
[3] MPI startup(): shm and ofi data transfer modes
[2] MPI startup(): shm and ofi data transfer modes
[0] MPI startup(): shm and ofi data transfer modes
[1] MPI startup(): shm and ofi data transfer modes
[0] MPI startup(): Rank    Pid      Node name                   Pin cpu
[0] MPI startup(): 0       3634     gpu038.pvt.bridges.psc.edu  {8,9,10,11,12,13,14,15,24,25,26,27,28,29,30,31}
[0] MPI startup(): 1       3635     gpu038.pvt.bridges.psc.edu  {0,1,2,3,4,5,6,7,16,17,18,19,20,21,22,23}
[0] MPI startup(): 2       5753     gpu039.pvt.bridges.psc.edu  {8,9,10,11,12,13,14,15,24,25,26,27,28,29,30,31}
[0] MPI startup(): 3       5754     gpu039.pvt.bridges.psc.edu  {0,1,2,3,4,5,6,7,16,17,18,19,20,21,22,23}
[0] MPI startup(): I_MPI_DEBUG=5
[0] MPI startup(): I_MPI_HYDRA_UUID=2b0e0000-86e7-9cd6-a794-0500db8a0a04
[0] MPI startup(): I_MPI_INFO_NUMA_NODE_MAP=hfi1_0:1
[0] MPI startup(): I_MPI_INFO_NUMA_NODE_NUM=2
[0] MPI startup(): I_MPI_PIN_MAPPING=2:0 8,1 0
[Rank 0] comp time: 4601.189 us, comm time: 2668.287 us, total time: 7786371.946 us
[Rank 2] comp time: 4605.392 us, comm time: 2666.426 us, total time: 7786656.141 us
[Rank 1] comp time: 4999.078 us, comm time: 2674.085 us, total time: 7786796.808 us
[Rank 3] comp time: 4903.230 us, comm time: 2671.527 us, total time: 7787875.175 us
Iter 5
(gpu038:0,1)
(gpu039:2,3)
[0] MPI startup(): Multi-threaded optimized library
[0] MPID_nem_ofi_dump_providers(): Dumping Providers(first=0xffd170 (psm2)):
[0] MPID_nem_ofi_dump_providers():   psm2
[0] MPID_nem_ofi_dump_providers():   verbs
[0] MPID_nem_ofi_dump_providers():   verbs;ofi_rxm
[0] MPID_nem_ofi_dump_providers():   sockets
[0] MPID_nem_ofi_dump_providers():   sockets
[0] MPID_nem_ofi_dump_providers():   sockets
[0] MPID_nem_ofi_init(): used OFI provider: psm2
[0] MPID_nem_ofi_init(): max_buffered_send 64
[0] MPID_nem_ofi_init(): max_msg_size 64
[0] MPID_nem_ofi_init(): rcd switchover 32768
[0] MPID_nem_ofi_init(): cq entries count 8
[0] MPID_nem_ofi_init(): MPID_REQUEST_PREALLOC 128
[3] MPI startup(): shm and ofi data transfer modes
[2] MPI startup(): shm and ofi data transfer modes
[0] MPI startup(): shm and ofi data transfer modes
[1] MPI startup(): shm and ofi data transfer modes
[0] MPI startup(): Rank    Pid      Node name                   Pin cpu
[0] MPI startup(): 0       3694     gpu038.pvt.bridges.psc.edu  {8,9,10,11,12,13,14,15,24,25,26,27,28,29,30,31}
[0] MPI startup(): 1       3695     gpu038.pvt.bridges.psc.edu  {0,1,2,3,4,5,6,7,16,17,18,19,20,21,22,23}
[0] MPI startup(): 2       5880     gpu039.pvt.bridges.psc.edu  {8,9,10,11,12,13,14,15,24,25,26,27,28,29,30,31}
[0] MPI startup(): 3       5881     gpu039.pvt.bridges.psc.edu  {0,1,2,3,4,5,6,7,16,17,18,19,20,21,22,23}
[0] MPI startup(): I_MPI_DEBUG=5
[0] MPI startup(): I_MPI_HYDRA_UUID=680e0000-9bb2-2fd7-a794-0500db8a0a04
[0] MPI startup(): I_MPI_INFO_NUMA_NODE_MAP=hfi1_0:1
[0] MPI startup(): I_MPI_INFO_NUMA_NODE_NUM=2
[0] MPI startup(): I_MPI_PIN_MAPPING=2:0 8,1 0
[Rank 0] comp time: 4609.338 us, comm time: 2658.494 us, total time: 7790746.927 us
[Rank 2] comp time: 4600.085 us, comm time: 2655.086 us, total time: 7790764.093 us
[Rank 1] comp time: 5018.187 us, comm time: 2671.148 us, total time: 7791507.006 us
[Rank 3] comp time: 4935.177 us, comm time: 2668.228 us, total time: 7792344.093 us
Iter 6
(gpu038:0,1)
(gpu039:2,3)
[0] MPI startup(): Multi-threaded optimized library
[0] MPID_nem_ofi_dump_providers(): Dumping Providers(first=0x152c170 (psm2)):
[0] MPID_nem_ofi_dump_providers():   psm2
[0] MPID_nem_ofi_dump_providers():   verbs
[0] MPID_nem_ofi_dump_providers():   verbs;ofi_rxm
[0] MPID_nem_ofi_dump_providers():   sockets
[0] MPID_nem_ofi_dump_providers():   sockets
[0] MPID_nem_ofi_dump_providers():   sockets
[0] MPID_nem_ofi_init(): used OFI provider: psm2
[0] MPID_nem_ofi_init(): max_buffered_send 64
[0] MPID_nem_ofi_init(): max_msg_size 64
[0] MPID_nem_ofi_init(): rcd switchover 32768
[0] MPID_nem_ofi_init(): cq entries count 8
[0] MPID_nem_ofi_init(): MPID_REQUEST_PREALLOC 128
[3] MPI startup(): shm and ofi data transfer modes
[2] MPI startup(): shm and ofi data transfer modes
[1] MPI startup(): shm and ofi data transfer modes
[0] MPI startup(): shm and ofi data transfer modes
[0] MPI startup(): Rank    Pid      Node name                   Pin cpu
[0] MPI startup(): 0       3755     gpu038.pvt.bridges.psc.edu  {8,9,10,11,12,13,14,15,24,25,26,27,28,29,30,31}
[0] MPI startup(): 1       3756     gpu038.pvt.bridges.psc.edu  {0,1,2,3,4,5,6,7,16,17,18,19,20,21,22,23}
[0] MPI startup(): 2       6006     gpu039.pvt.bridges.psc.edu  {8,9,10,11,12,13,14,15,24,25,26,27,28,29,30,31}
[0] MPI startup(): 3       6007     gpu039.pvt.bridges.psc.edu  {0,1,2,3,4,5,6,7,16,17,18,19,20,21,22,23}
[0] MPI startup(): I_MPI_DEBUG=5
[0] MPI startup(): I_MPI_HYDRA_UUID=a50e0000-5caa-c2d7-a794-0500db8a0a04
[0] MPI startup(): I_MPI_INFO_NUMA_NODE_MAP=hfi1_0:1
[0] MPI startup(): I_MPI_INFO_NUMA_NODE_NUM=2
[0] MPI startup(): I_MPI_PIN_MAPPING=2:0 8,1 0
[Rank 0] comp time: 4586.592 us, comm time: 2658.360 us, total time: 7775278.091 us
[Rank 2] comp time: 4585.273 us, comm time: 2656.803 us, total time: 7775681.019 us
[Rank 1] comp time: 5002.573 us, comm time: 2670.425 us, total time: 7776060.820 us
[Rank 3] comp time: 4934.256 us, comm time: 2668.420 us, total time: 7776836.157 us
Iter 7
(gpu038:0,1)
(gpu039:2,3)
[0] MPI startup(): Multi-threaded optimized library
[0] MPID_nem_ofi_dump_providers(): Dumping Providers(first=0x12ee170 (psm2)):
[0] MPID_nem_ofi_dump_providers():   psm2
[0] MPID_nem_ofi_dump_providers():   verbs
[0] MPID_nem_ofi_dump_providers():   verbs;ofi_rxm
[0] MPID_nem_ofi_dump_providers():   sockets
[0] MPID_nem_ofi_dump_providers():   sockets
[0] MPID_nem_ofi_dump_providers():   sockets
[0] MPID_nem_ofi_init(): used OFI provider: psm2
[0] MPID_nem_ofi_init(): max_buffered_send 64
[0] MPID_nem_ofi_init(): max_msg_size 64
[0] MPID_nem_ofi_init(): rcd switchover 32768
[0] MPID_nem_ofi_init(): cq entries count 8
[0] MPID_nem_ofi_init(): MPID_REQUEST_PREALLOC 128
[3] MPI startup(): shm and ofi data transfer modes
[1] MPI startup(): shm and ofi data transfer modes
[2] MPI startup(): shm and ofi data transfer modes
[0] MPI startup(): shm and ofi data transfer modes
[0] MPI startup(): Rank    Pid      Node name                   Pin cpu
[0] MPI startup(): 0       3817     gpu038.pvt.bridges.psc.edu  {8,9,10,11,12,13,14,15,24,25,26,27,28,29,30,31}
[0] MPI startup(): 1       3818     gpu038.pvt.bridges.psc.edu  {0,1,2,3,4,5,6,7,16,17,18,19,20,21,22,23}
[0] MPI startup(): 2       6133     gpu039.pvt.bridges.psc.edu  {8,9,10,11,12,13,14,15,24,25,26,27,28,29,30,31}
[0] MPI startup(): 3       6134     gpu039.pvt.bridges.psc.edu  {0,1,2,3,4,5,6,7,16,17,18,19,20,21,22,23}
[0] MPI startup(): I_MPI_DEBUG=5
[0] MPI startup(): I_MPI_HYDRA_UUID=e30e0000-9e77-55d8-a794-0500db8a0a04
[0] MPI startup(): I_MPI_INFO_NUMA_NODE_MAP=hfi1_0:1
[0] MPI startup(): I_MPI_INFO_NUMA_NODE_NUM=2
[0] MPI startup(): I_MPI_PIN_MAPPING=2:0 8,1 0
[Rank 0] comp time: 4600.713 us, comm time: 2660.173 us, total time: 7774898.052 us
[Rank 2] comp time: 4605.048 us, comm time: 2656.883 us, total time: 7775320.053 us
[Rank 1] comp time: 4986.856 us, comm time: 2669.228 us, total time: 7775816.917 us
[Rank 3] comp time: 4997.604 us, comm time: 2666.312 us, total time: 7776463.985 us
Iter 8
(gpu038:0,1)
(gpu039:2,3)
[0] MPI startup(): Multi-threaded optimized library
[0] MPID_nem_ofi_dump_providers(): Dumping Providers(first=0x1211170 (psm2)):
[0] MPID_nem_ofi_dump_providers():   psm2
[0] MPID_nem_ofi_dump_providers():   verbs
[0] MPID_nem_ofi_dump_providers():   verbs;ofi_rxm
[0] MPID_nem_ofi_dump_providers():   sockets
[0] MPID_nem_ofi_dump_providers():   sockets
[0] MPID_nem_ofi_dump_providers():   sockets
[0] MPID_nem_ofi_init(): used OFI provider: psm2
[0] MPID_nem_ofi_init(): max_buffered_send 64
[0] MPID_nem_ofi_init(): max_msg_size 64
[0] MPID_nem_ofi_init(): rcd switchover 32768
[0] MPID_nem_ofi_init(): cq entries count 8
[0] MPID_nem_ofi_init(): MPID_REQUEST_PREALLOC 128
[3] MPI startup(): shm and ofi data transfer modes
[2] MPI startup(): shm and ofi data transfer modes
[1] MPI startup(): shm and ofi data transfer modes
[0] MPI startup(): shm and ofi data transfer modes
[0] MPI startup(): Rank    Pid      Node name                   Pin cpu
[0] MPI startup(): 0       3877     gpu038.pvt.bridges.psc.edu  {8,9,10,11,12,13,14,15,24,25,26,27,28,29,30,31}
[0] MPI startup(): 1       3878     gpu038.pvt.bridges.psc.edu  {0,1,2,3,4,5,6,7,16,17,18,19,20,21,22,23}
[0] MPI startup(): 2       6260     gpu039.pvt.bridges.psc.edu  {8,9,10,11,12,13,14,15,24,25,26,27,28,29,30,31}
[0] MPI startup(): 3       6261     gpu039.pvt.bridges.psc.edu  {0,1,2,3,4,5,6,7,16,17,18,19,20,21,22,23}
[0] MPI startup(): I_MPI_DEBUG=5
[0] MPI startup(): I_MPI_HYDRA_UUID=1f0f0000-2e65-e8d8-a794-0500db8a0a04
[0] MPI startup(): I_MPI_INFO_NUMA_NODE_MAP=hfi1_0:1
[0] MPI startup(): I_MPI_INFO_NUMA_NODE_NUM=2
[0] MPI startup(): I_MPI_PIN_MAPPING=2:0 8,1 0
[Rank 0] comp time: 4595.927 us, comm time: 2661.619 us, total time: 7776860.952 us
[Rank 1] comp time: 4999.919 us, comm time: 2672.423 us, total time: 7778048.038 us
[Rank 2] comp time: 4587.926 us, comm time: 2660.758 us, total time: 7777586.937 us
[Rank 3] comp time: 4957.864 us, comm time: 2670.753 us, total time: 7778556.108 us
Iter 9
(gpu038:0,1)
(gpu039:2,3)
[0] MPI startup(): Multi-threaded optimized library
[0] MPID_nem_ofi_dump_providers(): Dumping Providers(first=0x2044170 (psm2)):
[0] MPID_nem_ofi_dump_providers():   psm2
[0] MPID_nem_ofi_dump_providers():   verbs
[0] MPID_nem_ofi_dump_providers():   verbs;ofi_rxm
[0] MPID_nem_ofi_dump_providers():   sockets
[0] MPID_nem_ofi_dump_providers():   sockets
[0] MPID_nem_ofi_dump_providers():   sockets
[0] MPID_nem_ofi_init(): used OFI provider: psm2
[0] MPID_nem_ofi_init(): max_buffered_send 64
[0] MPID_nem_ofi_init(): max_msg_size 64
[0] MPID_nem_ofi_init(): rcd switchover 32768
[0] MPID_nem_ofi_init(): cq entries count 8
[0] MPID_nem_ofi_init(): MPID_REQUEST_PREALLOC 128
[3] MPI startup(): shm and ofi data transfer modes
[2] MPI startup(): shm and ofi data transfer modes
[1] MPI startup(): shm and ofi data transfer modes
[0] MPI startup(): shm and ofi data transfer modes
[0] MPI startup(): Rank    Pid      Node name                   Pin cpu
[0] MPI startup(): 0       3939     gpu038.pvt.bridges.psc.edu  {8,9,10,11,12,13,14,15,24,25,26,27,28,29,30,31}
[0] MPI startup(): 1       3940     gpu038.pvt.bridges.psc.edu  {0,1,2,3,4,5,6,7,16,17,18,19,20,21,22,23}
[0] MPI startup(): 2       6387     gpu039.pvt.bridges.psc.edu  {8,9,10,11,12,13,14,15,24,25,26,27,28,29,30,31}
[0] MPI startup(): 3       6388     gpu039.pvt.bridges.psc.edu  {0,1,2,3,4,5,6,7,16,17,18,19,20,21,22,23}
[0] MPI startup(): I_MPI_DEBUG=5
[0] MPI startup(): I_MPI_HYDRA_UUID=5d0f0000-e210-7bd9-a794-0500db8a0a04
[0] MPI startup(): I_MPI_INFO_NUMA_NODE_MAP=hfi1_0:1
[0] MPI startup(): I_MPI_INFO_NUMA_NODE_NUM=2
[0] MPI startup(): I_MPI_PIN_MAPPING=2:0 8,1 0
[Rank 0] comp time: 4594.377 us, comm time: 2664.181 us, total time: 7779122.829 us
[Rank 1] comp time: 5000.294 us, comm time: 2671.635 us, total time: 7779371.023 us
[Rank 2] comp time: 4601.499 us, comm time: 2663.356 us, total time: 7779628.038 us
[Rank 3] comp time: 4968.652 us, comm time: 2670.032 us, total time: 7780035.973 us
Iter 10
(gpu038:0,1)
(gpu039:2,3)
[0] MPI startup(): Multi-threaded optimized library
[0] MPID_nem_ofi_dump_providers(): Dumping Providers(first=0xf28170 (psm2)):
[0] MPID_nem_ofi_dump_providers():   psm2
[0] MPID_nem_ofi_dump_providers():   verbs
[0] MPID_nem_ofi_dump_providers():   verbs;ofi_rxm
[0] MPID_nem_ofi_dump_providers():   sockets
[0] MPID_nem_ofi_dump_providers():   sockets
[0] MPID_nem_ofi_dump_providers():   sockets
[0] MPID_nem_ofi_init(): used OFI provider: psm2
[0] MPID_nem_ofi_init(): max_buffered_send 64
[0] MPID_nem_ofi_init(): max_msg_size 64
[0] MPID_nem_ofi_init(): rcd switchover 32768
[0] MPID_nem_ofi_init(): cq entries count 8
[0] MPID_nem_ofi_init(): MPID_REQUEST_PREALLOC 128
[3] MPI startup(): shm and ofi data transfer modes
[2] MPI startup(): shm and ofi data transfer modes
[1] MPI startup(): shm and ofi data transfer modes
[0] MPI startup(): shm and ofi data transfer modes
[0] MPI startup(): Rank    Pid      Node name                   Pin cpu
[0] MPI startup(): 0       4001     gpu038.pvt.bridges.psc.edu  {8,9,10,11,12,13,14,15,24,25,26,27,28,29,30,31}
[0] MPI startup(): 1       4002     gpu038.pvt.bridges.psc.edu  {0,1,2,3,4,5,6,7,16,17,18,19,20,21,22,23}
[0] MPI startup(): 2       6517     gpu039.pvt.bridges.psc.edu  {8,9,10,11,12,13,14,15,24,25,26,27,28,29,30,31}
[0] MPI startup(): 3       6518     gpu039.pvt.bridges.psc.edu  {0,1,2,3,4,5,6,7,16,17,18,19,20,21,22,23}
[0] MPI startup(): I_MPI_DEBUG=5
[0] MPI startup(): I_MPI_HYDRA_UUID=9b0f0000-77dc-0dda-a794-0500db8a0a04
[0] MPI startup(): I_MPI_INFO_NUMA_NODE_MAP=hfi1_0:1
[0] MPI startup(): I_MPI_INFO_NUMA_NODE_NUM=2
[0] MPI startup(): I_MPI_PIN_MAPPING=2:0 8,1 0
[Rank 0] comp time: 4603.811 us, comm time: 2660.100 us, total time: 7778963.089 us
[Rank 1] comp time: 5002.369 us, comm time: 2671.834 us, total time: 7779718.876 us
[Rank 2] comp time: 4613.335 us, comm time: 2658.368 us, total time: 7779277.802 us
[Rank 3] comp time: 4907.955 us, comm time: 2669.920 us, total time: 7780469.179 us
