/ccs/home/jchoi/TraceR/tracer/traceR --sync=3 --nkp=16 --extramem=100000 --max-opt-lookahead=1000000 --timer-frequency=1000 --lp-io-dir=summit-3/32768b -- summit-3/summit.conf tracer_config scorep-32768b/traces.otf2 

Sat Sep 14 22:56:39 2019

ROSS Version: v7.1.1-dirty

tw_net_start: Found world size to be 6 
Config file is summit-3/summit.conf
Trace input file is tracer_config
Trace directory is scorep-32768b/traces.otf2
FT type is 0
FT num levels is 3
FT tapering is 1.000000
Pods 15; L2 pods 9; Link repetition:2; l1_set_size 18
num_switches[0]=270
num_switches[1]=270
num_switches[2]=162
FT packet size is 512
FT num rails is 2
FT router delay is 60.0
FT buffer size links is 32768
FT buffer size injection is 32768
FT routing is 2
FT rail selection is 2
FT rail select limit  is 0
FT bandwidths link 12.5 node 12.5
within node transfer per byte delay is 0.080000
Found soft_delay as 250.000000
Found nic_delay as 400.000000
Found rdma_delay as 1000.000000
Copy cost per byte is 0.050000 ns
Eager limit is 65537.000000 bytes
Begin reading tracer_config
Using default linear mapping of jobs
Job 0 - ranks 2, trace folder scorep-32768b/traces.otf2, rank file job0, iters 1
Done reading meta-information about jobs
Read global definition for job 0 from scorep-32768b/traces.otf2
Clock Props: 1000000 1000000000 1000.000000

ROSS Core Configuration: 
	Total PEs                                                    6
	Total KPs                                          [Nodes (6) x KPs (16)] 96
	Total LPs                                                11340
	Simulation End Time                                3600000000000.00
	LP-to-PE Mapping                                   model defined


ROSS Event Memory Allocation:
	Model events                                            583841
	Network events                                              16
	Total events                                            483856

*** START PARALLEL OPTIMISTIC SIMULATION WITH SUSPEND LP FEATURE ***

PE0 - LP_GID:0 : START SIMULATION, TASKS COUNT: 1608, FIRST TASK: 0, RUN TIME TILL NOW=0.000000 s, CURRENT SIM TIME 1.005877
Set num_servers per router 18, servers per injection queue per router 9, servers per node copy queue per node 1, num nics 18
[ 0 0 : time at task 0/1608 0.000000 ]
[ 0 0 : Begin TRACER_WallTime_Total 0.000033 ]
[ 0 0 : Begin TRACER_WallTime_Comp 0.000041 ]
[ 0 0 : End TRACER_WallTime_Comp 0.000113 ]
[ 0 0 : Begin TRACER_WallTime_Comm 0.000121 ]
[ 0 1 : Begin TRACER_WallTime_Comp 0.000040 ]
[ 0 1 : End TRACER_WallTime_Comp 0.000105 ]
[ 0 1 : Begin TRACER_WallTime_Comm 0.000121 ]
[ 0 0 : End TRACER_WallTime_Comm 0.000135 ]
[ 0 0 : Begin TRACER_WallTime_Comp 0.000135 ]
[ 0 0 : End TRACER_WallTime_Comp 0.000196 ]
[ 0 0 : Begin TRACER_WallTime_Comm 0.000199 ]
[ 0 1 : End TRACER_WallTime_Comm 0.000141 ]
[ 0 1 : Begin TRACER_WallTime_Comp 0.000141 ]
[ 0 1 : End TRACER_WallTime_Comp 0.000195 ]
[ 0 1 : Begin TRACER_WallTime_Comm 0.000199 ]
[ 0 0 : End TRACER_WallTime_Comm 0.000210 ]
[ 0 0 : Begin TRACER_WallTime_Comp 0.000211 ]
[ 0 0 : End TRACER_WallTime_Comp 0.000271 ]
[ 0 1 : End TRACER_WallTime_Comm 0.000217 ]
[ 0 1 : Begin TRACER_WallTime_Comp 0.000217 ]
[ 0 1 : End TRACER_WallTime_Comp 0.000270 ]
[ 0 0 : Begin TRACER_WallTime_Comm 0.000274 ]
[ 0 1 : Begin TRACER_WallTime_Comm 0.000275 ]
[ 0 0 : End TRACER_WallTime_Comm 0.000284 ]
[ 0 0 : Begin TRACER_WallTime_Comp 0.000285 ]
[ 0 0 : End TRACER_WallTime_Comp 0.000345 ]
[ 0 0 : Begin TRACER_WallTime_Comm 0.000350 ]
[ 0 1 : End TRACER_WallTime_Comm 0.000290 ]
[ 0 1 : Begin TRACER_WallTime_Comp 0.000291 ]
[ 0 1 : End TRACER_WallTime_Comp 0.000344 ]
[ 0 1 : Begin TRACER_WallTime_Comm 0.000350 ]
[ 0 0 : End TRACER_WallTime_Comm 0.000360 ]
[ 0 0 : Begin TRACER_WallTime_Comp 0.000361 ]
[ 0 0 : End TRACER_WallTime_Comp 0.000421 ]
[ 0 0 : Begin TRACER_WallTime_Comm 0.000424 ]
[ 0 1 : End TRACER_WallTime_Comm 0.000365 ]
[ 0 1 : Begin TRACER_WallTime_Comp 0.000366 ]
[ 0 1 : End TRACER_WallTime_Comp 0.000419 ]
[ 0 1 : Begin TRACER_WallTime_Comm 0.000423 ]
[ 0 0 : End TRACER_WallTime_Comm 0.000436 ]
[ 0 0 : Begin TRACER_WallTime_Comp 0.000436 ]
[ 0 0 : End TRACER_WallTime_Comp 0.000497 ]
[ 0 1 : End TRACER_WallTime_Comm 0.000441 ]
[ 0 1 : Begin TRACER_WallTime_Comp 0.000441 ]
[ 0 1 : End TRACER_WallTime_Comp 0.000495 ]
[ 0 0 : Begin TRACER_WallTime_Comm 0.000501 ]
[ 0 1 : Begin TRACER_WallTime_Comm 0.000501 ]
[ 0 0 : End TRACER_WallTime_Comm 0.000512 ]
[ 0 0 : Begin TRACER_WallTime_Comp 0.000512 ]
[ 0 0 : End TRACER_WallTime_Comp 0.000572 ]
[ 0 0 : Begin TRACER_WallTime_Comm 0.000577 ]
[ 0 1 : End TRACER_WallTime_Comm 0.000517 ]
[ 0 1 : Begin TRACER_WallTime_Comp 0.000517 ]
[ 0 1 : End TRACER_WallTime_Comp 0.000570 ]
[ 0 1 : Begin TRACER_WallTime_Comm 0.000576 ]
[ 0 0 : End TRACER_WallTime_Comm 0.000587 ]
[ 0 0 : Begin TRACER_WallTime_Comp 0.000587 ]
[ 0 0 : End TRACER_WallTime_Comp 0.000648 ]
[ 0 0 : Begin TRACER_WallTime_Comm 0.000650 ]
[ 0 1 : End TRACER_WallTime_Comm 0.000592 ]
[ 0 1 : Begin TRACER_WallTime_Comp 0.000593 ]
[ 0 1 : End TRACER_WallTime_Comp 0.000646 ]
[ 0 1 : Begin TRACER_WallTime_Comm 0.000650 ]
[ 0 0 : End TRACER_WallTime_Comm 0.000661 ]
[ 0 0 : Begin TRACER_WallTime_Comp 0.000661 ]
[ 0 0 : End TRACER_WallTime_Comp 0.000722 ]
[ 0 1 : End TRACER_WallTime_Comm 0.000666 ]
[ 0 1 : Begin TRACER_WallTime_Comp 0.000666 ]
[ 0 1 : End TRACER_WallTime_Comp 0.000719 ]
[ 0 0 : Begin TRACER_WallTime_Comm 0.000725 ]
[ 0 1 : Begin TRACER_WallTime_Comm 0.000724 ]
[ 0 0 : End TRACER_WallTime_Comm 0.000736 ]
[ 0 0 : Begin TRACER_WallTime_Comp 0.000736 ]
[ 0 0 : End TRACER_WallTime_Comp 0.000796 ]
[ 0 0 : Begin TRACER_WallTime_Comm 0.000800 ]
[ 0 1 : End TRACER_WallTime_Comm 0.000741 ]
[ 0 1 : Begin TRACER_WallTime_Comp 0.000741 ]
[ 0 1 : End TRACER_WallTime_Comp 0.000794 ]
[ 0 1 : Begin TRACER_WallTime_Comm 0.000799 ]
[ 0 0 : End TRACER_WallTime_Comm 0.000811 ]
[ 0 0 : Begin TRACER_WallTime_Comp 0.000811 ]
[ 0 0 : End TRACER_WallTime_Comp 0.000871 ]
[ 0 0 : Begin TRACER_WallTime_Comm 0.000876 ]
[ 0 1 : End TRACER_WallTime_Comm 0.000815 ]
[ 0 1 : Begin TRACER_WallTime_Comp 0.000816 ]
[ 0 1 : End TRACER_WallTime_Comp 0.000869 ]
[ 0 1 : Begin TRACER_WallTime_Comm 0.000876 ]
[ 0 0 : End TRACER_WallTime_Comm 0.000886 ]
[ 0 0 : Begin TRACER_WallTime_Comp 0.000886 ]
[ 0 1 : End TRACER_WallTime_Comm 0.000892 ]
[ 0 1 : Begin TRACER_WallTime_Comp 0.000892 ]
[ 0 1 : End TRACER_WallTime_Comp 0.000945 ]
[ 0 0 : End TRACER_WallTime_Comp 0.000946 ]
[ 0 0 : Begin TRACER_WallTime_Comm 0.000950 ]
[ 0 1 : Begin TRACER_WallTime_Comm 0.000949 ]
[ 0 0 : End TRACER_WallTime_Comm 0.000959 ]
[ 0 0 : Begin TRACER_WallTime_Comp 0.000960 ]
[ 0 0 : End TRACER_WallTime_Comp 0.001020 ]
[ 0 0 : Begin TRACER_WallTime_Comm 0.001023 ]
[ 0 1 : End TRACER_WallTime_Comm 0.000966 ]
[ 0 1 : Begin TRACER_WallTime_Comp 0.000966 ]
[ 0 1 : End TRACER_WallTime_Comp 0.001019 ]
[ 0 1 : Begin TRACER_WallTime_Comm 0.001023 ]
[ 0 0 : End TRACER_WallTime_Comm 0.001033 ]
[ 0 0 : Begin TRACER_WallTime_Comp 0.001033 ]
[ 0 0 : End TRACER_WallTime_Comp 0.001094 ]
[ 0 0 : Begin TRACER_WallTime_Comm 0.001098 ]
[ 0 1 : End TRACER_WallTime_Comm 0.001038 ]
[ 0 1 : Begin TRACER_WallTime_Comp 0.001038 ]
[ 0 1 : End TRACER_WallTime_Comp 0.001092 ]
[ 0 1 : Begin TRACER_WallTime_Comm 0.001099 ]
[ 0 0 : End TRACER_WallTime_Comm 0.001109 ]
[ 0 0 : Begin TRACER_WallTime_Comp 0.001109 ]
[ 0 0 : End TRACER_WallTime_Comp 0.001169 ]
[ 0 0 : Begin TRACER_WallTime_Comm 0.001174 ]
[ 0 1 : End TRACER_WallTime_Comm 0.001115 ]
[ 0 1 : Begin TRACER_WallTime_Comp 0.001115 ]
[ 0 1 : End TRACER_WallTime_Comp 0.001168 ]
[ 0 1 : Begin TRACER_WallTime_Comm 0.001174 ]
[ 0 0 : End TRACER_WallTime_Comm 0.001185 ]
[ 0 0 : Begin TRACER_WallTime_Comp 0.001185 ]
[ 0 0 : End TRACER_WallTime_Comp 0.001245 ]
[ 0 0 : Begin TRACER_WallTime_Comm 0.001249 ]
[ 0 1 : End TRACER_WallTime_Comm 0.001189 ]
[ 0 1 : Begin TRACER_WallTime_Comp 0.001190 ]
[ 0 1 : End TRACER_WallTime_Comp 0.001243 ]
[ 0 1 : Begin TRACER_WallTime_Comm 0.001248 ]
[ 0 0 : End TRACER_WallTime_Comm 0.001260 ]
[ 0 0 : Begin TRACER_WallTime_Comp 0.001260 ]
[ 0 0 : End TRACER_WallTime_Comp 0.001320 ]
[ 0 0 : Begin TRACER_WallTime_Comm 0.001325 ]
[ 0 1 : End TRACER_WallTime_Comm 0.001265 ]
[ 0 1 : Begin TRACER_WallTime_Comp 0.001265 ]
[ 0 1 : End TRACER_WallTime_Comp 0.001318 ]
[ 0 1 : Begin TRACER_WallTime_Comm 0.001324 ]
[ 0 0 : End TRACER_WallTime_Comm 0.001335 ]
[ 0 0 : Begin TRACER_WallTime_Comp 0.001336 ]
[ 0 0 : End TRACER_WallTime_Comp 0.001396 ]
[ 0 0 : Begin TRACER_WallTime_Comm 0.001400 ]
[ 0 1 : End TRACER_WallTime_Comm 0.001341 ]
[ 0 1 : Begin TRACER_WallTime_Comp 0.001342 ]
[ 0 1 : End TRACER_WallTime_Comp 0.001395 ]
[ 0 1 : Begin TRACER_WallTime_Comm 0.001401 ]
[ 0 0 : End TRACER_WallTime_Comm 0.001411 ]
[ 0 0 : Begin TRACER_WallTime_Comp 0.001411 ]
[ 0 0 : End TRACER_WallTime_Comp 0.001471 ]
[ 0 0 : Begin TRACER_WallTime_Comm 0.001476 ]
[ 0 1 : End TRACER_WallTime_Comm 0.001417 ]
[ 0 1 : Begin TRACER_WallTime_Comp 0.001417 ]
[ 0 1 : End TRACER_WallTime_Comp 0.001470 ]
[ 0 1 : Begin TRACER_WallTime_Comm 0.001475 ]
[ 0 0 : End TRACER_WallTime_Comm 0.001487 ]
[ 0 0 : Begin TRACER_WallTime_Comp 0.001487 ]
[ 0 0 : End TRACER_WallTime_Comp 0.001547 ]
[ 0 1 : End TRACER_WallTime_Comm 0.001492 ]
[ 0 1 : Begin TRACER_WallTime_Comp 0.001492 ]
[ 0 1 : End TRACER_WallTime_Comp 0.001545 ]
[ 0 0 : Begin TRACER_WallTime_Comm 0.001551 ]
[ 0 1 : Begin TRACER_WallTime_Comm 0.001550 ]
[ 0 0 : End TRACER_WallTime_Comm 0.001562 ]
[ 0 0 : Begin TRACER_WallTime_Comp 0.001562 ]
[ 0 0 : End TRACER_WallTime_Comp 0.001622 ]
[ 0 0 : Begin TRACER_WallTime_Comm 0.001626 ]
[ 0 1 : End TRACER_WallTime_Comm 0.001567 ]
[ 0 1 : Begin TRACER_WallTime_Comp 0.001567 ]
[ 0 1 : End TRACER_WallTime_Comp 0.001620 ]
[ 0 1 : Begin TRACER_WallTime_Comm 0.001625 ]
[ 0 0 : End TRACER_WallTime_Comm 0.001635 ]
[ 0 0 : Begin TRACER_WallTime_Comp 0.001635 ]
[ 0 0 : End TRACER_WallTime_Comp 0.001696 ]
[ 0 0 : Begin TRACER_WallTime_Comm 0.001698 ]
[ 0 1 : End TRACER_WallTime_Comm 0.001640 ]
[ 0 1 : Begin TRACER_WallTime_Comp 0.001640 ]
[ 0 1 : End TRACER_WallTime_Comp 0.001694 ]
[ 0 1 : Begin TRACER_WallTime_Comm 0.001699 ]
[ 0 0 : End TRACER_WallTime_Comm 0.001709 ]
[ 0 0 : Begin TRACER_WallTime_Comp 0.001709 ]
[ 0 0 : End TRACER_WallTime_Comp 0.001770 ]
[ 0 1 : End TRACER_WallTime_Comm 0.001715 ]
[ 0 1 : Begin TRACER_WallTime_Comp 0.001715 ]
[ 0 1 : End TRACER_WallTime_Comp 0.001768 ]
[ 0 0 : Begin TRACER_WallTime_Comm 0.001772 ]
[ 0 1 : Begin TRACER_WallTime_Comm 0.001774 ]
[ 0 0 : End TRACER_WallTime_Comm 0.001783 ]
[ 0 0 : Begin TRACER_WallTime_Comp 0.001783 ]
[ 0 0 : End TRACER_WallTime_Comp 0.001843 ]
[ 0 0 : Begin TRACER_WallTime_Comm 0.001848 ]
[ 0 1 : End TRACER_WallTime_Comm 0.001790 ]
[ 0 1 : Begin TRACER_WallTime_Comp 0.001790 ]
[ 0 1 : End TRACER_WallTime_Comp 0.001843 ]
[ 0 1 : Begin TRACER_WallTime_Comm 0.001849 ]
[ 0 0 : End TRACER_WallTime_Comm 0.001859 ]
[ 0 0 : Begin TRACER_WallTime_Comp 0.001860 ]
[ 0 0 : End TRACER_WallTime_Comp 0.001920 ]
[ 0 0 : Begin TRACER_WallTime_Comm 0.001922 ]
[ 0 1 : End TRACER_WallTime_Comm 0.001865 ]
[ 0 1 : Begin TRACER_WallTime_Comp 0.001866 ]
[ 0 1 : End TRACER_WallTime_Comp 0.001919 ]
[ 0 1 : Begin TRACER_WallTime_Comm 0.001923 ]
[ 0 0 : End TRACER_WallTime_Comm 0.001933 ]
[ 0 0 : Begin TRACER_WallTime_Comp 0.001934 ]
[ 0 0 : End TRACER_WallTime_Comp 0.001994 ]
[ 0 1 : End TRACER_WallTime_Comm 0.001939 ]
[ 0 1 : Begin TRACER_WallTime_Comp 0.001940 ]
[ 0 1 : End TRACER_WallTime_Comp 0.001993 ]
[ 0 0 : Begin TRACER_WallTime_Comm 0.001997 ]
[ 0 1 : Begin TRACER_WallTime_Comm 0.001996 ]
[ 0 0 : End TRACER_WallTime_Comm 0.002007 ]
[ 0 0 : Begin TRACER_WallTime_Comp 0.002007 ]
[ 0 0 : End TRACER_WallTime_Comp 0.002067 ]
[ 0 0 : Begin TRACER_WallTime_Comm 0.002069 ]
[ 0 1 : End TRACER_WallTime_Comm 0.002011 ]
[ 0 1 : Begin TRACER_WallTime_Comp 0.002012 ]
[ 0 1 : End TRACER_WallTime_Comp 0.002065 ]
[ 0 1 : Begin TRACER_WallTime_Comm 0.002069 ]
[ 0 0 : End TRACER_WallTime_Comm 0.002080 ]
[ 0 0 : Begin TRACER_WallTime_Comp 0.002081 ]
[ 0 0 : End TRACER_WallTime_Comp 0.002141 ]
[ 0 0 : Begin TRACER_WallTime_Comm 0.002143 ]
[ 0 1 : End TRACER_WallTime_Comm 0.002085 ]
[ 0 1 : Begin TRACER_WallTime_Comp 0.002086 ]
[ 0 1 : End TRACER_WallTime_Comp 0.002139 ]
[ 0 1 : Begin TRACER_WallTime_Comm 0.002143 ]
[ 0 0 : End TRACER_WallTime_Comm 0.002153 ]
[ 0 0 : Begin TRACER_WallTime_Comp 0.002153 ]
[ 0 1 : End TRACER_WallTime_Comm 0.002158 ]
[ 0 1 : Begin TRACER_WallTime_Comp 0.002159 ]
[ 0 1 : End TRACER_WallTime_Comp 0.002212 ]
[ 0 0 : End TRACER_WallTime_Comp 0.002213 ]
[ 0 0 : Begin TRACER_WallTime_Comm 0.002217 ]
[ 0 1 : Begin TRACER_WallTime_Comm 0.002218 ]
[ 0 0 : End TRACER_WallTime_Comm 0.002229 ]
[ 0 0 : Begin TRACER_WallTime_Comp 0.002229 ]
[ 0 0 : End TRACER_WallTime_Comp 0.002289 ]
[ 0 0 : Begin TRACER_WallTime_Comm 0.002291 ]
[ 0 1 : End TRACER_WallTime_Comm 0.002233 ]
[ 0 1 : Begin TRACER_WallTime_Comp 0.002233 ]
[ 0 1 : End TRACER_WallTime_Comp 0.002287 ]
[ 0 1 : Begin TRACER_WallTime_Comm 0.002291 ]
[ 0 0 : End TRACER_WallTime_Comm 0.002302 ]
[ 0 0 : Begin TRACER_WallTime_Comp 0.002302 ]
[ 0 0 : End TRACER_WallTime_Comp 0.002363 ]
[ 0 0 : Begin TRACER_WallTime_Comm 0.002367 ]
[ 0 1 : End TRACER_WallTime_Comm 0.002307 ]
[ 0 1 : Begin TRACER_WallTime_Comp 0.002307 ]
[ 0 1 : End TRACER_WallTime_Comp 0.002360 ]
[ 0 1 : Begin TRACER_WallTime_Comm 0.002367 ]
[ 0 0 : End TRACER_WallTime_Comm 0.002378 ]
[ 0 0 : Begin TRACER_WallTime_Comp 0.002378 ]
[ 0 1 : End TRACER_WallTime_Comm 0.002383 ]
[ 0 0 : End TRACER_WallTime_Comp 0.002439 ]
[ 0 0 : Begin TRACER_WallTime_Comm 0.002441 ]
[ 0 1 : Begin TRACER_WallTime_Comp 0.002383 ]
[ 0 1 : End TRACER_WallTime_Comp 0.002436 ]
[ 0 1 : Begin TRACER_WallTime_Comm 0.002442 ]
[ 0 0 : End TRACER_WallTime_Comm 0.002453 ]
[ 0 0 : Begin TRACER_WallTime_Comp 0.002453 ]
[ 0 0 : End TRACER_WallTime_Comp 0.002514 ]
[ 0 0 : Begin TRACER_WallTime_Comm 0.002517 ]
[ 0 1 : End TRACER_WallTime_Comm 0.002458 ]
[ 0 1 : Begin TRACER_WallTime_Comp 0.002458 ]
[ 0 1 : End TRACER_WallTime_Comp 0.002512 ]
[ 0 1 : Begin TRACER_WallTime_Comm 0.002516 ]
[ 0 0 : End TRACER_WallTime_Comm 0.002527 ]
[ 0 0 : Begin TRACER_WallTime_Comp 0.002527 ]
[ 0 0 : End TRACER_WallTime_Comp 0.002587 ]
[ 0 0 : Begin TRACER_WallTime_Comm 0.002590 ]
[ 0 1 : End TRACER_WallTime_Comm 0.002531 ]
[ 0 1 : Begin TRACER_WallTime_Comp 0.002531 ]
[ 0 1 : End TRACER_WallTime_Comp 0.002585 ]
[ 0 1 : Begin TRACER_WallTime_Comm 0.002589 ]
[ 0 0 : End TRACER_WallTime_Comm 0.002602 ]
[ 0 0 : Begin TRACER_WallTime_Comp 0.002602 ]
[ 0 0 : End TRACER_WallTime_Comp 0.002663 ]
[ 0 0 : Begin TRACER_WallTime_Comm 0.002665 ]
[ 0 1 : End TRACER_WallTime_Comm 0.002606 ]
[ 0 1 : Begin TRACER_WallTime_Comp 0.002606 ]
[ 0 1 : End TRACER_WallTime_Comp 0.002660 ]
[ 0 1 : Begin TRACER_WallTime_Comm 0.002665 ]
[ 0 0 : End TRACER_WallTime_Comm 0.002675 ]
[ 0 0 : Begin TRACER_WallTime_Comp 0.002675 ]
[ 0 0 : End TRACER_WallTime_Comp 0.002736 ]
[ 0 0 : Begin TRACER_WallTime_Comm 0.002741 ]
[ 0 1 : End TRACER_WallTime_Comm 0.002680 ]
[ 0 1 : Begin TRACER_WallTime_Comp 0.002680 ]
[ 0 1 : End TRACER_WallTime_Comp 0.002734 ]
[ 0 1 : Begin TRACER_WallTime_Comm 0.002742 ]
[ 0 0 : End TRACER_WallTime_Comm 0.002754 ]
[ 0 0 : Begin TRACER_WallTime_Comp 0.002754 ]
[ 0 0 : End TRACER_WallTime_Comp 0.002814 ]
[ 0 1 : End TRACER_WallTime_Comm 0.002758 ]
[ 0 1 : Begin TRACER_WallTime_Comp 0.002758 ]
[ 0 1 : End TRACER_WallTime_Comp 0.002812 ]
[ 0 0 : Begin TRACER_WallTime_Comm 0.002818 ]
[ 0 1 : Begin TRACER_WallTime_Comm 0.002817 ]
[ 0 0 : End TRACER_WallTime_Comm 0.002827 ]
[ 0 0 : Begin TRACER_WallTime_Comp 0.002827 ]
[ 0 0 : End TRACER_WallTime_Comp 0.002887 ]
[ 0 0 : Begin TRACER_WallTime_Comm 0.002891 ]
[ 0 1 : End TRACER_WallTime_Comm 0.002832 ]
[ 0 1 : Begin TRACER_WallTime_Comp 0.002832 ]
[ 0 1 : End TRACER_WallTime_Comp 0.002886 ]
[ 0 1 : Begin TRACER_WallTime_Comm 0.002890 ]
[ 0 0 : End TRACER_WallTime_Comm 0.002901 ]
[ 0 0 : Begin TRACER_WallTime_Comp 0.002902 ]
[ 0 0 : End TRACER_WallTime_Comp 0.002962 ]
[ 0 0 : Begin TRACER_WallTime_Comm 0.002964 ]
[ 0 1 : End TRACER_WallTime_Comm 0.002908 ]
[ 0 1 : Begin TRACER_WallTime_Comp 0.002908 ]
[ 0 1 : End TRACER_WallTime_Comp 0.002960 ]
[ 0 1 : Begin TRACER_WallTime_Comm 0.002964 ]
[ 0 0 : End TRACER_WallTime_Comm 0.002974 ]
[ 0 0 : Begin TRACER_WallTime_Comp 0.002975 ]
[ 0 0 : End TRACER_WallTime_Comp 0.003035 ]
[ 0 1 : End TRACER_WallTime_Comm 0.002979 ]
[ 0 1 : Begin TRACER_WallTime_Comp 0.002979 ]
[ 0 1 : End TRACER_WallTime_Comp 0.003033 ]
[ 0 0 : Begin TRACER_WallTime_Comm 0.003037 ]
[ 0 1 : Begin TRACER_WallTime_Comm 0.003040 ]
[ 0 0 : End TRACER_WallTime_Comm 0.003050 ]
[ 0 0 : Begin TRACER_WallTime_Comp 0.003050 ]
[ 0 0 : End TRACER_WallTime_Comp 0.003111 ]
[ 0 0 : Begin TRACER_WallTime_Comm 0.003113 ]
[ 0 1 : End TRACER_WallTime_Comm 0.003055 ]
[ 0 1 : Begin TRACER_WallTime_Comp 0.003055 ]
[ 0 1 : End TRACER_WallTime_Comp 0.003109 ]
[ 0 1 : Begin TRACER_WallTime_Comm 0.003114 ]
[ 0 0 : End TRACER_WallTime_Comm 0.003124 ]
[ 0 0 : Begin TRACER_WallTime_Comp 0.003124 ]
[ 0 0 : End TRACER_WallTime_Comp 0.003184 ]
[ 0 0 : Begin TRACER_WallTime_Comm 0.003188 ]
[ 0 1 : End TRACER_WallTime_Comm 0.003129 ]
[ 0 1 : Begin TRACER_WallTime_Comp 0.003129 ]
[ 0 1 : End TRACER_WallTime_Comp 0.003183 ]
[ 0 1 : Begin TRACER_WallTime_Comm 0.003190 ]
[ 0 0 : End TRACER_WallTime_Comm 0.003201 ]
[ 0 0 : Begin TRACER_WallTime_Comp 0.003201 ]
[ 0 0 : End TRACER_WallTime_Comp 0.003262 ]
[ 0 1 : End TRACER_WallTime_Comm 0.003205 ]
[ 0 1 : Begin TRACER_WallTime_Comp 0.003207 ]
[ 0 1 : End TRACER_WallTime_Comp 0.003259 ]
[ 0 0 : Begin TRACER_WallTime_Comm 0.003265 ]
[ 0 1 : Begin TRACER_WallTime_Comm 0.003264 ]
[ 0 0 : End TRACER_WallTime_Comm 0.003275 ]
[ 0 0 : Begin TRACER_WallTime_Comp 0.003275 ]
[ 0 0 : End TRACER_WallTime_Comp 0.003335 ]
[ 0 0 : Begin TRACER_WallTime_Comm 0.003341 ]
[ 0 1 : End TRACER_WallTime_Comm 0.003279 ]
[ 0 1 : Begin TRACER_WallTime_Comp 0.003279 ]
[ 0 1 : End TRACER_WallTime_Comp 0.003333 ]
[ 0 1 : Begin TRACER_WallTime_Comm 0.003340 ]
[ 0 0 : End TRACER_WallTime_Comm 0.003353 ]
[ 0 0 : Begin TRACER_WallTime_Comp 0.003353 ]
[ 0 0 : End TRACER_WallTime_Comp 0.003413 ]
[ 0 0 : Begin TRACER_WallTime_Comm 0.003416 ]
[ 0 1 : End TRACER_WallTime_Comm 0.003357 ]
[ 0 1 : Begin TRACER_WallTime_Comp 0.003357 ]
[ 0 1 : End TRACER_WallTime_Comp 0.003411 ]
[ 0 1 : Begin TRACER_WallTime_Comm 0.003415 ]
[ 0 0 : End TRACER_WallTime_Comm 0.003426 ]
[ 0 0 : Begin TRACER_WallTime_Comp 0.003426 ]
[ 0 0 : End TRACER_WallTime_Comp 0.003487 ]
[ 0 1 : End TRACER_WallTime_Comm 0.003430 ]
[ 0 1 : Begin TRACER_WallTime_Comp 0.003430 ]
[ 0 1 : End TRACER_WallTime_Comp 0.003484 ]
[ 0 0 : Begin TRACER_WallTime_Comm 0.003490 ]
[ 0 1 : Begin TRACER_WallTime_Comm 0.003490 ]
[ 0 0 : End TRACER_WallTime_Comm 0.003500 ]
[ 0 0 : Begin TRACER_WallTime_Comp 0.003500 ]
[ 0 0 : End TRACER_WallTime_Comp 0.003560 ]
[ 0 0 : Begin TRACER_WallTime_Comm 0.003566 ]
[ 0 1 : End TRACER_WallTime_Comm 0.003507 ]
[ 0 1 : Begin TRACER_WallTime_Comp 0.003507 ]
[ 0 1 : End TRACER_WallTime_Comp 0.003559 ]
[ 0 1 : Begin TRACER_WallTime_Comm 0.003565 ]
[ 0 0 : End TRACER_WallTime_Comm 0.003578 ]
[ 0 0 : Begin TRACER_WallTime_Comp 0.003579 ]
[ 0 0 : End TRACER_WallTime_Comp 0.003639 ]
[ 0 0 : Begin TRACER_WallTime_Comm 0.003641 ]
[ 0 1 : End TRACER_WallTime_Comm 0.003583 ]
[ 0 1 : Begin TRACER_WallTime_Comp 0.003583 ]
[ 0 1 : End TRACER_WallTime_Comp 0.003637 ]
[ 0 1 : Begin TRACER_WallTime_Comm 0.003641 ]
[ 0 0 : End TRACER_WallTime_Comm 0.003651 ]
[ 0 0 : Begin TRACER_WallTime_Comp 0.003651 ]
[ 0 1 : End TRACER_WallTime_Comm 0.003656 ]
[ 0 1 : Begin TRACER_WallTime_Comp 0.003656 ]
[ 0 1 : End TRACER_WallTime_Comp 0.003710 ]
[ 0 0 : End TRACER_WallTime_Comp 0.003711 ]
[ 0 0 : Begin TRACER_WallTime_Comm 0.003716 ]
[ 0 1 : Begin TRACER_WallTime_Comm 0.003715 ]
[ 0 0 : End TRACER_WallTime_Comm 0.003726 ]
[ 0 0 : Begin TRACER_WallTime_Comp 0.003726 ]
[ 0 0 : End TRACER_WallTime_Comp 0.003786 ]
[ 0 0 : Begin TRACER_WallTime_Comm 0.003790 ]
[ 0 1 : End TRACER_WallTime_Comm 0.003733 ]
[ 0 1 : Begin TRACER_WallTime_Comp 0.003733 ]
[ 0 1 : End TRACER_WallTime_Comp 0.003785 ]
[ 0 1 : Begin TRACER_WallTime_Comm 0.003793 ]
[ 0 0 : End TRACER_WallTime_Comm 0.003803 ]
[ 0 0 : Begin TRACER_WallTime_Comp 0.003803 ]
[ 0 0 : End TRACER_WallTime_Comp 0.003863 ]
[ 0 0 : Begin TRACER_WallTime_Comm 0.003868 ]
[ 0 1 : End TRACER_WallTime_Comm 0.003808 ]
[ 0 1 : Begin TRACER_WallTime_Comp 0.003808 ]
[ 0 1 : End TRACER_WallTime_Comp 0.003862 ]
[ 0 1 : Begin TRACER_WallTime_Comm 0.003867 ]
[ 0 0 : End TRACER_WallTime_Comm 0.003878 ]
[ 0 0 : Begin TRACER_WallTime_Comp 0.003878 ]
[ 0 0 : End TRACER_WallTime_Comp 0.003938 ]
[ 0 0 : Begin TRACER_WallTime_Comm 0.003942 ]
[ 0 1 : End TRACER_WallTime_Comm 0.003884 ]
[ 0 1 : Begin TRACER_WallTime_Comp 0.003884 ]
[ 0 1 : End TRACER_WallTime_Comp 0.003936 ]
[ 0 1 : Begin TRACER_WallTime_Comm 0.003942 ]
[ 0 0 : End TRACER_WallTime_Comm 0.003954 ]
[ 0 0 : Begin TRACER_WallTime_Comp 0.003955 ]
[ 0 0 : End TRACER_WallTime_Comp 0.004015 ]
[ 0 0 : Begin TRACER_WallTime_Comm 0.004019 ]
[ 0 1 : End TRACER_WallTime_Comm 0.003960 ]
[ 0 1 : Begin TRACER_WallTime_Comp 0.003960 ]
[ 0 1 : End TRACER_WallTime_Comp 0.004014 ]
[ 0 1 : Begin TRACER_WallTime_Comm 0.004019 ]
[ 0 0 : End TRACER_WallTime_Comm 0.004030 ]
[ 0 0 : Begin TRACER_WallTime_Comp 0.004030 ]
[ 0 0 : End TRACER_WallTime_Comp 0.004090 ]
[ 0 1 : End TRACER_WallTime_Comm 0.004036 ]
[ 0 1 : Begin TRACER_WallTime_Comp 0.004036 ]
[ 0 1 : End TRACER_WallTime_Comp 0.004088 ]
[ 0 1 : Begin TRACER_WallTime_Comm 0.004092 ]
[ 0 0 : Begin TRACER_WallTime_Comm 0.004093 ]
[ 0 0 : End TRACER_WallTime_Comm 0.004104 ]
[ 0 0 : Begin TRACER_WallTime_Comp 0.004104 ]
[ 0 0 : End TRACER_WallTime_Comp 0.004164 ]
[ 0 0 : Begin TRACER_WallTime_Comm 0.004168 ]
[ 0 1 : End TRACER_WallTime_Comm 0.004109 ]
[ 0 1 : Begin TRACER_WallTime_Comp 0.004109 ]
[ 0 1 : End TRACER_WallTime_Comp 0.004163 ]
[ 0 1 : Begin TRACER_WallTime_Comm 0.004167 ]
[ 0 0 : End TRACER_WallTime_Comm 0.004176 ]
[ 0 0 : Begin TRACER_WallTime_Comp 0.004177 ]
[ 0 0 : End TRACER_WallTime_Comp 0.004237 ]
[ 0 0 : Begin TRACER_WallTime_Comm 0.004246 ]
[ 0 1 : End TRACER_WallTime_Comm 0.004184 ]
[ 0 1 : Begin TRACER_WallTime_Comp 0.004184 ]
[ 0 1 : End TRACER_WallTime_Comp 0.004236 ]
[ 0 1 : Begin TRACER_WallTime_Comm 0.004246 ]
[ 0 0 : End TRACER_WallTime_Comm 0.004255 ]
[ 0 0 : Begin TRACER_WallTime_Comp 0.004255 ]
[ 0 0 : End TRACER_WallTime_Comp 0.004316 ]
[ 0 1 : End TRACER_WallTime_Comm 0.004261 ]
[ 0 1 : Begin TRACER_WallTime_Comp 0.004263 ]
[ 0 1 : End TRACER_WallTime_Comp 0.004315 ]
[ 0 0 : Begin TRACER_WallTime_Comm 0.004318 ]
[ 0 1 : Begin TRACER_WallTime_Comm 0.004319 ]
[ 0 0 : End TRACER_WallTime_Comm 0.004329 ]
[ 0 0 : Begin TRACER_WallTime_Comp 0.004330 ]
[ 0 0 : End TRACER_WallTime_Comp 0.004390 ]
[ 0 0 : Begin TRACER_WallTime_Comm 0.004393 ]
[ 0 1 : End TRACER_WallTime_Comm 0.004335 ]
[ 0 1 : Begin TRACER_WallTime_Comp 0.004335 ]
[ 0 1 : End TRACER_WallTime_Comp 0.004389 ]
[ 0 1 : Begin TRACER_WallTime_Comm 0.004392 ]
[ 0 0 : End TRACER_WallTime_Comm 0.004403 ]
[ 0 0 : Begin TRACER_WallTime_Comp 0.004403 ]
[ 0 0 : End TRACER_WallTime_Comp 0.004463 ]
[ 0 0 : Begin TRACER_WallTime_Comm 0.004467 ]
[ 0 1 : End TRACER_WallTime_Comm 0.004407 ]
[ 0 1 : Begin TRACER_WallTime_Comp 0.004407 ]
[ 0 1 : End TRACER_WallTime_Comp 0.004461 ]
[ 0 1 : Begin TRACER_WallTime_Comm 0.004466 ]
[ 0 0 : End TRACER_WallTime_Comm 0.004477 ]
[ 0 0 : Begin TRACER_WallTime_Comp 0.004478 ]
[ 0 0 : End TRACER_WallTime_Comp 0.004538 ]
[ 0 1 : End TRACER_WallTime_Comm 0.004482 ]
[ 0 1 : Begin TRACER_WallTime_Comp 0.004484 ]
[ 0 1 : End TRACER_WallTime_Comp 0.004536 ]
[ 0 0 : Begin TRACER_WallTime_Comm 0.004541 ]
[ 0 1 : Begin TRACER_WallTime_Comm 0.004540 ]
[ 0 0 : End TRACER_WallTime_Comm 0.004551 ]
[ 0 0 : Begin TRACER_WallTime_Comp 0.004552 ]
[ 0 0 : End TRACER_WallTime_Comp 0.004612 ]
[ 0 0 : Begin TRACER_WallTime_Comm 0.004614 ]
[ 0 1 : End TRACER_WallTime_Comm 0.004558 ]
[ 0 1 : Begin TRACER_WallTime_Comp 0.004558 ]
[ 0 1 : End TRACER_WallTime_Comp 0.004612 ]
[ 0 1 : Begin TRACER_WallTime_Comm 0.004616 ]
[ 0 0 : End TRACER_WallTime_Comm 0.004626 ]
[ 0 0 : Begin TRACER_WallTime_Comp 0.004626 ]
[ 0 0 : End TRACER_WallTime_Comp 0.004686 ]
[ 0 0 : Begin TRACER_WallTime_Comm 0.004688 ]
[ 0 1 : End TRACER_WallTime_Comm 0.004632 ]
[ 0 1 : Begin TRACER_WallTime_Comp 0.004632 ]
[ 0 1 : End TRACER_WallTime_Comp 0.004685 ]
[ 0 1 : Begin TRACER_WallTime_Comm 0.004689 ]
[ 0 0 : End TRACER_WallTime_Comm 0.004698 ]
[ 0 0 : Begin TRACER_WallTime_Comp 0.004699 ]
[ 0 0 : End TRACER_WallTime_Comp 0.004759 ]
[ 0 0 : time at task 1000/1608 0.004759 ]
[ 0 1 : End TRACER_WallTime_Comm 0.004704 ]
[ 0 1 : Begin TRACER_WallTime_Comp 0.004705 ]
[ 0 1 : End TRACER_WallTime_Comp 0.004758 ]
[ 0 0 : Begin TRACER_WallTime_Comm 0.004761 ]
[ 0 1 : Begin TRACER_WallTime_Comm 0.004762 ]
[ 0 0 : End TRACER_WallTime_Comm 0.004772 ]
[ 0 0 : Begin TRACER_WallTime_Comp 0.004772 ]
[ 0 0 : End TRACER_WallTime_Comp 0.004832 ]
[ 0 0 : Begin TRACER_WallTime_Comm 0.004836 ]
[ 0 1 : End TRACER_WallTime_Comm 0.004777 ]
[ 0 1 : Begin TRACER_WallTime_Comp 0.004778 ]
[ 0 1 : End TRACER_WallTime_Comp 0.004831 ]
[ 0 1 : Begin TRACER_WallTime_Comm 0.004835 ]
[ 0 0 : End TRACER_WallTime_Comm 0.004847 ]
[ 0 0 : Begin TRACER_WallTime_Comp 0.004847 ]
[ 0 0 : End TRACER_WallTime_Comp 0.004908 ]
[ 0 0 : Begin TRACER_WallTime_Comm 0.004912 ]
[ 0 1 : End TRACER_WallTime_Comm 0.004852 ]
[ 0 1 : Begin TRACER_WallTime_Comp 0.004852 ]
[ 0 1 : End TRACER_WallTime_Comp 0.004905 ]
[ 0 1 : Begin TRACER_WallTime_Comm 0.004912 ]
[ 0 0 : End TRACER_WallTime_Comm 0.004924 ]
[ 0 0 : Begin TRACER_WallTime_Comp 0.004924 ]
[ 0 1 : End TRACER_WallTime_Comm 0.004928 ]
[ 0 1 : Begin TRACER_WallTime_Comp 0.004929 ]
[ 0 1 : End TRACER_WallTime_Comp 0.004982 ]
[ 0 0 : End TRACER_WallTime_Comp 0.004984 ]
[ 0 0 : Begin TRACER_WallTime_Comm 0.004988 ]
[ 0 1 : Begin TRACER_WallTime_Comm 0.004988 ]
[ 0 0 : End TRACER_WallTime_Comm 0.004999 ]
[ 0 0 : Begin TRACER_WallTime_Comp 0.004999 ]
[ 0 0 : End TRACER_WallTime_Comp 0.005059 ]
[ 0 0 : Begin TRACER_WallTime_Comm 0.005062 ]
[ 0 1 : End TRACER_WallTime_Comm 0.005004 ]
[ 0 1 : Begin TRACER_WallTime_Comp 0.005004 ]
[ 0 1 : End TRACER_WallTime_Comp 0.005057 ]
[ 0 1 : Begin TRACER_WallTime_Comm 0.005061 ]
[ 0 0 : End TRACER_WallTime_Comm 0.005073 ]
[ 0 0 : Begin TRACER_WallTime_Comp 0.005073 ]
[ 0 0 : End TRACER_WallTime_Comp 0.005133 ]
[ 0 0 : Begin TRACER_WallTime_Comm 0.005136 ]
[ 0 1 : End TRACER_WallTime_Comm 0.005077 ]
[ 0 1 : Begin TRACER_WallTime_Comp 0.005078 ]
[ 0 1 : End TRACER_WallTime_Comp 0.005131 ]
[ 0 1 : Begin TRACER_WallTime_Comm 0.005135 ]
[ 0 0 : End TRACER_WallTime_Comm 0.005146 ]
[ 0 0 : Begin TRACER_WallTime_Comp 0.005146 ]
[ 0 0 : End TRACER_WallTime_Comp 0.005207 ]
[ 0 0 : Begin TRACER_WallTime_Comm 0.005209 ]
[ 0 1 : End TRACER_WallTime_Comm 0.005151 ]
[ 0 1 : Begin TRACER_WallTime_Comp 0.005152 ]
[ 0 1 : End TRACER_WallTime_Comp 0.005205 ]
[ 0 1 : Begin TRACER_WallTime_Comm 0.005210 ]
[ 0 0 : End TRACER_WallTime_Comm 0.005221 ]
[ 0 0 : Begin TRACER_WallTime_Comp 0.005221 ]
[ 0 0 : End TRACER_WallTime_Comp 0.005282 ]
[ 0 0 : Begin TRACER_WallTime_Comm 0.005285 ]
[ 0 1 : End TRACER_WallTime_Comm 0.005225 ]
[ 0 1 : Begin TRACER_WallTime_Comp 0.005226 ]
[ 0 1 : End TRACER_WallTime_Comp 0.005279 ]
[ 0 1 : Begin TRACER_WallTime_Comm 0.005286 ]
[ 0 0 : End TRACER_WallTime_Comm 0.005296 ]
[ 0 0 : Begin TRACER_WallTime_Comp 0.005296 ]
[ 0 0 : End TRACER_WallTime_Comp 0.005356 ]
[ 0 0 : Begin TRACER_WallTime_Comm 0.005359 ]
[ 0 1 : End TRACER_WallTime_Comm 0.005302 ]
[ 0 1 : Begin TRACER_WallTime_Comp 0.005302 ]
[ 0 1 : End TRACER_WallTime_Comp 0.005355 ]
[ 0 1 : Begin TRACER_WallTime_Comm 0.005359 ]
[ 0 0 : End TRACER_WallTime_Comm 0.005369 ]
[ 0 0 : Begin TRACER_WallTime_Comp 0.005369 ]
[ 0 0 : End TRACER_WallTime_Comp 0.005429 ]
[ 0 0 : Begin TRACER_WallTime_Comm 0.005434 ]
[ 0 1 : End TRACER_WallTime_Comm 0.005375 ]
[ 0 1 : Begin TRACER_WallTime_Comp 0.005375 ]
[ 0 1 : End TRACER_WallTime_Comp 0.005428 ]
[ 0 1 : Begin TRACER_WallTime_Comm 0.005434 ]
[ 0 0 : End TRACER_WallTime_Comm 0.005445 ]
[ 0 0 : Begin TRACER_WallTime_Comp 0.005446 ]
[ 0 0 : End TRACER_WallTime_Comp 0.005506 ]
[ 0 0 : Begin TRACER_WallTime_Comm 0.005509 ]
[ 0 1 : End TRACER_WallTime_Comm 0.005451 ]
[ 0 1 : Begin TRACER_WallTime_Comp 0.005452 ]
[ 0 1 : End TRACER_WallTime_Comp 0.005505 ]
[ 0 1 : Begin TRACER_WallTime_Comm 0.005509 ]
[ 0 0 : End TRACER_WallTime_Comm 0.005518 ]
[ 0 0 : Begin TRACER_WallTime_Comp 0.005519 ]
[ 0 0 : End TRACER_WallTime_Comp 0.005579 ]
[ 0 1 : End TRACER_WallTime_Comm 0.005524 ]
[ 0 1 : Begin TRACER_WallTime_Comp 0.005525 ]
[ 0 1 : End TRACER_WallTime_Comp 0.005578 ]
[ 0 0 : Begin TRACER_WallTime_Comm 0.005581 ]
[ 0 1 : Begin TRACER_WallTime_Comm 0.005581 ]
[ 0 0 : End TRACER_WallTime_Comm 0.005592 ]
[ 0 0 : Begin TRACER_WallTime_Comp 0.005592 ]
[ 0 0 : End TRACER_WallTime_Comp 0.005652 ]
[ 0 0 : Begin TRACER_WallTime_Comm 0.005654 ]
[ 0 1 : End TRACER_WallTime_Comm 0.005597 ]
[ 0 1 : Begin TRACER_WallTime_Comp 0.005597 ]
[ 0 1 : End TRACER_WallTime_Comp 0.005650 ]
[ 0 1 : Begin TRACER_WallTime_Comm 0.005654 ]
[ 0 0 : End TRACER_WallTime_Comm 0.005665 ]
[ 0 0 : Begin TRACER_WallTime_Comp 0.005666 ]
[ 0 0 : End TRACER_WallTime_Comp 0.005726 ]
[ 0 0 : Begin TRACER_WallTime_Comm 0.005728 ]
[ 0 1 : End TRACER_WallTime_Comm 0.005671 ]
[ 0 1 : Begin TRACER_WallTime_Comp 0.005671 ]
[ 0 1 : End TRACER_WallTime_Comp 0.005724 ]
[ 0 1 : Begin TRACER_WallTime_Comm 0.005728 ]
[ 0 0 : End TRACER_WallTime_Comm 0.005739 ]
[ 0 0 : Begin TRACER_WallTime_Comp 0.005740 ]
[ 0 0 : End TRACER_WallTime_Comp 0.005800 ]
[ 0 1 : End TRACER_WallTime_Comm 0.005745 ]
[ 0 1 : Begin TRACER_WallTime_Comp 0.005745 ]
[ 0 1 : End TRACER_WallTime_Comp 0.005799 ]
[ 0 0 : Begin TRACER_WallTime_Comm 0.005802 ]
[ 0 1 : Begin TRACER_WallTime_Comm 0.005802 ]
[ 0 0 : End TRACER_WallTime_Comm 0.005812 ]
[ 0 0 : Begin TRACER_WallTime_Comp 0.005813 ]
[ 0 0 : End TRACER_WallTime_Comp 0.005873 ]
[ 0 0 : Begin TRACER_WallTime_Comm 0.005875 ]
[ 0 1 : End TRACER_WallTime_Comm 0.005817 ]
[ 0 1 : Begin TRACER_WallTime_Comp 0.005818 ]
[ 0 1 : End TRACER_WallTime_Comp 0.005871 ]
[ 0 1 : Begin TRACER_WallTime_Comm 0.005875 ]
[ 0 0 : End TRACER_WallTime_Comm 0.005886 ]
[ 0 0 : Begin TRACER_WallTime_Comp 0.005887 ]
[ 0 0 : End TRACER_WallTime_Comp 0.005947 ]
[ 0 0 : Begin TRACER_WallTime_Comm 0.005949 ]
[ 0 1 : End TRACER_WallTime_Comm 0.005891 ]
[ 0 1 : Begin TRACER_WallTime_Comp 0.005892 ]
[ 0 1 : End TRACER_WallTime_Comp 0.005945 ]
[ 0 1 : Begin TRACER_WallTime_Comm 0.005950 ]
[ 0 0 : End TRACER_WallTime_Comm 0.005961 ]
[ 0 0 : Begin TRACER_WallTime_Comp 0.005961 ]
[ 0 0 : End TRACER_WallTime_Comp 0.006022 ]
[ 0 1 : End TRACER_WallTime_Comm 0.005965 ]
[ 0 1 : Begin TRACER_WallTime_Comp 0.005965 ]
[ 0 1 : End TRACER_WallTime_Comp 0.006019 ]
[ 0 0 : Begin TRACER_WallTime_Comm 0.006026 ]
[ 0 1 : Begin TRACER_WallTime_Comm 0.006026 ]
[ 0 0 : End TRACER_WallTime_Comm 0.006037 ]
[ 0 0 : Begin TRACER_WallTime_Comp 0.006037 ]
[ 0 0 : End TRACER_WallTime_Comp 0.006097 ]
[ 0 0 : Begin TRACER_WallTime_Comm 0.006099 ]
[ 0 1 : End TRACER_WallTime_Comm 0.006042 ]
[ 0 1 : Begin TRACER_WallTime_Comp 0.006042 ]
[ 0 1 : End TRACER_WallTime_Comp 0.006095 ]
[ 0 1 : Begin TRACER_WallTime_Comm 0.006099 ]
[ 0 0 : End TRACER_WallTime_Comm 0.006108 ]
[ 0 0 : Begin TRACER_WallTime_Comp 0.006108 ]
[ 0 0 : End TRACER_WallTime_Comp 0.006169 ]
[ 0 0 : Begin TRACER_WallTime_Comm 0.006171 ]
[ 0 1 : End TRACER_WallTime_Comm 0.006115 ]
[ 0 1 : Begin TRACER_WallTime_Comp 0.006115 ]
[ 0 1 : End TRACER_WallTime_Comp 0.006169 ]
[ 0 1 : Begin TRACER_WallTime_Comm 0.006172 ]
[ 0 0 : End TRACER_WallTime_Comm 0.006182 ]
[ 0 0 : Begin TRACER_WallTime_Comp 0.006182 ]
[ 0 0 : End TRACER_WallTime_Comp 0.006243 ]
[ 0 1 : End TRACER_WallTime_Comm 0.006188 ]
[ 0 1 : Begin TRACER_WallTime_Comp 0.006188 ]
[ 0 1 : End TRACER_WallTime_Comp 0.006241 ]
[ 0 0 : Begin TRACER_WallTime_Comm 0.006245 ]
[ 0 1 : Begin TRACER_WallTime_Comm 0.006247 ]
[ 0 0 : End TRACER_WallTime_Comm 0.006257 ]
[ 0 0 : Begin TRACER_WallTime_Comp 0.006257 ]
[ 0 0 : End TRACER_WallTime_Comp 0.006317 ]
[ 0 0 : Begin TRACER_WallTime_Comm 0.006321 ]
[ 0 1 : End TRACER_WallTime_Comm 0.006263 ]
[ 0 1 : Begin TRACER_WallTime_Comp 0.006263 ]
[ 0 1 : End TRACER_WallTime_Comp 0.006316 ]
[ 0 1 : Begin TRACER_WallTime_Comm 0.006322 ]
[ 0 0 : End TRACER_WallTime_Comm 0.006332 ]
[ 0 0 : Begin TRACER_WallTime_Comp 0.006332 ]
[ 0 0 : End TRACER_WallTime_Comp 0.006393 ]
[ 0 0 : Begin TRACER_WallTime_Comm 0.006397 ]
[ 0 1 : End TRACER_WallTime_Comm 0.006337 ]
[ 0 1 : Begin TRACER_WallTime_Comp 0.006337 ]
[ 0 1 : End TRACER_WallTime_Comp 0.006391 ]
[ 0 1 : Begin TRACER_WallTime_Comm 0.006396 ]
[ 0 0 : End TRACER_WallTime_Comm 0.006408 ]
[ 0 0 : Begin TRACER_WallTime_Comp 0.006408 ]
[ 0 1 : End TRACER_WallTime_Comm 0.006413 ]
[ 0 1 : Begin TRACER_WallTime_Comp 0.006413 ]
[ 0 1 : End TRACER_WallTime_Comp 0.006466 ]
[ 0 0 : End TRACER_WallTime_Comp 0.006468 ]
[ 0 0 : Begin TRACER_WallTime_Comm 0.006470 ]
[ 0 1 : Begin TRACER_WallTime_Comm 0.006471 ]
[ 0 0 : End TRACER_WallTime_Comm 0.006481 ]
[ 0 0 : Begin TRACER_WallTime_Comp 0.006481 ]
[ 0 0 : End TRACER_WallTime_Comp 0.006542 ]
[ 0 0 : Begin TRACER_WallTime_Comm 0.006546 ]
[ 0 1 : End TRACER_WallTime_Comm 0.006487 ]
[ 0 1 : Begin TRACER_WallTime_Comp 0.006487 ]
[ 0 1 : End TRACER_WallTime_Comp 0.006541 ]
[ 0 1 : Begin TRACER_WallTime_Comm 0.006545 ]
[ 0 0 : End TRACER_WallTime_Comm 0.006555 ]
[ 0 0 : Begin TRACER_WallTime_Comp 0.006555 ]
[ 0 0 : End TRACER_WallTime_Comp 0.006616 ]
[ 0 0 : Begin TRACER_WallTime_Comm 0.006620 ]
[ 0 1 : End TRACER_WallTime_Comm 0.006560 ]
[ 0 1 : Begin TRACER_WallTime_Comp 0.006560 ]
[ 0 1 : End TRACER_WallTime_Comp 0.006614 ]
[ 0 1 : Begin TRACER_WallTime_Comm 0.006619 ]
[ 0 0 : End TRACER_WallTime_Comm 0.006630 ]
[ 0 0 : Begin TRACER_WallTime_Comp 0.006631 ]
[ 0 0 : End TRACER_WallTime_Comp 0.006691 ]
[ 0 0 : Begin TRACER_WallTime_Comm 0.006693 ]
[ 0 1 : End TRACER_WallTime_Comm 0.006635 ]
[ 0 1 : Begin TRACER_WallTime_Comp 0.006636 ]
[ 0 1 : End TRACER_WallTime_Comp 0.006689 ]
[ 0 1 : Begin TRACER_WallTime_Comm 0.006693 ]
[ 0 0 : End TRACER_WallTime_Comm 0.006703 ]
[ 0 0 : Begin TRACER_WallTime_Comp 0.006703 ]
[ 0 0 : End TRACER_WallTime_Comp 0.006764 ]
[ 0 0 : Begin TRACER_WallTime_Comm 0.006766 ]
[ 0 1 : End TRACER_WallTime_Comm 0.006708 ]
[ 0 1 : Begin TRACER_WallTime_Comp 0.006709 ]
[ 0 1 : End TRACER_WallTime_Comp 0.006762 ]
[ 0 1 : Begin TRACER_WallTime_Comm 0.006767 ]
[ 0 0 : End TRACER_WallTime_Comm 0.006778 ]
[ 0 0 : Begin TRACER_WallTime_Comp 0.006779 ]
[ 0 0 : End TRACER_WallTime_Comp 0.006839 ]
[ 0 0 : Begin TRACER_WallTime_Comm 0.006841 ]
[ 0 1 : End TRACER_WallTime_Comm 0.006783 ]
[ 0 1 : Begin TRACER_WallTime_Comp 0.006784 ]
[ 0 1 : End TRACER_WallTime_Comp 0.006837 ]
[ 0 1 : Begin TRACER_WallTime_Comm 0.006842 ]
[ 0 0 : End TRACER_WallTime_Comm 0.006852 ]
[ 0 0 : Begin TRACER_WallTime_Comp 0.006852 ]
[ 0 0 : End TRACER_WallTime_Comp 0.006913 ]
[ 0 0 : Begin TRACER_WallTime_Comm 0.006916 ]
[ 0 1 : End TRACER_WallTime_Comm 0.006858 ]
[ 0 1 : Begin TRACER_WallTime_Comp 0.006858 ]
[ 0 1 : End TRACER_WallTime_Comp 0.006912 ]
[ 0 1 : Begin TRACER_WallTime_Comm 0.006917 ]
[ 0 0 : End TRACER_WallTime_Comm 0.006927 ]
[ 0 0 : Begin TRACER_WallTime_Comp 0.006927 ]
[ 0 0 : End TRACER_WallTime_Comp 0.006987 ]
[ 0 0 : Begin TRACER_WallTime_Comm 0.006991 ]
[ 0 1 : End TRACER_WallTime_Comm 0.006933 ]
[ 0 1 : Begin TRACER_WallTime_Comp 0.006933 ]
[ 0 1 : End TRACER_WallTime_Comp 0.006986 ]
[ 0 1 : Begin TRACER_WallTime_Comm 0.006991 ]
[ 0 0 : End TRACER_WallTime_Comm 0.007001 ]
[ 0 0 : Begin TRACER_WallTime_Comp 0.007001 ]
[ 0 0 : End TRACER_WallTime_Comp 0.007062 ]
[ 0 1 : End TRACER_WallTime_Comm 0.007007 ]
[ 0 1 : Begin TRACER_WallTime_Comp 0.007008 ]
[ 0 1 : End TRACER_WallTime_Comp 0.007061 ]
[ 0 0 : Begin TRACER_WallTime_Comm 0.007066 ]
[ 0 1 : Begin TRACER_WallTime_Comm 0.007067 ]
[ 0 0 : End TRACER_WallTime_Comm 0.007076 ]
[ 0 0 : Begin TRACER_WallTime_Comp 0.007076 ]
[ 0 0 : End TRACER_WallTime_Comp 0.007137 ]
[ 0 0 : Begin TRACER_WallTime_Comm 0.007139 ]
[ 0 1 : End TRACER_WallTime_Comm 0.007082 ]
[ 0 1 : Begin TRACER_WallTime_Comp 0.007082 ]
[ 0 1 : End TRACER_WallTime_Comp 0.007136 ]
[ 0 1 : Begin TRACER_WallTime_Comm 0.007141 ]
[ 0 0 : End TRACER_WallTime_Comm 0.007151 ]
[ 0 0 : Begin TRACER_WallTime_Comp 0.007151 ]
[ 0 0 : End TRACER_WallTime_Comp 0.007211 ]
[ 0 0 : Begin TRACER_WallTime_Comm 0.007219 ]
[ 0 1 : End TRACER_WallTime_Comm 0.007156 ]
[ 0 1 : Begin TRACER_WallTime_Comp 0.007156 ]
[ 0 1 : End TRACER_WallTime_Comp 0.007216 ]
[ 0 1 : Begin TRACER_WallTime_Comm 0.007218 ]
[ 0 0 : End TRACER_WallTime_Comm 0.007230 ]
[ 0 0 : Begin TRACER_WallTime_Comp 0.007231 ]
[ 0 0 : End TRACER_WallTime_Comp 0.007291 ]
[ 0 1 : End TRACER_WallTime_Comm 0.007235 ]
[ 0 1 : Begin TRACER_WallTime_Comp 0.007236 ]
[ 0 1 : End TRACER_WallTime_Comp 0.007289 ]
[ 0 0 : Begin TRACER_WallTime_Comm 0.007295 ]
[ 0 1 : Begin TRACER_WallTime_Comm 0.007294 ]
[ 0 0 : End TRACER_WallTime_Comm 0.007306 ]
[ 0 0 : Begin TRACER_WallTime_Comp 0.007306 ]
[ 0 0 : End TRACER_WallTime_Comp 0.007367 ]
[ 0 0 : Begin TRACER_WallTime_Comm 0.007369 ]
[ 0 1 : End TRACER_WallTime_Comm 0.007310 ]
[ 0 1 : Begin TRACER_WallTime_Comp 0.007311 ]
[ 0 1 : End TRACER_WallTime_Comp 0.007364 ]
[ 0 1 : Begin TRACER_WallTime_Comm 0.007370 ]
[ 0 0 : End TRACER_WallTime_Comm 0.007380 ]
[ 0 0 : Begin TRACER_WallTime_Comp 0.007380 ]
[ 0 0 : End TRACER_WallTime_Comp 0.007441 ]
[ 0 0 : Begin TRACER_WallTime_Comm 0.007445 ]
[ 0 1 : End TRACER_WallTime_Comm 0.007385 ]
[ 0 1 : Begin TRACER_WallTime_Comp 0.007386 ]
[ 0 1 : End TRACER_WallTime_Comp 0.007439 ]
[ 0 1 : Begin TRACER_WallTime_Comm 0.007445 ]
[ 0 0 : End TRACER_WallTime_Comm 0.007456 ]
[ 0 0 : Begin TRACER_WallTime_Comp 0.007456 ]
[ 0 0 : End TRACER_WallTime_Comp 0.007516 ]
[ 0 1 : End TRACER_WallTime_Comm 0.007461 ]
[ 0 1 : Begin TRACER_WallTime_Comp 0.007461 ]
[ 0 1 : End TRACER_WallTime_Comp 0.007515 ]
[ 0 0 : Begin TRACER_WallTime_Comm 0.007518 ]
[ 0 1 : Begin TRACER_WallTime_Comm 0.007518 ]
[ 0 0 : End TRACER_WallTime_Comm 0.007528 ]
[ 0 0 : End TRACER_WallTime_Total 0.007528 ]
GVT #435: simulation 100% complete, max event queue size 7 (GVT = MAX).
AVL tree size: 0
[ 0 1 : End TRACER_WallTime_Comm 0.007533 ]
*** END SIMULATION ***

Job[0]PE[0]: FINALIZE in 0.007529 seconds.

	: Running Time = 0.1121 seconds

TW Library Statistics:
	Total Events Processed                                  111414
	Events Aborted (part of RBs)                                 0
	Events Rolled Back                                           0
	Event Ties Detected in PE Queues                             0
	Efficiency                                              100.00 %
	Total Remote (shared mem) Events Processed                   0
	Percent Remote Events                                     0.00 %
	Total Remote (network) Events Processed                      0
	Percent Remote Events                                     0.00 %

	Total Roll Backs                                             0
	Primary Roll Backs                                           0
	Secondary Roll Backs                                         0
	Fossil Collect Attempts                                   2616
	Total GVT Computations                                     436

	Net Events Processed                                    111414
	Event Rate (events/sec)                               993605.7
	Total Events Scheduled Past End Time                         0

TW Memory Statistics:
	Events Allocated                                        583857
	Memory Allocated                                        400062
	Memory Wasted                                               36

TW Network Statistics:
	Remote sends                                                 0
	Remote recvs                                                 0

TW Data Structure sizes in bytes (sizeof):
	PE struct                                                  624
	KP struct                                                  144
	LP struct                                                  136
	LP Model struct                                           8376
	LP RNGs                                                     80
	Total LP                                                  8592
	Event struct                                               152
	Event struct with Model                                    664

TW Clock Cycle Statistics (MAX values in secs at 0.5120 GHz):
	Initialization                                          0.3836
	Priority Queue (enq/deq)                                0.0211
	AVL Tree (insert/delete)                                0.0000
	LZ4 (de)compression                                     0.0000
	Buddy system                                            0.0000
	Event Processing                                        0.0755
	Event Cancel                                            0.0003
	Event Abort                                             0.0000

	GVT                                                     0.1115
	Fossil Collect                                          0.0045
	Primary Rollbacks                                       0.0000
	Network Read                                            0.0060
	Other Network                                           0.0000
	Instrumentation (computation)                           0.0000
	Instrumentation (write)                                 0.0000
	Total Time (Note: Using Running Time above for Speedup)      0.1121

TW GVT Statistics: MPI AllReduce
	GVT Interval                                                16
	GVT Real Time Interval (cycles)                    0
	GVT Real Time Interval (sec)                        0.00000000
	Batch Size                                                  16

	Forced GVT                                                   0
	Total GVT Computations                                     436
	Total All Reduce Calls                                     872
	Average Reduction / GVT                                   2.00
LP-IO: writing output to summit-3/32768b/
LP-IO: data files:
   summit-3/32768b/fattree-switch-traffic
   summit-3/32768b/fattree-switch-stats
   summit-3/32768b/fattree-msg-stats
   summit-3/32768b/model-net-category-all
   summit-3/32768b/model-net-category-test
Job 0 Time 0.007534 s
 Average number of hops traversed 1.000000 average chunk latency 0.144770 us maximum chunk latency 0.145544 us avg message size 10922.666992 bytes finished messages 600 finished chunks 13200 
 Total packets generated 13200 finished 13200 
 Average number of hops traversed 1.000000 average chunk latency 0.144770 us maximum chunk latency 0.145544 us avg message size 10922.666992 bytes finished messages 600 
