/ccs/home/jchoi/TraceR/tracer/traceR --sync=3 --nkp=16 --extramem=100000 --max-opt-lookahead=1000000 --timer-frequency=1000 --lp-io-dir=summit-3/8192b -- summit-3/summit.conf tracer_config scorep-8192b/traces.otf2 

Sat Sep 14 22:56:36 2019

ROSS Version: v7.1.1-dirty

tw_net_start: Found world size to be 6 
Config file is summit-3/summit.conf
Trace input file is tracer_config
Trace directory is scorep-8192b/traces.otf2
FT type is 0
FT num levels is 3
FT tapering is 1.000000
Pods 15; L2 pods 9; Link repetition:2; l1_set_size 18
num_switches[0]=270
num_switches[1]=270
num_switches[2]=162
FT packet size is 512
FT num rails is 2
FT router delay is 60.0
FT buffer size links is 32768
FT buffer size injection is 32768
FT routing is 2
FT rail selection is 2
FT rail select limit  is 0
FT bandwidths link 12.5 node 12.5
within node transfer per byte delay is 0.080000
Found soft_delay as 250.000000
Found nic_delay as 400.000000
Found rdma_delay as 1000.000000
Copy cost per byte is 0.050000 ns
Eager limit is 65537.000000 bytes
Begin reading tracer_config
Using default linear mapping of jobs
Job 0 - ranks 2, trace folder scorep-8192b/traces.otf2, rank file job0, iters 1
Done reading meta-information about jobs
Read global definition for job 0 from scorep-8192b/traces.otf2
Clock Props: 1000000 1000000000 1000.000000

ROSS Core Configuration: 
	Total PEs                                                    6
	Total KPs                                          [Nodes (6) x KPs (16)] 96
	Total LPs                                                11340
	Simulation End Time                                3600000000000.00
	LP-to-PE Mapping                                   model defined


ROSS Event Memory Allocation:
	Model events                                            583841
	Network events                                              16
	Total events                                            483856

*** START PARALLEL OPTIMISTIC SIMULATION WITH SUSPEND LP FEATURE ***

PE0 - LP_GID:0 : START SIMULATION, TASKS COUNT: 1608, FIRST TASK: 0, RUN TIME TILL NOW=0.000000 s, CURRENT SIM TIME 1.005877
Set num_servers per router 18, servers per injection queue per router 9, servers per node copy queue per node 1, num nics 18
[ 0 0 : time at task 0/1608 0.000000 ]
[ 0 0 : Begin TRACER_WallTime_Total 0.000034 ]
[ 0 0 : Begin TRACER_WallTime_Comp 0.000041 ]
[ 0 0 : End TRACER_WallTime_Comp 0.000068 ]
[ 0 0 : Begin TRACER_WallTime_Comm 0.000076 ]
[ 0 0 : End TRACER_WallTime_Comm 0.000087 ]
[ 0 0 : Begin TRACER_WallTime_Comp 0.000087 ]
[ 0 0 : End TRACER_WallTime_Comp 0.000103 ]
[ 0 0 : Begin TRACER_WallTime_Comm 0.000107 ]
[ 0 1 : Begin TRACER_WallTime_Comp 0.000041 ]
[ 0 1 : End TRACER_WallTime_Comp 0.000068 ]
[ 0 1 : Begin TRACER_WallTime_Comm 0.000075 ]
[ 0 1 : End TRACER_WallTime_Comm 0.000088 ]
[ 0 1 : Begin TRACER_WallTime_Comp 0.000089 ]
[ 0 1 : End TRACER_WallTime_Comp 0.000104 ]
[ 0 1 : Begin TRACER_WallTime_Comm 0.000107 ]
[ 0 0 : End TRACER_WallTime_Comm 0.000112 ]
[ 0 0 : Begin TRACER_WallTime_Comp 0.000112 ]
[ 0 0 : End TRACER_WallTime_Comp 0.000128 ]
[ 0 1 : End TRACER_WallTime_Comm 0.000113 ]
[ 0 1 : Begin TRACER_WallTime_Comp 0.000114 ]
[ 0 1 : End TRACER_WallTime_Comp 0.000129 ]
[ 0 0 : Begin TRACER_WallTime_Comm 0.000131 ]
[ 0 0 : End TRACER_WallTime_Comm 0.000135 ]
[ 0 1 : Begin TRACER_WallTime_Comm 0.000131 ]
[ 0 0 : Begin TRACER_WallTime_Comp 0.000136 ]
[ 0 0 : End TRACER_WallTime_Comp 0.000151 ]
[ 0 0 : Begin TRACER_WallTime_Comm 0.000156 ]
[ 0 0 : End TRACER_WallTime_Comm 0.000160 ]
[ 0 1 : End TRACER_WallTime_Comm 0.000138 ]
[ 0 1 : Begin TRACER_WallTime_Comp 0.000138 ]
[ 0 1 : End TRACER_WallTime_Comp 0.000153 ]
[ 0 1 : Begin TRACER_WallTime_Comm 0.000156 ]
[ 0 0 : Begin TRACER_WallTime_Comp 0.000161 ]
[ 0 0 : End TRACER_WallTime_Comp 0.000176 ]
[ 0 0 : Begin TRACER_WallTime_Comm 0.000182 ]
[ 0 1 : End TRACER_WallTime_Comm 0.000163 ]
[ 0 1 : Begin TRACER_WallTime_Comp 0.000163 ]
[ 0 1 : End TRACER_WallTime_Comp 0.000179 ]
[ 0 1 : Begin TRACER_WallTime_Comm 0.000182 ]
[ 0 0 : End TRACER_WallTime_Comm 0.000186 ]
[ 0 0 : Begin TRACER_WallTime_Comp 0.000187 ]
[ 0 0 : End TRACER_WallTime_Comp 0.000202 ]
[ 0 1 : End TRACER_WallTime_Comm 0.000188 ]
[ 0 1 : Begin TRACER_WallTime_Comp 0.000188 ]
[ 0 1 : End TRACER_WallTime_Comp 0.000204 ]
[ 0 0 : Begin TRACER_WallTime_Comm 0.000208 ]
[ 0 1 : Begin TRACER_WallTime_Comm 0.000207 ]
[ 0 0 : End TRACER_WallTime_Comm 0.000212 ]
[ 0 0 : Begin TRACER_WallTime_Comp 0.000212 ]
[ 0 0 : End TRACER_WallTime_Comp 0.000228 ]
[ 0 0 : Begin TRACER_WallTime_Comm 0.000233 ]
[ 0 1 : End TRACER_WallTime_Comm 0.000213 ]
[ 0 1 : Begin TRACER_WallTime_Comp 0.000214 ]
[ 0 1 : End TRACER_WallTime_Comp 0.000229 ]
[ 0 1 : Begin TRACER_WallTime_Comm 0.000232 ]
[ 0 0 : End TRACER_WallTime_Comm 0.000238 ]
[ 0 0 : Begin TRACER_WallTime_Comp 0.000238 ]
[ 0 0 : End TRACER_WallTime_Comp 0.000254 ]
[ 0 0 : Begin TRACER_WallTime_Comm 0.000258 ]
[ 0 1 : End TRACER_WallTime_Comm 0.000239 ]
[ 0 1 : Begin TRACER_WallTime_Comp 0.000239 ]
[ 0 1 : End TRACER_WallTime_Comp 0.000255 ]
[ 0 1 : Begin TRACER_WallTime_Comm 0.000258 ]
[ 0 0 : End TRACER_WallTime_Comm 0.000263 ]
[ 0 0 : Begin TRACER_WallTime_Comp 0.000264 ]
[ 0 0 : End TRACER_WallTime_Comp 0.000279 ]
[ 0 1 : End TRACER_WallTime_Comm 0.000266 ]
[ 0 1 : Begin TRACER_WallTime_Comp 0.000266 ]
[ 0 1 : End TRACER_WallTime_Comp 0.000282 ]
[ 0 0 : Begin TRACER_WallTime_Comm 0.000285 ]
[ 0 1 : Begin TRACER_WallTime_Comm 0.000287 ]
[ 0 0 : End TRACER_WallTime_Comm 0.000292 ]
[ 0 0 : Begin TRACER_WallTime_Comp 0.000292 ]
[ 0 0 : End TRACER_WallTime_Comp 0.000307 ]
[ 0 0 : Begin TRACER_WallTime_Comm 0.000313 ]
[ 0 1 : End TRACER_WallTime_Comm 0.000294 ]
[ 0 1 : Begin TRACER_WallTime_Comp 0.000295 ]
[ 0 1 : End TRACER_WallTime_Comp 0.000310 ]
[ 0 1 : Begin TRACER_WallTime_Comm 0.000313 ]
[ 0 0 : End TRACER_WallTime_Comm 0.000317 ]
[ 0 0 : Begin TRACER_WallTime_Comp 0.000318 ]
[ 0 0 : End TRACER_WallTime_Comp 0.000333 ]
[ 0 0 : Begin TRACER_WallTime_Comm 0.000339 ]
[ 0 1 : End TRACER_WallTime_Comm 0.000320 ]
[ 0 1 : Begin TRACER_WallTime_Comp 0.000320 ]
[ 0 1 : End TRACER_WallTime_Comp 0.000335 ]
[ 0 1 : Begin TRACER_WallTime_Comm 0.000341 ]
[ 0 0 : End TRACER_WallTime_Comm 0.000345 ]
[ 0 0 : Begin TRACER_WallTime_Comp 0.000345 ]
[ 0 0 : End TRACER_WallTime_Comp 0.000361 ]
[ 0 1 : End TRACER_WallTime_Comm 0.000347 ]
[ 0 1 : Begin TRACER_WallTime_Comp 0.000348 ]
[ 0 1 : End TRACER_WallTime_Comp 0.000363 ]
[ 0 0 : Begin TRACER_WallTime_Comm 0.000366 ]
[ 0 0 : End TRACER_WallTime_Comm 0.000372 ]
[ 0 1 : Begin TRACER_WallTime_Comm 0.000366 ]
[ 0 0 : Begin TRACER_WallTime_Comp 0.000373 ]
[ 0 0 : End TRACER_WallTime_Comp 0.000388 ]
[ 0 0 : Begin TRACER_WallTime_Comm 0.000393 ]
[ 0 1 : End TRACER_WallTime_Comm 0.000374 ]
[ 0 1 : Begin TRACER_WallTime_Comp 0.000374 ]
[ 0 1 : End TRACER_WallTime_Comp 0.000390 ]
[ 0 1 : Begin TRACER_WallTime_Comm 0.000393 ]
[ 0 0 : End TRACER_WallTime_Comm 0.000397 ]
[ 0 0 : Begin TRACER_WallTime_Comp 0.000398 ]
[ 0 0 : End TRACER_WallTime_Comp 0.000413 ]
[ 0 0 : Begin TRACER_WallTime_Comm 0.000419 ]
[ 0 1 : End TRACER_WallTime_Comm 0.000399 ]
[ 0 1 : Begin TRACER_WallTime_Comp 0.000400 ]
[ 0 1 : End TRACER_WallTime_Comp 0.000415 ]
[ 0 1 : Begin TRACER_WallTime_Comm 0.000418 ]
[ 0 0 : End TRACER_WallTime_Comm 0.000423 ]
[ 0 0 : Begin TRACER_WallTime_Comp 0.000423 ]
[ 0 0 : End TRACER_WallTime_Comp 0.000438 ]
[ 0 0 : Begin TRACER_WallTime_Comm 0.000442 ]
[ 0 1 : End TRACER_WallTime_Comm 0.000424 ]
[ 0 1 : Begin TRACER_WallTime_Comp 0.000424 ]
[ 0 1 : End TRACER_WallTime_Comp 0.000440 ]
[ 0 1 : Begin TRACER_WallTime_Comm 0.000442 ]
[ 0 0 : End TRACER_WallTime_Comm 0.000448 ]
[ 0 0 : Begin TRACER_WallTime_Comp 0.000448 ]
[ 0 0 : End TRACER_WallTime_Comp 0.000463 ]
[ 0 0 : Begin TRACER_WallTime_Comm 0.000470 ]
[ 0 1 : End TRACER_WallTime_Comm 0.000450 ]
[ 0 1 : Begin TRACER_WallTime_Comp 0.000450 ]
[ 0 1 : End TRACER_WallTime_Comp 0.000465 ]
[ 0 1 : Begin TRACER_WallTime_Comm 0.000469 ]
[ 0 0 : End TRACER_WallTime_Comm 0.000474 ]
[ 0 0 : Begin TRACER_WallTime_Comp 0.000474 ]
[ 0 0 : End TRACER_WallTime_Comp 0.000490 ]
[ 0 0 : Begin TRACER_WallTime_Comm 0.000495 ]
[ 0 1 : End TRACER_WallTime_Comm 0.000476 ]
[ 0 1 : Begin TRACER_WallTime_Comp 0.000477 ]
[ 0 1 : End TRACER_WallTime_Comp 0.000492 ]
[ 0 1 : Begin TRACER_WallTime_Comm 0.000495 ]
[ 0 0 : End TRACER_WallTime_Comm 0.000499 ]
[ 0 0 : Begin TRACER_WallTime_Comp 0.000499 ]
[ 0 0 : End TRACER_WallTime_Comp 0.000515 ]
[ 0 0 : Begin TRACER_WallTime_Comm 0.000520 ]
[ 0 0 : End TRACER_WallTime_Comm 0.000524 ]
[ 0 1 : End TRACER_WallTime_Comm 0.000501 ]
[ 0 1 : Begin TRACER_WallTime_Comp 0.000502 ]
[ 0 1 : End TRACER_WallTime_Comp 0.000517 ]
[ 0 1 : Begin TRACER_WallTime_Comm 0.000520 ]
[ 0 0 : Begin TRACER_WallTime_Comp 0.000525 ]
[ 0 0 : End TRACER_WallTime_Comp 0.000540 ]
[ 0 0 : Begin TRACER_WallTime_Comm 0.000546 ]
[ 0 1 : End TRACER_WallTime_Comm 0.000527 ]
[ 0 1 : Begin TRACER_WallTime_Comp 0.000527 ]
[ 0 1 : End TRACER_WallTime_Comp 0.000543 ]
[ 0 1 : Begin TRACER_WallTime_Comm 0.000547 ]
[ 0 0 : End TRACER_WallTime_Comm 0.000551 ]
[ 0 0 : Begin TRACER_WallTime_Comp 0.000552 ]
[ 0 0 : End TRACER_WallTime_Comp 0.000567 ]
[ 0 1 : End TRACER_WallTime_Comm 0.000553 ]
[ 0 1 : Begin TRACER_WallTime_Comp 0.000554 ]
[ 0 1 : End TRACER_WallTime_Comp 0.000569 ]
[ 0 0 : Begin TRACER_WallTime_Comm 0.000572 ]
[ 0 0 : End TRACER_WallTime_Comm 0.000576 ]
[ 0 0 : Begin TRACER_WallTime_Comp 0.000576 ]
[ 0 1 : Begin TRACER_WallTime_Comm 0.000572 ]
[ 0 0 : End TRACER_WallTime_Comp 0.000592 ]
[ 0 0 : Begin TRACER_WallTime_Comm 0.000597 ]
[ 0 0 : End TRACER_WallTime_Comm 0.000601 ]
[ 0 1 : End TRACER_WallTime_Comm 0.000578 ]
[ 0 1 : Begin TRACER_WallTime_Comp 0.000579 ]
[ 0 1 : End TRACER_WallTime_Comp 0.000594 ]
[ 0 1 : Begin TRACER_WallTime_Comm 0.000597 ]
[ 0 0 : Begin TRACER_WallTime_Comp 0.000602 ]
[ 0 0 : End TRACER_WallTime_Comp 0.000617 ]
[ 0 0 : Begin TRACER_WallTime_Comm 0.000623 ]
[ 0 1 : End TRACER_WallTime_Comm 0.000604 ]
[ 0 1 : Begin TRACER_WallTime_Comp 0.000605 ]
[ 0 1 : End TRACER_WallTime_Comp 0.000620 ]
[ 0 1 : Begin TRACER_WallTime_Comm 0.000623 ]
[ 0 0 : End TRACER_WallTime_Comm 0.000626 ]
[ 0 0 : Begin TRACER_WallTime_Comp 0.000627 ]
[ 0 0 : End TRACER_WallTime_Comp 0.000642 ]
[ 0 1 : End TRACER_WallTime_Comm 0.000629 ]
[ 0 1 : Begin TRACER_WallTime_Comp 0.000629 ]
[ 0 1 : End TRACER_WallTime_Comp 0.000645 ]
[ 0 0 : Begin TRACER_WallTime_Comm 0.000648 ]
[ 0 1 : Begin TRACER_WallTime_Comm 0.000649 ]
[ 0 0 : End TRACER_WallTime_Comm 0.000655 ]
[ 0 0 : Begin TRACER_WallTime_Comp 0.000655 ]
[ 0 0 : End TRACER_WallTime_Comp 0.000670 ]
[ 0 0 : Begin TRACER_WallTime_Comm 0.000674 ]
[ 0 1 : End TRACER_WallTime_Comm 0.000657 ]
[ 0 1 : Begin TRACER_WallTime_Comp 0.000657 ]
[ 0 1 : End TRACER_WallTime_Comp 0.000672 ]
[ 0 1 : Begin TRACER_WallTime_Comm 0.000676 ]
[ 0 0 : End TRACER_WallTime_Comm 0.000681 ]
[ 0 0 : Begin TRACER_WallTime_Comp 0.000681 ]
[ 0 0 : End TRACER_WallTime_Comp 0.000697 ]
[ 0 0 : Begin TRACER_WallTime_Comm 0.000701 ]
[ 0 1 : End TRACER_WallTime_Comm 0.000682 ]
[ 0 1 : Begin TRACER_WallTime_Comp 0.000683 ]
[ 0 1 : End TRACER_WallTime_Comp 0.000698 ]
[ 0 1 : Begin TRACER_WallTime_Comm 0.000700 ]
[ 0 0 : End TRACER_WallTime_Comm 0.000705 ]
[ 0 0 : Begin TRACER_WallTime_Comp 0.000705 ]
[ 0 0 : End TRACER_WallTime_Comp 0.000720 ]
[ 0 1 : End TRACER_WallTime_Comm 0.000706 ]
[ 0 1 : Begin TRACER_WallTime_Comp 0.000706 ]
[ 0 1 : End TRACER_WallTime_Comp 0.000722 ]
[ 0 0 : Begin TRACER_WallTime_Comm 0.000724 ]
[ 0 0 : End TRACER_WallTime_Comm 0.000729 ]
[ 0 0 : Begin TRACER_WallTime_Comp 0.000729 ]
[ 0 1 : Begin TRACER_WallTime_Comm 0.000725 ]
[ 0 0 : End TRACER_WallTime_Comp 0.000745 ]
[ 0 0 : Begin TRACER_WallTime_Comm 0.000749 ]
[ 0 1 : End TRACER_WallTime_Comm 0.000731 ]
[ 0 1 : Begin TRACER_WallTime_Comp 0.000732 ]
[ 0 1 : End TRACER_WallTime_Comp 0.000747 ]
[ 0 1 : Begin TRACER_WallTime_Comm 0.000750 ]
[ 0 0 : End TRACER_WallTime_Comm 0.000755 ]
[ 0 0 : Begin TRACER_WallTime_Comp 0.000755 ]
[ 0 0 : End TRACER_WallTime_Comp 0.000771 ]
[ 0 0 : Begin TRACER_WallTime_Comm 0.000775 ]
[ 0 1 : End TRACER_WallTime_Comm 0.000756 ]
[ 0 1 : Begin TRACER_WallTime_Comp 0.000757 ]
[ 0 1 : End TRACER_WallTime_Comp 0.000772 ]
[ 0 1 : Begin TRACER_WallTime_Comm 0.000775 ]
[ 0 0 : End TRACER_WallTime_Comm 0.000779 ]
[ 0 0 : Begin TRACER_WallTime_Comp 0.000780 ]
[ 0 0 : End TRACER_WallTime_Comp 0.000795 ]
[ 0 1 : End TRACER_WallTime_Comm 0.000781 ]
[ 0 1 : Begin TRACER_WallTime_Comp 0.000781 ]
[ 0 1 : End TRACER_WallTime_Comp 0.000797 ]
[ 0 0 : Begin TRACER_WallTime_Comm 0.000800 ]
[ 0 1 : Begin TRACER_WallTime_Comm 0.000801 ]
[ 0 0 : End TRACER_WallTime_Comm 0.000806 ]
[ 0 0 : Begin TRACER_WallTime_Comp 0.000806 ]
[ 0 0 : End TRACER_WallTime_Comp 0.000821 ]
[ 0 0 : Begin TRACER_WallTime_Comm 0.000827 ]
[ 0 1 : End TRACER_WallTime_Comm 0.000807 ]
[ 0 1 : Begin TRACER_WallTime_Comp 0.000808 ]
[ 0 1 : End TRACER_WallTime_Comp 0.000823 ]
[ 0 1 : Begin TRACER_WallTime_Comm 0.000826 ]
[ 0 0 : End TRACER_WallTime_Comm 0.000831 ]
[ 0 0 : Begin TRACER_WallTime_Comp 0.000832 ]
[ 0 0 : End TRACER_WallTime_Comp 0.000847 ]
[ 0 0 : Begin TRACER_WallTime_Comm 0.000853 ]
[ 0 1 : End TRACER_WallTime_Comm 0.000834 ]
[ 0 1 : Begin TRACER_WallTime_Comp 0.000834 ]
[ 0 1 : End TRACER_WallTime_Comp 0.000850 ]
[ 0 1 : Begin TRACER_WallTime_Comm 0.000854 ]
[ 0 0 : End TRACER_WallTime_Comm 0.000859 ]
[ 0 0 : Begin TRACER_WallTime_Comp 0.000859 ]
[ 0 1 : End TRACER_WallTime_Comm 0.000860 ]
[ 0 0 : End TRACER_WallTime_Comp 0.000874 ]
[ 0 0 : Begin TRACER_WallTime_Comm 0.000879 ]
[ 0 1 : Begin TRACER_WallTime_Comp 0.000860 ]
[ 0 1 : End TRACER_WallTime_Comp 0.000876 ]
[ 0 1 : Begin TRACER_WallTime_Comm 0.000879 ]
[ 0 0 : End TRACER_WallTime_Comm 0.000884 ]
[ 0 0 : Begin TRACER_WallTime_Comp 0.000884 ]
[ 0 0 : End TRACER_WallTime_Comp 0.000899 ]
[ 0 0 : Begin TRACER_WallTime_Comm 0.000904 ]
[ 0 1 : End TRACER_WallTime_Comm 0.000885 ]
[ 0 1 : Begin TRACER_WallTime_Comp 0.000885 ]
[ 0 1 : End TRACER_WallTime_Comp 0.000901 ]
[ 0 1 : Begin TRACER_WallTime_Comm 0.000904 ]
[ 0 0 : End TRACER_WallTime_Comm 0.000908 ]
[ 0 0 : Begin TRACER_WallTime_Comp 0.000909 ]
[ 0 0 : End TRACER_WallTime_Comp 0.000924 ]
[ 0 0 : Begin TRACER_WallTime_Comm 0.000929 ]
[ 0 1 : End TRACER_WallTime_Comm 0.000911 ]
[ 0 1 : Begin TRACER_WallTime_Comp 0.000911 ]
[ 0 1 : End TRACER_WallTime_Comp 0.000926 ]
[ 0 1 : Begin TRACER_WallTime_Comm 0.000930 ]
[ 0 0 : End TRACER_WallTime_Comm 0.000935 ]
[ 0 0 : Begin TRACER_WallTime_Comp 0.000935 ]
[ 0 0 : End TRACER_WallTime_Comp 0.000951 ]
[ 0 0 : Begin TRACER_WallTime_Comm 0.000956 ]
[ 0 0 : End TRACER_WallTime_Comm 0.000959 ]
[ 0 0 : Begin TRACER_WallTime_Comp 0.000959 ]
[ 0 1 : End TRACER_WallTime_Comm 0.000936 ]
[ 0 1 : Begin TRACER_WallTime_Comp 0.000936 ]
[ 0 1 : End TRACER_WallTime_Comp 0.000952 ]
[ 0 1 : Begin TRACER_WallTime_Comm 0.000955 ]
[ 0 0 : End TRACER_WallTime_Comp 0.000975 ]
[ 0 0 : Begin TRACER_WallTime_Comm 0.000980 ]
[ 0 1 : End TRACER_WallTime_Comm 0.000961 ]
[ 0 1 : Begin TRACER_WallTime_Comp 0.000962 ]
[ 0 1 : End TRACER_WallTime_Comp 0.000977 ]
[ 0 1 : Begin TRACER_WallTime_Comm 0.000980 ]
[ 0 0 : End TRACER_WallTime_Comm 0.000985 ]
[ 0 0 : Begin TRACER_WallTime_Comp 0.000986 ]
[ 0 0 : End TRACER_WallTime_Comp 0.001001 ]
[ 0 1 : End TRACER_WallTime_Comm 0.000987 ]
[ 0 1 : Begin TRACER_WallTime_Comp 0.000987 ]
[ 0 1 : End TRACER_WallTime_Comp 0.001003 ]
[ 0 0 : Begin TRACER_WallTime_Comm 0.001005 ]
[ 0 0 : End TRACER_WallTime_Comm 0.001010 ]
[ 0 0 : Begin TRACER_WallTime_Comp 0.001010 ]
[ 0 1 : Begin TRACER_WallTime_Comm 0.001006 ]
[ 0 0 : End TRACER_WallTime_Comp 0.001026 ]
[ 0 0 : Begin TRACER_WallTime_Comm 0.001031 ]
[ 0 0 : End TRACER_WallTime_Comm 0.001035 ]
[ 0 0 : Begin TRACER_WallTime_Comp 0.001035 ]
[ 0 1 : End TRACER_WallTime_Comm 0.001012 ]
[ 0 1 : Begin TRACER_WallTime_Comp 0.001013 ]
[ 0 1 : End TRACER_WallTime_Comp 0.001028 ]
[ 0 1 : Begin TRACER_WallTime_Comm 0.001031 ]
[ 0 0 : End TRACER_WallTime_Comp 0.001051 ]
[ 0 0 : Begin TRACER_WallTime_Comm 0.001055 ]
[ 0 1 : End TRACER_WallTime_Comm 0.001037 ]
[ 0 1 : Begin TRACER_WallTime_Comp 0.001038 ]
[ 0 1 : End TRACER_WallTime_Comp 0.001053 ]
[ 0 1 : Begin TRACER_WallTime_Comm 0.001056 ]
[ 0 0 : End TRACER_WallTime_Comm 0.001061 ]
[ 0 0 : Begin TRACER_WallTime_Comp 0.001061 ]
[ 0 0 : End TRACER_WallTime_Comp 0.001076 ]
[ 0 1 : End TRACER_WallTime_Comm 0.001062 ]
[ 0 1 : Begin TRACER_WallTime_Comp 0.001062 ]
[ 0 1 : End TRACER_WallTime_Comp 0.001078 ]
[ 0 0 : Begin TRACER_WallTime_Comm 0.001081 ]
[ 0 0 : End TRACER_WallTime_Comm 0.001085 ]
[ 0 0 : Begin TRACER_WallTime_Comp 0.001085 ]
[ 0 1 : Begin TRACER_WallTime_Comm 0.001081 ]
[ 0 0 : End TRACER_WallTime_Comp 0.001101 ]
[ 0 0 : Begin TRACER_WallTime_Comm 0.001107 ]
[ 0 0 : End TRACER_WallTime_Comm 0.001111 ]
[ 0 1 : End TRACER_WallTime_Comm 0.001087 ]
[ 0 1 : Begin TRACER_WallTime_Comp 0.001088 ]
[ 0 1 : End TRACER_WallTime_Comp 0.001103 ]
[ 0 1 : Begin TRACER_WallTime_Comm 0.001106 ]
[ 0 0 : Begin TRACER_WallTime_Comp 0.001112 ]
[ 0 0 : End TRACER_WallTime_Comp 0.001127 ]
[ 0 0 : Begin TRACER_WallTime_Comm 0.001132 ]
[ 0 1 : End TRACER_WallTime_Comm 0.001113 ]
[ 0 1 : Begin TRACER_WallTime_Comp 0.001113 ]
[ 0 1 : End TRACER_WallTime_Comp 0.001129 ]
[ 0 1 : Begin TRACER_WallTime_Comm 0.001132 ]
[ 0 0 : End TRACER_WallTime_Comm 0.001137 ]
[ 0 0 : Begin TRACER_WallTime_Comp 0.001137 ]
[ 0 0 : End TRACER_WallTime_Comp 0.001153 ]
[ 0 1 : End TRACER_WallTime_Comm 0.001139 ]
[ 0 1 : Begin TRACER_WallTime_Comp 0.001139 ]
[ 0 1 : End TRACER_WallTime_Comp 0.001155 ]
[ 0 0 : Begin TRACER_WallTime_Comm 0.001158 ]
[ 0 0 : End TRACER_WallTime_Comm 0.001162 ]
[ 0 0 : Begin TRACER_WallTime_Comp 0.001162 ]
[ 0 1 : Begin TRACER_WallTime_Comm 0.001158 ]
[ 0 0 : End TRACER_WallTime_Comp 0.001178 ]
[ 0 0 : Begin TRACER_WallTime_Comm 0.001185 ]
[ 0 1 : End TRACER_WallTime_Comm 0.001165 ]
[ 0 1 : Begin TRACER_WallTime_Comp 0.001165 ]
[ 0 1 : End TRACER_WallTime_Comp 0.001180 ]
[ 0 1 : Begin TRACER_WallTime_Comm 0.001185 ]
[ 0 0 : End TRACER_WallTime_Comm 0.001190 ]
[ 0 0 : Begin TRACER_WallTime_Comp 0.001191 ]
[ 0 0 : End TRACER_WallTime_Comp 0.001206 ]
[ 0 0 : Begin TRACER_WallTime_Comm 0.001211 ]
[ 0 1 : End TRACER_WallTime_Comm 0.001193 ]
[ 0 1 : Begin TRACER_WallTime_Comp 0.001193 ]
[ 0 1 : End TRACER_WallTime_Comp 0.001208 ]
[ 0 1 : Begin TRACER_WallTime_Comm 0.001210 ]
[ 0 0 : End TRACER_WallTime_Comm 0.001216 ]
[ 0 0 : Begin TRACER_WallTime_Comp 0.001217 ]
[ 0 0 : End TRACER_WallTime_Comp 0.001232 ]
[ 0 1 : End TRACER_WallTime_Comm 0.001218 ]
[ 0 1 : Begin TRACER_WallTime_Comp 0.001218 ]
[ 0 1 : End TRACER_WallTime_Comp 0.001234 ]
[ 0 0 : Begin TRACER_WallTime_Comm 0.001237 ]
[ 0 0 : End TRACER_WallTime_Comm 0.001241 ]
[ 0 1 : Begin TRACER_WallTime_Comm 0.001237 ]
[ 0 0 : Begin TRACER_WallTime_Comp 0.001242 ]
[ 0 0 : End TRACER_WallTime_Comp 0.001257 ]
[ 0 0 : Begin TRACER_WallTime_Comm 0.001262 ]
[ 0 1 : End TRACER_WallTime_Comm 0.001243 ]
[ 0 1 : Begin TRACER_WallTime_Comp 0.001244 ]
[ 0 1 : End TRACER_WallTime_Comp 0.001259 ]
[ 0 1 : Begin TRACER_WallTime_Comm 0.001262 ]
[ 0 0 : End TRACER_WallTime_Comm 0.001267 ]
[ 0 0 : Begin TRACER_WallTime_Comp 0.001268 ]
[ 0 0 : End TRACER_WallTime_Comp 0.001283 ]
[ 0 0 : Begin TRACER_WallTime_Comm 0.001288 ]
[ 0 1 : End TRACER_WallTime_Comm 0.001270 ]
[ 0 1 : Begin TRACER_WallTime_Comp 0.001270 ]
[ 0 1 : End TRACER_WallTime_Comp 0.001285 ]
[ 0 1 : Begin TRACER_WallTime_Comm 0.001288 ]
[ 0 0 : End TRACER_WallTime_Comm 0.001292 ]
[ 0 0 : Begin TRACER_WallTime_Comp 0.001293 ]
[ 0 0 : End TRACER_WallTime_Comp 0.001308 ]
[ 0 1 : End TRACER_WallTime_Comm 0.001294 ]
[ 0 1 : Begin TRACER_WallTime_Comp 0.001294 ]
[ 0 1 : End TRACER_WallTime_Comp 0.001310 ]
[ 0 0 : Begin TRACER_WallTime_Comm 0.001313 ]
[ 0 0 : End TRACER_WallTime_Comm 0.001319 ]
[ 0 1 : Begin TRACER_WallTime_Comm 0.001315 ]
[ 0 0 : Begin TRACER_WallTime_Comp 0.001320 ]
[ 0 0 : End TRACER_WallTime_Comp 0.001335 ]
[ 0 0 : Begin TRACER_WallTime_Comm 0.001342 ]
[ 0 1 : End TRACER_WallTime_Comm 0.001322 ]
[ 0 1 : Begin TRACER_WallTime_Comp 0.001322 ]
[ 0 1 : End TRACER_WallTime_Comp 0.001338 ]
[ 0 1 : Begin TRACER_WallTime_Comm 0.001341 ]
[ 0 0 : End TRACER_WallTime_Comm 0.001346 ]
[ 0 0 : Begin TRACER_WallTime_Comp 0.001346 ]
[ 0 0 : End TRACER_WallTime_Comp 0.001362 ]
[ 0 0 : Begin TRACER_WallTime_Comm 0.001368 ]
[ 0 1 : End TRACER_WallTime_Comm 0.001348 ]
[ 0 1 : Begin TRACER_WallTime_Comp 0.001349 ]
[ 0 1 : End TRACER_WallTime_Comp 0.001364 ]
[ 0 1 : Begin TRACER_WallTime_Comm 0.001367 ]
[ 0 0 : End TRACER_WallTime_Comm 0.001371 ]
[ 0 0 : Begin TRACER_WallTime_Comp 0.001372 ]
[ 0 0 : End TRACER_WallTime_Comp 0.001387 ]
[ 0 0 : Begin TRACER_WallTime_Comm 0.001392 ]
[ 0 0 : End TRACER_WallTime_Comm 0.001397 ]
[ 0 0 : Begin TRACER_WallTime_Comp 0.001397 ]
[ 0 1 : End TRACER_WallTime_Comm 0.001373 ]
[ 0 1 : Begin TRACER_WallTime_Comp 0.001373 ]
[ 0 1 : End TRACER_WallTime_Comp 0.001389 ]
[ 0 1 : Begin TRACER_WallTime_Comm 0.001393 ]
[ 0 0 : End TRACER_WallTime_Comp 0.001413 ]
[ 0 0 : Begin TRACER_WallTime_Comm 0.001418 ]
[ 0 1 : End TRACER_WallTime_Comm 0.001399 ]
[ 0 1 : Begin TRACER_WallTime_Comp 0.001400 ]
[ 0 1 : End TRACER_WallTime_Comp 0.001415 ]
[ 0 1 : Begin TRACER_WallTime_Comm 0.001418 ]
[ 0 0 : End TRACER_WallTime_Comm 0.001424 ]
[ 0 0 : Begin TRACER_WallTime_Comp 0.001424 ]
[ 0 0 : End TRACER_WallTime_Comp 0.001439 ]
[ 0 0 : Begin TRACER_WallTime_Comm 0.001445 ]
[ 0 1 : End TRACER_WallTime_Comm 0.001425 ]
[ 0 1 : Begin TRACER_WallTime_Comp 0.001425 ]
[ 0 1 : End TRACER_WallTime_Comp 0.001441 ]
[ 0 1 : Begin TRACER_WallTime_Comm 0.001445 ]
[ 0 0 : End TRACER_WallTime_Comm 0.001450 ]
[ 0 0 : Begin TRACER_WallTime_Comp 0.001450 ]
[ 0 0 : End TRACER_WallTime_Comp 0.001466 ]
[ 0 0 : Begin TRACER_WallTime_Comm 0.001478 ]
[ 0 0 : End TRACER_WallTime_Comm 0.001481 ]
[ 0 1 : End TRACER_WallTime_Comm 0.001451 ]
[ 0 1 : Begin TRACER_WallTime_Comp 0.001452 ]
[ 0 1 : End TRACER_WallTime_Comp 0.001467 ]
[ 0 1 : Begin TRACER_WallTime_Comm 0.001477 ]
[ 0 0 : Begin TRACER_WallTime_Comp 0.001482 ]
[ 0 0 : End TRACER_WallTime_Comp 0.001497 ]
[ 0 0 : Begin TRACER_WallTime_Comm 0.001502 ]
[ 0 1 : End TRACER_WallTime_Comm 0.001484 ]
[ 0 1 : Begin TRACER_WallTime_Comp 0.001484 ]
[ 0 1 : End TRACER_WallTime_Comp 0.001499 ]
[ 0 1 : Begin TRACER_WallTime_Comm 0.001502 ]
[ 0 0 : End TRACER_WallTime_Comm 0.001507 ]
[ 0 0 : Begin TRACER_WallTime_Comp 0.001507 ]
[ 0 0 : End TRACER_WallTime_Comp 0.001523 ]
[ 0 1 : End TRACER_WallTime_Comm 0.001509 ]
[ 0 1 : Begin TRACER_WallTime_Comp 0.001509 ]
[ 0 1 : End TRACER_WallTime_Comp 0.001524 ]
[ 0 0 : Begin TRACER_WallTime_Comm 0.001528 ]
[ 0 0 : End TRACER_WallTime_Comm 0.001533 ]
[ 0 1 : Begin TRACER_WallTime_Comm 0.001529 ]
[ 0 0 : Begin TRACER_WallTime_Comp 0.001534 ]
[ 0 0 : End TRACER_WallTime_Comp 0.001549 ]
[ 0 0 : Begin TRACER_WallTime_Comm 0.001554 ]
[ 0 0 : End TRACER_WallTime_Comm 0.001560 ]
[ 0 1 : End TRACER_WallTime_Comm 0.001536 ]
[ 0 1 : Begin TRACER_WallTime_Comp 0.001536 ]
[ 0 1 : End TRACER_WallTime_Comp 0.001552 ]
[ 0 1 : Begin TRACER_WallTime_Comm 0.001556 ]
[ 0 0 : Begin TRACER_WallTime_Comp 0.001561 ]
[ 0 0 : End TRACER_WallTime_Comp 0.001576 ]
[ 0 0 : Begin TRACER_WallTime_Comm 0.001582 ]
[ 0 1 : End TRACER_WallTime_Comm 0.001564 ]
[ 0 1 : Begin TRACER_WallTime_Comp 0.001564 ]
[ 0 1 : End TRACER_WallTime_Comp 0.001579 ]
[ 0 1 : Begin TRACER_WallTime_Comm 0.001581 ]
[ 0 0 : End TRACER_WallTime_Comm 0.001587 ]
[ 0 0 : Begin TRACER_WallTime_Comp 0.001587 ]
[ 0 0 : End TRACER_WallTime_Comp 0.001602 ]
[ 0 1 : End TRACER_WallTime_Comm 0.001588 ]
[ 0 1 : Begin TRACER_WallTime_Comp 0.001588 ]
[ 0 1 : End TRACER_WallTime_Comp 0.001604 ]
[ 0 0 : Begin TRACER_WallTime_Comm 0.001607 ]
[ 0 1 : Begin TRACER_WallTime_Comm 0.001608 ]
[ 0 0 : End TRACER_WallTime_Comm 0.001613 ]
[ 0 0 : Begin TRACER_WallTime_Comp 0.001614 ]
[ 0 0 : End TRACER_WallTime_Comp 0.001629 ]
[ 0 0 : Begin TRACER_WallTime_Comm 0.001634 ]
[ 0 1 : End TRACER_WallTime_Comm 0.001615 ]
[ 0 1 : Begin TRACER_WallTime_Comp 0.001615 ]
[ 0 1 : End TRACER_WallTime_Comp 0.001631 ]
[ 0 1 : Begin TRACER_WallTime_Comm 0.001635 ]
[ 0 0 : End TRACER_WallTime_Comm 0.001639 ]
[ 0 0 : Begin TRACER_WallTime_Comp 0.001639 ]
[ 0 0 : End TRACER_WallTime_Comp 0.001655 ]
[ 0 0 : Begin TRACER_WallTime_Comm 0.001659 ]
[ 0 1 : End TRACER_WallTime_Comm 0.001641 ]
[ 0 1 : Begin TRACER_WallTime_Comp 0.001642 ]
[ 0 1 : End TRACER_WallTime_Comp 0.001657 ]
[ 0 1 : Begin TRACER_WallTime_Comm 0.001660 ]
[ 0 0 : End TRACER_WallTime_Comm 0.001664 ]
[ 0 0 : Begin TRACER_WallTime_Comp 0.001664 ]
[ 0 0 : End TRACER_WallTime_Comp 0.001680 ]
[ 0 0 : time at task 1000/1608 0.001680 ]
[ 0 1 : End TRACER_WallTime_Comm 0.001666 ]
[ 0 1 : Begin TRACER_WallTime_Comp 0.001667 ]
[ 0 1 : End TRACER_WallTime_Comp 0.001682 ]
[ 0 0 : Begin TRACER_WallTime_Comm 0.001685 ]
[ 0 0 : End TRACER_WallTime_Comm 0.001689 ]
[ 0 0 : Begin TRACER_WallTime_Comp 0.001689 ]
[ 0 1 : Begin TRACER_WallTime_Comm 0.001685 ]
[ 0 0 : End TRACER_WallTime_Comp 0.001705 ]
[ 0 0 : Begin TRACER_WallTime_Comm 0.001709 ]
[ 0 1 : End TRACER_WallTime_Comm 0.001691 ]
[ 0 1 : Begin TRACER_WallTime_Comp 0.001692 ]
[ 0 1 : End TRACER_WallTime_Comp 0.001707 ]
[ 0 1 : Begin TRACER_WallTime_Comm 0.001709 ]
[ 0 0 : End TRACER_WallTime_Comm 0.001713 ]
[ 0 0 : Begin TRACER_WallTime_Comp 0.001713 ]
[ 0 0 : End TRACER_WallTime_Comp 0.001729 ]
[ 0 0 : Begin TRACER_WallTime_Comm 0.001736 ]
[ 0 1 : End TRACER_WallTime_Comm 0.001716 ]
[ 0 1 : Begin TRACER_WallTime_Comp 0.001716 ]
[ 0 1 : End TRACER_WallTime_Comp 0.001732 ]
[ 0 1 : Begin TRACER_WallTime_Comm 0.001737 ]
[ 0 0 : End TRACER_WallTime_Comm 0.001742 ]
[ 0 0 : Begin TRACER_WallTime_Comp 0.001742 ]
[ 0 0 : End TRACER_WallTime_Comp 0.001758 ]
[ 0 1 : End TRACER_WallTime_Comm 0.001743 ]
[ 0 1 : Begin TRACER_WallTime_Comp 0.001744 ]
[ 0 1 : End TRACER_WallTime_Comp 0.001759 ]
[ 0 0 : Begin TRACER_WallTime_Comm 0.001763 ]
[ 0 0 : End TRACER_WallTime_Comm 0.001766 ]
[ 0 0 : Begin TRACER_WallTime_Comp 0.001766 ]
[ 0 1 : Begin TRACER_WallTime_Comm 0.001762 ]
[ 0 0 : End TRACER_WallTime_Comp 0.001782 ]
[ 0 0 : Begin TRACER_WallTime_Comm 0.001786 ]
[ 0 1 : End TRACER_WallTime_Comm 0.001769 ]
[ 0 1 : Begin TRACER_WallTime_Comp 0.001769 ]
[ 0 1 : End TRACER_WallTime_Comp 0.001784 ]
[ 0 1 : Begin TRACER_WallTime_Comm 0.001787 ]
[ 0 0 : End TRACER_WallTime_Comm 0.001791 ]
[ 0 0 : Begin TRACER_WallTime_Comp 0.001791 ]
[ 0 0 : End TRACER_WallTime_Comp 0.001807 ]
[ 0 0 : Begin TRACER_WallTime_Comm 0.001812 ]
[ 0 1 : End TRACER_WallTime_Comm 0.001793 ]
[ 0 1 : Begin TRACER_WallTime_Comp 0.001793 ]
[ 0 1 : End TRACER_WallTime_Comp 0.001809 ]
[ 0 1 : Begin TRACER_WallTime_Comm 0.001812 ]
[ 0 0 : End TRACER_WallTime_Comm 0.001816 ]
[ 0 0 : Begin TRACER_WallTime_Comp 0.001817 ]
[ 0 0 : End TRACER_WallTime_Comp 0.001832 ]
[ 0 0 : Begin TRACER_WallTime_Comm 0.001838 ]
[ 0 1 : End TRACER_WallTime_Comm 0.001818 ]
[ 0 1 : Begin TRACER_WallTime_Comp 0.001818 ]
[ 0 1 : End TRACER_WallTime_Comp 0.001834 ]
[ 0 1 : Begin TRACER_WallTime_Comm 0.001838 ]
[ 0 0 : End TRACER_WallTime_Comm 0.001843 ]
[ 0 0 : Begin TRACER_WallTime_Comp 0.001843 ]
[ 0 0 : End TRACER_WallTime_Comp 0.001858 ]
[ 0 0 : Begin TRACER_WallTime_Comm 0.001863 ]
[ 0 1 : End TRACER_WallTime_Comm 0.001844 ]
[ 0 1 : Begin TRACER_WallTime_Comp 0.001844 ]
[ 0 1 : End TRACER_WallTime_Comp 0.001860 ]
[ 0 1 : Begin TRACER_WallTime_Comm 0.001864 ]
[ 0 0 : End TRACER_WallTime_Comm 0.001868 ]
[ 0 0 : Begin TRACER_WallTime_Comp 0.001868 ]
[ 0 0 : End TRACER_WallTime_Comp 0.001893 ]
[ 0 0 : Begin TRACER_WallTime_Comm 0.001896 ]
[ 0 1 : End TRACER_WallTime_Comm 0.001871 ]
[ 0 1 : Begin TRACER_WallTime_Comp 0.001871 ]
[ 0 1 : End TRACER_WallTime_Comp 0.001886 ]
[ 0 1 : Begin TRACER_WallTime_Comm 0.001896 ]
[ 0 0 : End TRACER_WallTime_Comm 0.001900 ]
[ 0 0 : Begin TRACER_WallTime_Comp 0.001901 ]
[ 0 0 : End TRACER_WallTime_Comp 0.001916 ]
[ 0 0 : Begin TRACER_WallTime_Comm 0.001920 ]
[ 0 0 : End TRACER_WallTime_Comm 0.001924 ]
[ 0 0 : Begin TRACER_WallTime_Comp 0.001924 ]
[ 0 1 : End TRACER_WallTime_Comm 0.001902 ]
[ 0 1 : Begin TRACER_WallTime_Comp 0.001903 ]
[ 0 1 : End TRACER_WallTime_Comp 0.001918 ]
[ 0 1 : Begin TRACER_WallTime_Comm 0.001920 ]
[ 0 0 : End TRACER_WallTime_Comp 0.001940 ]
[ 0 0 : Begin TRACER_WallTime_Comm 0.001945 ]
[ 0 1 : End TRACER_WallTime_Comm 0.001926 ]
[ 0 1 : Begin TRACER_WallTime_Comp 0.001926 ]
[ 0 1 : End TRACER_WallTime_Comp 0.001942 ]
[ 0 1 : Begin TRACER_WallTime_Comm 0.001945 ]
[ 0 0 : End TRACER_WallTime_Comm 0.001950 ]
[ 0 0 : Begin TRACER_WallTime_Comp 0.001950 ]
[ 0 0 : End TRACER_WallTime_Comp 0.001965 ]
[ 0 1 : End TRACER_WallTime_Comm 0.001951 ]
[ 0 1 : Begin TRACER_WallTime_Comp 0.001951 ]
[ 0 1 : End TRACER_WallTime_Comp 0.001967 ]
[ 0 0 : Begin TRACER_WallTime_Comm 0.001969 ]
[ 0 1 : Begin TRACER_WallTime_Comm 0.001969 ]
[ 0 0 : End TRACER_WallTime_Comm 0.001974 ]
[ 0 0 : Begin TRACER_WallTime_Comp 0.001974 ]
[ 0 0 : End TRACER_WallTime_Comp 0.001989 ]
[ 0 0 : Begin TRACER_WallTime_Comm 0.001995 ]
[ 0 0 : End TRACER_WallTime_Comm 0.001998 ]
[ 0 0 : Begin TRACER_WallTime_Comp 0.001998 ]
[ 0 1 : End TRACER_WallTime_Comm 0.001975 ]
[ 0 1 : Begin TRACER_WallTime_Comp 0.001976 ]
[ 0 1 : End TRACER_WallTime_Comp 0.001991 ]
[ 0 1 : Begin TRACER_WallTime_Comm 0.001994 ]
[ 0 0 : End TRACER_WallTime_Comp 0.002014 ]
[ 0 0 : Begin TRACER_WallTime_Comm 0.002020 ]
[ 0 1 : End TRACER_WallTime_Comm 0.002000 ]
[ 0 1 : Begin TRACER_WallTime_Comp 0.002001 ]
[ 0 1 : End TRACER_WallTime_Comp 0.002016 ]
[ 0 1 : Begin TRACER_WallTime_Comm 0.002019 ]
[ 0 0 : End TRACER_WallTime_Comm 0.002024 ]
[ 0 0 : Begin TRACER_WallTime_Comp 0.002024 ]
[ 0 0 : End TRACER_WallTime_Comp 0.002040 ]
[ 0 1 : End TRACER_WallTime_Comm 0.002025 ]
[ 0 1 : Begin TRACER_WallTime_Comp 0.002025 ]
[ 0 1 : End TRACER_WallTime_Comp 0.002041 ]
[ 0 0 : Begin TRACER_WallTime_Comm 0.002044 ]
[ 0 0 : End TRACER_WallTime_Comm 0.002049 ]
[ 0 0 : Begin TRACER_WallTime_Comp 0.002049 ]
[ 0 1 : Begin TRACER_WallTime_Comm 0.002045 ]
[ 0 0 : End TRACER_WallTime_Comp 0.002065 ]
[ 0 0 : Begin TRACER_WallTime_Comm 0.002071 ]
[ 0 1 : End TRACER_WallTime_Comm 0.002052 ]
[ 0 1 : Begin TRACER_WallTime_Comp 0.002052 ]
[ 0 1 : End TRACER_WallTime_Comp 0.002067 ]
[ 0 1 : Begin TRACER_WallTime_Comm 0.002070 ]
[ 0 0 : End TRACER_WallTime_Comm 0.002076 ]
[ 0 0 : Begin TRACER_WallTime_Comp 0.002076 ]
[ 0 0 : End TRACER_WallTime_Comp 0.002091 ]
[ 0 0 : Begin TRACER_WallTime_Comm 0.002098 ]
[ 0 1 : End TRACER_WallTime_Comm 0.002078 ]
[ 0 1 : Begin TRACER_WallTime_Comp 0.002078 ]
[ 0 1 : End TRACER_WallTime_Comp 0.002093 ]
[ 0 1 : Begin TRACER_WallTime_Comm 0.002098 ]
[ 0 0 : End TRACER_WallTime_Comm 0.002103 ]
[ 0 0 : Begin TRACER_WallTime_Comp 0.002103 ]
[ 0 0 : End TRACER_WallTime_Comp 0.002118 ]
[ 0 1 : End TRACER_WallTime_Comm 0.002104 ]
[ 0 1 : Begin TRACER_WallTime_Comp 0.002104 ]
[ 0 1 : End TRACER_WallTime_Comp 0.002120 ]
[ 0 0 : Begin TRACER_WallTime_Comm 0.002122 ]
[ 0 0 : End TRACER_WallTime_Comm 0.002126 ]
[ 0 1 : Begin TRACER_WallTime_Comm 0.002122 ]
[ 0 0 : Begin TRACER_WallTime_Comp 0.002127 ]
[ 0 0 : End TRACER_WallTime_Comp 0.002142 ]
[ 0 0 : Begin TRACER_WallTime_Comm 0.002147 ]
[ 0 1 : End TRACER_WallTime_Comm 0.002128 ]
[ 0 1 : Begin TRACER_WallTime_Comp 0.002128 ]
[ 0 1 : End TRACER_WallTime_Comp 0.002144 ]
[ 0 1 : Begin TRACER_WallTime_Comm 0.002147 ]
[ 0 0 : End TRACER_WallTime_Comm 0.002151 ]
[ 0 0 : Begin TRACER_WallTime_Comp 0.002151 ]
[ 0 0 : End TRACER_WallTime_Comp 0.002167 ]
[ 0 0 : Begin TRACER_WallTime_Comm 0.002172 ]
[ 0 1 : End TRACER_WallTime_Comm 0.002153 ]
[ 0 1 : Begin TRACER_WallTime_Comp 0.002154 ]
[ 0 1 : End TRACER_WallTime_Comp 0.002169 ]
[ 0 1 : Begin TRACER_WallTime_Comm 0.002172 ]
[ 0 0 : End TRACER_WallTime_Comm 0.002178 ]
[ 0 0 : Begin TRACER_WallTime_Comp 0.002178 ]
[ 0 0 : End TRACER_WallTime_Comp 0.002194 ]
[ 0 1 : End TRACER_WallTime_Comm 0.002180 ]
[ 0 1 : Begin TRACER_WallTime_Comp 0.002180 ]
[ 0 1 : End TRACER_WallTime_Comp 0.002196 ]
[ 0 0 : Begin TRACER_WallTime_Comm 0.002198 ]
[ 0 0 : End TRACER_WallTime_Comm 0.002203 ]
[ 0 0 : Begin TRACER_WallTime_Comp 0.002203 ]
[ 0 1 : Begin TRACER_WallTime_Comm 0.002200 ]
[ 0 0 : End TRACER_WallTime_Comp 0.002219 ]
[ 0 0 : Begin TRACER_WallTime_Comm 0.002225 ]
[ 0 1 : End TRACER_WallTime_Comm 0.002207 ]
[ 0 1 : Begin TRACER_WallTime_Comp 0.002207 ]
[ 0 1 : End TRACER_WallTime_Comp 0.002222 ]
[ 0 1 : Begin TRACER_WallTime_Comm 0.002226 ]
[ 0 0 : End TRACER_WallTime_Comm 0.002232 ]
[ 0 0 : Begin TRACER_WallTime_Comp 0.002232 ]
[ 0 0 : End TRACER_WallTime_Comp 0.002247 ]
[ 0 0 : Begin TRACER_WallTime_Comm 0.002251 ]
[ 0 1 : End TRACER_WallTime_Comm 0.002233 ]
[ 0 1 : Begin TRACER_WallTime_Comp 0.002233 ]
[ 0 1 : End TRACER_WallTime_Comp 0.002249 ]
[ 0 1 : Begin TRACER_WallTime_Comm 0.002252 ]
[ 0 0 : End TRACER_WallTime_Comm 0.002257 ]
[ 0 0 : Begin TRACER_WallTime_Comp 0.002257 ]
[ 0 0 : End TRACER_WallTime_Comp 0.002273 ]
[ 0 1 : End TRACER_WallTime_Comm 0.002259 ]
[ 0 1 : Begin TRACER_WallTime_Comp 0.002259 ]
[ 0 0 : Begin TRACER_WallTime_Comm 0.002277 ]
[ 0 1 : End TRACER_WallTime_Comp 0.002274 ]
[ 0 1 : Begin TRACER_WallTime_Comm 0.002277 ]
[ 0 0 : End TRACER_WallTime_Comm 0.002283 ]
[ 0 0 : Begin TRACER_WallTime_Comp 0.002283 ]
[ 0 0 : End TRACER_WallTime_Comp 0.002298 ]
[ 0 0 : Begin TRACER_WallTime_Comm 0.002302 ]
[ 0 1 : End TRACER_WallTime_Comm 0.002284 ]
[ 0 1 : Begin TRACER_WallTime_Comp 0.002285 ]
[ 0 1 : End TRACER_WallTime_Comp 0.002300 ]
[ 0 1 : Begin TRACER_WallTime_Comm 0.002303 ]
[ 0 0 : End TRACER_WallTime_Comm 0.002308 ]
[ 0 0 : Begin TRACER_WallTime_Comp 0.002308 ]
[ 0 0 : End TRACER_WallTime_Comp 0.002324 ]
[ 0 0 : Begin TRACER_WallTime_Comm 0.002329 ]
[ 0 1 : End TRACER_WallTime_Comm 0.002309 ]
[ 0 1 : Begin TRACER_WallTime_Comp 0.002309 ]
[ 0 1 : End TRACER_WallTime_Comp 0.002325 ]
[ 0 1 : Begin TRACER_WallTime_Comm 0.002329 ]
[ 0 0 : End TRACER_WallTime_Comm 0.002334 ]
[ 0 0 : Begin TRACER_WallTime_Comp 0.002334 ]
[ 0 0 : End TRACER_WallTime_Comp 0.002349 ]
[ 0 0 : Begin TRACER_WallTime_Comm 0.002355 ]
[ 0 0 : End TRACER_WallTime_Comm 0.002358 ]
[ 0 0 : Begin TRACER_WallTime_Comp 0.002358 ]
[ 0 1 : End TRACER_WallTime_Comm 0.002335 ]
[ 0 1 : Begin TRACER_WallTime_Comp 0.002336 ]
[ 0 1 : End TRACER_WallTime_Comp 0.002351 ]
[ 0 1 : Begin TRACER_WallTime_Comm 0.002354 ]
[ 0 0 : End TRACER_WallTime_Comp 0.002374 ]
[ 0 0 : Begin TRACER_WallTime_Comm 0.002380 ]
[ 0 1 : End TRACER_WallTime_Comm 0.002360 ]
[ 0 1 : Begin TRACER_WallTime_Comp 0.002361 ]
[ 0 1 : End TRACER_WallTime_Comp 0.002376 ]
[ 0 1 : Begin TRACER_WallTime_Comm 0.002379 ]
[ 0 0 : End TRACER_WallTime_Comm 0.002383 ]
[ 0 0 : Begin TRACER_WallTime_Comp 0.002384 ]
[ 0 0 : End TRACER_WallTime_Comp 0.002399 ]
[ 0 1 : End TRACER_WallTime_Comm 0.002385 ]
[ 0 1 : Begin TRACER_WallTime_Comp 0.002386 ]
[ 0 1 : End TRACER_WallTime_Comp 0.002401 ]
[ 0 0 : Begin TRACER_WallTime_Comm 0.002404 ]
[ 0 0 : End TRACER_WallTime_Comm 0.002408 ]
[ 0 1 : Begin TRACER_WallTime_Comm 0.002403 ]
[ 0 0 : Begin TRACER_WallTime_Comp 0.002409 ]
[ 0 0 : End TRACER_WallTime_Comp 0.002424 ]
[ 0 0 : Begin TRACER_WallTime_Comm 0.002430 ]
[ 0 0 : End TRACER_WallTime_Comm 0.002433 ]
[ 0 1 : End TRACER_WallTime_Comm 0.002410 ]
[ 0 1 : Begin TRACER_WallTime_Comp 0.002411 ]
[ 0 1 : End TRACER_WallTime_Comp 0.002426 ]
[ 0 1 : Begin TRACER_WallTime_Comm 0.002429 ]
[ 0 0 : Begin TRACER_WallTime_Comp 0.002434 ]
[ 0 0 : End TRACER_WallTime_Comp 0.002449 ]
[ 0 0 : Begin TRACER_WallTime_Comm 0.002456 ]
[ 0 1 : End TRACER_WallTime_Comm 0.002436 ]
[ 0 1 : Begin TRACER_WallTime_Comp 0.002436 ]
[ 0 1 : End TRACER_WallTime_Comp 0.002451 ]
[ 0 1 : Begin TRACER_WallTime_Comm 0.002455 ]
[ 0 0 : End TRACER_WallTime_Comm 0.002460 ]
[ 0 0 : Begin TRACER_WallTime_Comp 0.002461 ]
[ 0 0 : End TRACER_WallTime_Comp 0.002476 ]
[ 0 1 : End TRACER_WallTime_Comm 0.002462 ]
[ 0 1 : Begin TRACER_WallTime_Comp 0.002462 ]
[ 0 1 : End TRACER_WallTime_Comp 0.002478 ]
[ 0 0 : Begin TRACER_WallTime_Comm 0.002480 ]
[ 0 0 : End TRACER_WallTime_Comm 0.002484 ]
[ 0 1 : Begin TRACER_WallTime_Comm 0.002480 ]
[ 0 0 : Begin TRACER_WallTime_Comp 0.002485 ]
[ 0 0 : End TRACER_WallTime_Comp 0.002500 ]
[ 0 0 : Begin TRACER_WallTime_Comm 0.002506 ]
[ 0 0 : End TRACER_WallTime_Comm 0.002510 ]
[ 0 0 : Begin TRACER_WallTime_Comp 0.002510 ]
[ 0 1 : End TRACER_WallTime_Comm 0.002487 ]
[ 0 1 : Begin TRACER_WallTime_Comp 0.002487 ]
[ 0 1 : End TRACER_WallTime_Comp 0.002502 ]
[ 0 1 : Begin TRACER_WallTime_Comm 0.002505 ]
[ 0 0 : End TRACER_WallTime_Comp 0.002526 ]
[ 0 0 : Begin TRACER_WallTime_Comm 0.002530 ]
[ 0 1 : End TRACER_WallTime_Comm 0.002512 ]
[ 0 1 : Begin TRACER_WallTime_Comp 0.002512 ]
[ 0 1 : End TRACER_WallTime_Comp 0.002528 ]
[ 0 1 : Begin TRACER_WallTime_Comm 0.002531 ]
[ 0 0 : End TRACER_WallTime_Comm 0.002534 ]
[ 0 0 : Begin TRACER_WallTime_Comp 0.002535 ]
[ 0 0 : End TRACER_WallTime_Comp 0.002550 ]
[ 0 1 : End TRACER_WallTime_Comm 0.002537 ]
[ 0 1 : Begin TRACER_WallTime_Comp 0.002537 ]
[ 0 1 : End TRACER_WallTime_Comp 0.002553 ]
[ 0 0 : Begin TRACER_WallTime_Comm 0.002556 ]
[ 0 0 : End TRACER_WallTime_Comm 0.002561 ]
[ 0 0 : Begin TRACER_WallTime_Comp 0.002561 ]
[ 0 1 : Begin TRACER_WallTime_Comm 0.002557 ]
[ 0 0 : End TRACER_WallTime_Comp 0.002577 ]
[ 0 0 : Begin TRACER_WallTime_Comm 0.002582 ]
[ 0 1 : End TRACER_WallTime_Comm 0.002563 ]
[ 0 1 : Begin TRACER_WallTime_Comp 0.002564 ]
[ 0 1 : End TRACER_WallTime_Comp 0.002579 ]
[ 0 1 : Begin TRACER_WallTime_Comm 0.002582 ]
[ 0 0 : End TRACER_WallTime_Comm 0.002587 ]
[ 0 0 : Begin TRACER_WallTime_Comp 0.002587 ]
[ 0 0 : End TRACER_WallTime_Comp 0.002602 ]
[ 0 0 : Begin TRACER_WallTime_Comm 0.002607 ]
[ 0 1 : End TRACER_WallTime_Comm 0.002588 ]
[ 0 1 : Begin TRACER_WallTime_Comp 0.002588 ]
[ 0 1 : End TRACER_WallTime_Comp 0.002604 ]
[ 0 1 : Begin TRACER_WallTime_Comm 0.002609 ]
[ 0 0 : End TRACER_WallTime_Comm 0.002614 ]
[ 0 0 : Begin TRACER_WallTime_Comp 0.002614 ]
[ 0 0 : End TRACER_WallTime_Comp 0.002629 ]
[ 0 1 : End TRACER_WallTime_Comm 0.002616 ]
[ 0 1 : Begin TRACER_WallTime_Comp 0.002616 ]
[ 0 1 : End TRACER_WallTime_Comp 0.002632 ]
[ 0 0 : Begin TRACER_WallTime_Comm 0.002635 ]
[ 0 1 : Begin TRACER_WallTime_Comm 0.002635 ]
GVT #135: simulation 100% complete, max event queue size 7 (GVT = MAX).
AVL tree size: 0
[ 0 0 : End TRACER_WallTime_Comm 0.002641 ]
[ 0 0 : End TRACER_WallTime_Total 0.002641 ]
[ 0 1 : End TRACER_WallTime_Comm 0.002642 ]
*** END SIMULATION ***

Job[0]PE[0]: FINALIZE in 0.002641 seconds.

	: Running Time = 0.0368 seconds

TW Library Statistics:
	Total Events Processed                                   34614
	Events Aborted (part of RBs)                                 0
	Events Rolled Back                                           0
	Event Ties Detected in PE Queues                             0
	Efficiency                                              100.00 %
	Total Remote (shared mem) Events Processed                   0
	Percent Remote Events                                     0.00 %
	Total Remote (network) Events Processed                      0
	Percent Remote Events                                     0.00 %

	Total Roll Backs                                             0
	Primary Roll Backs                                           0
	Secondary Roll Backs                                         0
	Fossil Collect Attempts                                    816
	Total GVT Computations                                     136

	Net Events Processed                                     34614
	Event Rate (events/sec)                               941211.7
	Total Events Scheduled Past End Time                         0

TW Memory Statistics:
	Events Allocated                                        583857
	Memory Allocated                                        400062
	Memory Wasted                                               36

TW Network Statistics:
	Remote sends                                                 0
	Remote recvs                                                 0

TW Data Structure sizes in bytes (sizeof):
	PE struct                                                  624
	KP struct                                                  144
	LP struct                                                  136
	LP Model struct                                           8376
	LP RNGs                                                     80
	Total LP                                                  8592
	Event struct                                               152
	Event struct with Model                                    664

TW Clock Cycle Statistics (MAX values in secs at 0.5120 GHz):
	Initialization                                          0.3789
	Priority Queue (enq/deq)                                0.0065
	AVL Tree (insert/delete)                                0.0000
	LZ4 (de)compression                                     0.0000
	Buddy system                                            0.0000
	Event Processing                                        0.0251
	Event Cancel                                            0.0001
	Event Abort                                             0.0000

	GVT                                                     0.0366
	Fossil Collect                                          0.0016
	Primary Rollbacks                                       0.0000
	Network Read                                            0.0019
	Other Network                                           0.0000
	Instrumentation (computation)                           0.0000
	Instrumentation (write)                                 0.0000
	Total Time (Note: Using Running Time above for Speedup)      0.0368

TW GVT Statistics: MPI AllReduce
	GVT Interval                                                16
	GVT Real Time Interval (cycles)                    0
	GVT Real Time Interval (sec)                        0.00000000
	Batch Size                                                  16

	Forced GVT                                                   0
	Total GVT Computations                                     136
	Total All Reduce Calls                                     272
	Average Reduction / GVT                                   2.00
LP-IO: writing output to summit-3/8192b/
LP-IO: data files:
   summit-3/8192b/fattree-switch-traffic
   summit-3/8192b/fattree-switch-stats
   summit-3/8192b/fattree-msg-stats
   summit-3/8192b/model-net-category-all
   summit-3/8192b/model-net-category-test
Job 0 Time 0.002642 s
 Average number of hops traversed 1.000000 average chunk latency 0.144765 us maximum chunk latency 0.145536 us avg message size 2730.666748 bytes finished messages 600 finished chunks 3600 
 Total packets generated 3600 finished 3600 
 Average number of hops traversed 1.000000 average chunk latency 0.144765 us maximum chunk latency 0.145536 us avg message size 2730.666748 bytes finished messages 600 
