# Sysname : Linux
# Nodename: h34n01
# Release : 4.14.0-115.8.1.el7a.ppc64le
# Version : #1 SMP Thu May 9 14:45:13 UTC 2019
# Machine : Linux
## Netgauge v2.4.6 - mode mpi - 2 processes
##
## A...message size [byte]
##
## B...minimum send blocking time
## C...average send blocking time
## D...median send blocking time
## E...maximum send blocking time
## F...standard deviation for send blocking time (stddev)
## G...number of send blocking time values, that were bigger than avg + 2 * stddev.
##
## H...minimum RTT/2
## I...average RTT/2
## J...median RTT/2
## K...maximum RTT/2
## L...standard deviation for RTT/2 (stddev)
## M...number of RTT/2 values, that were bigger than avg + 2 * stddev.
##
## N...minimum throughput [Mbit/sec]
## O...average throughput [Mbit/sec]
## P...median throughput [Mbit/sec]
## Q...maximum throughput [Mbit/sec]
##
## A  -  B  C  D  E  (F G) - H  I  J  K  (L M)  -  N  O  P  Q
1 - 0.40 0.46 0.45 0.73 (0.05 4) - 1.33 1.43 1.39 2.04 (0.11 2) - 3.93 5.58 5.75 6.02
2 - 0.42 0.46 0.46 0.76 (0.04 4) - 1.34 1.43 1.40 1.98 (0.10 7) - 8.08 11.15 11.43 11.97
3 - 0.44 0.49 0.47 0.87 (0.05 3) - 1.37 1.45 1.42 1.80 (0.09 7) - 13.30 16.50 16.85 17.54
4 - 0.43 0.48 0.46 0.78 (0.04 2) - 1.37 1.45 1.42 1.74 (0.08 6) - 18.37 22.01 22.48 23.44
6 - 0.43 0.49 0.47 1.17 (0.08 3) - 1.38 1.46 1.43 1.77 (0.09 8) - 27.19 32.87 33.60 34.89
8 - 0.41 0.47 0.44 0.97 (0.10 6) - 1.35 1.44 1.40 1.92 (0.10 7) - 33.37 44.45 45.61 47.56
12 - 0.41 0.46 0.44 0.76 (0.05 2) - 1.36 1.45 1.42 1.72 (0.09 7) - 55.86 66.27 67.47 70.83
16 - 0.42 0.46 0.44 0.97 (0.07 2) - 1.35 1.44 1.41 1.75 (0.09 9) - 73.11 88.91 90.65 95.12
24 - 0.45 0.56 0.47 8.36 (0.79 1) - 1.38 1.49 1.44 4.51 (0.32 1) - 42.56 128.63 133.66 138.86
32 - 0.43 0.49 0.46 0.94 (0.06 2) - 1.36 1.45 1.42 1.87 (0.09 8) - 136.76 176.34 180.30 187.66
48 - 0.44 0.48 0.46 0.86 (0.06 2) - 1.36 1.56 1.53 2.30 (0.15 5) - 166.84 245.97 251.43 282.91
64 - 0.42 0.47 0.47 0.60 (0.02 5) - 1.37 1.56 1.53 2.47 (0.17 4) - 207.16 327.85 333.96 374.52
96 - 0.45 0.48 0.47 0.96 (0.05 1) - 1.37 1.58 1.54 2.17 (0.16 5) - 353.16 486.46 497.77 559.78
128 - 0.45 0.49 0.48 0.92 (0.06 6) - 1.44 1.67 1.62 3.32 (0.23 4) - 308.15 614.08 630.57 713.36
192 - 0.42 0.46 0.45 0.94 (0.06 2) - 1.68 1.90 1.88 2.33 (0.13 6) - 659.53 806.84 815.85 913.45
256 - 2.05 2.12 2.09 2.93 (0.13 5) - 1.79 2.02 1.97 2.75 (0.17 5) - 745.84 1015.62 1038.78 1144.81
384 - 2.07 2.15 2.11 4.37 (0.24 1) - 1.86 2.09 2.06 3.45 (0.20 3) - 889.44 1468.42 1492.38 1653.15
512 - 2.08 2.17 2.14 2.68 (0.11 5) - 1.93 2.16 2.14 2.67 (0.15 4) - 1534.23 1893.06 1912.71 2117.41
768 - 2.16 2.21 2.20 2.70 (0.09 3) - 1.99 2.23 2.22 2.73 (0.14 6) - 2248.70 2750.40 2771.75 3090.31
1024 - 2.23 2.36 2.29 7.01 (0.48 1) - 2.17 2.39 2.34 4.71 (0.28 1) - 1739.05 3426.33 3498.40 3778.90
1536 - 2.35 2.43 2.38 2.99 (0.14 9) - 2.44 2.67 2.63 3.25 (0.16 4) - 3776.63 4608.35 4669.29 5037.53
2048 - 2.47 2.54 2.53 3.06 (0.09 4) - 2.62 2.79 2.75 3.33 (0.13 5) - 4917.45 5878.16 5947.65 6246.58
3072 - 2.72 2.79 2.76 3.27 (0.11 6) - 2.82 3.07 3.05 3.79 (0.17 4) - 6478.12 7994.45 8061.34 8717.52
4096 - 3.08 3.15 3.13 3.79 (0.11 4) - 3.22 3.49 3.43 5.92 (0.29 1) - 5536.49 9390.97 9563.02 10177.94
6144 - 3.57 3.63 3.61 4.23 (0.09 3) - 3.99 4.18 4.14 4.52 (0.12 4) - 10864.45 11770.27 11865.86 12324.92
8192 - 4.08 4.14 4.13 4.65 (0.06 2) - 4.66 4.93 4.91 6.45 (0.22 3) - 10162.52 13293.11 13339.95 14072.83
12288 - 4.87 4.94 4.94 5.02 (0.03 5) - 5.71 5.94 5.89 6.37 (0.15 4) - 15433.08 16548.22 16683.79 17208.54
16384 - 5.74 5.83 5.79 7.84 (0.23 2) - 6.57 6.99 6.98 8.42 (0.27 2) - 15571.53 18758.97 18791.35 19944.52
24576 - 6.49 6.58 6.56 6.97 (0.08 4) - 7.63 8.03 7.98 9.54 (0.23 3) - 20605.87 24497.19 24625.72 25776.46
32768 - 7.63 7.98 7.97 8.46 (0.08 3) - 8.80 9.19 9.19 9.68 (0.21 5) - 27083.66 28539.09 28510.33 29781.81
49152 - 8.99 9.19 9.07 20.61 (1.16 1) - 9.98 10.42 10.38 13.75 (0.38 1) - 28587.24 37728.62 37895.71 39397.30
65536 - 10.37 10.45 10.43 10.81 (0.09 7) - 11.35 11.79 11.75 13.52 (0.25 1) - 38768.61 44453.44 44638.05 46181.53
98304 - 16.62 17.00 16.98 17.97 (0.24 4) - 16.88 17.21 17.20 18.15 (0.18 2) - 43319.87 45695.39 45733.09 46590.29
131072 - 19.31 19.67 19.62 20.31 (0.23 6) - 19.64 19.85 19.83 20.35 (0.13 3) - 51526.53 52830.57 52889.37 53394.31
196608 - 24.57 24.97 24.96 25.77 (0.21 4) - 24.90 25.14 25.12 25.50 (0.12 6) - 61670.86 62566.86 62605.70 63158.04
262144 - 29.93 30.32 30.25 31.05 (0.25 6) - 30.27 30.50 30.50 30.82 (0.13 6) - 68044.67 68752.92 68761.43 69273.78
393216 - 40.43 40.88 40.82 41.65 (0.25 7) - 40.80 41.07 41.06 41.50 (0.13 7) - 75807.48 76597.37 76617.01 77110.34
524288 - 51.25 51.66 51.61 53.61 (0.32 3) - 51.52 51.80 51.75 52.87 (0.20 6) - 79325.76 80974.28 81044.02 81406.51
786432 - 75.96 76.42 76.30 77.90 (0.40 6) - 76.12 76.45 76.39 77.26 (0.23 6) - 81435.84 82293.38 82356.04 82648.68
1048576 - 97.08 97.59 97.55 98.64 (0.31 5) - 97.36 97.72 97.69 99.34 (0.26 4) - 84442.49 85839.69 85870.69 86161.80
1572864 - 142.73 143.45 143.32 145.80 (0.45 5) - 143.22 143.60 143.54 145.01 (0.31 6) - 86773.93 87623.08 87664.16 87858.42
2097152 - 188.71 189.23 189.15 191.27 (0.37 5) - 189.10 189.40 189.38 190.38 (0.21 5) - 88124.90 88578.65 88587.92 88720.58
3145728 - 280.26 280.91 280.84 283.40 (0.43 4) - 280.88 281.21 281.17 282.45 (0.23 2) - 89097.70 89490.23 89502.44 89597.34
4194304 - 372.30 372.83 372.83 373.41 (0.24 6) - 372.85 373.20 373.17 373.99 (0.21 5) - 89720.63 89909.49 89918.31 89994.85
6291456 - 555.58 556.49 556.45 558.01 (0.45 5) - 556.38 557.04 557.01 558.17 (0.35 4) - 90171.82 90355.31 90360.88 90462.22
8388608 - 739.66 740.63 740.67 742.02 (0.50 4) - 740.32 741.08 741.11 741.89 (0.36 4) - 90456.23 90555.89 90551.58 90648.44
12582912 - 1106.70 1108.06 1107.92 1122.12 (1.54 1) - 1107.44 1108.47 1108.35 1116.18 (0.92 1) - 90185.54 90813.15 90822.71 90897.58
16777216 - 1473.95 1475.44 1475.32 1477.92 (0.76 3) - 1475.07 1476.29 1476.18 1478.53 (0.67 2) - 90778.06 90915.80 90922.12 90990.55
25165824 - 2208.84 2210.78 2210.69 2214.44 (1.06 5) - 2210.50 2211.89 2211.84 2215.35 (0.84 5) - 90877.99 91020.37 91022.23 91077.28
33554432 - 2944.04 2946.11 2946.04 2949.15 (1.08 6) - 2945.41 2947.12 2947.01 2949.48 (0.81 8) - 91011.10 91084.01 91087.52 91136.86
50331648 - 4412.69 4415.60 4415.48 4419.81 (1.37 6) - 4415.54 4417.79 4417.68 4421.17 (1.18 5) - 91073.92 91143.53 91145.95 91189.95
67108864 - 5885.32 5888.74 5888.60 5892.88 (1.82 3) - 5888.79 5891.94 5892.01 5894.81 (1.53 1) - 91075.25 91119.51 91118.43 91168.23
