/ccs/home/jchoi/TraceR/tracer/traceR --sync=3 --nkp=16 --extramem=100000 --max-opt-lookahead=1000000 --timer-frequency=1000 --lp-io-dir=summit-1/16b -- summit-1/summit.conf tracer_config 

Fri Sep 13 22:53:02 2019

ROSS Version: v7.1.1-dirty

tw_net_start: Found world size to be 6 
Config file is summit-1/summit.conf
Trace input file is tracer_config
FT type is 0
FT num levels is 3
FT tapering is 1.000000
Pods 15; L2 pods 9; Link repetition:2; l1_set_size 18
num_switches[0]=270
num_switches[1]=270
num_switches[2]=162
FT packet size is 512
FT num rails is 1
FT router delay is 60.0
FT buffer size links is 65536
FT buffer size injection is 65536
FT routing is 2
FT rail selection is 1
FT rail select limit  is 8192
FT bandwidths link 12.5 node 12.5
within node transfer per byte delay is 0.080000
Found soft_delay as 1000.000000
Found nic_delay as 400.000000
Found rdma_delay as 1000.000000
Copy cost per byte is 0.010000 ns
Eager limit is 65537.000000 bytes
Begin reading tracer_config
Using default linear mapping of jobs
Job 0 - ranks 2, trace folder scorep-16b/traces.otf2, rank file job0, iters 1
Done reading meta-information about jobs
Read global definition for job 0 from scorep-16b/traces.otf2
Clock Props: 1000000 1000000000 1000.000000

ROSS Core Configuration: 
	Total PEs                                                    6
	Total KPs                                          [Nodes (6) x KPs (16)] 96
	Total LPs                                                10530
	Simulation End Time                                3600000000000.00
	LP-to-PE Mapping                                   model defined


ROSS Event Memory Allocation:
	Model events                                            549281
	Network events                                              16
	Total events                                            449296

*** START PARALLEL OPTIMISTIC SIMULATION WITH SUSPEND LP FEATURE ***

PE0 - LP_GID:0 : START SIMULATION, TASKS COUNT: 1608, FIRST TASK: 0, RUN TIME TILL NOW=0.000000 s, CURRENT SIM TIME 1.005877
Set num_servers per router 18, servers per injection queue per router 18, servers per node copy queue per node 1, num nics 18
[ 0 0 : time at task 0/1608 0.000000 ]
[ 0 0 : Begin TRACER_WallTime_Total 0.000034 ]
[ 0 0 : Begin TRACER_WallTime_Comp 0.000041 ]
[ 0 0 : End TRACER_WallTime_Comp 0.000067 ]
[ 0 0 : Begin TRACER_WallTime_Comm 0.000080 ]
[ 0 0 : End TRACER_WallTime_Comm 0.000090 ]
[ 0 0 : Begin TRACER_WallTime_Comp 0.000091 ]
[ 0 0 : End TRACER_WallTime_Comp 0.000106 ]
[ 0 0 : Begin TRACER_WallTime_Comm 0.000115 ]
[ 0 0 : End TRACER_WallTime_Comm 0.000121 ]
[ 0 0 : Begin TRACER_WallTime_Comp 0.000121 ]
[ 0 0 : End TRACER_WallTime_Comp 0.000137 ]
[ 0 0 : Begin TRACER_WallTime_Comm 0.000145 ]
[ 0 0 : End TRACER_WallTime_Comm 0.000151 ]
[ 0 0 : Begin TRACER_WallTime_Comp 0.000152 ]
[ 0 0 : End TRACER_WallTime_Comp 0.000167 ]
[ 0 0 : Begin TRACER_WallTime_Comm 0.000176 ]
[ 0 0 : End TRACER_WallTime_Comm 0.000181 ]
[ 0 0 : Begin TRACER_WallTime_Comp 0.000182 ]
[ 0 0 : End TRACER_WallTime_Comp 0.000197 ]
[ 0 1 : Begin TRACER_WallTime_Comp 0.000041 ]
[ 0 1 : End TRACER_WallTime_Comp 0.000068 ]
[ 0 1 : Begin TRACER_WallTime_Comm 0.000080 ]
[ 0 1 : End TRACER_WallTime_Comm 0.000092 ]
[ 0 1 : Begin TRACER_WallTime_Comp 0.000092 ]
[ 0 1 : End TRACER_WallTime_Comp 0.000108 ]
[ 0 1 : Begin TRACER_WallTime_Comm 0.000115 ]
[ 0 1 : End TRACER_WallTime_Comm 0.000122 ]
[ 0 1 : Begin TRACER_WallTime_Comp 0.000122 ]
[ 0 1 : End TRACER_WallTime_Comp 0.000137 ]
[ 0 1 : Begin TRACER_WallTime_Comm 0.000146 ]
[ 0 1 : End TRACER_WallTime_Comm 0.000152 ]
[ 0 1 : Begin TRACER_WallTime_Comp 0.000153 ]
[ 0 1 : End TRACER_WallTime_Comp 0.000168 ]
[ 0 1 : Begin TRACER_WallTime_Comm 0.000176 ]
[ 0 1 : End TRACER_WallTime_Comm 0.000182 ]
[ 0 1 : Begin TRACER_WallTime_Comp 0.000182 ]
[ 0 1 : End TRACER_WallTime_Comp 0.000198 ]
[ 0 0 : Begin TRACER_WallTime_Comm 0.000207 ]
[ 0 0 : End TRACER_WallTime_Comm 0.000211 ]
[ 0 0 : Begin TRACER_WallTime_Comp 0.000212 ]
[ 0 0 : End TRACER_WallTime_Comp 0.000227 ]
[ 0 0 : Begin TRACER_WallTime_Comm 0.000235 ]
[ 0 0 : End TRACER_WallTime_Comm 0.000240 ]
[ 0 0 : Begin TRACER_WallTime_Comp 0.000241 ]
[ 0 0 : End TRACER_WallTime_Comp 0.000256 ]
[ 0 0 : Begin TRACER_WallTime_Comm 0.000263 ]
[ 0 0 : End TRACER_WallTime_Comm 0.000269 ]
[ 0 0 : Begin TRACER_WallTime_Comp 0.000269 ]
[ 0 1 : Begin TRACER_WallTime_Comm 0.000206 ]
[ 0 1 : End TRACER_WallTime_Comm 0.000212 ]
[ 0 1 : Begin TRACER_WallTime_Comp 0.000212 ]
[ 0 1 : End TRACER_WallTime_Comp 0.000228 ]
[ 0 1 : Begin TRACER_WallTime_Comm 0.000235 ]
[ 0 1 : End TRACER_WallTime_Comm 0.000241 ]
[ 0 1 : Begin TRACER_WallTime_Comp 0.000241 ]
[ 0 1 : End TRACER_WallTime_Comp 0.000257 ]
[ 0 1 : Begin TRACER_WallTime_Comm 0.000263 ]
[ 0 1 : End TRACER_WallTime_Comm 0.000269 ]
[ 0 0 : End TRACER_WallTime_Comp 0.000284 ]
[ 0 0 : Begin TRACER_WallTime_Comm 0.000292 ]
[ 0 0 : End TRACER_WallTime_Comm 0.000300 ]
[ 0 0 : Begin TRACER_WallTime_Comp 0.000300 ]
[ 0 0 : End TRACER_WallTime_Comp 0.000316 ]
[ 0 0 : Begin TRACER_WallTime_Comm 0.000325 ]
[ 0 0 : End TRACER_WallTime_Comm 0.000331 ]
[ 0 0 : Begin TRACER_WallTime_Comp 0.000331 ]
[ 0 0 : End TRACER_WallTime_Comp 0.000347 ]
[ 0 1 : Begin TRACER_WallTime_Comp 0.000270 ]
[ 0 1 : End TRACER_WallTime_Comp 0.000285 ]
[ 0 1 : Begin TRACER_WallTime_Comm 0.000292 ]
[ 0 1 : End TRACER_WallTime_Comm 0.000301 ]
[ 0 1 : Begin TRACER_WallTime_Comp 0.000301 ]
[ 0 1 : End TRACER_WallTime_Comp 0.000316 ]
[ 0 1 : Begin TRACER_WallTime_Comm 0.000326 ]
[ 0 1 : End TRACER_WallTime_Comm 0.000332 ]
[ 0 1 : Begin TRACER_WallTime_Comp 0.000332 ]
[ 0 1 : End TRACER_WallTime_Comp 0.000348 ]
[ 0 0 : Begin TRACER_WallTime_Comm 0.000355 ]
[ 0 0 : End TRACER_WallTime_Comm 0.000360 ]
[ 0 0 : Begin TRACER_WallTime_Comp 0.000361 ]
[ 0 0 : End TRACER_WallTime_Comp 0.000376 ]
[ 0 0 : Begin TRACER_WallTime_Comm 0.000386 ]
[ 0 0 : End TRACER_WallTime_Comm 0.000390 ]
[ 0 0 : Begin TRACER_WallTime_Comp 0.000391 ]
[ 0 0 : End TRACER_WallTime_Comp 0.000406 ]
[ 0 0 : Begin TRACER_WallTime_Comm 0.000413 ]
[ 0 1 : Begin TRACER_WallTime_Comm 0.000355 ]
[ 0 1 : End TRACER_WallTime_Comm 0.000361 ]
[ 0 1 : Begin TRACER_WallTime_Comp 0.000361 ]
[ 0 1 : End TRACER_WallTime_Comp 0.000377 ]
[ 0 1 : Begin TRACER_WallTime_Comm 0.000385 ]
[ 0 1 : End TRACER_WallTime_Comm 0.000391 ]
[ 0 1 : Begin TRACER_WallTime_Comp 0.000391 ]
[ 0 1 : End TRACER_WallTime_Comp 0.000407 ]
[ 0 1 : Begin TRACER_WallTime_Comm 0.000414 ]
[ 0 0 : End TRACER_WallTime_Comm 0.000421 ]
[ 0 0 : Begin TRACER_WallTime_Comp 0.000421 ]
[ 0 0 : End TRACER_WallTime_Comp 0.000436 ]
[ 0 0 : Begin TRACER_WallTime_Comm 0.000443 ]
[ 0 0 : End TRACER_WallTime_Comm 0.000450 ]
[ 0 0 : Begin TRACER_WallTime_Comp 0.000450 ]
[ 0 0 : End TRACER_WallTime_Comp 0.000465 ]
[ 0 0 : Begin TRACER_WallTime_Comm 0.000473 ]
[ 0 0 : End TRACER_WallTime_Comm 0.000480 ]
[ 0 0 : Begin TRACER_WallTime_Comp 0.000481 ]
[ 0 0 : End TRACER_WallTime_Comp 0.000496 ]
[ 0 1 : End TRACER_WallTime_Comm 0.000422 ]
[ 0 1 : Begin TRACER_WallTime_Comp 0.000422 ]
[ 0 1 : End TRACER_WallTime_Comp 0.000437 ]
[ 0 1 : Begin TRACER_WallTime_Comm 0.000443 ]
[ 0 1 : End TRACER_WallTime_Comm 0.000451 ]
[ 0 1 : Begin TRACER_WallTime_Comp 0.000451 ]
[ 0 1 : End TRACER_WallTime_Comp 0.000466 ]
[ 0 1 : Begin TRACER_WallTime_Comm 0.000475 ]
[ 0 1 : End TRACER_WallTime_Comm 0.000481 ]
[ 0 1 : Begin TRACER_WallTime_Comp 0.000481 ]
[ 0 1 : End TRACER_WallTime_Comp 0.000497 ]
[ 0 0 : Begin TRACER_WallTime_Comm 0.000504 ]
[ 0 0 : End TRACER_WallTime_Comm 0.000509 ]
[ 0 0 : Begin TRACER_WallTime_Comp 0.000509 ]
[ 0 0 : End TRACER_WallTime_Comp 0.000525 ]
[ 0 0 : Begin TRACER_WallTime_Comm 0.000535 ]
[ 0 0 : End TRACER_WallTime_Comm 0.000541 ]
[ 0 0 : Begin TRACER_WallTime_Comp 0.000541 ]
[ 0 0 : End TRACER_WallTime_Comp 0.000557 ]
[ 0 0 : Begin TRACER_WallTime_Comm 0.000567 ]
[ 0 1 : Begin TRACER_WallTime_Comm 0.000504 ]
[ 0 1 : End TRACER_WallTime_Comm 0.000511 ]
[ 0 1 : Begin TRACER_WallTime_Comp 0.000511 ]
[ 0 1 : End TRACER_WallTime_Comp 0.000527 ]
[ 0 1 : Begin TRACER_WallTime_Comm 0.000536 ]
[ 0 1 : End TRACER_WallTime_Comm 0.000543 ]
[ 0 1 : Begin TRACER_WallTime_Comp 0.000543 ]
[ 0 1 : End TRACER_WallTime_Comp 0.000558 ]
[ 0 1 : Begin TRACER_WallTime_Comm 0.000567 ]
[ 0 0 : End TRACER_WallTime_Comm 0.000572 ]
[ 0 0 : Begin TRACER_WallTime_Comp 0.000572 ]
[ 0 0 : End TRACER_WallTime_Comp 0.000588 ]
[ 0 0 : Begin TRACER_WallTime_Comm 0.000598 ]
[ 0 0 : End TRACER_WallTime_Comm 0.000603 ]
[ 0 0 : Begin TRACER_WallTime_Comp 0.000603 ]
[ 0 0 : End TRACER_WallTime_Comp 0.000619 ]
[ 0 0 : Begin TRACER_WallTime_Comm 0.000630 ]
[ 0 0 : End TRACER_WallTime_Comm 0.000635 ]
[ 0 0 : Begin TRACER_WallTime_Comp 0.000635 ]
[ 0 0 : End TRACER_WallTime_Comp 0.000651 ]
[ 0 1 : End TRACER_WallTime_Comm 0.000574 ]
[ 0 1 : Begin TRACER_WallTime_Comp 0.000574 ]
[ 0 1 : End TRACER_WallTime_Comp 0.000590 ]
[ 0 1 : Begin TRACER_WallTime_Comm 0.000598 ]
[ 0 1 : End TRACER_WallTime_Comm 0.000605 ]
[ 0 1 : Begin TRACER_WallTime_Comp 0.000605 ]
[ 0 1 : End TRACER_WallTime_Comp 0.000620 ]
[ 0 1 : Begin TRACER_WallTime_Comm 0.000630 ]
[ 0 1 : End TRACER_WallTime_Comm 0.000637 ]
[ 0 1 : Begin TRACER_WallTime_Comp 0.000637 ]
[ 0 1 : End TRACER_WallTime_Comp 0.000653 ]
[ 0 0 : Begin TRACER_WallTime_Comm 0.000659 ]
[ 0 0 : End TRACER_WallTime_Comm 0.000665 ]
[ 0 0 : Begin TRACER_WallTime_Comp 0.000666 ]
[ 0 0 : End TRACER_WallTime_Comp 0.000681 ]
[ 0 0 : Begin TRACER_WallTime_Comm 0.000690 ]
[ 0 0 : End TRACER_WallTime_Comm 0.000695 ]
[ 0 0 : Begin TRACER_WallTime_Comp 0.000696 ]
[ 0 0 : End TRACER_WallTime_Comp 0.000711 ]
[ 0 1 : Begin TRACER_WallTime_Comm 0.000660 ]
[ 0 1 : End TRACER_WallTime_Comm 0.000665 ]
[ 0 1 : Begin TRACER_WallTime_Comp 0.000665 ]
[ 0 1 : End TRACER_WallTime_Comp 0.000681 ]
[ 0 1 : Begin TRACER_WallTime_Comm 0.000690 ]
[ 0 1 : End TRACER_WallTime_Comm 0.000696 ]
[ 0 1 : Begin TRACER_WallTime_Comp 0.000696 ]
[ 0 1 : End TRACER_WallTime_Comp 0.000712 ]
[ 0 0 : Begin TRACER_WallTime_Comm 0.000721 ]
[ 0 0 : End TRACER_WallTime_Comm 0.000726 ]
[ 0 0 : Begin TRACER_WallTime_Comp 0.000727 ]
[ 0 0 : End TRACER_WallTime_Comp 0.000742 ]
[ 0 0 : Begin TRACER_WallTime_Comm 0.000751 ]
[ 0 0 : End TRACER_WallTime_Comm 0.000758 ]
[ 0 0 : Begin TRACER_WallTime_Comp 0.000758 ]
[ 0 0 : End TRACER_WallTime_Comp 0.000774 ]
[ 0 0 : Begin TRACER_WallTime_Comm 0.000782 ]
[ 0 1 : Begin TRACER_WallTime_Comm 0.000721 ]
[ 0 1 : End TRACER_WallTime_Comm 0.000727 ]
[ 0 1 : Begin TRACER_WallTime_Comp 0.000727 ]
[ 0 1 : End TRACER_WallTime_Comp 0.000743 ]
[ 0 1 : Begin TRACER_WallTime_Comm 0.000752 ]
[ 0 1 : End TRACER_WallTime_Comm 0.000759 ]
[ 0 1 : Begin TRACER_WallTime_Comp 0.000759 ]
[ 0 1 : End TRACER_WallTime_Comp 0.000774 ]
[ 0 1 : Begin TRACER_WallTime_Comm 0.000782 ]
[ 0 0 : End TRACER_WallTime_Comm 0.000789 ]
[ 0 0 : Begin TRACER_WallTime_Comp 0.000789 ]
[ 0 0 : End TRACER_WallTime_Comp 0.000804 ]
[ 0 0 : Begin TRACER_WallTime_Comm 0.000812 ]
[ 0 0 : End TRACER_WallTime_Comm 0.000820 ]
[ 0 0 : Begin TRACER_WallTime_Comp 0.000820 ]
[ 0 0 : End TRACER_WallTime_Comp 0.000835 ]
[ 0 0 : Begin TRACER_WallTime_Comm 0.000842 ]
[ 0 0 : End TRACER_WallTime_Comm 0.000847 ]
[ 0 0 : Begin TRACER_WallTime_Comp 0.000848 ]
[ 0 0 : End TRACER_WallTime_Comp 0.000863 ]
[ 0 1 : End TRACER_WallTime_Comm 0.000790 ]
[ 0 1 : Begin TRACER_WallTime_Comp 0.000790 ]
[ 0 1 : End TRACER_WallTime_Comp 0.000805 ]
[ 0 1 : Begin TRACER_WallTime_Comm 0.000812 ]
[ 0 1 : End TRACER_WallTime_Comm 0.000820 ]
[ 0 1 : Begin TRACER_WallTime_Comp 0.000821 ]
[ 0 1 : End TRACER_WallTime_Comp 0.000836 ]
[ 0 1 : Begin TRACER_WallTime_Comm 0.000842 ]
[ 0 1 : End TRACER_WallTime_Comm 0.000848 ]
[ 0 1 : Begin TRACER_WallTime_Comp 0.000849 ]
[ 0 1 : End TRACER_WallTime_Comp 0.000864 ]
[ 0 0 : Begin TRACER_WallTime_Comm 0.000871 ]
[ 0 0 : End TRACER_WallTime_Comm 0.000876 ]
[ 0 0 : Begin TRACER_WallTime_Comp 0.000877 ]
[ 0 0 : End TRACER_WallTime_Comp 0.000892 ]
[ 0 0 : Begin TRACER_WallTime_Comm 0.000901 ]
[ 0 0 : End TRACER_WallTime_Comm 0.000906 ]
[ 0 0 : Begin TRACER_WallTime_Comp 0.000907 ]
[ 0 0 : End TRACER_WallTime_Comp 0.000922 ]
[ 0 0 : Begin TRACER_WallTime_Comm 0.000929 ]
[ 0 1 : Begin TRACER_WallTime_Comm 0.000871 ]
[ 0 1 : End TRACER_WallTime_Comm 0.000877 ]
[ 0 1 : Begin TRACER_WallTime_Comp 0.000878 ]
[ 0 1 : End TRACER_WallTime_Comp 0.000893 ]
[ 0 1 : Begin TRACER_WallTime_Comm 0.000901 ]
[ 0 1 : End TRACER_WallTime_Comm 0.000907 ]
[ 0 1 : Begin TRACER_WallTime_Comp 0.000907 ]
[ 0 1 : End TRACER_WallTime_Comp 0.000923 ]
[ 0 1 : Begin TRACER_WallTime_Comm 0.000929 ]
[ 0 0 : End TRACER_WallTime_Comm 0.000934 ]
[ 0 0 : Begin TRACER_WallTime_Comp 0.000935 ]
[ 0 0 : End TRACER_WallTime_Comp 0.000950 ]
[ 0 0 : Begin TRACER_WallTime_Comm 0.000958 ]
[ 0 0 : End TRACER_WallTime_Comm 0.000964 ]
[ 0 0 : Begin TRACER_WallTime_Comp 0.000964 ]
[ 0 0 : End TRACER_WallTime_Comp 0.000979 ]
[ 0 0 : Begin TRACER_WallTime_Comm 0.000987 ]
[ 0 0 : End TRACER_WallTime_Comm 0.000995 ]
[ 0 0 : Begin TRACER_WallTime_Comp 0.000995 ]
[ 0 0 : End TRACER_WallTime_Comp 0.001010 ]
[ 0 1 : End TRACER_WallTime_Comm 0.000935 ]
[ 0 1 : Begin TRACER_WallTime_Comp 0.000936 ]
[ 0 1 : End TRACER_WallTime_Comp 0.000951 ]
[ 0 1 : Begin TRACER_WallTime_Comm 0.000958 ]
[ 0 1 : End TRACER_WallTime_Comm 0.000964 ]
[ 0 1 : Begin TRACER_WallTime_Comp 0.000965 ]
[ 0 1 : End TRACER_WallTime_Comp 0.000980 ]
[ 0 1 : Begin TRACER_WallTime_Comm 0.000987 ]
[ 0 1 : End TRACER_WallTime_Comm 0.000996 ]
[ 0 1 : Begin TRACER_WallTime_Comp 0.000996 ]
[ 0 1 : End TRACER_WallTime_Comp 0.001011 ]
[ 0 0 : Begin TRACER_WallTime_Comm 0.001017 ]
[ 0 0 : End TRACER_WallTime_Comm 0.001025 ]
[ 0 0 : Begin TRACER_WallTime_Comp 0.001025 ]
[ 0 0 : End TRACER_WallTime_Comp 0.001040 ]
[ 0 0 : Begin TRACER_WallTime_Comm 0.001050 ]
[ 0 0 : End TRACER_WallTime_Comm 0.001058 ]
[ 0 0 : Begin TRACER_WallTime_Comp 0.001058 ]
[ 0 0 : End TRACER_WallTime_Comp 0.001074 ]
[ 0 1 : Begin TRACER_WallTime_Comm 0.001017 ]
[ 0 1 : End TRACER_WallTime_Comm 0.001026 ]
[ 0 1 : Begin TRACER_WallTime_Comp 0.001026 ]
[ 0 1 : End TRACER_WallTime_Comp 0.001041 ]
[ 0 1 : Begin TRACER_WallTime_Comm 0.001051 ]
[ 0 1 : End TRACER_WallTime_Comm 0.001059 ]
[ 0 1 : Begin TRACER_WallTime_Comp 0.001059 ]
[ 0 1 : End TRACER_WallTime_Comp 0.001074 ]
[ 0 0 : Begin TRACER_WallTime_Comm 0.001082 ]
[ 0 0 : End TRACER_WallTime_Comm 0.001088 ]
[ 0 0 : Begin TRACER_WallTime_Comp 0.001088 ]
[ 0 0 : End TRACER_WallTime_Comp 0.001104 ]
[ 0 0 : Begin TRACER_WallTime_Comm 0.001112 ]
[ 0 0 : End TRACER_WallTime_Comm 0.001117 ]
[ 0 0 : Begin TRACER_WallTime_Comp 0.001118 ]
[ 0 0 : End TRACER_WallTime_Comp 0.001133 ]
[ 0 0 : Begin TRACER_WallTime_Comm 0.001141 ]
[ 0 0 : End TRACER_WallTime_Comm 0.001148 ]
[ 0 1 : Begin TRACER_WallTime_Comm 0.001083 ]
[ 0 1 : End TRACER_WallTime_Comm 0.001090 ]
[ 0 1 : Begin TRACER_WallTime_Comp 0.001090 ]
[ 0 1 : End TRACER_WallTime_Comp 0.001105 ]
[ 0 1 : Begin TRACER_WallTime_Comm 0.001112 ]
[ 0 1 : End TRACER_WallTime_Comm 0.001118 ]
[ 0 1 : Begin TRACER_WallTime_Comp 0.001118 ]
[ 0 1 : End TRACER_WallTime_Comp 0.001134 ]
[ 0 1 : Begin TRACER_WallTime_Comm 0.001141 ]
[ 0 1 : End TRACER_WallTime_Comm 0.001148 ]
[ 0 0 : Begin TRACER_WallTime_Comp 0.001148 ]
[ 0 0 : End TRACER_WallTime_Comp 0.001163 ]
[ 0 0 : Begin TRACER_WallTime_Comm 0.001171 ]
[ 0 0 : End TRACER_WallTime_Comm 0.001176 ]
[ 0 0 : Begin TRACER_WallTime_Comp 0.001177 ]
[ 0 0 : End TRACER_WallTime_Comp 0.001192 ]
[ 0 0 : Begin TRACER_WallTime_Comm 0.001202 ]
[ 0 0 : End TRACER_WallTime_Comm 0.001207 ]
[ 0 0 : Begin TRACER_WallTime_Comp 0.001208 ]
[ 0 0 : End TRACER_WallTime_Comp 0.001223 ]
[ 0 1 : Begin TRACER_WallTime_Comp 0.001149 ]
[ 0 1 : End TRACER_WallTime_Comp 0.001164 ]
[ 0 1 : Begin TRACER_WallTime_Comm 0.001171 ]
[ 0 1 : End TRACER_WallTime_Comm 0.001177 ]
[ 0 1 : Begin TRACER_WallTime_Comp 0.001177 ]
[ 0 1 : End TRACER_WallTime_Comp 0.001193 ]
[ 0 1 : Begin TRACER_WallTime_Comm 0.001202 ]
[ 0 1 : End TRACER_WallTime_Comm 0.001208 ]
[ 0 1 : Begin TRACER_WallTime_Comp 0.001208 ]
[ 0 1 : End TRACER_WallTime_Comp 0.001224 ]
[ 0 0 : Begin TRACER_WallTime_Comm 0.001232 ]
[ 0 0 : End TRACER_WallTime_Comm 0.001237 ]
[ 0 0 : Begin TRACER_WallTime_Comp 0.001237 ]
[ 0 0 : End TRACER_WallTime_Comp 0.001253 ]
[ 0 0 : Begin TRACER_WallTime_Comm 0.001263 ]
[ 0 0 : End TRACER_WallTime_Comm 0.001267 ]
[ 0 0 : Begin TRACER_WallTime_Comp 0.001267 ]
[ 0 0 : End TRACER_WallTime_Comp 0.001283 ]
[ 0 0 : Begin TRACER_WallTime_Comm 0.001293 ]
[ 0 1 : Begin TRACER_WallTime_Comm 0.001232 ]
[ 0 1 : End TRACER_WallTime_Comm 0.001239 ]
[ 0 1 : Begin TRACER_WallTime_Comp 0.001239 ]
[ 0 1 : End TRACER_WallTime_Comp 0.001255 ]
[ 0 1 : Begin TRACER_WallTime_Comm 0.001262 ]
[ 0 1 : End TRACER_WallTime_Comm 0.001268 ]
[ 0 1 : Begin TRACER_WallTime_Comp 0.001268 ]
[ 0 1 : End TRACER_WallTime_Comp 0.001284 ]
[ 0 1 : Begin TRACER_WallTime_Comm 0.001293 ]
[ 0 0 : End TRACER_WallTime_Comm 0.001298 ]
[ 0 0 : Begin TRACER_WallTime_Comp 0.001298 ]
[ 0 0 : End TRACER_WallTime_Comp 0.001314 ]
[ 0 0 : Begin TRACER_WallTime_Comm 0.001324 ]
[ 0 0 : End TRACER_WallTime_Comm 0.001329 ]
[ 0 0 : Begin TRACER_WallTime_Comp 0.001329 ]
[ 0 0 : End TRACER_WallTime_Comp 0.001345 ]
[ 0 0 : Begin TRACER_WallTime_Comm 0.001354 ]
[ 0 0 : End TRACER_WallTime_Comm 0.001360 ]
[ 0 0 : Begin TRACER_WallTime_Comp 0.001360 ]
[ 0 0 : End TRACER_WallTime_Comp 0.001376 ]
[ 0 1 : End TRACER_WallTime_Comm 0.001300 ]
[ 0 1 : Begin TRACER_WallTime_Comp 0.001300 ]
[ 0 1 : End TRACER_WallTime_Comp 0.001315 ]
[ 0 1 : Begin TRACER_WallTime_Comm 0.001324 ]
[ 0 1 : End TRACER_WallTime_Comm 0.001331 ]
[ 0 1 : Begin TRACER_WallTime_Comp 0.001331 ]
[ 0 1 : End TRACER_WallTime_Comp 0.001346 ]
[ 0 1 : Begin TRACER_WallTime_Comm 0.001355 ]
[ 0 1 : End TRACER_WallTime_Comm 0.001362 ]
[ 0 1 : Begin TRACER_WallTime_Comp 0.001362 ]
[ 0 1 : End TRACER_WallTime_Comp 0.001378 ]
[ 0 0 : Begin TRACER_WallTime_Comm 0.001386 ]
[ 0 0 : End TRACER_WallTime_Comm 0.001391 ]
[ 0 0 : Begin TRACER_WallTime_Comp 0.001391 ]
[ 0 0 : End TRACER_WallTime_Comp 0.001407 ]
[ 0 0 : Begin TRACER_WallTime_Comm 0.001416 ]
[ 0 0 : End TRACER_WallTime_Comm 0.001422 ]
[ 0 0 : Begin TRACER_WallTime_Comp 0.001422 ]
[ 0 0 : End TRACER_WallTime_Comp 0.001438 ]
[ 0 1 : Begin TRACER_WallTime_Comm 0.001386 ]
[ 0 1 : End TRACER_WallTime_Comm 0.001392 ]
[ 0 1 : Begin TRACER_WallTime_Comp 0.001392 ]
[ 0 1 : End TRACER_WallTime_Comp 0.001408 ]
[ 0 1 : Begin TRACER_WallTime_Comm 0.001417 ]
[ 0 1 : End TRACER_WallTime_Comm 0.001423 ]
[ 0 1 : Begin TRACER_WallTime_Comp 0.001423 ]
[ 0 1 : End TRACER_WallTime_Comp 0.001439 ]
[ 0 1 : Begin TRACER_WallTime_Comm 0.001446 ]
[ 0 0 : Begin TRACER_WallTime_Comm 0.001447 ]
[ 0 0 : End TRACER_WallTime_Comm 0.001451 ]
[ 0 0 : Begin TRACER_WallTime_Comp 0.001452 ]
[ 0 0 : End TRACER_WallTime_Comp 0.001467 ]
[ 0 0 : Begin TRACER_WallTime_Comm 0.001475 ]
[ 0 0 : End TRACER_WallTime_Comm 0.001480 ]
[ 0 0 : Begin TRACER_WallTime_Comp 0.001481 ]
[ 0 0 : End TRACER_WallTime_Comp 0.001496 ]
[ 0 0 : Begin TRACER_WallTime_Comm 0.001504 ]
[ 0 0 : End TRACER_WallTime_Comm 0.001510 ]
[ 0 0 : Begin TRACER_WallTime_Comp 0.001510 ]
[ 0 0 : End TRACER_WallTime_Comp 0.001526 ]
[ 0 1 : End TRACER_WallTime_Comm 0.001452 ]
[ 0 1 : Begin TRACER_WallTime_Comp 0.001453 ]
[ 0 1 : End TRACER_WallTime_Comp 0.001468 ]
[ 0 1 : Begin TRACER_WallTime_Comm 0.001475 ]
[ 0 1 : End TRACER_WallTime_Comm 0.001481 ]
[ 0 1 : Begin TRACER_WallTime_Comp 0.001482 ]
[ 0 1 : End TRACER_WallTime_Comp 0.001497 ]
[ 0 1 : Begin TRACER_WallTime_Comm 0.001505 ]
[ 0 1 : End TRACER_WallTime_Comm 0.001511 ]
[ 0 1 : Begin TRACER_WallTime_Comp 0.001511 ]
[ 0 1 : End TRACER_WallTime_Comp 0.001527 ]
[ 0 0 : Begin TRACER_WallTime_Comm 0.001535 ]
[ 0 0 : End TRACER_WallTime_Comm 0.001540 ]
[ 0 0 : Begin TRACER_WallTime_Comp 0.001540 ]
[ 0 0 : End TRACER_WallTime_Comp 0.001556 ]
[ 0 0 : Begin TRACER_WallTime_Comm 0.001566 ]
[ 0 0 : End TRACER_WallTime_Comm 0.001572 ]
[ 0 0 : Begin TRACER_WallTime_Comp 0.001572 ]
[ 0 0 : End TRACER_WallTime_Comp 0.001587 ]
[ 0 1 : Begin TRACER_WallTime_Comm 0.001535 ]
[ 0 1 : End TRACER_WallTime_Comm 0.001542 ]
[ 0 1 : Begin TRACER_WallTime_Comp 0.001542 ]
[ 0 1 : End TRACER_WallTime_Comp 0.001558 ]
[ 0 1 : Begin TRACER_WallTime_Comm 0.001567 ]
[ 0 1 : End TRACER_WallTime_Comm 0.001574 ]
[ 0 1 : Begin TRACER_WallTime_Comp 0.001574 ]
[ 0 1 : End TRACER_WallTime_Comp 0.001589 ]
[ 0 0 : Begin TRACER_WallTime_Comm 0.001597 ]
[ 0 0 : End TRACER_WallTime_Comm 0.001602 ]
[ 0 0 : Begin TRACER_WallTime_Comp 0.001602 ]
[ 0 0 : End TRACER_WallTime_Comp 0.001617 ]
[ 0 0 : Begin TRACER_WallTime_Comm 0.001628 ]
[ 0 0 : End TRACER_WallTime_Comm 0.001632 ]
[ 0 0 : Begin TRACER_WallTime_Comp 0.001633 ]
[ 0 0 : End TRACER_WallTime_Comp 0.001648 ]
[ 0 0 : Begin TRACER_WallTime_Comm 0.001657 ]
[ 0 1 : Begin TRACER_WallTime_Comm 0.001597 ]
[ 0 1 : End TRACER_WallTime_Comm 0.001604 ]
[ 0 1 : Begin TRACER_WallTime_Comp 0.001604 ]
[ 0 1 : End TRACER_WallTime_Comp 0.001619 ]
[ 0 1 : Begin TRACER_WallTime_Comm 0.001627 ]
[ 0 1 : End TRACER_WallTime_Comm 0.001633 ]
[ 0 1 : Begin TRACER_WallTime_Comp 0.001633 ]
[ 0 1 : End TRACER_WallTime_Comp 0.001649 ]
[ 0 1 : Begin TRACER_WallTime_Comm 0.001658 ]
[ 0 0 : End TRACER_WallTime_Comm 0.001663 ]
[ 0 0 : Begin TRACER_WallTime_Comp 0.001663 ]
[ 0 0 : End TRACER_WallTime_Comp 0.001679 ]
[ 0 0 : Begin TRACER_WallTime_Comm 0.001688 ]
[ 0 0 : End TRACER_WallTime_Comm 0.001696 ]
[ 0 0 : Begin TRACER_WallTime_Comp 0.001696 ]
[ 0 0 : End TRACER_WallTime_Comp 0.001711 ]
[ 0 0 : Begin TRACER_WallTime_Comm 0.001718 ]
[ 0 0 : End TRACER_WallTime_Comm 0.001727 ]
[ 0 0 : Begin TRACER_WallTime_Comp 0.001727 ]
[ 0 0 : End TRACER_WallTime_Comp 0.001742 ]
[ 0 1 : End TRACER_WallTime_Comm 0.001665 ]
[ 0 1 : Begin TRACER_WallTime_Comp 0.001665 ]
[ 0 1 : End TRACER_WallTime_Comp 0.001681 ]
[ 0 1 : Begin TRACER_WallTime_Comm 0.001689 ]
[ 0 1 : End TRACER_WallTime_Comm 0.001696 ]
[ 0 1 : Begin TRACER_WallTime_Comp 0.001697 ]
[ 0 1 : End TRACER_WallTime_Comp 0.001712 ]
[ 0 1 : Begin TRACER_WallTime_Comm 0.001719 ]
[ 0 1 : End TRACER_WallTime_Comm 0.001727 ]
[ 0 1 : Begin TRACER_WallTime_Comp 0.001727 ]
[ 0 1 : End TRACER_WallTime_Comp 0.001742 ]
[ 0 0 : Begin TRACER_WallTime_Comm 0.001749 ]
[ 0 0 : End TRACER_WallTime_Comm 0.001757 ]
[ 0 0 : Begin TRACER_WallTime_Comp 0.001757 ]
[ 0 0 : End TRACER_WallTime_Comp 0.001773 ]
[ 0 0 : Begin TRACER_WallTime_Comm 0.001781 ]
[ 0 0 : End TRACER_WallTime_Comm 0.001788 ]
[ 0 0 : Begin TRACER_WallTime_Comp 0.001788 ]
[ 0 0 : End TRACER_WallTime_Comp 0.001804 ]
[ 0 0 : Begin TRACER_WallTime_Comm 0.001815 ]
[ 0 1 : Begin TRACER_WallTime_Comm 0.001750 ]
[ 0 1 : End TRACER_WallTime_Comm 0.001758 ]
[ 0 1 : Begin TRACER_WallTime_Comp 0.001758 ]
[ 0 1 : End TRACER_WallTime_Comp 0.001773 ]
[ 0 1 : Begin TRACER_WallTime_Comm 0.001780 ]
[ 0 1 : End TRACER_WallTime_Comm 0.001789 ]
[ 0 1 : Begin TRACER_WallTime_Comp 0.001793 ]
[ 0 1 : End TRACER_WallTime_Comp 0.001809 ]
[ 0 1 : Begin TRACER_WallTime_Comm 0.001816 ]
[ 0 0 : End TRACER_WallTime_Comm 0.001820 ]
[ 0 0 : Begin TRACER_WallTime_Comp 0.001821 ]
[ 0 0 : End TRACER_WallTime_Comp 0.001836 ]
[ 0 0 : Begin TRACER_WallTime_Comm 0.001844 ]
[ 0 0 : End TRACER_WallTime_Comm 0.001849 ]
[ 0 0 : Begin TRACER_WallTime_Comp 0.001850 ]
[ 0 0 : End TRACER_WallTime_Comp 0.001865 ]
[ 0 0 : Begin TRACER_WallTime_Comm 0.001875 ]
[ 0 0 : End TRACER_WallTime_Comm 0.001879 ]
[ 0 0 : Begin TRACER_WallTime_Comp 0.001880 ]
[ 0 0 : End TRACER_WallTime_Comp 0.001895 ]
[ 0 1 : End TRACER_WallTime_Comm 0.001821 ]
[ 0 1 : Begin TRACER_WallTime_Comp 0.001822 ]
[ 0 1 : End TRACER_WallTime_Comp 0.001837 ]
[ 0 1 : Begin TRACER_WallTime_Comm 0.001844 ]
[ 0 1 : End TRACER_WallTime_Comm 0.001850 ]
[ 0 1 : Begin TRACER_WallTime_Comp 0.001850 ]
[ 0 1 : End TRACER_WallTime_Comp 0.001866 ]
[ 0 1 : Begin TRACER_WallTime_Comm 0.001874 ]
[ 0 1 : End TRACER_WallTime_Comm 0.001880 ]
[ 0 1 : Begin TRACER_WallTime_Comp 0.001881 ]
[ 0 1 : End TRACER_WallTime_Comp 0.001896 ]
[ 0 0 : Begin TRACER_WallTime_Comm 0.001902 ]
[ 0 0 : End TRACER_WallTime_Comm 0.001907 ]
[ 0 0 : Begin TRACER_WallTime_Comp 0.001908 ]
[ 0 0 : End TRACER_WallTime_Comp 0.001923 ]
[ 0 0 : Begin TRACER_WallTime_Comm 0.001931 ]
[ 0 0 : End TRACER_WallTime_Comm 0.001937 ]
[ 0 0 : Begin TRACER_WallTime_Comp 0.001937 ]
[ 0 0 : End TRACER_WallTime_Comp 0.001952 ]
[ 0 0 : time at task 1000/1608 0.001952 ]
[ 0 1 : Begin TRACER_WallTime_Comm 0.001902 ]
[ 0 1 : End TRACER_WallTime_Comm 0.001908 ]
[ 0 1 : Begin TRACER_WallTime_Comp 0.001909 ]
[ 0 1 : End TRACER_WallTime_Comp 0.001924 ]
[ 0 1 : Begin TRACER_WallTime_Comm 0.001931 ]
[ 0 1 : End TRACER_WallTime_Comm 0.001937 ]
[ 0 1 : Begin TRACER_WallTime_Comp 0.001938 ]
[ 0 1 : End TRACER_WallTime_Comp 0.001953 ]
[ 0 0 : Begin TRACER_WallTime_Comm 0.001960 ]
[ 0 0 : End TRACER_WallTime_Comm 0.001965 ]
[ 0 0 : Begin TRACER_WallTime_Comp 0.001966 ]
[ 0 0 : End TRACER_WallTime_Comp 0.001981 ]
[ 0 0 : Begin TRACER_WallTime_Comm 0.001990 ]
[ 0 0 : End TRACER_WallTime_Comm 0.001995 ]
[ 0 0 : Begin TRACER_WallTime_Comp 0.001995 ]
[ 0 0 : End TRACER_WallTime_Comp 0.002011 ]
[ 0 0 : Begin TRACER_WallTime_Comm 0.002022 ]
[ 0 0 : End TRACER_WallTime_Comm 0.002027 ]
[ 0 0 : Begin TRACER_WallTime_Comp 0.002027 ]
[ 0 1 : Begin TRACER_WallTime_Comm 0.001960 ]
[ 0 1 : End TRACER_WallTime_Comm 0.001966 ]
[ 0 1 : Begin TRACER_WallTime_Comp 0.001966 ]
[ 0 1 : End TRACER_WallTime_Comp 0.001982 ]
[ 0 1 : Begin TRACER_WallTime_Comm 0.001990 ]
[ 0 1 : End TRACER_WallTime_Comm 0.001997 ]
[ 0 1 : Begin TRACER_WallTime_Comp 0.001997 ]
[ 0 1 : End TRACER_WallTime_Comp 0.002013 ]
[ 0 1 : Begin TRACER_WallTime_Comm 0.002022 ]
[ 0 0 : End TRACER_WallTime_Comp 0.002043 ]
[ 0 0 : Begin TRACER_WallTime_Comm 0.002053 ]
[ 0 0 : End TRACER_WallTime_Comm 0.002060 ]
[ 0 0 : Begin TRACER_WallTime_Comp 0.002060 ]
[ 0 0 : End TRACER_WallTime_Comp 0.002075 ]
[ 0 0 : Begin TRACER_WallTime_Comm 0.002083 ]
[ 0 0 : End TRACER_WallTime_Comm 0.002090 ]
[ 0 0 : Begin TRACER_WallTime_Comp 0.002090 ]
[ 0 0 : End TRACER_WallTime_Comp 0.002105 ]
[ 0 1 : End TRACER_WallTime_Comm 0.002029 ]
[ 0 1 : Begin TRACER_WallTime_Comp 0.002029 ]
[ 0 1 : End TRACER_WallTime_Comp 0.002044 ]
[ 0 1 : Begin TRACER_WallTime_Comm 0.002053 ]
[ 0 1 : End TRACER_WallTime_Comm 0.002061 ]
[ 0 1 : Begin TRACER_WallTime_Comp 0.002061 ]
[ 0 1 : End TRACER_WallTime_Comp 0.002076 ]
[ 0 1 : Begin TRACER_WallTime_Comm 0.002083 ]
[ 0 1 : End TRACER_WallTime_Comm 0.002090 ]
[ 0 1 : Begin TRACER_WallTime_Comp 0.002091 ]
[ 0 1 : End TRACER_WallTime_Comp 0.002106 ]
[ 0 0 : Begin TRACER_WallTime_Comm 0.002114 ]
[ 0 0 : End TRACER_WallTime_Comm 0.002121 ]
[ 0 0 : Begin TRACER_WallTime_Comp 0.002121 ]
[ 0 0 : End TRACER_WallTime_Comp 0.002137 ]
[ 0 0 : Begin TRACER_WallTime_Comm 0.002143 ]
[ 0 0 : End TRACER_WallTime_Comm 0.002151 ]
[ 0 0 : Begin TRACER_WallTime_Comp 0.002151 ]
[ 0 0 : End TRACER_WallTime_Comp 0.002166 ]
[ 0 0 : Begin TRACER_WallTime_Comm 0.002174 ]
[ 0 1 : Begin TRACER_WallTime_Comm 0.002113 ]
[ 0 1 : End TRACER_WallTime_Comm 0.002122 ]
[ 0 1 : Begin TRACER_WallTime_Comp 0.002122 ]
[ 0 1 : End TRACER_WallTime_Comp 0.002137 ]
[ 0 1 : Begin TRACER_WallTime_Comm 0.002143 ]
[ 0 1 : End TRACER_WallTime_Comm 0.002152 ]
[ 0 1 : Begin TRACER_WallTime_Comp 0.002152 ]
[ 0 1 : End TRACER_WallTime_Comp 0.002167 ]
[ 0 1 : Begin TRACER_WallTime_Comm 0.002174 ]
[ 0 0 : End TRACER_WallTime_Comm 0.002181 ]
[ 0 0 : Begin TRACER_WallTime_Comp 0.002181 ]
[ 0 0 : End TRACER_WallTime_Comp 0.002196 ]
[ 0 0 : Begin TRACER_WallTime_Comm 0.002204 ]
[ 0 0 : End TRACER_WallTime_Comm 0.002209 ]
[ 0 0 : Begin TRACER_WallTime_Comp 0.002210 ]
[ 0 0 : End TRACER_WallTime_Comp 0.002225 ]
[ 0 0 : Begin TRACER_WallTime_Comm 0.002232 ]
[ 0 0 : End TRACER_WallTime_Comm 0.002238 ]
[ 0 0 : Begin TRACER_WallTime_Comp 0.002238 ]
[ 0 0 : End TRACER_WallTime_Comp 0.002254 ]
[ 0 1 : End TRACER_WallTime_Comm 0.002181 ]
[ 0 1 : Begin TRACER_WallTime_Comp 0.002182 ]
[ 0 1 : End TRACER_WallTime_Comp 0.002197 ]
[ 0 1 : Begin TRACER_WallTime_Comm 0.002204 ]
[ 0 1 : End TRACER_WallTime_Comm 0.002211 ]
[ 0 1 : Begin TRACER_WallTime_Comp 0.002211 ]
[ 0 1 : End TRACER_WallTime_Comp 0.002226 ]
[ 0 1 : Begin TRACER_WallTime_Comm 0.002233 ]
[ 0 1 : End TRACER_WallTime_Comm 0.002240 ]
[ 0 1 : Begin TRACER_WallTime_Comp 0.002240 ]
[ 0 1 : End TRACER_WallTime_Comp 0.002255 ]
[ 0 0 : Begin TRACER_WallTime_Comm 0.002262 ]
[ 0 0 : End TRACER_WallTime_Comm 0.002270 ]
[ 0 0 : Begin TRACER_WallTime_Comp 0.002270 ]
[ 0 0 : End TRACER_WallTime_Comp 0.002285 ]
[ 0 0 : Begin TRACER_WallTime_Comm 0.002295 ]
[ 0 0 : End TRACER_WallTime_Comm 0.002300 ]
[ 0 0 : Begin TRACER_WallTime_Comp 0.002300 ]
[ 0 0 : End TRACER_WallTime_Comp 0.002316 ]
[ 0 0 : Begin TRACER_WallTime_Comm 0.002326 ]
[ 0 1 : Begin TRACER_WallTime_Comm 0.002262 ]
[ 0 1 : End TRACER_WallTime_Comm 0.002271 ]
[ 0 1 : Begin TRACER_WallTime_Comp 0.002271 ]
[ 0 1 : End TRACER_WallTime_Comp 0.002286 ]
[ 0 1 : Begin TRACER_WallTime_Comm 0.002295 ]
[ 0 1 : End TRACER_WallTime_Comm 0.002302 ]
[ 0 1 : Begin TRACER_WallTime_Comp 0.002302 ]
[ 0 1 : End TRACER_WallTime_Comp 0.002317 ]
[ 0 0 : End TRACER_WallTime_Comm 0.002334 ]
[ 0 0 : Begin TRACER_WallTime_Comp 0.002334 ]
[ 0 0 : End TRACER_WallTime_Comp 0.002349 ]
[ 0 0 : Begin TRACER_WallTime_Comm 0.002357 ]
[ 0 0 : End TRACER_WallTime_Comm 0.002365 ]
[ 0 0 : Begin TRACER_WallTime_Comp 0.002365 ]
[ 0 0 : End TRACER_WallTime_Comp 0.002380 ]
[ 0 0 : Begin TRACER_WallTime_Comm 0.002389 ]
[ 0 0 : End TRACER_WallTime_Comm 0.002397 ]
[ 0 0 : Begin TRACER_WallTime_Comp 0.002397 ]
[ 0 0 : End TRACER_WallTime_Comp 0.002412 ]
[ 0 1 : Begin TRACER_WallTime_Comm 0.002327 ]
[ 0 1 : End TRACER_WallTime_Comm 0.002335 ]
[ 0 1 : Begin TRACER_WallTime_Comp 0.002335 ]
[ 0 1 : End TRACER_WallTime_Comp 0.002350 ]
[ 0 1 : Begin TRACER_WallTime_Comm 0.002357 ]
[ 0 1 : End TRACER_WallTime_Comm 0.002366 ]
[ 0 1 : Begin TRACER_WallTime_Comp 0.002366 ]
[ 0 1 : End TRACER_WallTime_Comp 0.002381 ]
[ 0 1 : Begin TRACER_WallTime_Comm 0.002389 ]
[ 0 1 : End TRACER_WallTime_Comm 0.002398 ]
[ 0 1 : Begin TRACER_WallTime_Comp 0.002398 ]
[ 0 0 : Begin TRACER_WallTime_Comm 0.002420 ]
[ 0 0 : End TRACER_WallTime_Comm 0.002426 ]
[ 0 0 : Begin TRACER_WallTime_Comp 0.002426 ]
[ 0 0 : End TRACER_WallTime_Comp 0.002442 ]
[ 0 0 : Begin TRACER_WallTime_Comm 0.002452 ]
[ 0 0 : End TRACER_WallTime_Comm 0.002457 ]
[ 0 0 : Begin TRACER_WallTime_Comp 0.002457 ]
[ 0 0 : End TRACER_WallTime_Comp 0.002473 ]
[ 0 1 : End TRACER_WallTime_Comp 0.002413 ]
[ 0 1 : Begin TRACER_WallTime_Comm 0.002420 ]
[ 0 1 : End TRACER_WallTime_Comm 0.002428 ]
[ 0 1 : Begin TRACER_WallTime_Comp 0.002428 ]
[ 0 1 : End TRACER_WallTime_Comp 0.002444 ]
[ 0 1 : Begin TRACER_WallTime_Comm 0.002452 ]
[ 0 1 : End TRACER_WallTime_Comm 0.002458 ]
[ 0 1 : Begin TRACER_WallTime_Comp 0.002458 ]
[ 0 1 : End TRACER_WallTime_Comp 0.002474 ]
[ 0 0 : Begin TRACER_WallTime_Comm 0.002482 ]
[ 0 0 : End TRACER_WallTime_Comm 0.002487 ]
[ 0 0 : Begin TRACER_WallTime_Comp 0.002487 ]
[ 0 0 : End TRACER_WallTime_Comp 0.002503 ]
[ 0 0 : Begin TRACER_WallTime_Comm 0.002513 ]
[ 0 0 : End TRACER_WallTime_Comm 0.002519 ]
[ 0 0 : Begin TRACER_WallTime_Comp 0.002519 ]
[ 0 0 : End TRACER_WallTime_Comp 0.002535 ]
[ 0 0 : Begin TRACER_WallTime_Comm 0.002544 ]
[ 0 1 : Begin TRACER_WallTime_Comm 0.002482 ]
[ 0 1 : End TRACER_WallTime_Comm 0.002489 ]
[ 0 1 : Begin TRACER_WallTime_Comp 0.002489 ]
[ 0 1 : End TRACER_WallTime_Comp 0.002505 ]
[ 0 1 : Begin TRACER_WallTime_Comm 0.002514 ]
[ 0 1 : End TRACER_WallTime_Comm 0.002521 ]
[ 0 1 : Begin TRACER_WallTime_Comp 0.002521 ]
[ 0 1 : End TRACER_WallTime_Comp 0.002536 ]
[ 0 1 : Begin TRACER_WallTime_Comm 0.002545 ]
[ 0 0 : End TRACER_WallTime_Comm 0.002550 ]
[ 0 0 : Begin TRACER_WallTime_Comp 0.002550 ]
[ 0 0 : End TRACER_WallTime_Comp 0.002566 ]
[ 0 0 : Begin TRACER_WallTime_Comm 0.002576 ]
[ 0 0 : End TRACER_WallTime_Comm 0.002584 ]
[ 0 0 : Begin TRACER_WallTime_Comp 0.002584 ]
[ 0 0 : End TRACER_WallTime_Comp 0.002599 ]
[ 0 0 : Begin TRACER_WallTime_Comm 0.002608 ]
[ 0 0 : End TRACER_WallTime_Comm 0.002613 ]
[ 0 0 : Begin TRACER_WallTime_Comp 0.002613 ]
[ 0 0 : End TRACER_WallTime_Comp 0.002629 ]
[ 0 1 : End TRACER_WallTime_Comm 0.002552 ]
[ 0 1 : Begin TRACER_WallTime_Comp 0.002552 ]
[ 0 1 : End TRACER_WallTime_Comp 0.002567 ]
[ 0 1 : Begin TRACER_WallTime_Comm 0.002577 ]
[ 0 1 : End TRACER_WallTime_Comm 0.002585 ]
[ 0 1 : Begin TRACER_WallTime_Comp 0.002585 ]
[ 0 1 : End TRACER_WallTime_Comp 0.002600 ]
[ 0 1 : Begin TRACER_WallTime_Comm 0.002608 ]
[ 0 1 : End TRACER_WallTime_Comm 0.002615 ]
[ 0 1 : Begin TRACER_WallTime_Comp 0.002615 ]
[ 0 1 : End TRACER_WallTime_Comp 0.002754 ]
[ 0 0 : Begin TRACER_WallTime_Comm 0.002761 ]
[ 0 0 : End TRACER_WallTime_Comm 0.002767 ]
[ 0 0 : Begin TRACER_WallTime_Comp 0.002768 ]
[ 0 0 : End TRACER_WallTime_Comp 0.002783 ]
[ 0 0 : Begin TRACER_WallTime_Comm 0.002792 ]
[ 0 0 : End TRACER_WallTime_Comm 0.002796 ]
[ 0 0 : Begin TRACER_WallTime_Comp 0.002797 ]
[ 0 0 : End TRACER_WallTime_Comp 0.002812 ]
[ 0 0 : Begin TRACER_WallTime_Comm 0.002820 ]
[ 0 1 : Begin TRACER_WallTime_Comm 0.002762 ]
[ 0 1 : End TRACER_WallTime_Comm 0.002768 ]
[ 0 1 : Begin TRACER_WallTime_Comp 0.002769 ]
[ 0 1 : End TRACER_WallTime_Comp 0.002784 ]
[ 0 1 : Begin TRACER_WallTime_Comm 0.002791 ]
[ 0 1 : End TRACER_WallTime_Comm 0.002797 ]
[ 0 1 : Begin TRACER_WallTime_Comp 0.002797 ]
[ 0 1 : End TRACER_WallTime_Comp 0.002813 ]
[ 0 1 : Begin TRACER_WallTime_Comm 0.002821 ]
[ 0 0 : End TRACER_WallTime_Comm 0.002826 ]
[ 0 0 : Begin TRACER_WallTime_Comp 0.002826 ]
[ 0 0 : End TRACER_WallTime_Comp 0.002842 ]
[ 0 0 : Begin TRACER_WallTime_Comm 0.002851 ]
[ 0 0 : End TRACER_WallTime_Comm 0.002855 ]
[ 0 0 : Begin TRACER_WallTime_Comp 0.002856 ]
[ 0 0 : End TRACER_WallTime_Comp 0.002871 ]
[ 0 0 : Begin TRACER_WallTime_Comm 0.002880 ]
[ 0 0 : End TRACER_WallTime_Comm 0.002886 ]
[ 0 0 : Begin TRACER_WallTime_Comp 0.002886 ]
[ 0 0 : End TRACER_WallTime_Comp 0.002902 ]
[ 0 1 : End TRACER_WallTime_Comm 0.002826 ]
[ 0 1 : Begin TRACER_WallTime_Comp 0.002826 ]
[ 0 1 : End TRACER_WallTime_Comp 0.002842 ]
[ 0 1 : Begin TRACER_WallTime_Comm 0.002850 ]
[ 0 1 : End TRACER_WallTime_Comm 0.002856 ]
[ 0 1 : Begin TRACER_WallTime_Comp 0.002856 ]
[ 0 1 : End TRACER_WallTime_Comp 0.002872 ]
[ 0 1 : Begin TRACER_WallTime_Comm 0.002881 ]
[ 0 1 : End TRACER_WallTime_Comm 0.002888 ]
[ 0 1 : Begin TRACER_WallTime_Comp 0.002888 ]
[ 0 1 : End TRACER_WallTime_Comp 0.002904 ]
[ 0 0 : Begin TRACER_WallTime_Comm 0.002912 ]
[ 0 0 : End TRACER_WallTime_Comm 0.002919 ]
[ 0 0 : Begin TRACER_WallTime_Comp 0.002919 ]
[ 0 0 : End TRACER_WallTime_Comp 0.002934 ]
[ 0 0 : Begin TRACER_WallTime_Comm 0.002942 ]
[ 0 0 : End TRACER_WallTime_Comm 0.002947 ]
[ 0 0 : Begin TRACER_WallTime_Comp 0.002948 ]
[ 0 0 : End TRACER_WallTime_Comp 0.002963 ]
[ 0 1 : Begin TRACER_WallTime_Comm 0.002912 ]
[ 0 1 : End TRACER_WallTime_Comm 0.002920 ]
[ 0 1 : Begin TRACER_WallTime_Comp 0.002920 ]
[ 0 1 : End TRACER_WallTime_Comp 0.002935 ]
[ 0 1 : Begin TRACER_WallTime_Comm 0.002942 ]
[ 0 1 : End TRACER_WallTime_Comm 0.002948 ]
[ 0 1 : Begin TRACER_WallTime_Comp 0.002949 ]
[ 0 1 : End TRACER_WallTime_Comp 0.002964 ]
[ 0 0 : Begin TRACER_WallTime_Comm 0.002970 ]
[ 0 0 : End TRACER_WallTime_Comm 0.002977 ]
[ 0 0 : Begin TRACER_WallTime_Comp 0.002977 ]
[ 0 0 : End TRACER_WallTime_Comp 0.002992 ]
[ 0 0 : Begin TRACER_WallTime_Comm 0.003000 ]
[ 0 0 : End TRACER_WallTime_Comm 0.003006 ]
[ 0 0 : Begin TRACER_WallTime_Comp 0.003006 ]
[ 0 0 : End TRACER_WallTime_Comp 0.003021 ]
[ 0 0 : Begin TRACER_WallTime_Comm 0.003029 ]
[ 0 1 : Begin TRACER_WallTime_Comm 0.002971 ]
[ 0 1 : End TRACER_WallTime_Comm 0.002977 ]
[ 0 1 : Begin TRACER_WallTime_Comp 0.002978 ]
[ 0 1 : End TRACER_WallTime_Comp 0.002993 ]
[ 0 1 : Begin TRACER_WallTime_Comm 0.003000 ]
[ 0 1 : End TRACER_WallTime_Comm 0.003007 ]
[ 0 1 : Begin TRACER_WallTime_Comp 0.003007 ]
[ 0 1 : End TRACER_WallTime_Comp 0.003022 ]
[ 0 1 : Begin TRACER_WallTime_Comm 0.003029 ]
[ 0 0 : End TRACER_WallTime_Comm 0.003037 ]
[ 0 0 : Begin TRACER_WallTime_Comp 0.003037 ]
[ 0 0 : End TRACER_WallTime_Comp 0.003053 ]
[ 0 0 : Begin TRACER_WallTime_Comm 0.003061 ]
[ 0 0 : End TRACER_WallTime_Comm 0.003066 ]
[ 0 0 : Begin TRACER_WallTime_Comp 0.003066 ]
[ 0 0 : End TRACER_WallTime_Comp 0.003081 ]
[ 0 0 : Begin TRACER_WallTime_Comm 0.003091 ]
[ 0 0 : End TRACER_WallTime_Comm 0.003099 ]
[ 0 0 : Begin TRACER_WallTime_Comp 0.003099 ]
[ 0 0 : End TRACER_WallTime_Comp 0.003114 ]
[ 0 1 : End TRACER_WallTime_Comm 0.003038 ]
[ 0 1 : Begin TRACER_WallTime_Comp 0.003038 ]
[ 0 1 : End TRACER_WallTime_Comp 0.003053 ]
[ 0 1 : Begin TRACER_WallTime_Comm 0.003061 ]
[ 0 1 : End TRACER_WallTime_Comm 0.003068 ]
[ 0 1 : Begin TRACER_WallTime_Comp 0.003068 ]
[ 0 1 : End TRACER_WallTime_Comp 0.003083 ]
[ 0 1 : Begin TRACER_WallTime_Comm 0.003091 ]
[ 0 1 : End TRACER_WallTime_Comm 0.003099 ]
[ 0 1 : Begin TRACER_WallTime_Comp 0.003100 ]
[ 0 1 : End TRACER_WallTime_Comp 0.003115 ]
[ 0 0 : Begin TRACER_WallTime_Comm 0.003122 ]
[ 0 0 : End TRACER_WallTime_Comm 0.003130 ]
[ 0 0 : Begin TRACER_WallTime_Comp 0.003130 ]
[ 0 0 : End TRACER_WallTime_Comp 0.003145 ]
[ 0 0 : Begin TRACER_WallTime_Comm 0.003153 ]
[ 0 0 : End TRACER_WallTime_Comm 0.003161 ]
[ 0 0 : Begin TRACER_WallTime_Comp 0.003161 ]
[ 0 0 : End TRACER_WallTime_Comp 0.003176 ]
[ 0 0 : Begin TRACER_WallTime_Comm 0.003183 ]
[ 0 1 : Begin TRACER_WallTime_Comm 0.003122 ]
[ 0 1 : End TRACER_WallTime_Comm 0.003130 ]
[ 0 1 : Begin TRACER_WallTime_Comp 0.003131 ]
[ 0 1 : End TRACER_WallTime_Comp 0.003146 ]
[ 0 1 : Begin TRACER_WallTime_Comm 0.003153 ]
[ 0 1 : End TRACER_WallTime_Comm 0.003161 ]
[ 0 1 : Begin TRACER_WallTime_Comp 0.003162 ]
[ 0 1 : End TRACER_WallTime_Comp 0.003177 ]
[ 0 1 : Begin TRACER_WallTime_Comm 0.003183 ]
GVT #41: simulation 100% complete, max event queue size 4 (GVT = MAX).
AVL tree size: 0
[ 0 0 : End TRACER_WallTime_Comm 0.003189 ]
[ 0 0 : Begin TRACER_WallTime_Comp 0.003189 ]
[ 0 0 : End TRACER_WallTime_Comp 0.003204 ]
[ 0 0 : Begin TRACER_WallTime_Comm 0.003214 ]
[ 0 0 : End TRACER_WallTime_Comm 0.003221 ]
[ 0 0 : End TRACER_WallTime_Total 0.003221 ]
[ 0 1 : End TRACER_WallTime_Comm 0.003189 ]
[ 0 1 : Begin TRACER_WallTime_Comp 0.003190 ]
[ 0 1 : End TRACER_WallTime_Comp 0.003205 ]
[ 0 1 : Begin TRACER_WallTime_Comm 0.003214 ]
[ 0 1 : End TRACER_WallTime_Comm 0.003222 ]
*** END SIMULATION ***

Job[0]PE[0]: FINALIZE in 0.003221 seconds.

	: Running Time = 0.0127 seconds

TW Library Statistics:
	Total Events Processed                                   10614
	Events Aborted (part of RBs)                                 0
	Events Rolled Back                                           0
	Event Ties Detected in PE Queues                             0
	Efficiency                                              100.00 %
	Total Remote (shared mem) Events Processed                   0
	Percent Remote Events                                     0.00 %
	Total Remote (network) Events Processed                      0
	Percent Remote Events                                     0.00 %

	Total Roll Backs                                             0
	Primary Roll Backs                                           0
	Secondary Roll Backs                                         0
	Fossil Collect Attempts                                    252
	Total GVT Computations                                      42

	Net Events Processed                                     10614
	Event Rate (events/sec)                               832601.2
	Total Events Scheduled Past End Time                         0

TW Memory Statistics:
	Events Allocated                                        549297
	Memory Allocated                                        376486
	Memory Wasted                                              177

TW Network Statistics:
	Remote sends                                                 0
	Remote recvs                                                 0

TW Data Structure sizes in bytes (sizeof):
	PE struct                                                  624
	KP struct                                                  144
	LP struct                                                  136
	LP Model struct                                           8376
	LP RNGs                                                     80
	Total LP                                                  8592
	Event struct                                               152
	Event struct with Model                                    664

TW Clock Cycle Statistics (MAX values in secs at 0.5120 GHz):
	Initialization                                          0.3961
	Priority Queue (enq/deq)                                0.0017
	AVL Tree (insert/delete)                                0.0000
	LZ4 (de)compression                                     0.0000
	Buddy system                                            0.0000
	Event Processing                                        0.0090
	Event Cancel                                            0.0000
	Event Abort                                             0.0000

	GVT                                                     0.0127
	Fossil Collect                                          0.0006
	Primary Rollbacks                                       0.0000
	Network Read                                            0.0006
	Other Network                                           0.0000
	Instrumentation (computation)                           0.0000
	Instrumentation (write)                                 0.0000
	Total Time (Note: Using Running Time above for Speedup)      0.0127

TW GVT Statistics: MPI AllReduce
	GVT Interval                                                16
	GVT Real Time Interval (cycles)                    0
	GVT Real Time Interval (sec)                        0.00000000
	Batch Size                                                  16

	Forced GVT                                                   0
	Total GVT Computations                                      42
	Total All Reduce Calls                                      84
	Average Reduction / GVT                                   2.00
LP-IO: writing output to summit-1/16b/
LP-IO: data files:
   summit-1/16b/fattree-switch-traffic
   summit-1/16b/fattree-switch-stats
   summit-1/16b/fattree-msg-stats
   summit-1/16b/model-net-category-all
   summit-1/16b/model-net-category-test
Job 0 Time 0.003222 s
 Average number of hops traversed 1.000000 average chunk latency 0.067104 us maximum chunk latency 0.068631 us avg message size 5.333333 bytes finished messages 600 finished chunks 600 
 Total packets generated 600 finished 600 
 Average number of hops traversed 1.000000 average chunk latency 0.067104 us maximum chunk latency 0.068631 us avg message size 5.333333 bytes finished messages 600 
